[0.043s] Invoking command in '/home/camilo/2022-tfg-juancamilo-carmona/tfg/build/pcl_recorder': AMENT_PREFIX_PATH=/home/camilo/2022-tfg-juancamilo-carmona/tfg/install/carla_ros_bridge:/home/camilo/2022-tfg-juancamilo-carmona/tfg/install/carla_spawn_objects:/home/camilo/2022-tfg-juancamilo-carmona/tfg/install/carla_manual_control:/home/camilo/2022-tfg-juancamilo-carmona/tfg/install/ros_compatibility:/home/camilo/2022-tfg-juancamilo-carmona/tfg/install/carla_msgs:/home/camilo/2022-tfg-juancamilo-carmona/tfg/install/carla_common:${AMENT_PREFIX_PATH} CMAKE_PREFIX_PATH=/home/camilo/2022-tfg-juancamilo-carmona/tfg/install/carla_msgs:/home/camilo/carla-ros-bridge/install/carla_ad_demo:/home/camilo/carla-ros-bridge/install/rviz_carla_plugin:/home/camilo/carla-ros-bridge/install/pcl_recorder:/home/camilo/carla-ros-bridge/install/carla_waypoint_types:/home/camilo/carla-ros-bridge/install/carla_ros_scenario_runner_types:/home/camilo/carla-ros-bridge/install/carla_ackermann_msgs:/home/camilo/carla-ros-bridge/install/carla_msgs:/home/camilo/carla-ros-bridge/install/rqt_carla_control:/home/camilo/carla-ros-bridge/install/carla_waypoint_publisher:/home/camilo/carla-ros-bridge/install/carla_ackermann_control:/home/camilo/carla-ros-bridge/install/carla_ros_bridge:/home/camilo/carla-ros-bridge/install/carla_spawn_objects:/home/camilo/carla-ros-bridge/install/carla_manual_control:/home/camilo/carla-ros-bridge/install/carla_ad_agent:/home/camilo/carla-ros-bridge/install/ros_compatibility:/home/camilo/carla-ros-bridge/install/carla_walker_agent:/home/camilo/carla-ros-bridge/install/carla_twist_to_control:/home/camilo/carla-ros-bridge/install/carla_ros_scenario_runner:/home/camilo/carla-ros-bridge/install/carla_common:/opt/ros/foxy LD_LIBRARY_PATH=/home/camilo/2022-tfg-juancamilo-carmona/tfg/install/carla_msgs/lib:${LD_LIBRARY_PATH} PYTHONPATH=/home/camilo/2022-tfg-juancamilo-carmona/tfg/build/carla_ros_bridge/src:/home/camilo/2022-tfg-juancamilo-carmona/tfg/install/carla_ros_bridge/lib/python3.8/site-packages:/home/camilo/2022-tfg-juancamilo-carmona/tfg/build/carla_spawn_objects:/home/camilo/2022-tfg-juancamilo-carmona/tfg/install/carla_spawn_objects/lib/python3.8/site-packages:/home/camilo/2022-tfg-juancamilo-carmona/tfg/build/carla_manual_control/src:/home/camilo/2022-tfg-juancamilo-carmona/tfg/install/carla_manual_control/lib/python3.8/site-packages:/home/camilo/2022-tfg-juancamilo-carmona/tfg/build/ros_compatibility/src:/home/camilo/2022-tfg-juancamilo-carmona/tfg/install/ros_compatibility/lib/python3.8/site-packages:/home/camilo/2022-tfg-juancamilo-carmona/tfg/install/carla_msgs/lib/python3.8/site-packages:/home/camilo/2022-tfg-juancamilo-carmona/tfg/build/carla_common/src:/home/camilo/2022-tfg-juancamilo-carmona/tfg/install/carla_common/lib/python3.8/site-packages:${PYTHONPATH} /usr/bin/cmake /home/camilo/2022-tfg-juancamilo-carmona/tfg/src/ros-bridge/pcl_recorder -DAMENT_CMAKE_SYMLINK_INSTALL=1 -DCMAKE_INSTALL_PREFIX=/home/camilo/2022-tfg-juancamilo-carmona/tfg/install/pcl_recorder
[0.113s] -- The C compiler identification is GNU 9.4.0
[0.172s] -- The CXX compiler identification is GNU 9.4.0
[0.177s] -- Check for working C compiler: /usr/bin/cc
[0.248s] -- Check for working C compiler: /usr/bin/cc -- works
[0.249s] -- Detecting C compiler ABI info
[0.314s] -- Detecting C compiler ABI info - done
[0.327s] -- Detecting C compile features
[0.328s] -- Detecting C compile features - done
[0.330s] -- Check for working CXX compiler: /usr/bin/c++
[0.412s] -- Check for working CXX compiler: /usr/bin/c++ -- works
[0.414s] -- Detecting CXX compiler ABI info
[0.495s] -- Detecting CXX compiler ABI info - done
[0.515s] -- Detecting CXX compile features
[0.516s] -- Detecting CXX compile features - done
[0.520s] -- Found ros_environment: 2.5.1 (/opt/ros/foxy/share/ros_environment/cmake)
[0.524s] -- Found ament_cmake: 0.9.11 (/opt/ros/foxy/share/ament_cmake/cmake)
[0.585s] -- Found PythonInterp: /usr/bin/python3 (found suitable version "3.8.10", minimum required is "3") 
[0.585s] -- Using PYTHON_EXECUTABLE: /usr/bin/python3
[0.884s] -- Override CMake install command with custom implementation using symlinks instead of copying resources
[0.926s] -- Found rclcpp: 2.4.2 (/opt/ros/foxy/share/rclcpp/cmake)
[1.027s] -- Using all available rosidl_typesupport_c: rosidl_typesupport_fastrtps_c;rosidl_typesupport_introspection_c
[1.045s] -- Found rosidl_adapter: 1.3.0 (/opt/ros/foxy/share/rosidl_adapter/cmake)
[1.193s] -- Found OpenSSL: /usr/lib/x86_64-linux-gnu/libcrypto.so (found version "1.1.1f")  
[1.255s] -- Found FastRTPS: /opt/ros/foxy/include  
[1.419s] -- Using all available rosidl_typesupport_cpp: rosidl_typesupport_fastrtps_cpp;rosidl_typesupport_introspection_cpp
[1.541s] -- Found rmw_implementation_cmake: 1.0.3 (/opt/ros/foxy/share/rmw_implementation_cmake/cmake)
[1.545s] -- Using RMW implementation 'rmw_fastrtps_cpp' as default
[1.547s] -- Looking for pthread.h
[1.630s] -- Looking for pthread.h - found
[1.630s] -- Performing Test CMAKE_HAVE_LIBC_PTHREAD
[1.708s] -- Performing Test CMAKE_HAVE_LIBC_PTHREAD - Failed
[1.708s] -- Looking for pthread_create in pthreads
[1.769s] -- Looking for pthread_create in pthreads - not found
[1.769s] -- Looking for pthread_create in pthread
[1.844s] -- Looking for pthread_create in pthread - found
[1.845s] -- Found Threads: TRUE  
[2.029s] -- Found rclcpp_components: 2.4.2 (/opt/ros/foxy/share/rclcpp_components/cmake)
[2.101s] -- Found sensor_msgs: 2.0.5 (/opt/ros/foxy/share/sensor_msgs/cmake)
[2.233s] -- Found tf2: 0.13.13 (/opt/ros/foxy/share/tf2/cmake)
[2.255s] -- Found tf2_eigen: 0.13.13 (/opt/ros/foxy/share/tf2_eigen/cmake)
[2.592s] -- Found tf2_geometry_msgs: 0.13.13 (/opt/ros/foxy/share/tf2_geometry_msgs/cmake)
[2.602s] -- Found Eigen3: TRUE (found version "3.3.7") 
[2.642s] -- Found pcl_conversions: 2.2.1 (/opt/ros/foxy/share/pcl_conversions/cmake)
[2.899s] -- Found Boost: /usr/lib/x86_64-linux-gnu/cmake/Boost-1.71.0/BoostConfig.cmake (found version "1.71.0") found components: system 
[2.924s] -- Checking for module 'eigen3'
[2.951s] --   Found eigen3, version 3.3.7
[3.001s] -- Found Eigen: /usr/include/eigen3 (Required is at least version "3.1") 
[3.001s] -- Eigen found (include: /usr/include/eigen3, version: 3.3.7)
[3.043s] -- Found Boost: /usr/include (found suitable version "1.71.0", minimum required is "1.55.0") found components: system filesystem date_time iostreams regex 
[3.049s] -- Checking for module 'libusb-1.0'
[3.067s] --   Found libusb-1.0, version 1.0.23
[3.119s] -- Found USB_10: /usr/lib/x86_64-linux-gnu/libusb-1.0.so  
[3.195s] -- Found OpenNI: /usr/lib/libOpenNI.so  
[3.195s] -- OpenNI found (include: /usr/include/ni, lib: /usr/lib/libOpenNI.so)
[3.277s] -- Found OpenNI2: /usr/lib/libOpenNI2.so  
[3.277s] -- OpenNI2 found (include: /usr/include/openni2, lib: /usr/lib/libOpenNI2.so)
[3.277s] ** WARNING ** io features related to pcap will be disabled
[3.277s] ** WARNING ** io features related to png will be disabled
[3.347s] -- The imported target "vtkParseOGLExt" references the file
[3.347s]    "/usr/bin/vtkParseOGLExt-7.1"
[3.348s] but this file does not exist.  Possible reasons include:
[3.348s] * The file was deleted, renamed, or moved to another location.
[3.348s] * An install or uninstall procedure did not complete successfully.
[3.348s] * The installation package was faulty and contained
[3.348s]    "/usr/lib/cmake/vtk-7.1/VTKTargets.cmake"
[3.348s] but not all the files it references.
[3.348s] 
[3.348s] -- The imported target "vtkRenderingPythonTkWidgets" references the file
[3.348s]    "/usr/lib/x86_64-linux-gnu/libvtkRenderingPythonTkWidgets.so"
[3.349s] but this file does not exist.  Possible reasons include:
[3.349s] * The file was deleted, renamed, or moved to another location.
[3.349s] * An install or uninstall procedure did not complete successfully.
[3.349s] * The installation package was faulty and contained
[3.349s]    "/usr/lib/cmake/vtk-7.1/VTKTargets.cmake"
[3.349s] but not all the files it references.
[3.349s] 
[3.350s] -- The imported target "vtk" references the file
[3.350s]    "/usr/bin/vtk"
[3.350s] but this file does not exist.  Possible reasons include:
[3.350s] * The file was deleted, renamed, or moved to another location.
[3.350s] * An install or uninstall procedure did not complete successfully.
[3.350s] * The installation package was faulty and contained
[3.350s]    "/usr/lib/cmake/vtk-7.1/VTKTargets.cmake"
[3.350s] but not all the files it references.
[3.350s] 
[3.350s] -- The imported target "pvtk" references the file
[3.350s]    "/usr/bin/pvtk"
[3.351s] but this file does not exist.  Possible reasons include:
[3.351s] * The file was deleted, renamed, or moved to another location.
[3.351s] * An install or uninstall procedure did not complete successfully.
[3.351s] * The installation package was faulty and contained
[3.351s]    "/usr/lib/cmake/vtk-7.1/VTKTargets.cmake"
[3.351s] but not all the files it references.
[3.351s] 
[3.379s] -- Found libusb-1.0: /usr/include  
[3.379s] ** WARNING ** io features related to libusb-1.0 will be disabled
[3.379s] -- looking for PCL_COMMON
[3.381s] -- Found PCL_COMMON: /usr/lib/x86_64-linux-gnu/libpcl_common.so  
[3.381s] -- looking for PCL_OCTREE
[3.382s] -- Found PCL_OCTREE: /usr/lib/x86_64-linux-gnu/libpcl_octree.so  
[3.382s] -- looking for PCL_IO
[3.384s] -- Found PCL_IO: /usr/lib/x86_64-linux-gnu/libpcl_io.so  
[3.385s] -- Found PCL: pcl_common;pcl_octree;pcl_io;/usr/lib/x86_64-linux-gnu/libboost_system.so.1.71.0;/usr/lib/x86_64-linux-gnu/libboost_filesystem.so;/usr/lib/x86_64-linux-gnu/libboost_date_time.so;/usr/lib/x86_64-linux-gnu/libboost_iostreams.so;/usr/lib/x86_64-linux-gnu/libboost_regex.so;/usr/lib/libOpenNI.so;/usr/lib/libOpenNI2.so;vtkChartsCore;vtkCommonColor;vtkCommonCore;vtksys;vtkCommonDataModel;vtkCommonMath;vtkCommonMisc;vtkCommonSystem;vtkCommonTransforms;vtkCommonExecutionModel;vtkFiltersGeneral;vtkCommonComputationalGeometry;vtkFiltersCore;vtkInfovisCore;vtkFiltersExtraction;vtkFiltersStatistics;vtkImagingFourier;vtkImagingCore;vtkalglib;vtkRenderingContext2D;vtkRenderingCore;vtkFiltersGeometry;vtkFiltersSources;vtkRenderingFreeType;/usr/lib/x86_64-linux-gnu/libfreetype.so;/usr/lib/x86_64-linux-gnu/libz.so;vtkFiltersModeling;vtkImagingSources;vtkInteractionStyle;vtkInteractionWidgets;vtkFiltersHybrid;vtkImagingColor;vtkImagingGeneral;vtkImagingHybrid;vtkIOImage;vtkDICOMParser;vtkmetaio;/usr/lib/x86_64-linux-gnu/libjpeg.so;/usr/lib/x86_64-linux-gnu/libpng.so;/usr/lib/x86_64-linux-gnu/libtiff.so;vtkRenderingAnnotation;vtkRenderingVolume;vtkIOXML;vtkIOCore;vtkIOXMLParser;/usr/lib/x86_64-linux-gnu/libexpat.so;vtkIOGeometry;vtkIOLegacy;vtkIOPLY;vtkRenderingLOD;vtkViewsContext2D;vtkViewsCore;vtkRenderingContextOpenGL2;vtkRenderingOpenGL2  
[3.534s] -- Configuring done
[3.591s] -- Generating done
[3.593s] -- Build files have been written to: /home/camilo/2022-tfg-juancamilo-carmona/tfg/build/pcl_recorder
[3.608s] Invoked command in '/home/camilo/2022-tfg-juancamilo-carmona/tfg/build/pcl_recorder' returned '0': AMENT_PREFIX_PATH=/home/camilo/2022-tfg-juancamilo-carmona/tfg/install/carla_ros_bridge:/home/camilo/2022-tfg-juancamilo-carmona/tfg/install/carla_spawn_objects:/home/camilo/2022-tfg-juancamilo-carmona/tfg/install/carla_manual_control:/home/camilo/2022-tfg-juancamilo-carmona/tfg/install/ros_compatibility:/home/camilo/2022-tfg-juancamilo-carmona/tfg/install/carla_msgs:/home/camilo/2022-tfg-juancamilo-carmona/tfg/install/carla_common:${AMENT_PREFIX_PATH} CMAKE_PREFIX_PATH=/home/camilo/2022-tfg-juancamilo-carmona/tfg/install/carla_msgs:/home/camilo/carla-ros-bridge/install/carla_ad_demo:/home/camilo/carla-ros-bridge/install/rviz_carla_plugin:/home/camilo/carla-ros-bridge/install/pcl_recorder:/home/camilo/carla-ros-bridge/install/carla_waypoint_types:/home/camilo/carla-ros-bridge/install/carla_ros_scenario_runner_types:/home/camilo/carla-ros-bridge/install/carla_ackermann_msgs:/home/camilo/carla-ros-bridge/install/carla_msgs:/home/camilo/carla-ros-bridge/install/rqt_carla_control:/home/camilo/carla-ros-bridge/install/carla_waypoint_publisher:/home/camilo/carla-ros-bridge/install/carla_ackermann_control:/home/camilo/carla-ros-bridge/install/carla_ros_bridge:/home/camilo/carla-ros-bridge/install/carla_spawn_objects:/home/camilo/carla-ros-bridge/install/carla_manual_control:/home/camilo/carla-ros-bridge/install/carla_ad_agent:/home/camilo/carla-ros-bridge/install/ros_compatibility:/home/camilo/carla-ros-bridge/install/carla_walker_agent:/home/camilo/carla-ros-bridge/install/carla_twist_to_control:/home/camilo/carla-ros-bridge/install/carla_ros_scenario_runner:/home/camilo/carla-ros-bridge/install/carla_common:/opt/ros/foxy LD_LIBRARY_PATH=/home/camilo/2022-tfg-juancamilo-carmona/tfg/install/carla_msgs/lib:${LD_LIBRARY_PATH} PYTHONPATH=/home/camilo/2022-tfg-juancamilo-carmona/tfg/build/carla_ros_bridge/src:/home/camilo/2022-tfg-juancamilo-carmona/tfg/install/carla_ros_bridge/lib/python3.8/site-packages:/home/camilo/2022-tfg-juancamilo-carmona/tfg/build/carla_spawn_objects:/home/camilo/2022-tfg-juancamilo-carmona/tfg/install/carla_spawn_objects/lib/python3.8/site-packages:/home/camilo/2022-tfg-juancamilo-carmona/tfg/build/carla_manual_control/src:/home/camilo/2022-tfg-juancamilo-carmona/tfg/install/carla_manual_control/lib/python3.8/site-packages:/home/camilo/2022-tfg-juancamilo-carmona/tfg/build/ros_compatibility/src:/home/camilo/2022-tfg-juancamilo-carmona/tfg/install/ros_compatibility/lib/python3.8/site-packages:/home/camilo/2022-tfg-juancamilo-carmona/tfg/install/carla_msgs/lib/python3.8/site-packages:/home/camilo/2022-tfg-juancamilo-carmona/tfg/build/carla_common/src:/home/camilo/2022-tfg-juancamilo-carmona/tfg/install/carla_common/lib/python3.8/site-packages:${PYTHONPATH} /usr/bin/cmake /home/camilo/2022-tfg-juancamilo-carmona/tfg/src/ros-bridge/pcl_recorder -DAMENT_CMAKE_SYMLINK_INSTALL=1 -DCMAKE_INSTALL_PREFIX=/home/camilo/2022-tfg-juancamilo-carmona/tfg/install/pcl_recorder
[3.612s] Invoking command in '/home/camilo/2022-tfg-juancamilo-carmona/tfg/build/pcl_recorder': AMENT_PREFIX_PATH=/home/camilo/2022-tfg-juancamilo-carmona/tfg/install/carla_ros_bridge:/home/camilo/2022-tfg-juancamilo-carmona/tfg/install/carla_spawn_objects:/home/camilo/2022-tfg-juancamilo-carmona/tfg/install/carla_manual_control:/home/camilo/2022-tfg-juancamilo-carmona/tfg/install/ros_compatibility:/home/camilo/2022-tfg-juancamilo-carmona/tfg/install/carla_msgs:/home/camilo/2022-tfg-juancamilo-carmona/tfg/install/carla_common:${AMENT_PREFIX_PATH} CMAKE_PREFIX_PATH=/home/camilo/2022-tfg-juancamilo-carmona/tfg/install/carla_msgs:/home/camilo/carla-ros-bridge/install/carla_ad_demo:/home/camilo/carla-ros-bridge/install/rviz_carla_plugin:/home/camilo/carla-ros-bridge/install/pcl_recorder:/home/camilo/carla-ros-bridge/install/carla_waypoint_types:/home/camilo/carla-ros-bridge/install/carla_ros_scenario_runner_types:/home/camilo/carla-ros-bridge/install/carla_ackermann_msgs:/home/camilo/carla-ros-bridge/install/carla_msgs:/home/camilo/carla-ros-bridge/install/rqt_carla_control:/home/camilo/carla-ros-bridge/install/carla_waypoint_publisher:/home/camilo/carla-ros-bridge/install/carla_ackermann_control:/home/camilo/carla-ros-bridge/install/carla_ros_bridge:/home/camilo/carla-ros-bridge/install/carla_spawn_objects:/home/camilo/carla-ros-bridge/install/carla_manual_control:/home/camilo/carla-ros-bridge/install/carla_ad_agent:/home/camilo/carla-ros-bridge/install/ros_compatibility:/home/camilo/carla-ros-bridge/install/carla_walker_agent:/home/camilo/carla-ros-bridge/install/carla_twist_to_control:/home/camilo/carla-ros-bridge/install/carla_ros_scenario_runner:/home/camilo/carla-ros-bridge/install/carla_common:/opt/ros/foxy LD_LIBRARY_PATH=/home/camilo/2022-tfg-juancamilo-carmona/tfg/install/carla_msgs/lib:${LD_LIBRARY_PATH} PYTHONPATH=/home/camilo/2022-tfg-juancamilo-carmona/tfg/build/carla_ros_bridge/src:/home/camilo/2022-tfg-juancamilo-carmona/tfg/install/carla_ros_bridge/lib/python3.8/site-packages:/home/camilo/2022-tfg-juancamilo-carmona/tfg/build/carla_spawn_objects:/home/camilo/2022-tfg-juancamilo-carmona/tfg/install/carla_spawn_objects/lib/python3.8/site-packages:/home/camilo/2022-tfg-juancamilo-carmona/tfg/build/carla_manual_control/src:/home/camilo/2022-tfg-juancamilo-carmona/tfg/install/carla_manual_control/lib/python3.8/site-packages:/home/camilo/2022-tfg-juancamilo-carmona/tfg/build/ros_compatibility/src:/home/camilo/2022-tfg-juancamilo-carmona/tfg/install/ros_compatibility/lib/python3.8/site-packages:/home/camilo/2022-tfg-juancamilo-carmona/tfg/install/carla_msgs/lib/python3.8/site-packages:/home/camilo/2022-tfg-juancamilo-carmona/tfg/build/carla_common/src:/home/camilo/2022-tfg-juancamilo-carmona/tfg/install/carla_common/lib/python3.8/site-packages:${PYTHONPATH} /usr/bin/cmake --build /home/camilo/2022-tfg-juancamilo-carmona/tfg/build/pcl_recorder -- -j12 -l12
[3.655s] [35m[1mScanning dependencies of target pcl_recorder_node[0m
[3.814s] [ 33%] [32mBuilding CXX object CMakeFiles/pcl_recorder_node.dir/src/PclRecorderROS2.cpp.o[0m
[3.814s] [ 66%] [32mBuilding CXX object CMakeFiles/pcl_recorder_node.dir/src/mainROS2.cpp.o[0m
[19.580s] [100%] [32m[1mLinking CXX executable pcl_recorder_node[0m
[20.233s] [100%] Built target pcl_recorder_node
[20.244s] Invoked command in '/home/camilo/2022-tfg-juancamilo-carmona/tfg/build/pcl_recorder' returned '0': AMENT_PREFIX_PATH=/home/camilo/2022-tfg-juancamilo-carmona/tfg/install/carla_ros_bridge:/home/camilo/2022-tfg-juancamilo-carmona/tfg/install/carla_spawn_objects:/home/camilo/2022-tfg-juancamilo-carmona/tfg/install/carla_manual_control:/home/camilo/2022-tfg-juancamilo-carmona/tfg/install/ros_compatibility:/home/camilo/2022-tfg-juancamilo-carmona/tfg/install/carla_msgs:/home/camilo/2022-tfg-juancamilo-carmona/tfg/install/carla_common:${AMENT_PREFIX_PATH} CMAKE_PREFIX_PATH=/home/camilo/2022-tfg-juancamilo-carmona/tfg/install/carla_msgs:/home/camilo/carla-ros-bridge/install/carla_ad_demo:/home/camilo/carla-ros-bridge/install/rviz_carla_plugin:/home/camilo/carla-ros-bridge/install/pcl_recorder:/home/camilo/carla-ros-bridge/install/carla_waypoint_types:/home/camilo/carla-ros-bridge/install/carla_ros_scenario_runner_types:/home/camilo/carla-ros-bridge/install/carla_ackermann_msgs:/home/camilo/carla-ros-bridge/install/carla_msgs:/home/camilo/carla-ros-bridge/install/rqt_carla_control:/home/camilo/carla-ros-bridge/install/carla_waypoint_publisher:/home/camilo/carla-ros-bridge/install/carla_ackermann_control:/home/camilo/carla-ros-bridge/install/carla_ros_bridge:/home/camilo/carla-ros-bridge/install/carla_spawn_objects:/home/camilo/carla-ros-bridge/install/carla_manual_control:/home/camilo/carla-ros-bridge/install/carla_ad_agent:/home/camilo/carla-ros-bridge/install/ros_compatibility:/home/camilo/carla-ros-bridge/install/carla_walker_agent:/home/camilo/carla-ros-bridge/install/carla_twist_to_control:/home/camilo/carla-ros-bridge/install/carla_ros_scenario_runner:/home/camilo/carla-ros-bridge/install/carla_common:/opt/ros/foxy LD_LIBRARY_PATH=/home/camilo/2022-tfg-juancamilo-carmona/tfg/install/carla_msgs/lib:${LD_LIBRARY_PATH} PYTHONPATH=/home/camilo/2022-tfg-juancamilo-carmona/tfg/build/carla_ros_bridge/src:/home/camilo/2022-tfg-juancamilo-carmona/tfg/install/carla_ros_bridge/lib/python3.8/site-packages:/home/camilo/2022-tfg-juancamilo-carmona/tfg/build/carla_spawn_objects:/home/camilo/2022-tfg-juancamilo-carmona/tfg/install/carla_spawn_objects/lib/python3.8/site-packages:/home/camilo/2022-tfg-juancamilo-carmona/tfg/build/carla_manual_control/src:/home/camilo/2022-tfg-juancamilo-carmona/tfg/install/carla_manual_control/lib/python3.8/site-packages:/home/camilo/2022-tfg-juancamilo-carmona/tfg/build/ros_compatibility/src:/home/camilo/2022-tfg-juancamilo-carmona/tfg/install/ros_compatibility/lib/python3.8/site-packages:/home/camilo/2022-tfg-juancamilo-carmona/tfg/install/carla_msgs/lib/python3.8/site-packages:/home/camilo/2022-tfg-juancamilo-carmona/tfg/build/carla_common/src:/home/camilo/2022-tfg-juancamilo-carmona/tfg/install/carla_common/lib/python3.8/site-packages:${PYTHONPATH} /usr/bin/cmake --build /home/camilo/2022-tfg-juancamilo-carmona/tfg/build/pcl_recorder -- -j12 -l12
[20.270s] Invoking command in '/home/camilo/2022-tfg-juancamilo-carmona/tfg/build/pcl_recorder': AMENT_PREFIX_PATH=/home/camilo/2022-tfg-juancamilo-carmona/tfg/install/carla_ros_bridge:/home/camilo/2022-tfg-juancamilo-carmona/tfg/install/carla_spawn_objects:/home/camilo/2022-tfg-juancamilo-carmona/tfg/install/carla_manual_control:/home/camilo/2022-tfg-juancamilo-carmona/tfg/install/ros_compatibility:/home/camilo/2022-tfg-juancamilo-carmona/tfg/install/carla_msgs:/home/camilo/2022-tfg-juancamilo-carmona/tfg/install/carla_common:${AMENT_PREFIX_PATH} CMAKE_PREFIX_PATH=/home/camilo/2022-tfg-juancamilo-carmona/tfg/install/carla_msgs:/home/camilo/carla-ros-bridge/install/carla_ad_demo:/home/camilo/carla-ros-bridge/install/rviz_carla_plugin:/home/camilo/carla-ros-bridge/install/pcl_recorder:/home/camilo/carla-ros-bridge/install/carla_waypoint_types:/home/camilo/carla-ros-bridge/install/carla_ros_scenario_runner_types:/home/camilo/carla-ros-bridge/install/carla_ackermann_msgs:/home/camilo/carla-ros-bridge/install/carla_msgs:/home/camilo/carla-ros-bridge/install/rqt_carla_control:/home/camilo/carla-ros-bridge/install/carla_waypoint_publisher:/home/camilo/carla-ros-bridge/install/carla_ackermann_control:/home/camilo/carla-ros-bridge/install/carla_ros_bridge:/home/camilo/carla-ros-bridge/install/carla_spawn_objects:/home/camilo/carla-ros-bridge/install/carla_manual_control:/home/camilo/carla-ros-bridge/install/carla_ad_agent:/home/camilo/carla-ros-bridge/install/ros_compatibility:/home/camilo/carla-ros-bridge/install/carla_walker_agent:/home/camilo/carla-ros-bridge/install/carla_twist_to_control:/home/camilo/carla-ros-bridge/install/carla_ros_scenario_runner:/home/camilo/carla-ros-bridge/install/carla_common:/opt/ros/foxy LD_LIBRARY_PATH=/home/camilo/2022-tfg-juancamilo-carmona/tfg/install/carla_msgs/lib:${LD_LIBRARY_PATH} PYTHONPATH=/home/camilo/2022-tfg-juancamilo-carmona/tfg/build/carla_ros_bridge/src:/home/camilo/2022-tfg-juancamilo-carmona/tfg/install/carla_ros_bridge/lib/python3.8/site-packages:/home/camilo/2022-tfg-juancamilo-carmona/tfg/build/carla_spawn_objects:/home/camilo/2022-tfg-juancamilo-carmona/tfg/install/carla_spawn_objects/lib/python3.8/site-packages:/home/camilo/2022-tfg-juancamilo-carmona/tfg/build/carla_manual_control/src:/home/camilo/2022-tfg-juancamilo-carmona/tfg/install/carla_manual_control/lib/python3.8/site-packages:/home/camilo/2022-tfg-juancamilo-carmona/tfg/build/ros_compatibility/src:/home/camilo/2022-tfg-juancamilo-carmona/tfg/install/ros_compatibility/lib/python3.8/site-packages:/home/camilo/2022-tfg-juancamilo-carmona/tfg/install/carla_msgs/lib/python3.8/site-packages:/home/camilo/2022-tfg-juancamilo-carmona/tfg/build/carla_common/src:/home/camilo/2022-tfg-juancamilo-carmona/tfg/install/carla_common/lib/python3.8/site-packages:${PYTHONPATH} /usr/bin/cmake --install /home/camilo/2022-tfg-juancamilo-carmona/tfg/build/pcl_recorder
[20.278s] -- Install configuration: ""
[20.279s] -- Execute custom install script
[20.279s] -- Symlinking: /home/camilo/2022-tfg-juancamilo-carmona/tfg/install/pcl_recorder/lib/pcl_recorder/pcl_recorder_node
[20.290s] -- Symlinking: /home/camilo/2022-tfg-juancamilo-carmona/tfg/install/pcl_recorder/share/pcl_recorder//pcl_recorder.launch
[20.298s] -- Symlinking: /home/camilo/2022-tfg-juancamilo-carmona/tfg/install/pcl_recorder/share/pcl_recorder//pcl_recorder.launch.py
[20.308s] -- Symlinking: /home/camilo/2022-tfg-juancamilo-carmona/tfg/install/pcl_recorder/share/ament_index/resource_index/package_run_dependencies/pcl_recorder
[20.316s] -- Symlinking: /home/camilo/2022-tfg-juancamilo-carmona/tfg/install/pcl_recorder/share/ament_index/resource_index/parent_prefix_path/pcl_recorder
[20.326s] -- Symlinking: /home/camilo/2022-tfg-juancamilo-carmona/tfg/install/pcl_recorder/share/pcl_recorder/environment/ament_prefix_path.sh
[20.335s] -- Symlinking: /home/camilo/2022-tfg-juancamilo-carmona/tfg/install/pcl_recorder/share/pcl_recorder/environment/ament_prefix_path.dsv
[20.344s] -- Symlinking: /home/camilo/2022-tfg-juancamilo-carmona/tfg/install/pcl_recorder/share/pcl_recorder/environment/path.sh
[20.353s] -- Symlinking: /home/camilo/2022-tfg-juancamilo-carmona/tfg/install/pcl_recorder/share/pcl_recorder/environment/path.dsv
[20.363s] -- Symlinking: /home/camilo/2022-tfg-juancamilo-carmona/tfg/install/pcl_recorder/share/pcl_recorder/local_setup.bash
[20.371s] -- Symlinking: /home/camilo/2022-tfg-juancamilo-carmona/tfg/install/pcl_recorder/share/pcl_recorder/local_setup.sh
[20.380s] -- Symlinking: /home/camilo/2022-tfg-juancamilo-carmona/tfg/install/pcl_recorder/share/pcl_recorder/local_setup.zsh
[20.389s] -- Symlinking: /home/camilo/2022-tfg-juancamilo-carmona/tfg/install/pcl_recorder/share/pcl_recorder/local_setup.dsv
[20.398s] -- Symlinking: /home/camilo/2022-tfg-juancamilo-carmona/tfg/install/pcl_recorder/share/pcl_recorder/package.dsv
[20.407s] -- Symlinking: /home/camilo/2022-tfg-juancamilo-carmona/tfg/install/pcl_recorder/share/ament_index/resource_index/packages/pcl_recorder
[20.416s] -- Symlinking: /home/camilo/2022-tfg-juancamilo-carmona/tfg/install/pcl_recorder/share/pcl_recorder/cmake/pcl_recorderConfig.cmake
[20.427s] -- Symlinking: /home/camilo/2022-tfg-juancamilo-carmona/tfg/install/pcl_recorder/share/pcl_recorder/cmake/pcl_recorderConfig-version.cmake
[20.436s] -- Symlinking: /home/camilo/2022-tfg-juancamilo-carmona/tfg/install/pcl_recorder/share/pcl_recorder/package.xml
[20.451s] Invoked command in '/home/camilo/2022-tfg-juancamilo-carmona/tfg/build/pcl_recorder' returned '0': AMENT_PREFIX_PATH=/home/camilo/2022-tfg-juancamilo-carmona/tfg/install/carla_ros_bridge:/home/camilo/2022-tfg-juancamilo-carmona/tfg/install/carla_spawn_objects:/home/camilo/2022-tfg-juancamilo-carmona/tfg/install/carla_manual_control:/home/camilo/2022-tfg-juancamilo-carmona/tfg/install/ros_compatibility:/home/camilo/2022-tfg-juancamilo-carmona/tfg/install/carla_msgs:/home/camilo/2022-tfg-juancamilo-carmona/tfg/install/carla_common:${AMENT_PREFIX_PATH} CMAKE_PREFIX_PATH=/home/camilo/2022-tfg-juancamilo-carmona/tfg/install/carla_msgs:/home/camilo/carla-ros-bridge/install/carla_ad_demo:/home/camilo/carla-ros-bridge/install/rviz_carla_plugin:/home/camilo/carla-ros-bridge/install/pcl_recorder:/home/camilo/carla-ros-bridge/install/carla_waypoint_types:/home/camilo/carla-ros-bridge/install/carla_ros_scenario_runner_types:/home/camilo/carla-ros-bridge/install/carla_ackermann_msgs:/home/camilo/carla-ros-bridge/install/carla_msgs:/home/camilo/carla-ros-bridge/install/rqt_carla_control:/home/camilo/carla-ros-bridge/install/carla_waypoint_publisher:/home/camilo/carla-ros-bridge/install/carla_ackermann_control:/home/camilo/carla-ros-bridge/install/carla_ros_bridge:/home/camilo/carla-ros-bridge/install/carla_spawn_objects:/home/camilo/carla-ros-bridge/install/carla_manual_control:/home/camilo/carla-ros-bridge/install/carla_ad_agent:/home/camilo/carla-ros-bridge/install/ros_compatibility:/home/camilo/carla-ros-bridge/install/carla_walker_agent:/home/camilo/carla-ros-bridge/install/carla_twist_to_control:/home/camilo/carla-ros-bridge/install/carla_ros_scenario_runner:/home/camilo/carla-ros-bridge/install/carla_common:/opt/ros/foxy LD_LIBRARY_PATH=/home/camilo/2022-tfg-juancamilo-carmona/tfg/install/carla_msgs/lib:${LD_LIBRARY_PATH} PYTHONPATH=/home/camilo/2022-tfg-juancamilo-carmona/tfg/build/carla_ros_bridge/src:/home/camilo/2022-tfg-juancamilo-carmona/tfg/install/carla_ros_bridge/lib/python3.8/site-packages:/home/camilo/2022-tfg-juancamilo-carmona/tfg/build/carla_spawn_objects:/home/camilo/2022-tfg-juancamilo-carmona/tfg/install/carla_spawn_objects/lib/python3.8/site-packages:/home/camilo/2022-tfg-juancamilo-carmona/tfg/build/carla_manual_control/src:/home/camilo/2022-tfg-juancamilo-carmona/tfg/install/carla_manual_control/lib/python3.8/site-packages:/home/camilo/2022-tfg-juancamilo-carmona/tfg/build/ros_compatibility/src:/home/camilo/2022-tfg-juancamilo-carmona/tfg/install/ros_compatibility/lib/python3.8/site-packages:/home/camilo/2022-tfg-juancamilo-carmona/tfg/install/carla_msgs/lib/python3.8/site-packages:/home/camilo/2022-tfg-juancamilo-carmona/tfg/build/carla_common/src:/home/camilo/2022-tfg-juancamilo-carmona/tfg/install/carla_common/lib/python3.8/site-packages:${PYTHONPATH} /usr/bin/cmake --install /home/camilo/2022-tfg-juancamilo-carmona/tfg/build/pcl_recorder
