-- The C compiler identification is GNU 9.4.0
-- The CXX compiler identification is GNU 9.4.0
-- Check for working C compiler: /usr/bin/cc
-- Check for working C compiler: /usr/bin/cc -- works
-- Detecting C compiler ABI info
-- Detecting C compiler ABI info - done
-- Detecting C compile features
-- Detecting C compile features - done
-- Check for working CXX compiler: /usr/bin/c++
-- Check for working CXX compiler: /usr/bin/c++ -- works
-- Detecting CXX compiler ABI info
-- Detecting CXX compiler ABI info - done
-- Detecting CXX compile features
-- Detecting CXX compile features - done
-- Found ros_environment: 2.5.1 (/opt/ros/foxy/share/ros_environment/cmake)
-- Found ament_cmake: 0.9.11 (/opt/ros/foxy/share/ament_cmake/cmake)
-- Found PythonInterp: /usr/bin/python3 (found suitable version "3.8.10", minimum required is "3") 
-- Using PYTHON_EXECUTABLE: /usr/bin/python3
-- Override CMake install command with custom implementation using symlinks instead of copying resources
-- Found builtin_interfaces: 1.0.0 (/opt/ros/foxy/share/builtin_interfaces/cmake)
-- Using all available rosidl_typesupport_c: rosidl_typesupport_fastrtps_c;rosidl_typesupport_introspection_c
-- Found rosidl_adapter: 1.3.0 (/opt/ros/foxy/share/rosidl_adapter/cmake)
-- Found OpenSSL: /usr/lib/x86_64-linux-gnu/libcrypto.so (found version "1.1.1f")  
-- Found FastRTPS: /opt/ros/foxy/include  
-- Using all available rosidl_typesupport_cpp: rosidl_typesupport_fastrtps_cpp;rosidl_typesupport_introspection_cpp
-- Found std_msgs: 2.0.5 (/opt/ros/foxy/share/std_msgs/cmake)
-- Found geometry_msgs: 2.0.5 (/opt/ros/foxy/share/geometry_msgs/cmake)
-- Found diagnostic_msgs: 2.0.5 (/opt/ros/foxy/share/diagnostic_msgs/cmake)
-- Found rosidl_default_generators: 1.0.1 (/opt/ros/foxy/share/rosidl_default_generators/cmake)
-- Found PythonInterp: /usr/bin/python3 (found version "3.8.10") 
-- Found ament_cmake_cppcheck: 0.9.7 (/opt/ros/foxy/share/ament_cmake_cppcheck/cmake)
-- Found ament_cmake_cpplint: 0.9.7 (/opt/ros/foxy/share/ament_cmake_cpplint/cmake)
-- Found ament_cmake_uncrustify: 0.9.7 (/opt/ros/foxy/share/ament_cmake_uncrustify/cmake)
-- Found ament_cmake_ros: 0.9.2 (/opt/ros/foxy/share/ament_cmake_ros/cmake)
-- Using all available rosidl_typesupport_c: rosidl_typesupport_fastrtps_c;rosidl_typesupport_introspection_c
-- Using all available rosidl_typesupport_cpp: rosidl_typesupport_fastrtps_cpp;rosidl_typesupport_introspection_cpp
-- Found PythonInterp: /usr/bin/python3 (found suitable version "3.8.10", minimum required is "3.5") 
-- Found python_cmake_module: 0.8.1 (/opt/ros/foxy/share/python_cmake_module/cmake)
-- Found PythonLibs: /usr/lib/x86_64-linux-gnu/libpython3.8.so (found suitable version "3.8.10", minimum required is "3.5") 
-- Using PYTHON_EXECUTABLE: /usr/bin/python3
-- Using PYTHON_INCLUDE_DIRS: /usr/include/python3.8
-- Using PYTHON_LIBRARIES: /usr/lib/x86_64-linux-gnu/libpython3.8.so
-- Found PythonExtra: .so  
-- Found ament_cmake_flake8: 0.9.7 (/opt/ros/foxy/share/ament_cmake_flake8/cmake)
-- Found ament_cmake_pep257: 0.9.7 (/opt/ros/foxy/share/ament_cmake_pep257/cmake)
-- Found ament_lint_auto: 0.9.7 (/opt/ros/foxy/share/ament_lint_auto/cmake)
-- Added test 'copyright' to check source files copyright and LICENSE
-- Added test 'lint_cmake' to check CMake code style
-- Added test 'xmllint' to check XML markup files
-- Configuring done
-- Generating done
-- Build files have been written to: /home/camilo/2022-tfg-juancamilo-carmona/tfg/build/carla_msgs
[35m[1mScanning dependencies of target carla_msgs__cpp[0m
[  1%] [34m[1mGenerating C code for ROS interfaces[0m
[  1%] [34m[1mGenerating C++ code for ROS interfaces[0m
[  1%] Built target carla_msgs__cpp
[  2%] [34m[1mGenerating C++ type support for eProsima Fast-RTPS[0m
[  3%] [34m[1mGenerating C++ type support dispatch for ROS interfaces[0m
[  4%] [34m[1mGenerating C++ introspection for ROS interfaces[0m
[35m[1mScanning dependencies of target carla_msgs__rosidl_generator_c[0m
[  4%] [32mBuilding C object CMakeFiles/carla_msgs__rosidl_generator_c.dir/rosidl_generator_c/carla_msgs/msg/detail/carla_ego_vehicle_info__functions.c.o[0m
[  4%] [32mBuilding C object CMakeFiles/carla_msgs__rosidl_generator_c.dir/rosidl_generator_c/carla_msgs/msg/detail/carla_bounding_box__functions.c.o[0m
[  5%] [32mBuilding C object CMakeFiles/carla_msgs__rosidl_generator_c.dir/rosidl_generator_c/carla_msgs/msg/detail/carla_ego_vehicle_info_wheel__functions.c.o[0m
[  6%] [32mBuilding C object CMakeFiles/carla_msgs__rosidl_generator_c.dir/rosidl_generator_c/carla_msgs/msg/detail/carla_ego_vehicle_control__functions.c.o[0m
[  7%] [32mBuilding C object CMakeFiles/carla_msgs__rosidl_generator_c.dir/rosidl_generator_c/carla_msgs/msg/detail/carla_collision_event__functions.c.o[0m
[  7%] [32mBuilding C object CMakeFiles/carla_msgs__rosidl_generator_c.dir/rosidl_generator_c/carla_msgs/msg/detail/carla_ego_vehicle_status__functions.c.o[0m
[  7%] [32mBuilding C object CMakeFiles/carla_msgs__rosidl_generator_c.dir/rosidl_generator_c/carla_msgs/msg/detail/carla_lane_invasion_event__functions.c.o[0m
[  7%] [32mBuilding C object CMakeFiles/carla_msgs__rosidl_generator_c.dir/rosidl_generator_c/carla_msgs/msg/detail/carla_actor_info__functions.c.o[0m
[  8%] [32mBuilding C object CMakeFiles/carla_msgs__rosidl_generator_c.dir/rosidl_generator_c/carla_msgs/msg/detail/carla_world_info__functions.c.o[0m
[  9%] [32mBuilding C object CMakeFiles/carla_msgs__rosidl_generator_c.dir/rosidl_generator_c/carla_msgs/msg/detail/carla_actor_list__functions.c.o[0m
[  9%] [32mBuilding C object CMakeFiles/carla_msgs__rosidl_generator_c.dir/rosidl_generator_c/carla_msgs/msg/detail/carla_traffic_light_info__functions.c.o[0m
[ 10%] [32mBuilding C object CMakeFiles/carla_msgs__rosidl_generator_c.dir/rosidl_generator_c/carla_msgs/msg/detail/carla_status__functions.c.o[0m
[ 10%] [32mBuilding C object CMakeFiles/carla_msgs__rosidl_generator_c.dir/rosidl_generator_c/carla_msgs/msg/detail/carla_control__functions.c.o[0m
[ 11%] [32mBuilding C object CMakeFiles/carla_msgs__rosidl_generator_c.dir/rosidl_generator_c/carla_msgs/msg/detail/carla_traffic_light_info_list__functions.c.o[0m
[ 11%] [32mBuilding C object CMakeFiles/carla_msgs__rosidl_generator_c.dir/rosidl_generator_c/carla_msgs/msg/detail/carla_walker_control__functions.c.o[0m
[ 11%] [32mBuilding C object CMakeFiles/carla_msgs__rosidl_generator_c.dir/rosidl_generator_c/carla_msgs/msg/detail/carla_traffic_light_status__functions.c.o[0m
[ 12%] [32mBuilding C object CMakeFiles/carla_msgs__rosidl_generator_c.dir/rosidl_generator_c/carla_msgs/msg/detail/carla_traffic_light_status_list__functions.c.o[0m
[ 13%] [32mBuilding C object CMakeFiles/carla_msgs__rosidl_generator_c.dir/rosidl_generator_c/carla_msgs/msg/detail/carla_weather_parameters__functions.c.o[0m
[ 14%] [32mBuilding C object CMakeFiles/carla_msgs__rosidl_generator_c.dir/rosidl_generator_c/carla_msgs/srv/detail/spawn_object__functions.c.o[0m
[ 14%] [32mBuilding C object CMakeFiles/carla_msgs__rosidl_generator_c.dir/rosidl_generator_c/carla_msgs/srv/detail/destroy_object__functions.c.o[0m
[ 15%] [32mBuilding C object CMakeFiles/carla_msgs__rosidl_generator_c.dir/rosidl_generator_c/carla_msgs/srv/detail/get_blueprints__functions.c.o[0m
[ 15%] [32m[1mLinking C shared library libcarla_msgs__rosidl_generator_c.so[0m
[ 15%] Built target carla_msgs__rosidl_generator_c
[ 17%] [34m[1mGenerating C introspection for ROS interfaces[0m
[ 17%] [34m[1mGenerating C type support dispatch for ROS interfaces[0m
[35m[1mScanning dependencies of target carla_msgs__rosidl_typesupport_cpp[0m
[35m[1mScanning dependencies of target carla_msgs__rosidl_typesupport_introspection_cpp[0m
[ 18%] [32mBuilding CXX object CMakeFiles/carla_msgs__rosidl_typesupport_cpp.dir/rosidl_typesupport_cpp/carla_msgs/msg/carla_bounding_box__type_support.cpp.o[0m
[ 18%] [32mBuilding CXX object CMakeFiles/carla_msgs__rosidl_typesupport_cpp.dir/rosidl_typesupport_cpp/carla_msgs/msg/carla_ego_vehicle_control__type_support.cpp.o[0m
[ 18%] [32mBuilding CXX object CMakeFiles/carla_msgs__rosidl_typesupport_cpp.dir/rosidl_typesupport_cpp/carla_msgs/msg/carla_ego_vehicle_status__type_support.cpp.o[0m
[ 19%] [32mBuilding CXX object CMakeFiles/carla_msgs__rosidl_typesupport_cpp.dir/rosidl_typesupport_cpp/carla_msgs/msg/carla_ego_vehicle_info_wheel__type_support.cpp.o[0m
[ 19%] [32mBuilding CXX object CMakeFiles/carla_msgs__rosidl_typesupport_cpp.dir/rosidl_typesupport_cpp/carla_msgs/msg/carla_ego_vehicle_info__type_support.cpp.o[0m
[ 20%] [32mBuilding CXX object CMakeFiles/carla_msgs__rosidl_typesupport_cpp.dir/rosidl_typesupport_cpp/carla_msgs/msg/carla_collision_event__type_support.cpp.o[0m
[ 21%] [32mBuilding CXX object CMakeFiles/carla_msgs__rosidl_typesupport_cpp.dir/rosidl_typesupport_cpp/carla_msgs/msg/carla_world_info__type_support.cpp.o[0m
[ 21%] [32mBuilding CXX object CMakeFiles/carla_msgs__rosidl_typesupport_cpp.dir/rosidl_typesupport_cpp/carla_msgs/msg/carla_lane_invasion_event__type_support.cpp.o[0m
[ 22%] [32mBuilding CXX object CMakeFiles/carla_msgs__rosidl_typesupport_introspection_cpp.dir/rosidl_typesupport_introspection_cpp/carla_msgs/msg/detail/carla_bounding_box__type_support.cpp.o[0m
[ 22%] [32mBuilding CXX object CMakeFiles/carla_msgs__rosidl_typesupport_cpp.dir/rosidl_typesupport_cpp/carla_msgs/msg/carla_actor_info__type_support.cpp.o[0m
[ 23%] [32mBuilding CXX object CMakeFiles/carla_msgs__rosidl_typesupport_cpp.dir/rosidl_typesupport_cpp/carla_msgs/msg/carla_actor_list__type_support.cpp.o[0m
[ 23%] [32mBuilding CXX object CMakeFiles/carla_msgs__rosidl_typesupport_cpp.dir/rosidl_typesupport_cpp/carla_msgs/msg/carla_control__type_support.cpp.o[0m
[ 24%] [32mBuilding CXX object CMakeFiles/carla_msgs__rosidl_typesupport_cpp.dir/rosidl_typesupport_cpp/carla_msgs/msg/carla_status__type_support.cpp.o[0m
[ 25%] [32mBuilding CXX object CMakeFiles/carla_msgs__rosidl_typesupport_cpp.dir/rosidl_typesupport_cpp/carla_msgs/msg/carla_traffic_light_info__type_support.cpp.o[0m
[ 25%] [32mBuilding CXX object CMakeFiles/carla_msgs__rosidl_typesupport_cpp.dir/rosidl_typesupport_cpp/carla_msgs/msg/carla_traffic_light_info_list__type_support.cpp.o[0m
[ 25%] [32mBuilding CXX object CMakeFiles/carla_msgs__rosidl_typesupport_introspection_cpp.dir/rosidl_typesupport_introspection_cpp/carla_msgs/msg/detail/carla_ego_vehicle_control__type_support.cpp.o[0m
[ 26%] [32mBuilding CXX object CMakeFiles/carla_msgs__rosidl_typesupport_cpp.dir/rosidl_typesupport_cpp/carla_msgs/msg/carla_traffic_light_status__type_support.cpp.o[0m
[ 27%] [32mBuilding CXX object CMakeFiles/carla_msgs__rosidl_typesupport_introspection_cpp.dir/rosidl_typesupport_introspection_cpp/carla_msgs/msg/detail/carla_ego_vehicle_status__type_support.cpp.o[0m
[ 27%] [32mBuilding CXX object CMakeFiles/carla_msgs__rosidl_typesupport_introspection_cpp.dir/rosidl_typesupport_introspection_cpp/carla_msgs/msg/detail/carla_ego_vehicle_info_wheel__type_support.cpp.o[0m
[ 28%] [32mBuilding CXX object CMakeFiles/carla_msgs__rosidl_typesupport_introspection_cpp.dir/rosidl_typesupport_introspection_cpp/carla_msgs/msg/detail/carla_ego_vehicle_info__type_support.cpp.o[0m
[35m[1mScanning dependencies of target carla_msgs__rosidl_typesupport_c[0m
[ 28%] [32mBuilding CXX object CMakeFiles/carla_msgs__rosidl_typesupport_c.dir/rosidl_typesupport_c/carla_msgs/msg/carla_bounding_box__type_support.cpp.o[0m
[ 29%] [32mBuilding CXX object CMakeFiles/carla_msgs__rosidl_typesupport_cpp.dir/rosidl_typesupport_cpp/carla_msgs/msg/carla_walker_control__type_support.cpp.o[0m
[ 29%] [32mBuilding CXX object CMakeFiles/carla_msgs__rosidl_typesupport_cpp.dir/rosidl_typesupport_cpp/carla_msgs/msg/carla_traffic_light_status_list__type_support.cpp.o[0m
[ 29%] [32mBuilding CXX object CMakeFiles/carla_msgs__rosidl_typesupport_cpp.dir/rosidl_typesupport_cpp/carla_msgs/msg/carla_weather_parameters__type_support.cpp.o[0m
[ 29%] [32mBuilding CXX object CMakeFiles/carla_msgs__rosidl_typesupport_introspection_cpp.dir/rosidl_typesupport_introspection_cpp/carla_msgs/msg/detail/carla_collision_event__type_support.cpp.o[0m
[ 30%] [32mBuilding CXX object CMakeFiles/carla_msgs__rosidl_typesupport_c.dir/rosidl_typesupport_c/carla_msgs/msg/carla_ego_vehicle_control__type_support.cpp.o[0m
[ 31%] [32mBuilding CXX object CMakeFiles/carla_msgs__rosidl_typesupport_cpp.dir/rosidl_typesupport_cpp/carla_msgs/srv/spawn_object__type_support.cpp.o[0m
[ 31%] [32mBuilding CXX object CMakeFiles/carla_msgs__rosidl_typesupport_c.dir/rosidl_typesupport_c/carla_msgs/msg/carla_ego_vehicle_status__type_support.cpp.o[0m
[ 32%] [32mBuilding CXX object CMakeFiles/carla_msgs__rosidl_typesupport_c.dir/rosidl_typesupport_c/carla_msgs/msg/carla_ego_vehicle_info_wheel__type_support.cpp.o[0m
[ 32%] [32mBuilding CXX object CMakeFiles/carla_msgs__rosidl_typesupport_c.dir/rosidl_typesupport_c/carla_msgs/msg/carla_ego_vehicle_info__type_support.cpp.o[0m
[ 33%] [32mBuilding CXX object CMakeFiles/carla_msgs__rosidl_typesupport_c.dir/rosidl_typesupport_c/carla_msgs/msg/carla_collision_event__type_support.cpp.o[0m
[ 33%] [32mBuilding CXX object CMakeFiles/carla_msgs__rosidl_typesupport_cpp.dir/rosidl_typesupport_cpp/carla_msgs/srv/destroy_object__type_support.cpp.o[0m
[ 34%] [32mBuilding CXX object CMakeFiles/carla_msgs__rosidl_typesupport_introspection_cpp.dir/rosidl_typesupport_introspection_cpp/carla_msgs/msg/detail/carla_lane_invasion_event__type_support.cpp.o[0m
[ 34%] [32mBuilding CXX object CMakeFiles/carla_msgs__rosidl_typesupport_c.dir/rosidl_typesupport_c/carla_msgs/msg/carla_lane_invasion_event__type_support.cpp.o[0m
[ 35%] [32mBuilding CXX object CMakeFiles/carla_msgs__rosidl_typesupport_cpp.dir/rosidl_typesupport_cpp/carla_msgs/srv/get_blueprints__type_support.cpp.o[0m
[ 35%] [32mBuilding CXX object CMakeFiles/carla_msgs__rosidl_typesupport_introspection_cpp.dir/rosidl_typesupport_introspection_cpp/carla_msgs/msg/detail/carla_world_info__type_support.cpp.o[0m
[ 36%] [32mBuilding CXX object CMakeFiles/carla_msgs__rosidl_typesupport_introspection_cpp.dir/rosidl_typesupport_introspection_cpp/carla_msgs/msg/detail/carla_actor_info__type_support.cpp.o[0m
[ 37%] [32mBuilding CXX object CMakeFiles/carla_msgs__rosidl_typesupport_c.dir/rosidl_typesupport_c/carla_msgs/msg/carla_world_info__type_support.cpp.o[0m
[35m[1mScanning dependencies of target carla_msgs__rosidl_typesupport_fastrtps_cpp[0m
[ 37%] [32mBuilding CXX object CMakeFiles/carla_msgs__rosidl_typesupport_c.dir/rosidl_typesupport_c/carla_msgs/msg/carla_actor_info__type_support.cpp.o[0m
[ 38%] [32mBuilding CXX object CMakeFiles/carla_msgs__rosidl_typesupport_c.dir/rosidl_typesupport_c/carla_msgs/msg/carla_actor_list__type_support.cpp.o[0m
[ 39%] [32mBuilding CXX object CMakeFiles/carla_msgs__rosidl_typesupport_fastrtps_cpp.dir/rosidl_typesupport_fastrtps_cpp/carla_msgs/msg/detail/dds_fastrtps/carla_ego_vehicle_control__type_support.cpp.o[0m
[ 39%] [32mBuilding CXX object CMakeFiles/carla_msgs__rosidl_typesupport_fastrtps_cpp.dir/rosidl_typesupport_fastrtps_cpp/carla_msgs/msg/detail/dds_fastrtps/carla_bounding_box__type_support.cpp.o[0m
[ 39%] [32mBuilding CXX object CMakeFiles/carla_msgs__rosidl_typesupport_c.dir/rosidl_typesupport_c/carla_msgs/msg/carla_control__type_support.cpp.o[0m
[ 40%] [32mBuilding CXX object CMakeFiles/carla_msgs__rosidl_typesupport_c.dir/rosidl_typesupport_c/carla_msgs/msg/carla_status__type_support.cpp.o[0m
[ 40%] [32mBuilding CXX object CMakeFiles/carla_msgs__rosidl_typesupport_introspection_cpp.dir/rosidl_typesupport_introspection_cpp/carla_msgs/msg/detail/carla_actor_list__type_support.cpp.o[0m
[ 40%] [32mBuilding CXX object CMakeFiles/carla_msgs__rosidl_typesupport_c.dir/rosidl_typesupport_c/carla_msgs/msg/carla_traffic_light_info__type_support.cpp.o[0m
[35m[1mScanning dependencies of target carla_msgs__rosidl_typesupport_introspection_c[0m
[ 41%] [32mBuilding CXX object CMakeFiles/carla_msgs__rosidl_typesupport_introspection_cpp.dir/rosidl_typesupport_introspection_cpp/carla_msgs/msg/detail/carla_control__type_support.cpp.o[0m
[ 42%] [32mBuilding CXX object CMakeFiles/carla_msgs__rosidl_typesupport_c.dir/rosidl_typesupport_c/carla_msgs/msg/carla_traffic_light_info_list__type_support.cpp.o[0m
[ 42%] [32mBuilding CXX object CMakeFiles/carla_msgs__rosidl_typesupport_introspection_cpp.dir/rosidl_typesupport_introspection_cpp/carla_msgs/msg/detail/carla_status__type_support.cpp.o[0m
[ 43%] [32mBuilding CXX object CMakeFiles/carla_msgs__rosidl_typesupport_introspection_cpp.dir/rosidl_typesupport_introspection_cpp/carla_msgs/msg/detail/carla_traffic_light_info__type_support.cpp.o[0m
[ 43%] [32mBuilding C object CMakeFiles/carla_msgs__rosidl_typesupport_introspection_c.dir/rosidl_typesupport_introspection_c/carla_msgs/msg/detail/carla_bounding_box__type_support.c.o[0m
[ 43%] [32m[1mLinking CXX shared library libcarla_msgs__rosidl_typesupport_cpp.so[0m
[ 43%] [32mBuilding CXX object CMakeFiles/carla_msgs__rosidl_typesupport_c.dir/rosidl_typesupport_c/carla_msgs/msg/carla_traffic_light_status__type_support.cpp.o[0m
[ 44%] [32mBuilding CXX object CMakeFiles/carla_msgs__rosidl_typesupport_c.dir/rosidl_typesupport_c/carla_msgs/msg/carla_traffic_light_status_list__type_support.cpp.o[0m
[ 45%] [32mBuilding C object CMakeFiles/carla_msgs__rosidl_typesupport_introspection_c.dir/rosidl_typesupport_introspection_c/carla_msgs/msg/detail/carla_ego_vehicle_control__type_support.c.o[0m
[ 45%] [32mBuilding CXX object CMakeFiles/carla_msgs__rosidl_typesupport_fastrtps_cpp.dir/rosidl_typesupport_fastrtps_cpp/carla_msgs/msg/detail/dds_fastrtps/carla_ego_vehicle_status__type_support.cpp.o[0m
[ 45%] Built target carla_msgs__rosidl_typesupport_cpp
[ 45%] [32mBuilding C object CMakeFiles/carla_msgs__rosidl_typesupport_introspection_c.dir/rosidl_typesupport_introspection_c/carla_msgs/msg/detail/carla_ego_vehicle_status__type_support.c.o[0m
[ 45%] [32mBuilding CXX object CMakeFiles/carla_msgs__rosidl_typesupport_introspection_cpp.dir/rosidl_typesupport_introspection_cpp/carla_msgs/msg/detail/carla_traffic_light_info_list__type_support.cpp.o[0m
[ 46%] [32mBuilding CXX object CMakeFiles/carla_msgs__rosidl_typesupport_c.dir/rosidl_typesupport_c/carla_msgs/msg/carla_walker_control__type_support.cpp.o[0m
[ 47%] [32mBuilding C object CMakeFiles/carla_msgs__rosidl_typesupport_introspection_c.dir/rosidl_typesupport_introspection_c/carla_msgs/msg/detail/carla_ego_vehicle_info_wheel__type_support.c.o[0m
[ 47%] [32mBuilding CXX object CMakeFiles/carla_msgs__rosidl_typesupport_c.dir/rosidl_typesupport_c/carla_msgs/msg/carla_weather_parameters__type_support.cpp.o[0m
[ 48%] [32mBuilding CXX object CMakeFiles/carla_msgs__rosidl_typesupport_introspection_cpp.dir/rosidl_typesupport_introspection_cpp/carla_msgs/msg/detail/carla_traffic_light_status__type_support.cpp.o[0m
[ 49%] [32mBuilding CXX object CMakeFiles/carla_msgs__rosidl_typesupport_c.dir/rosidl_typesupport_c/carla_msgs/srv/spawn_object__type_support.cpp.o[0m
[ 50%] [32mBuilding CXX object CMakeFiles/carla_msgs__rosidl_typesupport_fastrtps_cpp.dir/rosidl_typesupport_fastrtps_cpp/carla_msgs/msg/detail/dds_fastrtps/carla_ego_vehicle_info_wheel__type_support.cpp.o[0m
[ 51%] [32mBuilding C object CMakeFiles/carla_msgs__rosidl_typesupport_introspection_c.dir/rosidl_typesupport_introspection_c/carla_msgs/msg/detail/carla_ego_vehicle_info__type_support.c.o[0m
[ 51%] [32mBuilding CXX object CMakeFiles/carla_msgs__rosidl_typesupport_c.dir/rosidl_typesupport_c/carla_msgs/srv/destroy_object__type_support.cpp.o[0m
[ 51%] [32mBuilding CXX object CMakeFiles/carla_msgs__rosidl_typesupport_introspection_cpp.dir/rosidl_typesupport_introspection_cpp/carla_msgs/msg/detail/carla_traffic_light_status_list__type_support.cpp.o[0m
[ 51%] [32mBuilding C object CMakeFiles/carla_msgs__rosidl_typesupport_introspection_c.dir/rosidl_typesupport_introspection_c/carla_msgs/msg/detail/carla_collision_event__type_support.c.o[0m
[ 52%] [32mBuilding C object CMakeFiles/carla_msgs__rosidl_typesupport_introspection_c.dir/rosidl_typesupport_introspection_c/carla_msgs/msg/detail/carla_lane_invasion_event__type_support.c.o[0m
[ 53%] [32mBuilding CXX object CMakeFiles/carla_msgs__rosidl_typesupport_c.dir/rosidl_typesupport_c/carla_msgs/srv/get_blueprints__type_support.cpp.o[0m
[ 53%] [32mBuilding C object CMakeFiles/carla_msgs__rosidl_typesupport_introspection_c.dir/rosidl_typesupport_introspection_c/carla_msgs/msg/detail/carla_world_info__type_support.c.o[0m
[ 53%] [32mBuilding CXX object CMakeFiles/carla_msgs__rosidl_typesupport_fastrtps_cpp.dir/rosidl_typesupport_fastrtps_cpp/carla_msgs/msg/detail/dds_fastrtps/carla_ego_vehicle_info__type_support.cpp.o[0m
[ 54%] [32mBuilding CXX object CMakeFiles/carla_msgs__rosidl_typesupport_fastrtps_cpp.dir/rosidl_typesupport_fastrtps_cpp/carla_msgs/msg/detail/dds_fastrtps/carla_collision_event__type_support.cpp.o[0m
[ 55%] [32mBuilding CXX object CMakeFiles/carla_msgs__rosidl_typesupport_introspection_cpp.dir/rosidl_typesupport_introspection_cpp/carla_msgs/msg/detail/carla_walker_control__type_support.cpp.o[0m
[ 56%] [32mBuilding C object CMakeFiles/carla_msgs__rosidl_typesupport_introspection_c.dir/rosidl_typesupport_introspection_c/carla_msgs/msg/detail/carla_actor_info__type_support.c.o[0m
[ 56%] [32mBuilding CXX object CMakeFiles/carla_msgs__rosidl_typesupport_introspection_cpp.dir/rosidl_typesupport_introspection_cpp/carla_msgs/msg/detail/carla_weather_parameters__type_support.cpp.o[0m
[ 56%] [32m[1mLinking CXX shared library libcarla_msgs__rosidl_typesupport_c.so[0m
[ 56%] [32mBuilding C object CMakeFiles/carla_msgs__rosidl_typesupport_introspection_c.dir/rosidl_typesupport_introspection_c/carla_msgs/msg/detail/carla_actor_list__type_support.c.o[0m
[ 57%] [32mBuilding C object CMakeFiles/carla_msgs__rosidl_typesupport_introspection_c.dir/rosidl_typesupport_introspection_c/carla_msgs/msg/detail/carla_control__type_support.c.o[0m
[ 57%] Built target carla_msgs__rosidl_typesupport_c
[ 57%] [32mBuilding C object CMakeFiles/carla_msgs__rosidl_typesupport_introspection_c.dir/rosidl_typesupport_introspection_c/carla_msgs/msg/detail/carla_status__type_support.c.o[0m
[ 58%] [32mBuilding C object CMakeFiles/carla_msgs__rosidl_typesupport_introspection_c.dir/rosidl_typesupport_introspection_c/carla_msgs/msg/detail/carla_traffic_light_info__type_support.c.o[0m
[ 58%] [32mBuilding C object CMakeFiles/carla_msgs__rosidl_typesupport_introspection_c.dir/rosidl_typesupport_introspection_c/carla_msgs/msg/detail/carla_traffic_light_info_list__type_support.c.o[0m
[ 59%] [32mBuilding C object CMakeFiles/carla_msgs__rosidl_typesupport_introspection_c.dir/rosidl_typesupport_introspection_c/carla_msgs/msg/detail/carla_traffic_light_status__type_support.c.o[0m
[ 59%] [32mBuilding C object CMakeFiles/carla_msgs__rosidl_typesupport_introspection_c.dir/rosidl_typesupport_introspection_c/carla_msgs/msg/detail/carla_traffic_light_status_list__type_support.c.o[0m
[ 60%] [32mBuilding CXX object CMakeFiles/carla_msgs__rosidl_typesupport_introspection_cpp.dir/rosidl_typesupport_introspection_cpp/carla_msgs/srv/detail/spawn_object__type_support.cpp.o[0m
[ 60%] [32mBuilding CXX object CMakeFiles/carla_msgs__rosidl_typesupport_introspection_cpp.dir/rosidl_typesupport_introspection_cpp/carla_msgs/srv/detail/destroy_object__type_support.cpp.o[0m
[ 61%] [32mBuilding C object CMakeFiles/carla_msgs__rosidl_typesupport_introspection_c.dir/rosidl_typesupport_introspection_c/carla_msgs/msg/detail/carla_walker_control__type_support.c.o[0m
[ 62%] [32mBuilding CXX object CMakeFiles/carla_msgs__rosidl_typesupport_introspection_cpp.dir/rosidl_typesupport_introspection_cpp/carla_msgs/srv/detail/get_blueprints__type_support.cpp.o[0m
[ 63%] [32mBuilding CXX object CMakeFiles/carla_msgs__rosidl_typesupport_fastrtps_cpp.dir/rosidl_typesupport_fastrtps_cpp/carla_msgs/msg/detail/dds_fastrtps/carla_lane_invasion_event__type_support.cpp.o[0m
[ 63%] [32mBuilding C object CMakeFiles/carla_msgs__rosidl_typesupport_introspection_c.dir/rosidl_typesupport_introspection_c/carla_msgs/msg/detail/carla_weather_parameters__type_support.c.o[0m
[ 63%] [32mBuilding CXX object CMakeFiles/carla_msgs__rosidl_typesupport_fastrtps_cpp.dir/rosidl_typesupport_fastrtps_cpp/carla_msgs/msg/detail/dds_fastrtps/carla_world_info__type_support.cpp.o[0m
[ 64%] [32mBuilding C object CMakeFiles/carla_msgs__rosidl_typesupport_introspection_c.dir/rosidl_typesupport_introspection_c/carla_msgs/srv/detail/spawn_object__type_support.c.o[0m
[ 64%] [32mBuilding C object CMakeFiles/carla_msgs__rosidl_typesupport_introspection_c.dir/rosidl_typesupport_introspection_c/carla_msgs/srv/detail/destroy_object__type_support.c.o[0m
[ 65%] [32mBuilding CXX object CMakeFiles/carla_msgs__rosidl_typesupport_fastrtps_cpp.dir/rosidl_typesupport_fastrtps_cpp/carla_msgs/msg/detail/dds_fastrtps/carla_actor_info__type_support.cpp.o[0m
[ 65%] [32mBuilding CXX object CMakeFiles/carla_msgs__rosidl_typesupport_fastrtps_cpp.dir/rosidl_typesupport_fastrtps_cpp/carla_msgs/msg/detail/dds_fastrtps/carla_actor_list__type_support.cpp.o[0m
[ 66%] [32mBuilding C object CMakeFiles/carla_msgs__rosidl_typesupport_introspection_c.dir/rosidl_typesupport_introspection_c/carla_msgs/srv/detail/get_blueprints__type_support.c.o[0m
[ 66%] [32mBuilding CXX object CMakeFiles/carla_msgs__rosidl_typesupport_fastrtps_cpp.dir/rosidl_typesupport_fastrtps_cpp/carla_msgs/msg/detail/dds_fastrtps/carla_status__type_support.cpp.o[0m
[ 67%] [32mBuilding CXX object CMakeFiles/carla_msgs__rosidl_typesupport_fastrtps_cpp.dir/rosidl_typesupport_fastrtps_cpp/carla_msgs/msg/detail/dds_fastrtps/carla_control__type_support.cpp.o[0m
[ 68%] [32mBuilding CXX object CMakeFiles/carla_msgs__rosidl_typesupport_fastrtps_cpp.dir/rosidl_typesupport_fastrtps_cpp/carla_msgs/msg/detail/dds_fastrtps/carla_traffic_light_info__type_support.cpp.o[0m
[ 68%] [32m[1mLinking C shared library libcarla_msgs__rosidl_typesupport_introspection_c.so[0m
[ 68%] [32mBuilding CXX object CMakeFiles/carla_msgs__rosidl_typesupport_fastrtps_cpp.dir/rosidl_typesupport_fastrtps_cpp/carla_msgs/msg/detail/dds_fastrtps/carla_traffic_light_info_list__type_support.cpp.o[0m
[ 68%] Built target carla_msgs__rosidl_typesupport_introspection_c
[ 69%] [32mBuilding CXX object CMakeFiles/carla_msgs__rosidl_typesupport_fastrtps_cpp.dir/rosidl_typesupport_fastrtps_cpp/carla_msgs/msg/detail/dds_fastrtps/carla_traffic_light_status__type_support.cpp.o[0m
[ 69%] [32mBuilding CXX object CMakeFiles/carla_msgs__rosidl_typesupport_fastrtps_cpp.dir/rosidl_typesupport_fastrtps_cpp/carla_msgs/msg/detail/dds_fastrtps/carla_traffic_light_status_list__type_support.cpp.o[0m
[ 70%] [32mBuilding CXX object CMakeFiles/carla_msgs__rosidl_typesupport_fastrtps_cpp.dir/rosidl_typesupport_fastrtps_cpp/carla_msgs/msg/detail/dds_fastrtps/carla_walker_control__type_support.cpp.o[0m
[ 71%] [32m[1mLinking CXX shared library libcarla_msgs__rosidl_typesupport_introspection_cpp.so[0m
[ 71%] [32mBuilding CXX object CMakeFiles/carla_msgs__rosidl_typesupport_fastrtps_cpp.dir/rosidl_typesupport_fastrtps_cpp/carla_msgs/msg/detail/dds_fastrtps/carla_weather_parameters__type_support.cpp.o[0m
[ 71%] Built target carla_msgs__rosidl_typesupport_introspection_cpp
[ 72%] [32mBuilding CXX object CMakeFiles/carla_msgs__rosidl_typesupport_fastrtps_cpp.dir/rosidl_typesupport_fastrtps_cpp/carla_msgs/srv/detail/dds_fastrtps/spawn_object__type_support.cpp.o[0m
[ 72%] [32mBuilding CXX object CMakeFiles/carla_msgs__rosidl_typesupport_fastrtps_cpp.dir/rosidl_typesupport_fastrtps_cpp/carla_msgs/srv/detail/dds_fastrtps/destroy_object__type_support.cpp.o[0m
[ 73%] [32mBuilding CXX object CMakeFiles/carla_msgs__rosidl_typesupport_fastrtps_cpp.dir/rosidl_typesupport_fastrtps_cpp/carla_msgs/srv/detail/dds_fastrtps/get_blueprints__type_support.cpp.o[0m
[ 73%] [32m[1mLinking CXX shared library libcarla_msgs__rosidl_typesupport_fastrtps_cpp.so[0m
[ 73%] Built target carla_msgs__rosidl_typesupport_fastrtps_cpp
[ 74%] [34m[1mGenerating C type support for eProsima Fast-RTPS[0m
[35m[1mScanning dependencies of target carla_msgs__rosidl_typesupport_fastrtps_c[0m
[ 74%] [32mBuilding CXX object CMakeFiles/carla_msgs__rosidl_typesupport_fastrtps_c.dir/rosidl_typesupport_fastrtps_c/carla_msgs/msg/detail/carla_bounding_box__type_support_c.cpp.o[0m
[ 75%] [32mBuilding CXX object CMakeFiles/carla_msgs__rosidl_typesupport_fastrtps_c.dir/rosidl_typesupport_fastrtps_c/carla_msgs/msg/detail/carla_ego_vehicle_control__type_support_c.cpp.o[0m
[ 75%] [32mBuilding CXX object CMakeFiles/carla_msgs__rosidl_typesupport_fastrtps_c.dir/rosidl_typesupport_fastrtps_c/carla_msgs/msg/detail/carla_ego_vehicle_info__type_support_c.cpp.o[0m
[ 75%] [32mBuilding CXX object CMakeFiles/carla_msgs__rosidl_typesupport_fastrtps_c.dir/rosidl_typesupport_fastrtps_c/carla_msgs/msg/detail/carla_lane_invasion_event__type_support_c.cpp.o[0m
[ 77%] [32mBuilding CXX object CMakeFiles/carla_msgs__rosidl_typesupport_fastrtps_c.dir/rosidl_typesupport_fastrtps_c/carla_msgs/msg/detail/carla_world_info__type_support_c.cpp.o[0m
[ 77%] [32mBuilding CXX object CMakeFiles/carla_msgs__rosidl_typesupport_fastrtps_c.dir/rosidl_typesupport_fastrtps_c/carla_msgs/msg/detail/carla_collision_event__type_support_c.cpp.o[0m
[ 77%] [32mBuilding CXX object CMakeFiles/carla_msgs__rosidl_typesupport_fastrtps_c.dir/rosidl_typesupport_fastrtps_c/carla_msgs/msg/detail/carla_actor_info__type_support_c.cpp.o[0m
[ 78%] [32mBuilding CXX object CMakeFiles/carla_msgs__rosidl_typesupport_fastrtps_c.dir/rosidl_typesupport_fastrtps_c/carla_msgs/msg/detail/carla_actor_list__type_support_c.cpp.o[0m
[ 78%] [32mBuilding CXX object CMakeFiles/carla_msgs__rosidl_typesupport_fastrtps_c.dir/rosidl_typesupport_fastrtps_c/carla_msgs/msg/detail/carla_ego_vehicle_status__type_support_c.cpp.o[0m
[ 79%] [32mBuilding CXX object CMakeFiles/carla_msgs__rosidl_typesupport_fastrtps_c.dir/rosidl_typesupport_fastrtps_c/carla_msgs/msg/detail/carla_control__type_support_c.cpp.o[0m
[ 79%] [32mBuilding CXX object CMakeFiles/carla_msgs__rosidl_typesupport_fastrtps_c.dir/rosidl_typesupport_fastrtps_c/carla_msgs/msg/detail/carla_status__type_support_c.cpp.o[0m
[ 80%] [32mBuilding CXX object CMakeFiles/carla_msgs__rosidl_typesupport_fastrtps_c.dir/rosidl_typesupport_fastrtps_c/carla_msgs/msg/detail/carla_ego_vehicle_info_wheel__type_support_c.cpp.o[0m
[ 81%] [32mBuilding CXX object CMakeFiles/carla_msgs__rosidl_typesupport_fastrtps_c.dir/rosidl_typesupport_fastrtps_c/carla_msgs/msg/detail/carla_traffic_light_info__type_support_c.cpp.o[0m
[ 81%] [32mBuilding CXX object CMakeFiles/carla_msgs__rosidl_typesupport_fastrtps_c.dir/rosidl_typesupport_fastrtps_c/carla_msgs/msg/detail/carla_traffic_light_info_list__type_support_c.cpp.o[0m
[ 81%] [32mBuilding CXX object CMakeFiles/carla_msgs__rosidl_typesupport_fastrtps_c.dir/rosidl_typesupport_fastrtps_c/carla_msgs/msg/detail/carla_traffic_light_status_list__type_support_c.cpp.o[0m
[ 82%] [32mBuilding CXX object CMakeFiles/carla_msgs__rosidl_typesupport_fastrtps_c.dir/rosidl_typesupport_fastrtps_c/carla_msgs/msg/detail/carla_traffic_light_status__type_support_c.cpp.o[0m
[ 83%] [32mBuilding CXX object CMakeFiles/carla_msgs__rosidl_typesupport_fastrtps_c.dir/rosidl_typesupport_fastrtps_c/carla_msgs/msg/detail/carla_walker_control__type_support_c.cpp.o[0m
[ 84%] [32mBuilding CXX object CMakeFiles/carla_msgs__rosidl_typesupport_fastrtps_c.dir/rosidl_typesupport_fastrtps_c/carla_msgs/msg/detail/carla_weather_parameters__type_support_c.cpp.o[0m
[ 84%] [32mBuilding CXX object CMakeFiles/carla_msgs__rosidl_typesupport_fastrtps_c.dir/rosidl_typesupport_fastrtps_c/carla_msgs/srv/detail/spawn_object__type_support_c.cpp.o[0m
[ 84%] [32mBuilding CXX object CMakeFiles/carla_msgs__rosidl_typesupport_fastrtps_c.dir/rosidl_typesupport_fastrtps_c/carla_msgs/srv/detail/destroy_object__type_support_c.cpp.o[0m
[ 85%] [32mBuilding CXX object CMakeFiles/carla_msgs__rosidl_typesupport_fastrtps_c.dir/rosidl_typesupport_fastrtps_c/carla_msgs/srv/detail/get_blueprints__type_support_c.cpp.o[0m
[ 85%] [32m[1mLinking CXX shared library libcarla_msgs__rosidl_typesupport_fastrtps_c.so[0m
[ 85%] Built target carla_msgs__rosidl_typesupport_fastrtps_c
[35m[1mScanning dependencies of target carla_msgs[0m
[ 85%] Built target carla_msgs
[35m[1mScanning dependencies of target carla_msgs__py[0m
[ 86%] [34m[1mGenerating Python code for ROS interfaces[0m
[ 86%] Built target carla_msgs__py
[35m[1mScanning dependencies of target carla_msgs__python[0m
[ 87%] [32mBuilding C object CMakeFiles/carla_msgs__python.dir/rosidl_generator_py/carla_msgs/msg/_carla_ego_vehicle_info_wheel_s.c.o[0m
[ 88%] [32mBuilding C object CMakeFiles/carla_msgs__python.dir/rosidl_generator_py/carla_msgs/msg/_carla_bounding_box_s.c.o[0m
[ 88%] [32mBuilding C object CMakeFiles/carla_msgs__python.dir/rosidl_generator_py/carla_msgs/msg/_carla_ego_vehicle_control_s.c.o[0m
[ 88%] [32mBuilding C object CMakeFiles/carla_msgs__python.dir/rosidl_generator_py/carla_msgs/msg/_carla_ego_vehicle_status_s.c.o[0m
[ 88%] [32mBuilding C object CMakeFiles/carla_msgs__python.dir/rosidl_generator_py/carla_msgs/msg/_carla_ego_vehicle_info_s.c.o[0m
[ 88%] [32mBuilding C object CMakeFiles/carla_msgs__python.dir/rosidl_generator_py/carla_msgs/msg/_carla_lane_invasion_event_s.c.o[0m
[ 89%] [32mBuilding C object CMakeFiles/carla_msgs__python.dir/rosidl_generator_py/carla_msgs/msg/_carla_collision_event_s.c.o[0m
[ 90%] [32mBuilding C object CMakeFiles/carla_msgs__python.dir/rosidl_generator_py/carla_msgs/msg/_carla_world_info_s.c.o[0m
[ 90%] [32mBuilding C object CMakeFiles/carla_msgs__python.dir/rosidl_generator_py/carla_msgs/msg/_carla_actor_info_s.c.o[0m
[ 91%] [32mBuilding C object CMakeFiles/carla_msgs__python.dir/rosidl_generator_py/carla_msgs/msg/_carla_actor_list_s.c.o[0m
[ 91%] [32mBuilding C object CMakeFiles/carla_msgs__python.dir/rosidl_generator_py/carla_msgs/msg/_carla_control_s.c.o[0m
[ 92%] [32mBuilding C object CMakeFiles/carla_msgs__python.dir/rosidl_generator_py/carla_msgs/msg/_carla_status_s.c.o[0m
[ 92%] [32mBuilding C object CMakeFiles/carla_msgs__python.dir/rosidl_generator_py/carla_msgs/msg/_carla_traffic_light_info_s.c.o[0m
[ 93%] [32mBuilding C object CMakeFiles/carla_msgs__python.dir/rosidl_generator_py/carla_msgs/msg/_carla_traffic_light_info_list_s.c.o[0m
[ 93%] [32mBuilding C object CMakeFiles/carla_msgs__python.dir/rosidl_generator_py/carla_msgs/msg/_carla_traffic_light_status_s.c.o[0m
[ 94%] [32mBuilding C object CMakeFiles/carla_msgs__python.dir/rosidl_generator_py/carla_msgs/msg/_carla_walker_control_s.c.o[0m
[ 94%] [32mBuilding C object CMakeFiles/carla_msgs__python.dir/rosidl_generator_py/carla_msgs/msg/_carla_weather_parameters_s.c.o[0m
[ 94%] [32mBuilding C object CMakeFiles/carla_msgs__python.dir/rosidl_generator_py/carla_msgs/srv/_spawn_object_s.c.o[0m
[ 95%] [32mBuilding C object CMakeFiles/carla_msgs__python.dir/rosidl_generator_py/carla_msgs/msg/_carla_traffic_light_status_list_s.c.o[0m
[ 96%] [32mBuilding C object CMakeFiles/carla_msgs__python.dir/rosidl_generator_py/carla_msgs/srv/_destroy_object_s.c.o[0m
[ 97%] [32mBuilding C object CMakeFiles/carla_msgs__python.dir/rosidl_generator_py/carla_msgs/srv/_get_blueprints_s.c.o[0m
[ 97%] [32m[1mLinking C shared library rosidl_generator_py/carla_msgs/libcarla_msgs__python.so[0m
[ 97%] Built target carla_msgs__python
[35m[1mScanning dependencies of target carla_msgs__rosidl_typesupport_c__pyext[0m
[35m[1mScanning dependencies of target carla_msgs__rosidl_typesupport_introspection_c__pyext[0m
[35m[1mScanning dependencies of target carla_msgs__rosidl_typesupport_fastrtps_c__pyext[0m
[ 98%] [32mBuilding C object CMakeFiles/carla_msgs__rosidl_typesupport_introspection_c__pyext.dir/rosidl_generator_py/carla_msgs/_carla_msgs_s.ep.rosidl_typesupport_introspection_c.c.o[0m
[ 99%] [32mBuilding C object CMakeFiles/carla_msgs__rosidl_typesupport_c__pyext.dir/rosidl_generator_py/carla_msgs/_carla_msgs_s.ep.rosidl_typesupport_c.c.o[0m
[100%] [32mBuilding C object CMakeFiles/carla_msgs__rosidl_typesupport_fastrtps_c__pyext.dir/rosidl_generator_py/carla_msgs/_carla_msgs_s.ep.rosidl_typesupport_fastrtps_c.c.o[0m
[100%] [32m[1mLinking C shared library rosidl_generator_py/carla_msgs/carla_msgs_s__rosidl_typesupport_introspection_c.cpython-38-x86_64-linux-gnu.so[0m
[100%] [32m[1mLinking C shared library rosidl_generator_py/carla_msgs/carla_msgs_s__rosidl_typesupport_c.cpython-38-x86_64-linux-gnu.so[0m
[100%] [32m[1mLinking CXX shared library rosidl_generator_py/carla_msgs/carla_msgs_s__rosidl_typesupport_fastrtps_c.cpython-38-x86_64-linux-gnu.so[0m
[100%] Built target carla_msgs__rosidl_typesupport_introspection_c__pyext
[100%] Built target carla_msgs__rosidl_typesupport_c__pyext
[100%] Built target carla_msgs__rosidl_typesupport_fastrtps_c__pyext
-- Install configuration: ""
-- Execute custom install script
-- Symlinking: /home/camilo/2022-tfg-juancamilo-carmona/tfg/install/carla_msgs/share/ament_index/resource_index/rosidl_interfaces/carla_msgs
-- Symlinking: /home/camilo/2022-tfg-juancamilo-carmona/tfg/install/carla_msgs/include/carla_msgs/msg/carla_actor_info.h
-- Symlinking: /home/camilo/2022-tfg-juancamilo-carmona/tfg/install/carla_msgs/include/carla_msgs/msg/carla_actor_list.h
-- Symlinking: /home/camilo/2022-tfg-juancamilo-carmona/tfg/install/carla_msgs/include/carla_msgs/msg/carla_bounding_box.h
-- Symlinking: /home/camilo/2022-tfg-juancamilo-carmona/tfg/install/carla_msgs/include/carla_msgs/msg/carla_collision_event.h
-- Symlinking: /home/camilo/2022-tfg-juancamilo-carmona/tfg/install/carla_msgs/include/carla_msgs/msg/carla_control.h
-- Symlinking: /home/camilo/2022-tfg-juancamilo-carmona/tfg/install/carla_msgs/include/carla_msgs/msg/carla_ego_vehicle_control.h
-- Symlinking: /home/camilo/2022-tfg-juancamilo-carmona/tfg/install/carla_msgs/include/carla_msgs/msg/carla_ego_vehicle_info.h
-- Symlinking: /home/camilo/2022-tfg-juancamilo-carmona/tfg/install/carla_msgs/include/carla_msgs/msg/carla_ego_vehicle_info_wheel.h
-- Symlinking: /home/camilo/2022-tfg-juancamilo-carmona/tfg/install/carla_msgs/include/carla_msgs/msg/carla_ego_vehicle_status.h
-- Symlinking: /home/camilo/2022-tfg-juancamilo-carmona/tfg/install/carla_msgs/include/carla_msgs/msg/carla_lane_invasion_event.h
-- Symlinking: /home/camilo/2022-tfg-juancamilo-carmona/tfg/install/carla_msgs/include/carla_msgs/msg/carla_status.h
-- Symlinking: /home/camilo/2022-tfg-juancamilo-carmona/tfg/install/carla_msgs/include/carla_msgs/msg/carla_traffic_light_info.h
-- Symlinking: /home/camilo/2022-tfg-juancamilo-carmona/tfg/install/carla_msgs/include/carla_msgs/msg/carla_traffic_light_info_list.h
-- Symlinking: /home/camilo/2022-tfg-juancamilo-carmona/tfg/install/carla_msgs/include/carla_msgs/msg/carla_traffic_light_status.h
-- Symlinking: /home/camilo/2022-tfg-juancamilo-carmona/tfg/install/carla_msgs/include/carla_msgs/msg/carla_traffic_light_status_list.h
-- Symlinking: /home/camilo/2022-tfg-juancamilo-carmona/tfg/install/carla_msgs/include/carla_msgs/msg/carla_walker_control.h
-- Symlinking: /home/camilo/2022-tfg-juancamilo-carmona/tfg/install/carla_msgs/include/carla_msgs/msg/carla_weather_parameters.h
-- Symlinking: /home/camilo/2022-tfg-juancamilo-carmona/tfg/install/carla_msgs/include/carla_msgs/msg/carla_world_info.h
-- Symlinking: /home/camilo/2022-tfg-juancamilo-carmona/tfg/install/carla_msgs/include/carla_msgs/msg/detail/carla_actor_info__functions.h
-- Symlinking: /home/camilo/2022-tfg-juancamilo-carmona/tfg/install/carla_msgs/include/carla_msgs/msg/detail/carla_actor_info__struct.h
-- Symlinking: /home/camilo/2022-tfg-juancamilo-carmona/tfg/install/carla_msgs/include/carla_msgs/msg/detail/carla_actor_info__type_support.h
-- Symlinking: /home/camilo/2022-tfg-juancamilo-carmona/tfg/install/carla_msgs/include/carla_msgs/msg/detail/carla_actor_list__functions.h
-- Symlinking: /home/camilo/2022-tfg-juancamilo-carmona/tfg/install/carla_msgs/include/carla_msgs/msg/detail/carla_actor_list__struct.h
-- Symlinking: /home/camilo/2022-tfg-juancamilo-carmona/tfg/install/carla_msgs/include/carla_msgs/msg/detail/carla_actor_list__type_support.h
-- Symlinking: /home/camilo/2022-tfg-juancamilo-carmona/tfg/install/carla_msgs/include/carla_msgs/msg/detail/carla_bounding_box__functions.h
-- Symlinking: /home/camilo/2022-tfg-juancamilo-carmona/tfg/install/carla_msgs/include/carla_msgs/msg/detail/carla_bounding_box__struct.h
-- Symlinking: /home/camilo/2022-tfg-juancamilo-carmona/tfg/install/carla_msgs/include/carla_msgs/msg/detail/carla_bounding_box__type_support.h
-- Symlinking: /home/camilo/2022-tfg-juancamilo-carmona/tfg/install/carla_msgs/include/carla_msgs/msg/detail/carla_collision_event__functions.h
-- Symlinking: /home/camilo/2022-tfg-juancamilo-carmona/tfg/install/carla_msgs/include/carla_msgs/msg/detail/carla_collision_event__struct.h
-- Symlinking: /home/camilo/2022-tfg-juancamilo-carmona/tfg/install/carla_msgs/include/carla_msgs/msg/detail/carla_collision_event__type_support.h
-- Symlinking: /home/camilo/2022-tfg-juancamilo-carmona/tfg/install/carla_msgs/include/carla_msgs/msg/detail/carla_control__functions.h
-- Symlinking: /home/camilo/2022-tfg-juancamilo-carmona/tfg/install/carla_msgs/include/carla_msgs/msg/detail/carla_control__struct.h
-- Symlinking: /home/camilo/2022-tfg-juancamilo-carmona/tfg/install/carla_msgs/include/carla_msgs/msg/detail/carla_control__type_support.h
-- Symlinking: /home/camilo/2022-tfg-juancamilo-carmona/tfg/install/carla_msgs/include/carla_msgs/msg/detail/carla_ego_vehicle_control__functions.h
-- Symlinking: /home/camilo/2022-tfg-juancamilo-carmona/tfg/install/carla_msgs/include/carla_msgs/msg/detail/carla_ego_vehicle_control__struct.h
-- Symlinking: /home/camilo/2022-tfg-juancamilo-carmona/tfg/install/carla_msgs/include/carla_msgs/msg/detail/carla_ego_vehicle_control__type_support.h
-- Symlinking: /home/camilo/2022-tfg-juancamilo-carmona/tfg/install/carla_msgs/include/carla_msgs/msg/detail/carla_ego_vehicle_info__functions.h
-- Symlinking: /home/camilo/2022-tfg-juancamilo-carmona/tfg/install/carla_msgs/include/carla_msgs/msg/detail/carla_ego_vehicle_info__struct.h
-- Symlinking: /home/camilo/2022-tfg-juancamilo-carmona/tfg/install/carla_msgs/include/carla_msgs/msg/detail/carla_ego_vehicle_info__type_support.h
-- Symlinking: /home/camilo/2022-tfg-juancamilo-carmona/tfg/install/carla_msgs/include/carla_msgs/msg/detail/carla_ego_vehicle_info_wheel__functions.h
-- Symlinking: /home/camilo/2022-tfg-juancamilo-carmona/tfg/install/carla_msgs/include/carla_msgs/msg/detail/carla_ego_vehicle_info_wheel__struct.h
-- Symlinking: /home/camilo/2022-tfg-juancamilo-carmona/tfg/install/carla_msgs/include/carla_msgs/msg/detail/carla_ego_vehicle_info_wheel__type_support.h
-- Symlinking: /home/camilo/2022-tfg-juancamilo-carmona/tfg/install/carla_msgs/include/carla_msgs/msg/detail/carla_ego_vehicle_status__functions.h
-- Symlinking: /home/camilo/2022-tfg-juancamilo-carmona/tfg/install/carla_msgs/include/carla_msgs/msg/detail/carla_ego_vehicle_status__struct.h
-- Symlinking: /home/camilo/2022-tfg-juancamilo-carmona/tfg/install/carla_msgs/include/carla_msgs/msg/detail/carla_ego_vehicle_status__type_support.h
-- Symlinking: /home/camilo/2022-tfg-juancamilo-carmona/tfg/install/carla_msgs/include/carla_msgs/msg/detail/carla_lane_invasion_event__functions.h
-- Symlinking: /home/camilo/2022-tfg-juancamilo-carmona/tfg/install/carla_msgs/include/carla_msgs/msg/detail/carla_lane_invasion_event__struct.h
-- Symlinking: /home/camilo/2022-tfg-juancamilo-carmona/tfg/install/carla_msgs/include/carla_msgs/msg/detail/carla_lane_invasion_event__type_support.h
-- Symlinking: /home/camilo/2022-tfg-juancamilo-carmona/tfg/install/carla_msgs/include/carla_msgs/msg/detail/carla_status__functions.h
-- Symlinking: /home/camilo/2022-tfg-juancamilo-carmona/tfg/install/carla_msgs/include/carla_msgs/msg/detail/carla_status__struct.h
-- Symlinking: /home/camilo/2022-tfg-juancamilo-carmona/tfg/install/carla_msgs/include/carla_msgs/msg/detail/carla_status__type_support.h
-- Symlinking: /home/camilo/2022-tfg-juancamilo-carmona/tfg/install/carla_msgs/include/carla_msgs/msg/detail/carla_traffic_light_info__functions.h
-- Symlinking: /home/camilo/2022-tfg-juancamilo-carmona/tfg/install/carla_msgs/include/carla_msgs/msg/detail/carla_traffic_light_info__struct.h
-- Symlinking: /home/camilo/2022-tfg-juancamilo-carmona/tfg/install/carla_msgs/include/carla_msgs/msg/detail/carla_traffic_light_info__type_support.h
-- Symlinking: /home/camilo/2022-tfg-juancamilo-carmona/tfg/install/carla_msgs/include/carla_msgs/msg/detail/carla_traffic_light_info_list__functions.h
-- Symlinking: /home/camilo/2022-tfg-juancamilo-carmona/tfg/install/carla_msgs/include/carla_msgs/msg/detail/carla_traffic_light_info_list__struct.h
-- Symlinking: /home/camilo/2022-tfg-juancamilo-carmona/tfg/install/carla_msgs/include/carla_msgs/msg/detail/carla_traffic_light_info_list__type_support.h
-- Symlinking: /home/camilo/2022-tfg-juancamilo-carmona/tfg/install/carla_msgs/include/carla_msgs/msg/detail/carla_traffic_light_status__functions.h
-- Symlinking: /home/camilo/2022-tfg-juancamilo-carmona/tfg/install/carla_msgs/include/carla_msgs/msg/detail/carla_traffic_light_status__struct.h
-- Symlinking: /home/camilo/2022-tfg-juancamilo-carmona/tfg/install/carla_msgs/include/carla_msgs/msg/detail/carla_traffic_light_status__type_support.h
-- Symlinking: /home/camilo/2022-tfg-juancamilo-carmona/tfg/install/carla_msgs/include/carla_msgs/msg/detail/carla_traffic_light_status_list__functions.h
-- Symlinking: /home/camilo/2022-tfg-juancamilo-carmona/tfg/install/carla_msgs/include/carla_msgs/msg/detail/carla_traffic_light_status_list__struct.h
-- Symlinking: /home/camilo/2022-tfg-juancamilo-carmona/tfg/install/carla_msgs/include/carla_msgs/msg/detail/carla_traffic_light_status_list__type_support.h
-- Symlinking: /home/camilo/2022-tfg-juancamilo-carmona/tfg/install/carla_msgs/include/carla_msgs/msg/detail/carla_walker_control__functions.h
-- Symlinking: /home/camilo/2022-tfg-juancamilo-carmona/tfg/install/carla_msgs/include/carla_msgs/msg/detail/carla_walker_control__struct.h
-- Symlinking: /home/camilo/2022-tfg-juancamilo-carmona/tfg/install/carla_msgs/include/carla_msgs/msg/detail/carla_walker_control__type_support.h
-- Symlinking: /home/camilo/2022-tfg-juancamilo-carmona/tfg/install/carla_msgs/include/carla_msgs/msg/detail/carla_weather_parameters__functions.h
-- Symlinking: /home/camilo/2022-tfg-juancamilo-carmona/tfg/install/carla_msgs/include/carla_msgs/msg/detail/carla_weather_parameters__struct.h
-- Symlinking: /home/camilo/2022-tfg-juancamilo-carmona/tfg/install/carla_msgs/include/carla_msgs/msg/detail/carla_weather_parameters__type_support.h
-- Symlinking: /home/camilo/2022-tfg-juancamilo-carmona/tfg/install/carla_msgs/include/carla_msgs/msg/detail/carla_world_info__functions.h
-- Symlinking: /home/camilo/2022-tfg-juancamilo-carmona/tfg/install/carla_msgs/include/carla_msgs/msg/detail/carla_world_info__struct.h
-- Symlinking: /home/camilo/2022-tfg-juancamilo-carmona/tfg/install/carla_msgs/include/carla_msgs/msg/detail/carla_world_info__type_support.h
-- Symlinking: /home/camilo/2022-tfg-juancamilo-carmona/tfg/install/carla_msgs/include/carla_msgs/msg/rosidl_generator_c__visibility_control.h
-- Symlinking: /home/camilo/2022-tfg-juancamilo-carmona/tfg/install/carla_msgs/include/carla_msgs/srv/destroy_object.h
-- Symlinking: /home/camilo/2022-tfg-juancamilo-carmona/tfg/install/carla_msgs/include/carla_msgs/srv/detail/destroy_object__functions.h
-- Symlinking: /home/camilo/2022-tfg-juancamilo-carmona/tfg/install/carla_msgs/include/carla_msgs/srv/detail/destroy_object__struct.h
-- Symlinking: /home/camilo/2022-tfg-juancamilo-carmona/tfg/install/carla_msgs/include/carla_msgs/srv/detail/destroy_object__type_support.h
-- Symlinking: /home/camilo/2022-tfg-juancamilo-carmona/tfg/install/carla_msgs/include/carla_msgs/srv/detail/get_blueprints__functions.h
-- Symlinking: /home/camilo/2022-tfg-juancamilo-carmona/tfg/install/carla_msgs/include/carla_msgs/srv/detail/get_blueprints__struct.h
-- Symlinking: /home/camilo/2022-tfg-juancamilo-carmona/tfg/install/carla_msgs/include/carla_msgs/srv/detail/get_blueprints__type_support.h
-- Symlinking: /home/camilo/2022-tfg-juancamilo-carmona/tfg/install/carla_msgs/include/carla_msgs/srv/detail/spawn_object__functions.h
-- Symlinking: /home/camilo/2022-tfg-juancamilo-carmona/tfg/install/carla_msgs/include/carla_msgs/srv/detail/spawn_object__struct.h
-- Symlinking: /home/camilo/2022-tfg-juancamilo-carmona/tfg/install/carla_msgs/include/carla_msgs/srv/detail/spawn_object__type_support.h
-- Symlinking: /home/camilo/2022-tfg-juancamilo-carmona/tfg/install/carla_msgs/include/carla_msgs/srv/get_blueprints.h
-- Symlinking: /home/camilo/2022-tfg-juancamilo-carmona/tfg/install/carla_msgs/include/carla_msgs/srv/spawn_object.h
-- Symlinking: /home/camilo/2022-tfg-juancamilo-carmona/tfg/install/carla_msgs/share/carla_msgs/environment/library_path.sh
-- Symlinking: /home/camilo/2022-tfg-juancamilo-carmona/tfg/install/carla_msgs/share/carla_msgs/environment/library_path.dsv
-- Symlinking: /home/camilo/2022-tfg-juancamilo-carmona/tfg/install/carla_msgs/include/carla_msgs/msg/detail/carla_actor_info__rosidl_typesupport_fastrtps_c.h
-- Symlinking: /home/camilo/2022-tfg-juancamilo-carmona/tfg/install/carla_msgs/include/carla_msgs/msg/detail/carla_actor_list__rosidl_typesupport_fastrtps_c.h
-- Symlinking: /home/camilo/2022-tfg-juancamilo-carmona/tfg/install/carla_msgs/include/carla_msgs/msg/detail/carla_bounding_box__rosidl_typesupport_fastrtps_c.h
-- Symlinking: /home/camilo/2022-tfg-juancamilo-carmona/tfg/install/carla_msgs/include/carla_msgs/msg/detail/carla_collision_event__rosidl_typesupport_fastrtps_c.h
-- Symlinking: /home/camilo/2022-tfg-juancamilo-carmona/tfg/install/carla_msgs/include/carla_msgs/msg/detail/carla_control__rosidl_typesupport_fastrtps_c.h
-- Symlinking: /home/camilo/2022-tfg-juancamilo-carmona/tfg/install/carla_msgs/include/carla_msgs/msg/detail/carla_ego_vehicle_control__rosidl_typesupport_fastrtps_c.h
-- Symlinking: /home/camilo/2022-tfg-juancamilo-carmona/tfg/install/carla_msgs/include/carla_msgs/msg/detail/carla_ego_vehicle_info__rosidl_typesupport_fastrtps_c.h
-- Symlinking: /home/camilo/2022-tfg-juancamilo-carmona/tfg/install/carla_msgs/include/carla_msgs/msg/detail/carla_ego_vehicle_info_wheel__rosidl_typesupport_fastrtps_c.h
-- Symlinking: /home/camilo/2022-tfg-juancamilo-carmona/tfg/install/carla_msgs/include/carla_msgs/msg/detail/carla_ego_vehicle_status__rosidl_typesupport_fastrtps_c.h
-- Symlinking: /home/camilo/2022-tfg-juancamilo-carmona/tfg/install/carla_msgs/include/carla_msgs/msg/detail/carla_lane_invasion_event__rosidl_typesupport_fastrtps_c.h
-- Symlinking: /home/camilo/2022-tfg-juancamilo-carmona/tfg/install/carla_msgs/include/carla_msgs/msg/detail/carla_status__rosidl_typesupport_fastrtps_c.h
-- Symlinking: /home/camilo/2022-tfg-juancamilo-carmona/tfg/install/carla_msgs/include/carla_msgs/msg/detail/carla_traffic_light_info__rosidl_typesupport_fastrtps_c.h
-- Symlinking: /home/camilo/2022-tfg-juancamilo-carmona/tfg/install/carla_msgs/include/carla_msgs/msg/detail/carla_traffic_light_info_list__rosidl_typesupport_fastrtps_c.h
-- Symlinking: /home/camilo/2022-tfg-juancamilo-carmona/tfg/install/carla_msgs/include/carla_msgs/msg/detail/carla_traffic_light_status__rosidl_typesupport_fastrtps_c.h
-- Symlinking: /home/camilo/2022-tfg-juancamilo-carmona/tfg/install/carla_msgs/include/carla_msgs/msg/detail/carla_traffic_light_status_list__rosidl_typesupport_fastrtps_c.h
-- Symlinking: /home/camilo/2022-tfg-juancamilo-carmona/tfg/install/carla_msgs/include/carla_msgs/msg/detail/carla_walker_control__rosidl_typesupport_fastrtps_c.h
-- Symlinking: /home/camilo/2022-tfg-juancamilo-carmona/tfg/install/carla_msgs/include/carla_msgs/msg/detail/carla_weather_parameters__rosidl_typesupport_fastrtps_c.h
-- Symlinking: /home/camilo/2022-tfg-juancamilo-carmona/tfg/install/carla_msgs/include/carla_msgs/msg/detail/carla_world_info__rosidl_typesupport_fastrtps_c.h
-- Symlinking: /home/camilo/2022-tfg-juancamilo-carmona/tfg/install/carla_msgs/include/carla_msgs/msg/rosidl_typesupport_fastrtps_c__visibility_control.h
-- Symlinking: /home/camilo/2022-tfg-juancamilo-carmona/tfg/install/carla_msgs/include/carla_msgs/srv/detail/destroy_object__rosidl_typesupport_fastrtps_c.h
-- Symlinking: /home/camilo/2022-tfg-juancamilo-carmona/tfg/install/carla_msgs/include/carla_msgs/srv/detail/get_blueprints__rosidl_typesupport_fastrtps_c.h
-- Symlinking: /home/camilo/2022-tfg-juancamilo-carmona/tfg/install/carla_msgs/include/carla_msgs/srv/detail/spawn_object__rosidl_typesupport_fastrtps_c.h
-- Symlinking: /home/camilo/2022-tfg-juancamilo-carmona/tfg/install/carla_msgs/lib/libcarla_msgs__rosidl_typesupport_fastrtps_c.so
-- Symlinking: /home/camilo/2022-tfg-juancamilo-carmona/tfg/install/carla_msgs/include/carla_msgs/msg/detail/carla_actor_info__rosidl_typesupport_fastrtps_cpp.hpp
-- Symlinking: /home/camilo/2022-tfg-juancamilo-carmona/tfg/install/carla_msgs/include/carla_msgs/msg/detail/carla_actor_list__rosidl_typesupport_fastrtps_cpp.hpp
-- Symlinking: /home/camilo/2022-tfg-juancamilo-carmona/tfg/install/carla_msgs/include/carla_msgs/msg/detail/carla_bounding_box__rosidl_typesupport_fastrtps_cpp.hpp
-- Symlinking: /home/camilo/2022-tfg-juancamilo-carmona/tfg/install/carla_msgs/include/carla_msgs/msg/detail/carla_collision_event__rosidl_typesupport_fastrtps_cpp.hpp
-- Symlinking: /home/camilo/2022-tfg-juancamilo-carmona/tfg/install/carla_msgs/include/carla_msgs/msg/detail/carla_control__rosidl_typesupport_fastrtps_cpp.hpp
-- Symlinking: /home/camilo/2022-tfg-juancamilo-carmona/tfg/install/carla_msgs/include/carla_msgs/msg/detail/carla_ego_vehicle_control__rosidl_typesupport_fastrtps_cpp.hpp
-- Symlinking: /home/camilo/2022-tfg-juancamilo-carmona/tfg/install/carla_msgs/include/carla_msgs/msg/detail/carla_ego_vehicle_info__rosidl_typesupport_fastrtps_cpp.hpp
-- Symlinking: /home/camilo/2022-tfg-juancamilo-carmona/tfg/install/carla_msgs/include/carla_msgs/msg/detail/carla_ego_vehicle_info_wheel__rosidl_typesupport_fastrtps_cpp.hpp
-- Symlinking: /home/camilo/2022-tfg-juancamilo-carmona/tfg/install/carla_msgs/include/carla_msgs/msg/detail/carla_ego_vehicle_status__rosidl_typesupport_fastrtps_cpp.hpp
-- Symlinking: /home/camilo/2022-tfg-juancamilo-carmona/tfg/install/carla_msgs/include/carla_msgs/msg/detail/carla_lane_invasion_event__rosidl_typesupport_fastrtps_cpp.hpp
-- Symlinking: /home/camilo/2022-tfg-juancamilo-carmona/tfg/install/carla_msgs/include/carla_msgs/msg/detail/carla_status__rosidl_typesupport_fastrtps_cpp.hpp
-- Symlinking: /home/camilo/2022-tfg-juancamilo-carmona/tfg/install/carla_msgs/include/carla_msgs/msg/detail/carla_traffic_light_info__rosidl_typesupport_fastrtps_cpp.hpp
-- Symlinking: /home/camilo/2022-tfg-juancamilo-carmona/tfg/install/carla_msgs/include/carla_msgs/msg/detail/carla_traffic_light_info_list__rosidl_typesupport_fastrtps_cpp.hpp
-- Symlinking: /home/camilo/2022-tfg-juancamilo-carmona/tfg/install/carla_msgs/include/carla_msgs/msg/detail/carla_traffic_light_status__rosidl_typesupport_fastrtps_cpp.hpp
-- Symlinking: /home/camilo/2022-tfg-juancamilo-carmona/tfg/install/carla_msgs/include/carla_msgs/msg/detail/carla_traffic_light_status_list__rosidl_typesupport_fastrtps_cpp.hpp
-- Symlinking: /home/camilo/2022-tfg-juancamilo-carmona/tfg/install/carla_msgs/include/carla_msgs/msg/detail/carla_walker_control__rosidl_typesupport_fastrtps_cpp.hpp
-- Symlinking: /home/camilo/2022-tfg-juancamilo-carmona/tfg/install/carla_msgs/include/carla_msgs/msg/detail/carla_weather_parameters__rosidl_typesupport_fastrtps_cpp.hpp
-- Symlinking: /home/camilo/2022-tfg-juancamilo-carmona/tfg/install/carla_msgs/include/carla_msgs/msg/detail/carla_world_info__rosidl_typesupport_fastrtps_cpp.hpp
-- Symlinking: /home/camilo/2022-tfg-juancamilo-carmona/tfg/install/carla_msgs/include/carla_msgs/msg/rosidl_typesupport_fastrtps_cpp__visibility_control.h
-- Symlinking: /home/camilo/2022-tfg-juancamilo-carmona/tfg/install/carla_msgs/include/carla_msgs/srv/detail/destroy_object__rosidl_typesupport_fastrtps_cpp.hpp
-- Symlinking: /home/camilo/2022-tfg-juancamilo-carmona/tfg/install/carla_msgs/include/carla_msgs/srv/detail/get_blueprints__rosidl_typesupport_fastrtps_cpp.hpp
-- Symlinking: /home/camilo/2022-tfg-juancamilo-carmona/tfg/install/carla_msgs/include/carla_msgs/srv/detail/spawn_object__rosidl_typesupport_fastrtps_cpp.hpp
-- Symlinking: /home/camilo/2022-tfg-juancamilo-carmona/tfg/install/carla_msgs/lib/libcarla_msgs__rosidl_typesupport_fastrtps_cpp.so
-- Symlinking: /home/camilo/2022-tfg-juancamilo-carmona/tfg/install/carla_msgs/include/carla_msgs/msg/detail/carla_actor_info__rosidl_typesupport_introspection_c.h
-- Symlinking: /home/camilo/2022-tfg-juancamilo-carmona/tfg/install/carla_msgs/include/carla_msgs/msg/detail/carla_actor_list__rosidl_typesupport_introspection_c.h
-- Symlinking: /home/camilo/2022-tfg-juancamilo-carmona/tfg/install/carla_msgs/include/carla_msgs/msg/detail/carla_bounding_box__rosidl_typesupport_introspection_c.h
-- Symlinking: /home/camilo/2022-tfg-juancamilo-carmona/tfg/install/carla_msgs/include/carla_msgs/msg/detail/carla_collision_event__rosidl_typesupport_introspection_c.h
-- Symlinking: /home/camilo/2022-tfg-juancamilo-carmona/tfg/install/carla_msgs/include/carla_msgs/msg/detail/carla_control__rosidl_typesupport_introspection_c.h
-- Symlinking: /home/camilo/2022-tfg-juancamilo-carmona/tfg/install/carla_msgs/include/carla_msgs/msg/detail/carla_ego_vehicle_control__rosidl_typesupport_introspection_c.h
-- Symlinking: /home/camilo/2022-tfg-juancamilo-carmona/tfg/install/carla_msgs/include/carla_msgs/msg/detail/carla_ego_vehicle_info__rosidl_typesupport_introspection_c.h
-- Symlinking: /home/camilo/2022-tfg-juancamilo-carmona/tfg/install/carla_msgs/include/carla_msgs/msg/detail/carla_ego_vehicle_info_wheel__rosidl_typesupport_introspection_c.h
-- Symlinking: /home/camilo/2022-tfg-juancamilo-carmona/tfg/install/carla_msgs/include/carla_msgs/msg/detail/carla_ego_vehicle_status__rosidl_typesupport_introspection_c.h
-- Symlinking: /home/camilo/2022-tfg-juancamilo-carmona/tfg/install/carla_msgs/include/carla_msgs/msg/detail/carla_lane_invasion_event__rosidl_typesupport_introspection_c.h
-- Symlinking: /home/camilo/2022-tfg-juancamilo-carmona/tfg/install/carla_msgs/include/carla_msgs/msg/detail/carla_status__rosidl_typesupport_introspection_c.h
-- Symlinking: /home/camilo/2022-tfg-juancamilo-carmona/tfg/install/carla_msgs/include/carla_msgs/msg/detail/carla_traffic_light_info__rosidl_typesupport_introspection_c.h
-- Symlinking: /home/camilo/2022-tfg-juancamilo-carmona/tfg/install/carla_msgs/include/carla_msgs/msg/detail/carla_traffic_light_info_list__rosidl_typesupport_introspection_c.h
-- Symlinking: /home/camilo/2022-tfg-juancamilo-carmona/tfg/install/carla_msgs/include/carla_msgs/msg/detail/carla_traffic_light_status__rosidl_typesupport_introspection_c.h
-- Symlinking: /home/camilo/2022-tfg-juancamilo-carmona/tfg/install/carla_msgs/include/carla_msgs/msg/detail/carla_traffic_light_status_list__rosidl_typesupport_introspection_c.h
-- Symlinking: /home/camilo/2022-tfg-juancamilo-carmona/tfg/install/carla_msgs/include/carla_msgs/msg/detail/carla_walker_control__rosidl_typesupport_introspection_c.h
-- Symlinking: /home/camilo/2022-tfg-juancamilo-carmona/tfg/install/carla_msgs/include/carla_msgs/msg/detail/carla_weather_parameters__rosidl_typesupport_introspection_c.h
-- Symlinking: /home/camilo/2022-tfg-juancamilo-carmona/tfg/install/carla_msgs/include/carla_msgs/msg/detail/carla_world_info__rosidl_typesupport_introspection_c.h
-- Symlinking: /home/camilo/2022-tfg-juancamilo-carmona/tfg/install/carla_msgs/include/carla_msgs/msg/rosidl_typesupport_introspection_c__visibility_control.h
-- Symlinking: /home/camilo/2022-tfg-juancamilo-carmona/tfg/install/carla_msgs/include/carla_msgs/srv/detail/destroy_object__rosidl_typesupport_introspection_c.h
-- Symlinking: /home/camilo/2022-tfg-juancamilo-carmona/tfg/install/carla_msgs/include/carla_msgs/srv/detail/get_blueprints__rosidl_typesupport_introspection_c.h
-- Symlinking: /home/camilo/2022-tfg-juancamilo-carmona/tfg/install/carla_msgs/include/carla_msgs/srv/detail/spawn_object__rosidl_typesupport_introspection_c.h
-- Symlinking: /home/camilo/2022-tfg-juancamilo-carmona/tfg/install/carla_msgs/include/carla_msgs/msg/carla_actor_info.hpp
-- Symlinking: /home/camilo/2022-tfg-juancamilo-carmona/tfg/install/carla_msgs/include/carla_msgs/msg/carla_actor_list.hpp
-- Symlinking: /home/camilo/2022-tfg-juancamilo-carmona/tfg/install/carla_msgs/include/carla_msgs/msg/carla_bounding_box.hpp
-- Symlinking: /home/camilo/2022-tfg-juancamilo-carmona/tfg/install/carla_msgs/include/carla_msgs/msg/carla_collision_event.hpp
-- Symlinking: /home/camilo/2022-tfg-juancamilo-carmona/tfg/install/carla_msgs/include/carla_msgs/msg/carla_control.hpp
-- Symlinking: /home/camilo/2022-tfg-juancamilo-carmona/tfg/install/carla_msgs/include/carla_msgs/msg/carla_ego_vehicle_control.hpp
-- Symlinking: /home/camilo/2022-tfg-juancamilo-carmona/tfg/install/carla_msgs/include/carla_msgs/msg/carla_ego_vehicle_info.hpp
-- Symlinking: /home/camilo/2022-tfg-juancamilo-carmona/tfg/install/carla_msgs/include/carla_msgs/msg/carla_ego_vehicle_info_wheel.hpp
-- Symlinking: /home/camilo/2022-tfg-juancamilo-carmona/tfg/install/carla_msgs/include/carla_msgs/msg/carla_ego_vehicle_status.hpp
-- Symlinking: /home/camilo/2022-tfg-juancamilo-carmona/tfg/install/carla_msgs/include/carla_msgs/msg/carla_lane_invasion_event.hpp
-- Symlinking: /home/camilo/2022-tfg-juancamilo-carmona/tfg/install/carla_msgs/include/carla_msgs/msg/carla_status.hpp
-- Symlinking: /home/camilo/2022-tfg-juancamilo-carmona/tfg/install/carla_msgs/include/carla_msgs/msg/carla_traffic_light_info.hpp
-- Symlinking: /home/camilo/2022-tfg-juancamilo-carmona/tfg/install/carla_msgs/include/carla_msgs/msg/carla_traffic_light_info_list.hpp
-- Symlinking: /home/camilo/2022-tfg-juancamilo-carmona/tfg/install/carla_msgs/include/carla_msgs/msg/carla_traffic_light_status.hpp
-- Symlinking: /home/camilo/2022-tfg-juancamilo-carmona/tfg/install/carla_msgs/include/carla_msgs/msg/carla_traffic_light_status_list.hpp
-- Symlinking: /home/camilo/2022-tfg-juancamilo-carmona/tfg/install/carla_msgs/include/carla_msgs/msg/carla_walker_control.hpp
-- Symlinking: /home/camilo/2022-tfg-juancamilo-carmona/tfg/install/carla_msgs/include/carla_msgs/msg/carla_weather_parameters.hpp
-- Symlinking: /home/camilo/2022-tfg-juancamilo-carmona/tfg/install/carla_msgs/include/carla_msgs/msg/carla_world_info.hpp
-- Symlinking: /home/camilo/2022-tfg-juancamilo-carmona/tfg/install/carla_msgs/include/carla_msgs/msg/detail/carla_actor_info__builder.hpp
-- Symlinking: /home/camilo/2022-tfg-juancamilo-carmona/tfg/install/carla_msgs/include/carla_msgs/msg/detail/carla_actor_info__struct.hpp
-- Symlinking: /home/camilo/2022-tfg-juancamilo-carmona/tfg/install/carla_msgs/include/carla_msgs/msg/detail/carla_actor_info__traits.hpp
-- Symlinking: /home/camilo/2022-tfg-juancamilo-carmona/tfg/install/carla_msgs/include/carla_msgs/msg/detail/carla_actor_list__builder.hpp
-- Symlinking: /home/camilo/2022-tfg-juancamilo-carmona/tfg/install/carla_msgs/include/carla_msgs/msg/detail/carla_actor_list__struct.hpp
-- Symlinking: /home/camilo/2022-tfg-juancamilo-carmona/tfg/install/carla_msgs/include/carla_msgs/msg/detail/carla_actor_list__traits.hpp
-- Symlinking: /home/camilo/2022-tfg-juancamilo-carmona/tfg/install/carla_msgs/include/carla_msgs/msg/detail/carla_bounding_box__builder.hpp
-- Symlinking: /home/camilo/2022-tfg-juancamilo-carmona/tfg/install/carla_msgs/include/carla_msgs/msg/detail/carla_bounding_box__struct.hpp
-- Symlinking: /home/camilo/2022-tfg-juancamilo-carmona/tfg/install/carla_msgs/include/carla_msgs/msg/detail/carla_bounding_box__traits.hpp
-- Symlinking: /home/camilo/2022-tfg-juancamilo-carmona/tfg/install/carla_msgs/include/carla_msgs/msg/detail/carla_collision_event__builder.hpp
-- Symlinking: /home/camilo/2022-tfg-juancamilo-carmona/tfg/install/carla_msgs/include/carla_msgs/msg/detail/carla_collision_event__struct.hpp
-- Symlinking: /home/camilo/2022-tfg-juancamilo-carmona/tfg/install/carla_msgs/include/carla_msgs/msg/detail/carla_collision_event__traits.hpp
-- Symlinking: /home/camilo/2022-tfg-juancamilo-carmona/tfg/install/carla_msgs/include/carla_msgs/msg/detail/carla_control__builder.hpp
-- Symlinking: /home/camilo/2022-tfg-juancamilo-carmona/tfg/install/carla_msgs/include/carla_msgs/msg/detail/carla_control__struct.hpp
-- Symlinking: /home/camilo/2022-tfg-juancamilo-carmona/tfg/install/carla_msgs/include/carla_msgs/msg/detail/carla_control__traits.hpp
-- Symlinking: /home/camilo/2022-tfg-juancamilo-carmona/tfg/install/carla_msgs/include/carla_msgs/msg/detail/carla_ego_vehicle_control__builder.hpp
-- Symlinking: /home/camilo/2022-tfg-juancamilo-carmona/tfg/install/carla_msgs/include/carla_msgs/msg/detail/carla_ego_vehicle_control__struct.hpp
-- Symlinking: /home/camilo/2022-tfg-juancamilo-carmona/tfg/install/carla_msgs/include/carla_msgs/msg/detail/carla_ego_vehicle_control__traits.hpp
-- Symlinking: /home/camilo/2022-tfg-juancamilo-carmona/tfg/install/carla_msgs/include/carla_msgs/msg/detail/carla_ego_vehicle_info__builder.hpp
-- Symlinking: /home/camilo/2022-tfg-juancamilo-carmona/tfg/install/carla_msgs/include/carla_msgs/msg/detail/carla_ego_vehicle_info__struct.hpp
-- Symlinking: /home/camilo/2022-tfg-juancamilo-carmona/tfg/install/carla_msgs/include/carla_msgs/msg/detail/carla_ego_vehicle_info__traits.hpp
-- Symlinking: /home/camilo/2022-tfg-juancamilo-carmona/tfg/install/carla_msgs/include/carla_msgs/msg/detail/carla_ego_vehicle_info_wheel__builder.hpp
-- Symlinking: /home/camilo/2022-tfg-juancamilo-carmona/tfg/install/carla_msgs/include/carla_msgs/msg/detail/carla_ego_vehicle_info_wheel__struct.hpp
-- Symlinking: /home/camilo/2022-tfg-juancamilo-carmona/tfg/install/carla_msgs/include/carla_msgs/msg/detail/carla_ego_vehicle_info_wheel__traits.hpp
-- Symlinking: /home/camilo/2022-tfg-juancamilo-carmona/tfg/install/carla_msgs/include/carla_msgs/msg/detail/carla_ego_vehicle_status__builder.hpp
-- Symlinking: /home/camilo/2022-tfg-juancamilo-carmona/tfg/install/carla_msgs/include/carla_msgs/msg/detail/carla_ego_vehicle_status__struct.hpp
-- Symlinking: /home/camilo/2022-tfg-juancamilo-carmona/tfg/install/carla_msgs/include/carla_msgs/msg/detail/carla_ego_vehicle_status__traits.hpp
-- Symlinking: /home/camilo/2022-tfg-juancamilo-carmona/tfg/install/carla_msgs/include/carla_msgs/msg/detail/carla_lane_invasion_event__builder.hpp
-- Symlinking: /home/camilo/2022-tfg-juancamilo-carmona/tfg/install/carla_msgs/include/carla_msgs/msg/detail/carla_lane_invasion_event__struct.hpp
-- Symlinking: /home/camilo/2022-tfg-juancamilo-carmona/tfg/install/carla_msgs/include/carla_msgs/msg/detail/carla_lane_invasion_event__traits.hpp
-- Symlinking: /home/camilo/2022-tfg-juancamilo-carmona/tfg/install/carla_msgs/include/carla_msgs/msg/detail/carla_status__builder.hpp
-- Symlinking: /home/camilo/2022-tfg-juancamilo-carmona/tfg/install/carla_msgs/include/carla_msgs/msg/detail/carla_status__struct.hpp
-- Symlinking: /home/camilo/2022-tfg-juancamilo-carmona/tfg/install/carla_msgs/include/carla_msgs/msg/detail/carla_status__traits.hpp
-- Symlinking: /home/camilo/2022-tfg-juancamilo-carmona/tfg/install/carla_msgs/include/carla_msgs/msg/detail/carla_traffic_light_info__builder.hpp
-- Symlinking: /home/camilo/2022-tfg-juancamilo-carmona/tfg/install/carla_msgs/include/carla_msgs/msg/detail/carla_traffic_light_info__struct.hpp
-- Symlinking: /home/camilo/2022-tfg-juancamilo-carmona/tfg/install/carla_msgs/include/carla_msgs/msg/detail/carla_traffic_light_info__traits.hpp
-- Symlinking: /home/camilo/2022-tfg-juancamilo-carmona/tfg/install/carla_msgs/include/carla_msgs/msg/detail/carla_traffic_light_info_list__builder.hpp
-- Symlinking: /home/camilo/2022-tfg-juancamilo-carmona/tfg/install/carla_msgs/include/carla_msgs/msg/detail/carla_traffic_light_info_list__struct.hpp
-- Symlinking: /home/camilo/2022-tfg-juancamilo-carmona/tfg/install/carla_msgs/include/carla_msgs/msg/detail/carla_traffic_light_info_list__traits.hpp
-- Symlinking: /home/camilo/2022-tfg-juancamilo-carmona/tfg/install/carla_msgs/include/carla_msgs/msg/detail/carla_traffic_light_status__builder.hpp
-- Symlinking: /home/camilo/2022-tfg-juancamilo-carmona/tfg/install/carla_msgs/include/carla_msgs/msg/detail/carla_traffic_light_status__struct.hpp
-- Symlinking: /home/camilo/2022-tfg-juancamilo-carmona/tfg/install/carla_msgs/include/carla_msgs/msg/detail/carla_traffic_light_status__traits.hpp
-- Symlinking: /home/camilo/2022-tfg-juancamilo-carmona/tfg/install/carla_msgs/include/carla_msgs/msg/detail/carla_traffic_light_status_list__builder.hpp
-- Symlinking: /home/camilo/2022-tfg-juancamilo-carmona/tfg/install/carla_msgs/include/carla_msgs/msg/detail/carla_traffic_light_status_list__struct.hpp
-- Symlinking: /home/camilo/2022-tfg-juancamilo-carmona/tfg/install/carla_msgs/include/carla_msgs/msg/detail/carla_traffic_light_status_list__traits.hpp
-- Symlinking: /home/camilo/2022-tfg-juancamilo-carmona/tfg/install/carla_msgs/include/carla_msgs/msg/detail/carla_walker_control__builder.hpp
-- Symlinking: /home/camilo/2022-tfg-juancamilo-carmona/tfg/install/carla_msgs/include/carla_msgs/msg/detail/carla_walker_control__struct.hpp
-- Symlinking: /home/camilo/2022-tfg-juancamilo-carmona/tfg/install/carla_msgs/include/carla_msgs/msg/detail/carla_walker_control__traits.hpp
-- Symlinking: /home/camilo/2022-tfg-juancamilo-carmona/tfg/install/carla_msgs/include/carla_msgs/msg/detail/carla_weather_parameters__builder.hpp
-- Symlinking: /home/camilo/2022-tfg-juancamilo-carmona/tfg/install/carla_msgs/include/carla_msgs/msg/detail/carla_weather_parameters__struct.hpp
-- Symlinking: /home/camilo/2022-tfg-juancamilo-carmona/tfg/install/carla_msgs/include/carla_msgs/msg/detail/carla_weather_parameters__traits.hpp
-- Symlinking: /home/camilo/2022-tfg-juancamilo-carmona/tfg/install/carla_msgs/include/carla_msgs/msg/detail/carla_world_info__builder.hpp
-- Symlinking: /home/camilo/2022-tfg-juancamilo-carmona/tfg/install/carla_msgs/include/carla_msgs/msg/detail/carla_world_info__struct.hpp
-- Symlinking: /home/camilo/2022-tfg-juancamilo-carmona/tfg/install/carla_msgs/include/carla_msgs/msg/detail/carla_world_info__traits.hpp
-- Symlinking: /home/camilo/2022-tfg-juancamilo-carmona/tfg/install/carla_msgs/include/carla_msgs/srv/destroy_object.hpp
-- Symlinking: /home/camilo/2022-tfg-juancamilo-carmona/tfg/install/carla_msgs/include/carla_msgs/srv/detail/destroy_object__builder.hpp
-- Symlinking: /home/camilo/2022-tfg-juancamilo-carmona/tfg/install/carla_msgs/include/carla_msgs/srv/detail/destroy_object__struct.hpp
-- Symlinking: /home/camilo/2022-tfg-juancamilo-carmona/tfg/install/carla_msgs/include/carla_msgs/srv/detail/destroy_object__traits.hpp
-- Symlinking: /home/camilo/2022-tfg-juancamilo-carmona/tfg/install/carla_msgs/include/carla_msgs/srv/detail/get_blueprints__builder.hpp
-- Symlinking: /home/camilo/2022-tfg-juancamilo-carmona/tfg/install/carla_msgs/include/carla_msgs/srv/detail/get_blueprints__struct.hpp
-- Symlinking: /home/camilo/2022-tfg-juancamilo-carmona/tfg/install/carla_msgs/include/carla_msgs/srv/detail/get_blueprints__traits.hpp
-- Symlinking: /home/camilo/2022-tfg-juancamilo-carmona/tfg/install/carla_msgs/include/carla_msgs/srv/detail/spawn_object__builder.hpp
-- Symlinking: /home/camilo/2022-tfg-juancamilo-carmona/tfg/install/carla_msgs/include/carla_msgs/srv/detail/spawn_object__struct.hpp
-- Symlinking: /home/camilo/2022-tfg-juancamilo-carmona/tfg/install/carla_msgs/include/carla_msgs/srv/detail/spawn_object__traits.hpp
-- Symlinking: /home/camilo/2022-tfg-juancamilo-carmona/tfg/install/carla_msgs/include/carla_msgs/srv/get_blueprints.hpp
-- Symlinking: /home/camilo/2022-tfg-juancamilo-carmona/tfg/install/carla_msgs/include/carla_msgs/srv/spawn_object.hpp
-- Symlinking: /home/camilo/2022-tfg-juancamilo-carmona/tfg/install/carla_msgs/include/carla_msgs/msg/detail/carla_actor_info__rosidl_typesupport_introspection_cpp.hpp
-- Symlinking: /home/camilo/2022-tfg-juancamilo-carmona/tfg/install/carla_msgs/include/carla_msgs/msg/detail/carla_actor_list__rosidl_typesupport_introspection_cpp.hpp
-- Symlinking: /home/camilo/2022-tfg-juancamilo-carmona/tfg/install/carla_msgs/include/carla_msgs/msg/detail/carla_bounding_box__rosidl_typesupport_introspection_cpp.hpp
-- Symlinking: /home/camilo/2022-tfg-juancamilo-carmona/tfg/install/carla_msgs/include/carla_msgs/msg/detail/carla_collision_event__rosidl_typesupport_introspection_cpp.hpp
-- Symlinking: /home/camilo/2022-tfg-juancamilo-carmona/tfg/install/carla_msgs/include/carla_msgs/msg/detail/carla_control__rosidl_typesupport_introspection_cpp.hpp
-- Symlinking: /home/camilo/2022-tfg-juancamilo-carmona/tfg/install/carla_msgs/include/carla_msgs/msg/detail/carla_ego_vehicle_control__rosidl_typesupport_introspection_cpp.hpp
-- Symlinking: /home/camilo/2022-tfg-juancamilo-carmona/tfg/install/carla_msgs/include/carla_msgs/msg/detail/carla_ego_vehicle_info__rosidl_typesupport_introspection_cpp.hpp
-- Symlinking: /home/camilo/2022-tfg-juancamilo-carmona/tfg/install/carla_msgs/include/carla_msgs/msg/detail/carla_ego_vehicle_info_wheel__rosidl_typesupport_introspection_cpp.hpp
-- Symlinking: /home/camilo/2022-tfg-juancamilo-carmona/tfg/install/carla_msgs/include/carla_msgs/msg/detail/carla_ego_vehicle_status__rosidl_typesupport_introspection_cpp.hpp
-- Symlinking: /home/camilo/2022-tfg-juancamilo-carmona/tfg/install/carla_msgs/include/carla_msgs/msg/detail/carla_lane_invasion_event__rosidl_typesupport_introspection_cpp.hpp
-- Symlinking: /home/camilo/2022-tfg-juancamilo-carmona/tfg/install/carla_msgs/include/carla_msgs/msg/detail/carla_status__rosidl_typesupport_introspection_cpp.hpp
-- Symlinking: /home/camilo/2022-tfg-juancamilo-carmona/tfg/install/carla_msgs/include/carla_msgs/msg/detail/carla_traffic_light_info__rosidl_typesupport_introspection_cpp.hpp
-- Symlinking: /home/camilo/2022-tfg-juancamilo-carmona/tfg/install/carla_msgs/include/carla_msgs/msg/detail/carla_traffic_light_info_list__rosidl_typesupport_introspection_cpp.hpp
-- Symlinking: /home/camilo/2022-tfg-juancamilo-carmona/tfg/install/carla_msgs/include/carla_msgs/msg/detail/carla_traffic_light_status__rosidl_typesupport_introspection_cpp.hpp
-- Symlinking: /home/camilo/2022-tfg-juancamilo-carmona/tfg/install/carla_msgs/include/carla_msgs/msg/detail/carla_traffic_light_status_list__rosidl_typesupport_introspection_cpp.hpp
-- Symlinking: /home/camilo/2022-tfg-juancamilo-carmona/tfg/install/carla_msgs/include/carla_msgs/msg/detail/carla_walker_control__rosidl_typesupport_introspection_cpp.hpp
-- Symlinking: /home/camilo/2022-tfg-juancamilo-carmona/tfg/install/carla_msgs/include/carla_msgs/msg/detail/carla_weather_parameters__rosidl_typesupport_introspection_cpp.hpp
-- Symlinking: /home/camilo/2022-tfg-juancamilo-carmona/tfg/install/carla_msgs/include/carla_msgs/msg/detail/carla_world_info__rosidl_typesupport_introspection_cpp.hpp
-- Symlinking: /home/camilo/2022-tfg-juancamilo-carmona/tfg/install/carla_msgs/include/carla_msgs/srv/detail/destroy_object__rosidl_typesupport_introspection_cpp.hpp
-- Symlinking: /home/camilo/2022-tfg-juancamilo-carmona/tfg/install/carla_msgs/include/carla_msgs/srv/detail/get_blueprints__rosidl_typesupport_introspection_cpp.hpp
-- Symlinking: /home/camilo/2022-tfg-juancamilo-carmona/tfg/install/carla_msgs/include/carla_msgs/srv/detail/spawn_object__rosidl_typesupport_introspection_cpp.hpp
-- Symlinking: /home/camilo/2022-tfg-juancamilo-carmona/tfg/install/carla_msgs/share/carla_msgs/environment/pythonpath.sh
-- Symlinking: /home/camilo/2022-tfg-juancamilo-carmona/tfg/install/carla_msgs/share/carla_msgs/environment/pythonpath.dsv
-- Symlinking: /home/camilo/2022-tfg-juancamilo-carmona/tfg/install/carla_msgs/lib/python3.8/site-packages/carla_msgs/__init__.py
-- Symlinking: /home/camilo/2022-tfg-juancamilo-carmona/tfg/install/carla_msgs/lib/python3.8/site-packages/carla_msgs/msg/__init__.py
-- Symlinking: /home/camilo/2022-tfg-juancamilo-carmona/tfg/install/carla_msgs/lib/python3.8/site-packages/carla_msgs/msg/_carla_actor_info.py
-- Symlinking: /home/camilo/2022-tfg-juancamilo-carmona/tfg/install/carla_msgs/lib/python3.8/site-packages/carla_msgs/msg/_carla_actor_list.py
-- Symlinking: /home/camilo/2022-tfg-juancamilo-carmona/tfg/install/carla_msgs/lib/python3.8/site-packages/carla_msgs/msg/_carla_bounding_box.py
-- Symlinking: /home/camilo/2022-tfg-juancamilo-carmona/tfg/install/carla_msgs/lib/python3.8/site-packages/carla_msgs/msg/_carla_collision_event.py
-- Symlinking: /home/camilo/2022-tfg-juancamilo-carmona/tfg/install/carla_msgs/lib/python3.8/site-packages/carla_msgs/msg/_carla_control.py
-- Symlinking: /home/camilo/2022-tfg-juancamilo-carmona/tfg/install/carla_msgs/lib/python3.8/site-packages/carla_msgs/msg/_carla_ego_vehicle_control.py
-- Symlinking: /home/camilo/2022-tfg-juancamilo-carmona/tfg/install/carla_msgs/lib/python3.8/site-packages/carla_msgs/msg/_carla_ego_vehicle_info.py
-- Symlinking: /home/camilo/2022-tfg-juancamilo-carmona/tfg/install/carla_msgs/lib/python3.8/site-packages/carla_msgs/msg/_carla_ego_vehicle_info_wheel.py
-- Symlinking: /home/camilo/2022-tfg-juancamilo-carmona/tfg/install/carla_msgs/lib/python3.8/site-packages/carla_msgs/msg/_carla_ego_vehicle_status.py
-- Symlinking: /home/camilo/2022-tfg-juancamilo-carmona/tfg/install/carla_msgs/lib/python3.8/site-packages/carla_msgs/msg/_carla_lane_invasion_event.py
-- Symlinking: /home/camilo/2022-tfg-juancamilo-carmona/tfg/install/carla_msgs/lib/python3.8/site-packages/carla_msgs/msg/_carla_status.py
-- Symlinking: /home/camilo/2022-tfg-juancamilo-carmona/tfg/install/carla_msgs/lib/python3.8/site-packages/carla_msgs/msg/_carla_traffic_light_info.py
-- Symlinking: /home/camilo/2022-tfg-juancamilo-carmona/tfg/install/carla_msgs/lib/python3.8/site-packages/carla_msgs/msg/_carla_traffic_light_info_list.py
-- Symlinking: /home/camilo/2022-tfg-juancamilo-carmona/tfg/install/carla_msgs/lib/python3.8/site-packages/carla_msgs/msg/_carla_traffic_light_status.py
-- Symlinking: /home/camilo/2022-tfg-juancamilo-carmona/tfg/install/carla_msgs/lib/python3.8/site-packages/carla_msgs/msg/_carla_traffic_light_status_list.py
-- Symlinking: /home/camilo/2022-tfg-juancamilo-carmona/tfg/install/carla_msgs/lib/python3.8/site-packages/carla_msgs/msg/_carla_walker_control.py
-- Symlinking: /home/camilo/2022-tfg-juancamilo-carmona/tfg/install/carla_msgs/lib/python3.8/site-packages/carla_msgs/msg/_carla_weather_parameters.py
-- Symlinking: /home/camilo/2022-tfg-juancamilo-carmona/tfg/install/carla_msgs/lib/python3.8/site-packages/carla_msgs/msg/_carla_world_info.py
-- Symlinking: /home/camilo/2022-tfg-juancamilo-carmona/tfg/install/carla_msgs/lib/python3.8/site-packages/carla_msgs/srv/__init__.py
-- Symlinking: /home/camilo/2022-tfg-juancamilo-carmona/tfg/install/carla_msgs/lib/python3.8/site-packages/carla_msgs/srv/_destroy_object.py
-- Symlinking: /home/camilo/2022-tfg-juancamilo-carmona/tfg/install/carla_msgs/lib/python3.8/site-packages/carla_msgs/srv/_get_blueprints.py
-- Symlinking: /home/camilo/2022-tfg-juancamilo-carmona/tfg/install/carla_msgs/lib/python3.8/site-packages/carla_msgs/srv/_spawn_object.py
-- Symlinking: /home/camilo/2022-tfg-juancamilo-carmona/tfg/install/carla_msgs/lib/python3.8/site-packages/carla_msgs/carla_msgs_s__rosidl_typesupport_fastrtps_c.cpython-38-x86_64-linux-gnu.so
-- Symlinking: /home/camilo/2022-tfg-juancamilo-carmona/tfg/install/carla_msgs/lib/python3.8/site-packages/carla_msgs/carla_msgs_s__rosidl_typesupport_introspection_c.cpython-38-x86_64-linux-gnu.so
-- Symlinking: /home/camilo/2022-tfg-juancamilo-carmona/tfg/install/carla_msgs/lib/python3.8/site-packages/carla_msgs/carla_msgs_s__rosidl_typesupport_c.cpython-38-x86_64-linux-gnu.so
-- Symlinking: /home/camilo/2022-tfg-juancamilo-carmona/tfg/install/carla_msgs/lib/libcarla_msgs__python.so
-- Symlinking: /home/camilo/2022-tfg-juancamilo-carmona/tfg/install/carla_msgs/share/carla_msgs/msg/CarlaBoundingBox.idl
-- Symlinking: /home/camilo/2022-tfg-juancamilo-carmona/tfg/install/carla_msgs/share/carla_msgs/msg/CarlaEgoVehicleControl.idl
-- Symlinking: /home/camilo/2022-tfg-juancamilo-carmona/tfg/install/carla_msgs/share/carla_msgs/msg/CarlaEgoVehicleStatus.idl
-- Symlinking: /home/camilo/2022-tfg-juancamilo-carmona/tfg/install/carla_msgs/share/carla_msgs/msg/CarlaEgoVehicleInfoWheel.idl
-- Symlinking: /home/camilo/2022-tfg-juancamilo-carmona/tfg/install/carla_msgs/share/carla_msgs/msg/CarlaEgoVehicleInfo.idl
-- Symlinking: /home/camilo/2022-tfg-juancamilo-carmona/tfg/install/carla_msgs/share/carla_msgs/msg/CarlaCollisionEvent.idl
-- Symlinking: /home/camilo/2022-tfg-juancamilo-carmona/tfg/install/carla_msgs/share/carla_msgs/msg/CarlaLaneInvasionEvent.idl
-- Symlinking: /home/camilo/2022-tfg-juancamilo-carmona/tfg/install/carla_msgs/share/carla_msgs/msg/CarlaWorldInfo.idl
-- Symlinking: /home/camilo/2022-tfg-juancamilo-carmona/tfg/install/carla_msgs/share/carla_msgs/msg/CarlaActorInfo.idl
-- Symlinking: /home/camilo/2022-tfg-juancamilo-carmona/tfg/install/carla_msgs/share/carla_msgs/msg/CarlaActorList.idl
-- Symlinking: /home/camilo/2022-tfg-juancamilo-carmona/tfg/install/carla_msgs/share/carla_msgs/msg/CarlaControl.idl
-- Symlinking: /home/camilo/2022-tfg-juancamilo-carmona/tfg/install/carla_msgs/share/carla_msgs/msg/CarlaStatus.idl
-- Symlinking: /home/camilo/2022-tfg-juancamilo-carmona/tfg/install/carla_msgs/share/carla_msgs/msg/CarlaTrafficLightInfo.idl
-- Symlinking: /home/camilo/2022-tfg-juancamilo-carmona/tfg/install/carla_msgs/share/carla_msgs/msg/CarlaTrafficLightInfoList.idl
-- Symlinking: /home/camilo/2022-tfg-juancamilo-carmona/tfg/install/carla_msgs/share/carla_msgs/msg/CarlaTrafficLightStatus.idl
-- Symlinking: /home/camilo/2022-tfg-juancamilo-carmona/tfg/install/carla_msgs/share/carla_msgs/msg/CarlaTrafficLightStatusList.idl
-- Symlinking: /home/camilo/2022-tfg-juancamilo-carmona/tfg/install/carla_msgs/share/carla_msgs/msg/CarlaWalkerControl.idl
-- Symlinking: /home/camilo/2022-tfg-juancamilo-carmona/tfg/install/carla_msgs/share/carla_msgs/msg/CarlaWeatherParameters.idl
-- Symlinking: /home/camilo/2022-tfg-juancamilo-carmona/tfg/install/carla_msgs/share/carla_msgs/srv/SpawnObject.idl
-- Symlinking: /home/camilo/2022-tfg-juancamilo-carmona/tfg/install/carla_msgs/share/carla_msgs/srv/DestroyObject.idl
-- Symlinking: /home/camilo/2022-tfg-juancamilo-carmona/tfg/install/carla_msgs/share/carla_msgs/srv/GetBlueprints.idl
-- Symlinking: /home/camilo/2022-tfg-juancamilo-carmona/tfg/install/carla_msgs/share/carla_msgs/msg/CarlaBoundingBox.msg
-- Symlinking: /home/camilo/2022-tfg-juancamilo-carmona/tfg/install/carla_msgs/share/carla_msgs/msg/CarlaEgoVehicleControl.msg
-- Symlinking: /home/camilo/2022-tfg-juancamilo-carmona/tfg/install/carla_msgs/share/carla_msgs/msg/CarlaEgoVehicleStatus.msg
-- Symlinking: /home/camilo/2022-tfg-juancamilo-carmona/tfg/install/carla_msgs/share/carla_msgs/msg/CarlaEgoVehicleInfoWheel.msg
-- Symlinking: /home/camilo/2022-tfg-juancamilo-carmona/tfg/install/carla_msgs/share/carla_msgs/msg/CarlaEgoVehicleInfo.msg
-- Symlinking: /home/camilo/2022-tfg-juancamilo-carmona/tfg/install/carla_msgs/share/carla_msgs/msg/CarlaCollisionEvent.msg
-- Symlinking: /home/camilo/2022-tfg-juancamilo-carmona/tfg/install/carla_msgs/share/carla_msgs/msg/CarlaLaneInvasionEvent.msg
-- Symlinking: /home/camilo/2022-tfg-juancamilo-carmona/tfg/install/carla_msgs/share/carla_msgs/msg/CarlaWorldInfo.msg
-- Symlinking: /home/camilo/2022-tfg-juancamilo-carmona/tfg/install/carla_msgs/share/carla_msgs/msg/CarlaActorInfo.msg
-- Symlinking: /home/camilo/2022-tfg-juancamilo-carmona/tfg/install/carla_msgs/share/carla_msgs/msg/CarlaActorList.msg
-- Symlinking: /home/camilo/2022-tfg-juancamilo-carmona/tfg/install/carla_msgs/share/carla_msgs/msg/CarlaControl.msg
-- Symlinking: /home/camilo/2022-tfg-juancamilo-carmona/tfg/install/carla_msgs/share/carla_msgs/msg/CarlaStatus.msg
-- Symlinking: /home/camilo/2022-tfg-juancamilo-carmona/tfg/install/carla_msgs/share/carla_msgs/msg/CarlaTrafficLightInfo.msg
-- Symlinking: /home/camilo/2022-tfg-juancamilo-carmona/tfg/install/carla_msgs/share/carla_msgs/msg/CarlaTrafficLightInfoList.msg
-- Symlinking: /home/camilo/2022-tfg-juancamilo-carmona/tfg/install/carla_msgs/share/carla_msgs/msg/CarlaTrafficLightStatus.msg
-- Symlinking: /home/camilo/2022-tfg-juancamilo-carmona/tfg/install/carla_msgs/share/carla_msgs/msg/CarlaTrafficLightStatusList.msg
-- Symlinking: /home/camilo/2022-tfg-juancamilo-carmona/tfg/install/carla_msgs/share/carla_msgs/msg/CarlaWalkerControl.msg
-- Symlinking: /home/camilo/2022-tfg-juancamilo-carmona/tfg/install/carla_msgs/share/carla_msgs/msg/CarlaWeatherParameters.msg
-- Symlinking: /home/camilo/2022-tfg-juancamilo-carmona/tfg/install/carla_msgs/share/carla_msgs/srv/SpawnObject.srv
-- Symlinking: /home/camilo/2022-tfg-juancamilo-carmona/tfg/install/carla_msgs/share/carla_msgs/srv/SpawnObject_Request.msg
-- Symlinking: /home/camilo/2022-tfg-juancamilo-carmona/tfg/install/carla_msgs/share/carla_msgs/srv/SpawnObject_Response.msg
-- Symlinking: /home/camilo/2022-tfg-juancamilo-carmona/tfg/install/carla_msgs/share/carla_msgs/srv/DestroyObject.srv
-- Symlinking: /home/camilo/2022-tfg-juancamilo-carmona/tfg/install/carla_msgs/share/carla_msgs/srv/DestroyObject_Request.msg
-- Symlinking: /home/camilo/2022-tfg-juancamilo-carmona/tfg/install/carla_msgs/share/carla_msgs/srv/DestroyObject_Response.msg
-- Symlinking: /home/camilo/2022-tfg-juancamilo-carmona/tfg/install/carla_msgs/share/carla_msgs/srv/GetBlueprints.srv
-- Symlinking: /home/camilo/2022-tfg-juancamilo-carmona/tfg/install/carla_msgs/share/carla_msgs/srv/GetBlueprints_Request.msg
-- Symlinking: /home/camilo/2022-tfg-juancamilo-carmona/tfg/install/carla_msgs/share/carla_msgs/srv/GetBlueprints_Response.msg
-- Symlinking: /home/camilo/2022-tfg-juancamilo-carmona/tfg/install/carla_msgs/share/ament_index/resource_index/package_run_dependencies/carla_msgs
-- Symlinking: /home/camilo/2022-tfg-juancamilo-carmona/tfg/install/carla_msgs/share/ament_index/resource_index/parent_prefix_path/carla_msgs
-- Symlinking: /home/camilo/2022-tfg-juancamilo-carmona/tfg/install/carla_msgs/share/carla_msgs/environment/ament_prefix_path.sh
-- Symlinking: /home/camilo/2022-tfg-juancamilo-carmona/tfg/install/carla_msgs/share/carla_msgs/environment/ament_prefix_path.dsv
-- Symlinking: /home/camilo/2022-tfg-juancamilo-carmona/tfg/install/carla_msgs/share/carla_msgs/environment/path.sh
-- Symlinking: /home/camilo/2022-tfg-juancamilo-carmona/tfg/install/carla_msgs/share/carla_msgs/environment/path.dsv
-- Symlinking: /home/camilo/2022-tfg-juancamilo-carmona/tfg/install/carla_msgs/share/carla_msgs/local_setup.bash
-- Symlinking: /home/camilo/2022-tfg-juancamilo-carmona/tfg/install/carla_msgs/share/carla_msgs/local_setup.sh
-- Symlinking: /home/camilo/2022-tfg-juancamilo-carmona/tfg/install/carla_msgs/share/carla_msgs/local_setup.zsh
-- Symlinking: /home/camilo/2022-tfg-juancamilo-carmona/tfg/install/carla_msgs/share/carla_msgs/local_setup.dsv
-- Symlinking: /home/camilo/2022-tfg-juancamilo-carmona/tfg/install/carla_msgs/share/carla_msgs/package.dsv
-- Symlinking: /home/camilo/2022-tfg-juancamilo-carmona/tfg/install/carla_msgs/share/ament_index/resource_index/packages/carla_msgs
-- Symlinking: /home/camilo/2022-tfg-juancamilo-carmona/tfg/install/carla_msgs/share/carla_msgs/cmake/rosidl_cmake-extras.cmake
-- Symlinking: /home/camilo/2022-tfg-juancamilo-carmona/tfg/install/carla_msgs/share/carla_msgs/cmake/ament_cmake_export_dependencies-extras.cmake
-- Symlinking: /home/camilo/2022-tfg-juancamilo-carmona/tfg/install/carla_msgs/share/carla_msgs/cmake/ament_cmake_export_libraries-extras.cmake
-- Symlinking: /home/camilo/2022-tfg-juancamilo-carmona/tfg/install/carla_msgs/share/carla_msgs/cmake/ament_cmake_export_targets-extras.cmake
-- Symlinking: /home/camilo/2022-tfg-juancamilo-carmona/tfg/install/carla_msgs/share/carla_msgs/cmake/ament_cmake_export_include_directories-extras.cmake
-- Symlinking: /home/camilo/2022-tfg-juancamilo-carmona/tfg/install/carla_msgs/share/carla_msgs/cmake/rosidl_cmake_export_typesupport_libraries-extras.cmake
-- Symlinking: /home/camilo/2022-tfg-juancamilo-carmona/tfg/install/carla_msgs/share/carla_msgs/cmake/rosidl_cmake_export_typesupport_targets-extras.cmake
-- Symlinking: /home/camilo/2022-tfg-juancamilo-carmona/tfg/install/carla_msgs/share/carla_msgs/cmake/carla_msgsConfig.cmake
-- Symlinking: /home/camilo/2022-tfg-juancamilo-carmona/tfg/install/carla_msgs/share/carla_msgs/cmake/carla_msgsConfig-version.cmake
-- Symlinking: /home/camilo/2022-tfg-juancamilo-carmona/tfg/install/carla_msgs/share/carla_msgs/package.xml
-- Installing: /home/camilo/2022-tfg-juancamilo-carmona/tfg/install/carla_msgs/lib/libcarla_msgs__rosidl_generator_c.so
-- Set runtime path of "/home/camilo/2022-tfg-juancamilo-carmona/tfg/install/carla_msgs/lib/libcarla_msgs__rosidl_generator_c.so" to ""
-- Installing: /home/camilo/2022-tfg-juancamilo-carmona/tfg/install/carla_msgs/lib/libcarla_msgs__rosidl_typesupport_introspection_c.so
-- Set runtime path of "/home/camilo/2022-tfg-juancamilo-carmona/tfg/install/carla_msgs/lib/libcarla_msgs__rosidl_typesupport_introspection_c.so" to ""
-- Installing: /home/camilo/2022-tfg-juancamilo-carmona/tfg/install/carla_msgs/lib/libcarla_msgs__rosidl_typesupport_c.so
-- Set runtime path of "/home/camilo/2022-tfg-juancamilo-carmona/tfg/install/carla_msgs/lib/libcarla_msgs__rosidl_typesupport_c.so" to ""
-- Installing: /home/camilo/2022-tfg-juancamilo-carmona/tfg/install/carla_msgs/lib/libcarla_msgs__rosidl_typesupport_introspection_cpp.so
-- Set runtime path of "/home/camilo/2022-tfg-juancamilo-carmona/tfg/install/carla_msgs/lib/libcarla_msgs__rosidl_typesupport_introspection_cpp.so" to ""
-- Installing: /home/camilo/2022-tfg-juancamilo-carmona/tfg/install/carla_msgs/lib/libcarla_msgs__rosidl_typesupport_cpp.so
-- Set runtime path of "/home/camilo/2022-tfg-juancamilo-carmona/tfg/install/carla_msgs/lib/libcarla_msgs__rosidl_typesupport_cpp.so" to ""
Compiling '/home/camilo/2022-tfg-juancamilo-carmona/tfg/install/carla_msgs/lib/python3.8/site-packages/carla_msgs/__init__.py'...
-- Installing: /home/camilo/2022-tfg-juancamilo-carmona/tfg/install/carla_msgs/share/carla_msgs/cmake/carla_msgs__rosidl_generator_cExport.cmake
-- Installing: /home/camilo/2022-tfg-juancamilo-carmona/tfg/install/carla_msgs/share/carla_msgs/cmake/carla_msgs__rosidl_generator_cExport-noconfig.cmake
-- Installing: /home/camilo/2022-tfg-juancamilo-carmona/tfg/install/carla_msgs/share/carla_msgs/cmake/carla_msgs__rosidl_typesupport_introspection_cExport.cmake
-- Installing: /home/camilo/2022-tfg-juancamilo-carmona/tfg/install/carla_msgs/share/carla_msgs/cmake/carla_msgs__rosidl_typesupport_introspection_cExport-noconfig.cmake
-- Installing: /home/camilo/2022-tfg-juancamilo-carmona/tfg/install/carla_msgs/share/carla_msgs/cmake/carla_msgs__rosidl_typesupport_cExport.cmake
-- Installing: /home/camilo/2022-tfg-juancamilo-carmona/tfg/install/carla_msgs/share/carla_msgs/cmake/carla_msgs__rosidl_typesupport_cExport-noconfig.cmake
-- Installing: /home/camilo/2022-tfg-juancamilo-carmona/tfg/install/carla_msgs/share/carla_msgs/cmake/carla_msgs__rosidl_generator_cppExport.cmake
-- Installing: /home/camilo/2022-tfg-juancamilo-carmona/tfg/install/carla_msgs/share/carla_msgs/cmake/carla_msgs__rosidl_typesupport_introspection_cppExport.cmake
-- Installing: /home/camilo/2022-tfg-juancamilo-carmona/tfg/install/carla_msgs/share/carla_msgs/cmake/carla_msgs__rosidl_typesupport_introspection_cppExport-noconfig.cmake
-- Installing: /home/camilo/2022-tfg-juancamilo-carmona/tfg/install/carla_msgs/share/carla_msgs/cmake/carla_msgs__rosidl_typesupport_cppExport.cmake
-- Installing: /home/camilo/2022-tfg-juancamilo-carmona/tfg/install/carla_msgs/share/carla_msgs/cmake/carla_msgs__rosidl_typesupport_cppExport-noconfig.cmake
