[0.910s] Invoking command in '/home/camilo/2022-tfg-juancamilo-carmona/tfg/build/carla_waypoint_types': CMAKE_PREFIX_PATH=${CMAKE_PREFIX_PATH}:/home/camilo/2022-tfg-juancamilo-carmona/tfg/install/rqt_carla_control:/home/camilo/2022-tfg-juancamilo-carmona/tfg/install/line_follower:/home/camilo/2022-tfg-juancamilo-carmona/tfg/install/carla_waypoint_publisher:/home/camilo/2022-tfg-juancamilo-carmona/tfg/install/carla_teleop:/home/camilo/2022-tfg-juancamilo-carmona/tfg/install/carla_ackermann_control:/home/camilo/2022-tfg-juancamilo-carmona/tfg/install/carla_ros_bridge:/home/camilo/2022-tfg-juancamilo-carmona/tfg/install/carla_spawn_objects:/home/camilo/2022-tfg-juancamilo-carmona/tfg/install/carla_manual_control:/home/camilo/2022-tfg-juancamilo-carmona/tfg/install/carla_ad_agent:/home/camilo/2022-tfg-juancamilo-carmona/tfg/install/analysis:/home/camilo/2022-tfg-juancamilo-carmona/tfg/install/ros_compatibility:/home/camilo/2022-tfg-juancamilo-carmona/tfg/install/carla_walker_agent:/home/camilo/2022-tfg-juancamilo-carmona/tfg/install/carla_twist_to_control:/home/camilo/2022-tfg-juancamilo-carmona/tfg/install/carla_ros_scenario_runner:/home/camilo/2022-tfg-juancamilo-carmona/tfg/install/carla_common:/opt/ros/foxy /usr/bin/cmake --build /home/camilo/2022-tfg-juancamilo-carmona/tfg/build/carla_waypoint_types -- -j12 -l12
[2.184s] [  2%] Built target carla_waypoint_types__cpp
[2.184s] [ 12%] Built target carla_waypoint_types__rosidl_generator_c
[2.184s] [ 23%] Built target carla_waypoint_types__rosidl_typesupport_cpp
[2.185s] [ 34%] Built target carla_waypoint_types__rosidl_typesupport_fastrtps_cpp
[2.185s] [ 55%] Built target carla_waypoint_types__rosidl_typesupport_introspection_cpp
[2.187s] [ 55%] Built target carla_waypoint_types__rosidl_typesupport_c
[2.187s] [ 65%] Built target carla_waypoint_types__rosidl_typesupport_introspection_c
[2.188s] [ 76%] Built target carla_waypoint_types__rosidl_typesupport_fastrtps_c
[2.189s] [ 76%] Built target carla_waypoint_types
[2.192s] [ 78%] Built target carla_waypoint_types__py
[2.193s] [ 87%] Built target carla_waypoint_types__python
[2.194s] [ 95%] Built target carla_waypoint_types__rosidl_typesupport_introspection_c__pyext
[2.194s] [ 95%] Built target carla_waypoint_types__rosidl_typesupport_fastrtps_c__pyext
[2.195s] [100%] Built target carla_waypoint_types__rosidl_typesupport_c__pyext
[2.204s] Invoked command in '/home/camilo/2022-tfg-juancamilo-carmona/tfg/build/carla_waypoint_types' returned '0': CMAKE_PREFIX_PATH=${CMAKE_PREFIX_PATH}:/home/camilo/2022-tfg-juancamilo-carmona/tfg/install/rqt_carla_control:/home/camilo/2022-tfg-juancamilo-carmona/tfg/install/line_follower:/home/camilo/2022-tfg-juancamilo-carmona/tfg/install/carla_waypoint_publisher:/home/camilo/2022-tfg-juancamilo-carmona/tfg/install/carla_teleop:/home/camilo/2022-tfg-juancamilo-carmona/tfg/install/carla_ackermann_control:/home/camilo/2022-tfg-juancamilo-carmona/tfg/install/carla_ros_bridge:/home/camilo/2022-tfg-juancamilo-carmona/tfg/install/carla_spawn_objects:/home/camilo/2022-tfg-juancamilo-carmona/tfg/install/carla_manual_control:/home/camilo/2022-tfg-juancamilo-carmona/tfg/install/carla_ad_agent:/home/camilo/2022-tfg-juancamilo-carmona/tfg/install/analysis:/home/camilo/2022-tfg-juancamilo-carmona/tfg/install/ros_compatibility:/home/camilo/2022-tfg-juancamilo-carmona/tfg/install/carla_walker_agent:/home/camilo/2022-tfg-juancamilo-carmona/tfg/install/carla_twist_to_control:/home/camilo/2022-tfg-juancamilo-carmona/tfg/install/carla_ros_scenario_runner:/home/camilo/2022-tfg-juancamilo-carmona/tfg/install/carla_common:/opt/ros/foxy /usr/bin/cmake --build /home/camilo/2022-tfg-juancamilo-carmona/tfg/build/carla_waypoint_types -- -j12 -l12
[2.317s] Invoking command in '/home/camilo/2022-tfg-juancamilo-carmona/tfg/build/carla_waypoint_types': CMAKE_PREFIX_PATH=${CMAKE_PREFIX_PATH}:/home/camilo/2022-tfg-juancamilo-carmona/tfg/install/rqt_carla_control:/home/camilo/2022-tfg-juancamilo-carmona/tfg/install/line_follower:/home/camilo/2022-tfg-juancamilo-carmona/tfg/install/carla_waypoint_publisher:/home/camilo/2022-tfg-juancamilo-carmona/tfg/install/carla_teleop:/home/camilo/2022-tfg-juancamilo-carmona/tfg/install/carla_ackermann_control:/home/camilo/2022-tfg-juancamilo-carmona/tfg/install/carla_ros_bridge:/home/camilo/2022-tfg-juancamilo-carmona/tfg/install/carla_spawn_objects:/home/camilo/2022-tfg-juancamilo-carmona/tfg/install/carla_manual_control:/home/camilo/2022-tfg-juancamilo-carmona/tfg/install/carla_ad_agent:/home/camilo/2022-tfg-juancamilo-carmona/tfg/install/analysis:/home/camilo/2022-tfg-juancamilo-carmona/tfg/install/ros_compatibility:/home/camilo/2022-tfg-juancamilo-carmona/tfg/install/carla_walker_agent:/home/camilo/2022-tfg-juancamilo-carmona/tfg/install/carla_twist_to_control:/home/camilo/2022-tfg-juancamilo-carmona/tfg/install/carla_ros_scenario_runner:/home/camilo/2022-tfg-juancamilo-carmona/tfg/install/carla_common:/opt/ros/foxy /usr/bin/cmake --install /home/camilo/2022-tfg-juancamilo-carmona/tfg/build/carla_waypoint_types
[2.334s] -- Install configuration: ""
[2.337s] -- Execute custom install script
[2.338s] -- Up-to-date symlink: /home/camilo/2022-tfg-juancamilo-carmona/tfg/install/carla_waypoint_types/share/ament_index/resource_index/rosidl_interfaces/carla_waypoint_types
[2.339s] -- Up-to-date symlink: /home/camilo/2022-tfg-juancamilo-carmona/tfg/install/carla_waypoint_types/include/carla_waypoint_types/msg/carla_waypoint.h
[2.340s] -- Up-to-date symlink: /home/camilo/2022-tfg-juancamilo-carmona/tfg/install/carla_waypoint_types/include/carla_waypoint_types/msg/detail/carla_waypoint__functions.h
[2.340s] -- Up-to-date symlink: /home/camilo/2022-tfg-juancamilo-carmona/tfg/install/carla_waypoint_types/include/carla_waypoint_types/msg/detail/carla_waypoint__struct.h
[2.341s] -- Up-to-date symlink: /home/camilo/2022-tfg-juancamilo-carmona/tfg/install/carla_waypoint_types/include/carla_waypoint_types/msg/detail/carla_waypoint__type_support.h
[2.341s] -- Up-to-date symlink: /home/camilo/2022-tfg-juancamilo-carmona/tfg/install/carla_waypoint_types/include/carla_waypoint_types/msg/rosidl_generator_c__visibility_control.h
[2.342s] -- Up-to-date symlink: /home/camilo/2022-tfg-juancamilo-carmona/tfg/install/carla_waypoint_types/include/carla_waypoint_types/srv/detail/get_actor_waypoint__functions.h
[2.344s] -- Up-to-date symlink: /home/camilo/2022-tfg-juancamilo-carmona/tfg/install/carla_waypoint_types/include/carla_waypoint_types/srv/detail/get_actor_waypoint__struct.h
[2.345s] -- Up-to-date symlink: /home/camilo/2022-tfg-juancamilo-carmona/tfg/install/carla_waypoint_types/include/carla_waypoint_types/srv/detail/get_actor_waypoint__type_support.h
[2.345s] -- Up-to-date symlink: /home/camilo/2022-tfg-juancamilo-carmona/tfg/install/carla_waypoint_types/include/carla_waypoint_types/srv/detail/get_waypoint__functions.h
[2.346s] -- Up-to-date symlink: /home/camilo/2022-tfg-juancamilo-carmona/tfg/install/carla_waypoint_types/include/carla_waypoint_types/srv/detail/get_waypoint__struct.h
[2.347s] -- Up-to-date symlink: /home/camilo/2022-tfg-juancamilo-carmona/tfg/install/carla_waypoint_types/include/carla_waypoint_types/srv/detail/get_waypoint__type_support.h
[2.347s] -- Up-to-date symlink: /home/camilo/2022-tfg-juancamilo-carmona/tfg/install/carla_waypoint_types/include/carla_waypoint_types/srv/get_actor_waypoint.h
[2.349s] -- Up-to-date symlink: /home/camilo/2022-tfg-juancamilo-carmona/tfg/install/carla_waypoint_types/include/carla_waypoint_types/srv/get_waypoint.h
[2.362s] -- Up-to-date symlink: /home/camilo/2022-tfg-juancamilo-carmona/tfg/install/carla_waypoint_types/share/carla_waypoint_types/environment/library_path.sh
[2.362s] -- Up-to-date symlink: /home/camilo/2022-tfg-juancamilo-carmona/tfg/install/carla_waypoint_types/share/carla_waypoint_types/environment/library_path.dsv
[2.367s] -- Up-to-date symlink: /home/camilo/2022-tfg-juancamilo-carmona/tfg/install/carla_waypoint_types/include/carla_waypoint_types/msg/detail/carla_waypoint__rosidl_typesupport_fastrtps_c.h
[2.367s] -- Up-to-date symlink: /home/camilo/2022-tfg-juancamilo-carmona/tfg/install/carla_waypoint_types/include/carla_waypoint_types/msg/rosidl_typesupport_fastrtps_c__visibility_control.h
[2.367s] -- Up-to-date symlink: /home/camilo/2022-tfg-juancamilo-carmona/tfg/install/carla_waypoint_types/include/carla_waypoint_types/srv/detail/get_actor_waypoint__rosidl_typesupport_fastrtps_c.h
[2.368s] -- Up-to-date symlink: /home/camilo/2022-tfg-juancamilo-carmona/tfg/install/carla_waypoint_types/include/carla_waypoint_types/srv/detail/get_waypoint__rosidl_typesupport_fastrtps_c.h
[2.368s] -- Up-to-date symlink: /home/camilo/2022-tfg-juancamilo-carmona/tfg/install/carla_waypoint_types/lib/libcarla_waypoint_types__rosidl_typesupport_fastrtps_c.so
[2.368s] -- Up-to-date symlink: /home/camilo/2022-tfg-juancamilo-carmona/tfg/install/carla_waypoint_types/include/carla_waypoint_types/msg/detail/carla_waypoint__rosidl_typesupport_fastrtps_cpp.hpp
[2.371s] -- Up-to-date symlink: /home/camilo/2022-tfg-juancamilo-carmona/tfg/install/carla_waypoint_types/include/carla_waypoint_types/msg/rosidl_typesupport_fastrtps_cpp__visibility_control.h
[2.371s] -- Up-to-date symlink: /home/camilo/2022-tfg-juancamilo-carmona/tfg/install/carla_waypoint_types/include/carla_waypoint_types/srv/detail/get_actor_waypoint__rosidl_typesupport_fastrtps_cpp.hpp
[2.371s] -- Up-to-date symlink: /home/camilo/2022-tfg-juancamilo-carmona/tfg/install/carla_waypoint_types/include/carla_waypoint_types/srv/detail/get_waypoint__rosidl_typesupport_fastrtps_cpp.hpp
[2.371s] -- Up-to-date symlink: /home/camilo/2022-tfg-juancamilo-carmona/tfg/install/carla_waypoint_types/lib/libcarla_waypoint_types__rosidl_typesupport_fastrtps_cpp.so
[2.371s] -- Up-to-date symlink: /home/camilo/2022-tfg-juancamilo-carmona/tfg/install/carla_waypoint_types/include/carla_waypoint_types/msg/detail/carla_waypoint__rosidl_typesupport_introspection_c.h
[2.372s] -- Up-to-date symlink: /home/camilo/2022-tfg-juancamilo-carmona/tfg/install/carla_waypoint_types/include/carla_waypoint_types/msg/rosidl_typesupport_introspection_c__visibility_control.h
[2.372s] -- Up-to-date symlink: /home/camilo/2022-tfg-juancamilo-carmona/tfg/install/carla_waypoint_types/include/carla_waypoint_types/srv/detail/get_actor_waypoint__rosidl_typesupport_introspection_c.h
[2.372s] -- Up-to-date symlink: /home/camilo/2022-tfg-juancamilo-carmona/tfg/install/carla_waypoint_types/include/carla_waypoint_types/srv/detail/get_waypoint__rosidl_typesupport_introspection_c.h
[2.372s] -- Up-to-date symlink: /home/camilo/2022-tfg-juancamilo-carmona/tfg/install/carla_waypoint_types/include/carla_waypoint_types/msg/carla_waypoint.hpp
[2.372s] -- Up-to-date symlink: /home/camilo/2022-tfg-juancamilo-carmona/tfg/install/carla_waypoint_types/include/carla_waypoint_types/msg/detail/carla_waypoint__builder.hpp
[2.372s] -- Up-to-date symlink: /home/camilo/2022-tfg-juancamilo-carmona/tfg/install/carla_waypoint_types/include/carla_waypoint_types/msg/detail/carla_waypoint__struct.hpp
[2.373s] -- Up-to-date symlink: /home/camilo/2022-tfg-juancamilo-carmona/tfg/install/carla_waypoint_types/include/carla_waypoint_types/msg/detail/carla_waypoint__traits.hpp
[2.373s] -- Up-to-date symlink: /home/camilo/2022-tfg-juancamilo-carmona/tfg/install/carla_waypoint_types/include/carla_waypoint_types/srv/detail/get_actor_waypoint__builder.hpp
[2.373s] -- Up-to-date symlink: /home/camilo/2022-tfg-juancamilo-carmona/tfg/install/carla_waypoint_types/include/carla_waypoint_types/srv/detail/get_actor_waypoint__struct.hpp
[2.374s] -- Up-to-date symlink: /home/camilo/2022-tfg-juancamilo-carmona/tfg/install/carla_waypoint_types/include/carla_waypoint_types/srv/detail/get_actor_waypoint__traits.hpp
[2.382s] -- Up-to-date symlink: /home/camilo/2022-tfg-juancamilo-carmona/tfg/install/carla_waypoint_types/include/carla_waypoint_types/srv/detail/get_waypoint__builder.hpp
[2.382s] -- Up-to-date symlink: /home/camilo/2022-tfg-juancamilo-carmona/tfg/install/carla_waypoint_types/include/carla_waypoint_types/srv/detail/get_waypoint__struct.hpp
[2.383s] -- Up-to-date symlink: /home/camilo/2022-tfg-juancamilo-carmona/tfg/install/carla_waypoint_types/include/carla_waypoint_types/srv/detail/get_waypoint__traits.hpp
[2.384s] -- Up-to-date symlink: /home/camilo/2022-tfg-juancamilo-carmona/tfg/install/carla_waypoint_types/include/carla_waypoint_types/srv/get_actor_waypoint.hpp
[2.384s] -- Up-to-date symlink: /home/camilo/2022-tfg-juancamilo-carmona/tfg/install/carla_waypoint_types/include/carla_waypoint_types/srv/get_waypoint.hpp
[2.385s] -- Up-to-date symlink: /home/camilo/2022-tfg-juancamilo-carmona/tfg/install/carla_waypoint_types/include/carla_waypoint_types/msg/detail/carla_waypoint__rosidl_typesupport_introspection_cpp.hpp
[2.386s] -- Up-to-date symlink: /home/camilo/2022-tfg-juancamilo-carmona/tfg/install/carla_waypoint_types/include/carla_waypoint_types/srv/detail/get_actor_waypoint__rosidl_typesupport_introspection_cpp.hpp
[2.386s] -- Up-to-date symlink: /home/camilo/2022-tfg-juancamilo-carmona/tfg/install/carla_waypoint_types/include/carla_waypoint_types/srv/detail/get_waypoint__rosidl_typesupport_introspection_cpp.hpp
[2.387s] -- Up-to-date symlink: /home/camilo/2022-tfg-juancamilo-carmona/tfg/install/carla_waypoint_types/share/carla_waypoint_types/environment/pythonpath.sh
[2.387s] -- Up-to-date symlink: /home/camilo/2022-tfg-juancamilo-carmona/tfg/install/carla_waypoint_types/share/carla_waypoint_types/environment/pythonpath.dsv
[2.388s] -- Up-to-date symlink: /home/camilo/2022-tfg-juancamilo-carmona/tfg/install/carla_waypoint_types/lib/python3.8/site-packages/carla_waypoint_types/__init__.py
[2.389s] -- Up-to-date symlink: /home/camilo/2022-tfg-juancamilo-carmona/tfg/install/carla_waypoint_types/lib/python3.8/site-packages/carla_waypoint_types/msg/__init__.py
[2.390s] -- Up-to-date symlink: /home/camilo/2022-tfg-juancamilo-carmona/tfg/install/carla_waypoint_types/lib/python3.8/site-packages/carla_waypoint_types/msg/_carla_waypoint.py
[2.391s] -- Up-to-date symlink: /home/camilo/2022-tfg-juancamilo-carmona/tfg/install/carla_waypoint_types/lib/python3.8/site-packages/carla_waypoint_types/srv/__init__.py
[2.392s] -- Up-to-date symlink: /home/camilo/2022-tfg-juancamilo-carmona/tfg/install/carla_waypoint_types/lib/python3.8/site-packages/carla_waypoint_types/srv/_get_actor_waypoint.py
[2.392s] -- Up-to-date symlink: /home/camilo/2022-tfg-juancamilo-carmona/tfg/install/carla_waypoint_types/lib/python3.8/site-packages/carla_waypoint_types/srv/_get_waypoint.py
[2.394s] -- Up-to-date symlink: /home/camilo/2022-tfg-juancamilo-carmona/tfg/install/carla_waypoint_types/lib/python3.8/site-packages/carla_waypoint_types/carla_waypoint_types_s__rosidl_typesupport_fastrtps_c.cpython-38-x86_64-linux-gnu.so
[2.395s] -- Up-to-date symlink: /home/camilo/2022-tfg-juancamilo-carmona/tfg/install/carla_waypoint_types/lib/python3.8/site-packages/carla_waypoint_types/carla_waypoint_types_s__rosidl_typesupport_introspection_c.cpython-38-x86_64-linux-gnu.so
[2.396s] -- Up-to-date symlink: /home/camilo/2022-tfg-juancamilo-carmona/tfg/install/carla_waypoint_types/lib/python3.8/site-packages/carla_waypoint_types/carla_waypoint_types_s__rosidl_typesupport_c.cpython-38-x86_64-linux-gnu.so
[2.398s] -- Up-to-date symlink: /home/camilo/2022-tfg-juancamilo-carmona/tfg/install/carla_waypoint_types/lib/libcarla_waypoint_types__python.so
[2.398s] -- Up-to-date symlink: /home/camilo/2022-tfg-juancamilo-carmona/tfg/install/carla_waypoint_types/share/carla_waypoint_types/msg/CarlaWaypoint.idl
[2.399s] -- Up-to-date symlink: /home/camilo/2022-tfg-juancamilo-carmona/tfg/install/carla_waypoint_types/share/carla_waypoint_types/srv/GetWaypoint.idl
[2.399s] -- Up-to-date symlink: /home/camilo/2022-tfg-juancamilo-carmona/tfg/install/carla_waypoint_types/share/carla_waypoint_types/srv/GetActorWaypoint.idl
[2.399s] -- Up-to-date symlink: /home/camilo/2022-tfg-juancamilo-carmona/tfg/install/carla_waypoint_types/share/carla_waypoint_types/msg/CarlaWaypoint.msg
[2.400s] -- Up-to-date symlink: /home/camilo/2022-tfg-juancamilo-carmona/tfg/install/carla_waypoint_types/share/carla_waypoint_types/srv/GetWaypoint.srv
[2.401s] -- Up-to-date symlink: /home/camilo/2022-tfg-juancamilo-carmona/tfg/install/carla_waypoint_types/share/carla_waypoint_types/srv/GetWaypoint_Request.msg
[2.401s] -- Up-to-date symlink: /home/camilo/2022-tfg-juancamilo-carmona/tfg/install/carla_waypoint_types/share/carla_waypoint_types/srv/GetWaypoint_Response.msg
[2.402s] -- Up-to-date symlink: /home/camilo/2022-tfg-juancamilo-carmona/tfg/install/carla_waypoint_types/share/carla_waypoint_types/srv/GetActorWaypoint.srv
[2.405s] -- Up-to-date symlink: /home/camilo/2022-tfg-juancamilo-carmona/tfg/install/carla_waypoint_types/share/carla_waypoint_types/srv/GetActorWaypoint_Request.msg
[2.405s] -- Up-to-date symlink: /home/camilo/2022-tfg-juancamilo-carmona/tfg/install/carla_waypoint_types/share/carla_waypoint_types/srv/GetActorWaypoint_Response.msg
[2.406s] -- Up-to-date symlink: /home/camilo/2022-tfg-juancamilo-carmona/tfg/install/carla_waypoint_types/share/ament_index/resource_index/package_run_dependencies/carla_waypoint_types
[2.406s] -- Up-to-date symlink: /home/camilo/2022-tfg-juancamilo-carmona/tfg/install/carla_waypoint_types/share/ament_index/resource_index/parent_prefix_path/carla_waypoint_types
[2.407s] -- Up-to-date symlink: /home/camilo/2022-tfg-juancamilo-carmona/tfg/install/carla_waypoint_types/share/carla_waypoint_types/environment/ament_prefix_path.sh
[2.409s] -- Up-to-date symlink: /home/camilo/2022-tfg-juancamilo-carmona/tfg/install/carla_waypoint_types/share/carla_waypoint_types/environment/ament_prefix_path.dsv
[2.410s] -- Up-to-date symlink: /home/camilo/2022-tfg-juancamilo-carmona/tfg/install/carla_waypoint_types/share/carla_waypoint_types/environment/path.sh
[2.410s] -- Up-to-date symlink: /home/camilo/2022-tfg-juancamilo-carmona/tfg/install/carla_waypoint_types/share/carla_waypoint_types/environment/path.dsv
[2.411s] -- Up-to-date symlink: /home/camilo/2022-tfg-juancamilo-carmona/tfg/install/carla_waypoint_types/share/carla_waypoint_types/local_setup.bash
[2.411s] -- Up-to-date symlink: /home/camilo/2022-tfg-juancamilo-carmona/tfg/install/carla_waypoint_types/share/carla_waypoint_types/local_setup.sh
[2.412s] -- Up-to-date symlink: /home/camilo/2022-tfg-juancamilo-carmona/tfg/install/carla_waypoint_types/share/carla_waypoint_types/local_setup.zsh
[2.413s] -- Up-to-date symlink: /home/camilo/2022-tfg-juancamilo-carmona/tfg/install/carla_waypoint_types/share/carla_waypoint_types/local_setup.dsv
[2.413s] -- Symlinking: /home/camilo/2022-tfg-juancamilo-carmona/tfg/install/carla_waypoint_types/share/carla_waypoint_types/package.dsv
[2.427s] -- Up-to-date symlink: /home/camilo/2022-tfg-juancamilo-carmona/tfg/install/carla_waypoint_types/share/ament_index/resource_index/packages/carla_waypoint_types
[2.428s] -- Up-to-date symlink: /home/camilo/2022-tfg-juancamilo-carmona/tfg/install/carla_waypoint_types/share/carla_waypoint_types/cmake/rosidl_cmake-extras.cmake
[2.429s] -- Up-to-date symlink: /home/camilo/2022-tfg-juancamilo-carmona/tfg/install/carla_waypoint_types/share/carla_waypoint_types/cmake/ament_cmake_export_dependencies-extras.cmake
[2.429s] -- Up-to-date symlink: /home/camilo/2022-tfg-juancamilo-carmona/tfg/install/carla_waypoint_types/share/carla_waypoint_types/cmake/ament_cmake_export_libraries-extras.cmake
[2.430s] -- Up-to-date symlink: /home/camilo/2022-tfg-juancamilo-carmona/tfg/install/carla_waypoint_types/share/carla_waypoint_types/cmake/ament_cmake_export_targets-extras.cmake
[2.431s] -- Up-to-date symlink: /home/camilo/2022-tfg-juancamilo-carmona/tfg/install/carla_waypoint_types/share/carla_waypoint_types/cmake/ament_cmake_export_include_directories-extras.cmake
[2.432s] -- Up-to-date symlink: /home/camilo/2022-tfg-juancamilo-carmona/tfg/install/carla_waypoint_types/share/carla_waypoint_types/cmake/rosidl_cmake_export_typesupport_libraries-extras.cmake
[2.432s] -- Up-to-date symlink: /home/camilo/2022-tfg-juancamilo-carmona/tfg/install/carla_waypoint_types/share/carla_waypoint_types/cmake/rosidl_cmake_export_typesupport_targets-extras.cmake
[2.432s] -- Up-to-date symlink: /home/camilo/2022-tfg-juancamilo-carmona/tfg/install/carla_waypoint_types/share/carla_waypoint_types/cmake/carla_waypoint_typesConfig.cmake
[2.433s] -- Up-to-date symlink: /home/camilo/2022-tfg-juancamilo-carmona/tfg/install/carla_waypoint_types/share/carla_waypoint_types/cmake/carla_waypoint_typesConfig-version.cmake
[2.433s] -- Up-to-date symlink: /home/camilo/2022-tfg-juancamilo-carmona/tfg/install/carla_waypoint_types/share/carla_waypoint_types/package.xml
[2.433s] -- Up-to-date: /home/camilo/2022-tfg-juancamilo-carmona/tfg/install/carla_waypoint_types/lib/libcarla_waypoint_types__rosidl_generator_c.so
[2.434s] -- Up-to-date: /home/camilo/2022-tfg-juancamilo-carmona/tfg/install/carla_waypoint_types/lib/libcarla_waypoint_types__rosidl_typesupport_introspection_c.so
[2.434s] -- Up-to-date: /home/camilo/2022-tfg-juancamilo-carmona/tfg/install/carla_waypoint_types/lib/libcarla_waypoint_types__rosidl_typesupport_c.so
[2.434s] -- Up-to-date: /home/camilo/2022-tfg-juancamilo-carmona/tfg/install/carla_waypoint_types/lib/libcarla_waypoint_types__rosidl_typesupport_introspection_cpp.so
[2.434s] -- Up-to-date: /home/camilo/2022-tfg-juancamilo-carmona/tfg/install/carla_waypoint_types/lib/libcarla_waypoint_types__rosidl_typesupport_cpp.so
[2.522s] -- Up-to-date: /home/camilo/2022-tfg-juancamilo-carmona/tfg/install/carla_waypoint_types/share/carla_waypoint_types/cmake/carla_waypoint_types__rosidl_generator_cExport.cmake
[2.523s] -- Up-to-date: /home/camilo/2022-tfg-juancamilo-carmona/tfg/install/carla_waypoint_types/share/carla_waypoint_types/cmake/carla_waypoint_types__rosidl_generator_cExport-noconfig.cmake
[2.523s] -- Up-to-date: /home/camilo/2022-tfg-juancamilo-carmona/tfg/install/carla_waypoint_types/share/carla_waypoint_types/cmake/carla_waypoint_types__rosidl_typesupport_introspection_cExport.cmake
[2.524s] -- Up-to-date: /home/camilo/2022-tfg-juancamilo-carmona/tfg/install/carla_waypoint_types/share/carla_waypoint_types/cmake/carla_waypoint_types__rosidl_typesupport_introspection_cExport-noconfig.cmake
[2.525s] -- Up-to-date: /home/camilo/2022-tfg-juancamilo-carmona/tfg/install/carla_waypoint_types/share/carla_waypoint_types/cmake/carla_waypoint_types__rosidl_typesupport_cExport.cmake
[2.525s] -- Up-to-date: /home/camilo/2022-tfg-juancamilo-carmona/tfg/install/carla_waypoint_types/share/carla_waypoint_types/cmake/carla_waypoint_types__rosidl_typesupport_cExport-noconfig.cmake
[2.525s] -- Up-to-date: /home/camilo/2022-tfg-juancamilo-carmona/tfg/install/carla_waypoint_types/share/carla_waypoint_types/cmake/carla_waypoint_types__rosidl_generator_cppExport.cmake
[2.526s] -- Up-to-date: /home/camilo/2022-tfg-juancamilo-carmona/tfg/install/carla_waypoint_types/share/carla_waypoint_types/cmake/carla_waypoint_types__rosidl_typesupport_introspection_cppExport.cmake
[2.526s] -- Up-to-date: /home/camilo/2022-tfg-juancamilo-carmona/tfg/install/carla_waypoint_types/share/carla_waypoint_types/cmake/carla_waypoint_types__rosidl_typesupport_introspection_cppExport-noconfig.cmake
[2.526s] -- Up-to-date: /home/camilo/2022-tfg-juancamilo-carmona/tfg/install/carla_waypoint_types/share/carla_waypoint_types/cmake/carla_waypoint_types__rosidl_typesupport_cppExport.cmake
[2.527s] -- Up-to-date: /home/camilo/2022-tfg-juancamilo-carmona/tfg/install/carla_waypoint_types/share/carla_waypoint_types/cmake/carla_waypoint_types__rosidl_typesupport_cppExport-noconfig.cmake
[2.537s] Invoked command in '/home/camilo/2022-tfg-juancamilo-carmona/tfg/build/carla_waypoint_types' returned '0': CMAKE_PREFIX_PATH=${CMAKE_PREFIX_PATH}:/home/camilo/2022-tfg-juancamilo-carmona/tfg/install/rqt_carla_control:/home/camilo/2022-tfg-juancamilo-carmona/tfg/install/line_follower:/home/camilo/2022-tfg-juancamilo-carmona/tfg/install/carla_waypoint_publisher:/home/camilo/2022-tfg-juancamilo-carmona/tfg/install/carla_teleop:/home/camilo/2022-tfg-juancamilo-carmona/tfg/install/carla_ackermann_control:/home/camilo/2022-tfg-juancamilo-carmona/tfg/install/carla_ros_bridge:/home/camilo/2022-tfg-juancamilo-carmona/tfg/install/carla_spawn_objects:/home/camilo/2022-tfg-juancamilo-carmona/tfg/install/carla_manual_control:/home/camilo/2022-tfg-juancamilo-carmona/tfg/install/carla_ad_agent:/home/camilo/2022-tfg-juancamilo-carmona/tfg/install/analysis:/home/camilo/2022-tfg-juancamilo-carmona/tfg/install/ros_compatibility:/home/camilo/2022-tfg-juancamilo-carmona/tfg/install/carla_walker_agent:/home/camilo/2022-tfg-juancamilo-carmona/tfg/install/carla_twist_to_control:/home/camilo/2022-tfg-juancamilo-carmona/tfg/install/carla_ros_scenario_runner:/home/camilo/2022-tfg-juancamilo-carmona/tfg/install/carla_common:/opt/ros/foxy /usr/bin/cmake --install /home/camilo/2022-tfg-juancamilo-carmona/tfg/build/carla_waypoint_types
