[0.296s] Invoking command in '/home/camilo/2022-tfg-juancamilo-carmona/tfg/build/rviz_carla_plugin': AMENT_PREFIX_PATH=/home/camilo/2022-tfg-juancamilo-carmona/tfg/install/carla_ros_scenario_runner_types:${AMENT_PREFIX_PATH} CMAKE_PREFIX_PATH=/home/camilo/2022-tfg-juancamilo-carmona/tfg/install/carla_ros_scenario_runner_types:/opt/ros/foxy LD_LIBRARY_PATH=/home/camilo/2022-tfg-juancamilo-carmona/tfg/install/carla_ros_scenario_runner_types/lib:${LD_LIBRARY_PATH} PYTHONPATH=/home/camilo/2022-tfg-juancamilo-carmona/tfg/install/carla_ros_scenario_runner_types/lib/python3.8/site-packages:${PYTHONPATH} /usr/bin/cmake /home/camilo/2022-tfg-juancamilo-carmona/tfg/src/ros-bridge/rviz_carla_plugin -DAMENT_CMAKE_SYMLINK_INSTALL=1 -DCMAKE_INSTALL_PREFIX=/home/camilo/2022-tfg-juancamilo-carmona/tfg/install/rviz_carla_plugin
[0.349s] -- The C compiler identification is GNU 9.4.0
[0.404s] -- The CXX compiler identification is GNU 9.4.0
[0.408s] -- Check for working C compiler: /usr/bin/cc
[0.470s] -- Check for working C compiler: /usr/bin/cc -- works
[0.472s] -- Detecting C compiler ABI info
[0.548s] -- Detecting C compiler ABI info - done
[0.560s] -- Detecting C compile features
[0.560s] -- Detecting C compile features - done
[0.563s] -- Check for working CXX compiler: /usr/bin/c++
[0.664s] -- Check for working CXX compiler: /usr/bin/c++ -- works
[0.665s] -- Detecting CXX compiler ABI info
[0.740s] -- Detecting CXX compiler ABI info - done
[0.762s] -- Detecting CXX compile features
[0.762s] -- Detecting CXX compile features - done
[0.768s] -- Found ros_environment: 2.5.1 (/opt/ros/foxy/share/ros_environment/cmake)
[0.768s] -- Found ament_cmake: 0.9.11 (/opt/ros/foxy/share/ament_cmake/cmake)
[0.804s] -- Found PythonInterp: /usr/bin/python3 (found suitable version "3.8.10", minimum required is "3") 
[0.804s] -- Using PYTHON_EXECUTABLE: /usr/bin/python3
[1.049s] -- Override CMake install command with custom implementation using symlinks instead of copying resources
[1.076s] -- Found rviz_common: 8.2.7 (/opt/ros/foxy/share/rviz_common/cmake)
[1.102s] -- Setting OGRE_DIR to: '/opt/ros/foxy/share/rviz_ogre_vendor/cmake/../../../opt/rviz_ogre_vendor/lib/OGRE/cmake'
[1.105s] -- Found OGRE
[1.106s] --   static     : OFF
[1.106s] --   components : HLMS;MeshLodGenerator;Overlay;Paging;Property;RTShaderSystem;Terrain;Volume
[1.106s] --   plugins    : Plugin_BSPSceneManager;Plugin_OctreeSceneManager;Plugin_PCZSceneManager;Plugin_ParticleFX;RenderSystem_GL;RenderSystem_GL3Plus;Codec_STBI
[1.106s] --   media      : /opt/ros/foxy/opt/rviz_ogre_vendor/share/OGRE/Media
[1.106s] -- OGRE_LIBRARIES: OgreHLMS;OgreMeshLodGenerator;OgreOverlay;OgrePaging;OgreProperty;OgreRTShaderSystem;OgreTerrain;OgreVolume;OgreMain
[1.106s] -- OGRE_LIBRARY_DIRS: /opt/ros/foxy/opt/rviz_ogre_vendor/lib
[1.106s] -- OGRE_PLUGINS: Plugin_BSPSceneManager;Plugin_OctreeSceneManager;Plugin_PCZSceneManager;Plugin_ParticleFX;RenderSystem_GL;RenderSystem_GL3Plus;Codec_STBI
[1.106s] -- OGRE_PLUGIN_DIR: /opt/ros/foxy/opt/rviz_ogre_vendor/lib/OGRE
[1.106s] -- rviz_ogre_vendor::OgreOverlay for IMPORTED_LOCATION_RELEASE: /opt/ros/foxy/opt/rviz_ogre_vendor/lib/libOgreOverlay.so
[1.107s] -- rviz_ogre_vendor::OgreOverlay for IMPORTED_LOCATION_DEBUG: /opt/ros/foxy/opt/rviz_ogre_vendor/lib/libOgreOverlay.so
[1.107s] -- rviz_ogre_vendor::OgreMain for IMPORTED_LOCATION_RELEASE: /opt/ros/foxy/opt/rviz_ogre_vendor/lib/libOgreMain.so
[1.107s] -- rviz_ogre_vendor::OgreMain for IMPORTED_LOCATION_DEBUG: /opt/ros/foxy/opt/rviz_ogre_vendor/lib/libOgreMain.so
[1.140s] -- Found ZLIB: /usr/lib/x86_64-linux-gnu/libz.so (found version "1.2.11") 
[1.147s] -- Found OpenGL: /usr/lib/x86_64-linux-gnu/libOpenGL.so   
[1.233s] -- Found X11: /usr/include   
[1.234s] -- Looking for XOpenDisplay in /usr/lib/x86_64-linux-gnu/libX11.so;/usr/lib/x86_64-linux-gnu/libXext.so
[1.309s] -- Looking for XOpenDisplay in /usr/lib/x86_64-linux-gnu/libX11.so;/usr/lib/x86_64-linux-gnu/libXext.so - found
[1.309s] -- Looking for gethostbyname
[1.370s] -- Looking for gethostbyname - found
[1.370s] -- Looking for connect
[1.436s] -- Looking for connect - found
[1.436s] -- Looking for remove
[1.502s] -- Looking for remove - found
[1.503s] -- Looking for shmat
[1.568s] -- Looking for shmat - found
[1.568s] -- Looking for IceConnectionNumber in ICE
[1.634s] -- Looking for IceConnectionNumber in ICE - found
[1.637s] -- rviz_ogre_vendor::RenderSystem_GL for IMPORTED_LOCATION_RELEASE: _render_system_gl_static_library_abs-NOTFOUND
[1.637s] -- rviz_ogre_vendor::RenderSystem_GL for IMPORTED_LOCATION_DEBUG: _render_system_gl_static_library_abs-NOTFOUND
[1.644s] -- library: libassimp.so.5
[1.736s] -- library: /usr/lib/x86_64-linux-gnu/libcurl.so
[1.766s] -- Using all available rosidl_typesupport_c: rosidl_typesupport_fastrtps_c;rosidl_typesupport_introspection_c
[1.772s] -- Found rosidl_adapter: 1.3.0 (/opt/ros/foxy/share/rosidl_adapter/cmake)
[1.864s] -- Found OpenSSL: /usr/lib/x86_64-linux-gnu/libcrypto.so (found version "1.1.1f")  
[1.915s] -- Found FastRTPS: /opt/ros/foxy/include  
[2.035s] -- Using all available rosidl_typesupport_cpp: rosidl_typesupport_fastrtps_cpp;rosidl_typesupport_introspection_cpp
[2.239s] -- Found rmw_implementation_cmake: 1.0.3 (/opt/ros/foxy/share/rmw_implementation_cmake/cmake)
[2.241s] -- Using RMW implementation 'rmw_fastrtps_cpp' as default
[2.242s] -- Looking for pthread.h
[2.310s] -- Looking for pthread.h - found
[2.311s] -- Performing Test CMAKE_HAVE_LIBC_PTHREAD
[2.376s] -- Performing Test CMAKE_HAVE_LIBC_PTHREAD - Failed
[2.376s] -- Looking for pthread_create in pthreads
[2.426s] -- Looking for pthread_create in pthreads - not found
[2.426s] -- Looking for pthread_create in pthread
[2.492s] -- Looking for pthread_create in pthread - found
[2.494s] -- Found Threads: TRUE  
[2.797s] -- Found Eigen3: TRUE (found version "3.3.7") 
[3.219s] -- Setting yaml-cpp_DIR to: '/opt/ros/foxy/share/yaml_cpp_vendor/cmake/../../../opt/yaml_cpp_vendor/lib/cmake/yaml-cpp'
[3.224s] -- Found carla_msgs: 1.3.0 (/opt/ros/foxy/share/carla_msgs/cmake)
[3.383s] -- Found nav_msgs: 2.0.5 (/opt/ros/foxy/share/nav_msgs/cmake)
[3.460s] -- Found carla_ros_scenario_runner_types: 0.1.0 (/home/camilo/2022-tfg-juancamilo-carmona/tfg/install/carla_ros_scenario_runner_types/share/carla_ros_scenario_runner_types/cmake)
[3.606s] -- Configuring done
[3.663s] -- Generating done
[3.665s] -- Build files have been written to: /home/camilo/2022-tfg-juancamilo-carmona/tfg/build/rviz_carla_plugin
[3.677s] Invoked command in '/home/camilo/2022-tfg-juancamilo-carmona/tfg/build/rviz_carla_plugin' returned '0': AMENT_PREFIX_PATH=/home/camilo/2022-tfg-juancamilo-carmona/tfg/install/carla_ros_scenario_runner_types:${AMENT_PREFIX_PATH} CMAKE_PREFIX_PATH=/home/camilo/2022-tfg-juancamilo-carmona/tfg/install/carla_ros_scenario_runner_types:/opt/ros/foxy LD_LIBRARY_PATH=/home/camilo/2022-tfg-juancamilo-carmona/tfg/install/carla_ros_scenario_runner_types/lib:${LD_LIBRARY_PATH} PYTHONPATH=/home/camilo/2022-tfg-juancamilo-carmona/tfg/install/carla_ros_scenario_runner_types/lib/python3.8/site-packages:${PYTHONPATH} /usr/bin/cmake /home/camilo/2022-tfg-juancamilo-carmona/tfg/src/ros-bridge/rviz_carla_plugin -DAMENT_CMAKE_SYMLINK_INSTALL=1 -DCMAKE_INSTALL_PREFIX=/home/camilo/2022-tfg-juancamilo-carmona/tfg/install/rviz_carla_plugin
[3.679s] Invoking command in '/home/camilo/2022-tfg-juancamilo-carmona/tfg/build/rviz_carla_plugin': AMENT_PREFIX_PATH=/home/camilo/2022-tfg-juancamilo-carmona/tfg/install/carla_ros_scenario_runner_types:${AMENT_PREFIX_PATH} CMAKE_PREFIX_PATH=/home/camilo/2022-tfg-juancamilo-carmona/tfg/install/carla_ros_scenario_runner_types:/opt/ros/foxy LD_LIBRARY_PATH=/home/camilo/2022-tfg-juancamilo-carmona/tfg/install/carla_ros_scenario_runner_types/lib:${LD_LIBRARY_PATH} PYTHONPATH=/home/camilo/2022-tfg-juancamilo-carmona/tfg/install/carla_ros_scenario_runner_types/lib/python3.8/site-packages:${PYTHONPATH} /usr/bin/cmake --build /home/camilo/2022-tfg-juancamilo-carmona/tfg/build/rviz_carla_plugin -- -j12 -l12
[3.720s] [35m[1mScanning dependencies of target rviz_carla_plugin_autogen[0m
[3.730s] [ 12%] [34m[1mAutomatic MOC for target rviz_carla_plugin[0m
[3.966s] [ 12%] Built target rviz_carla_plugin_autogen
[3.976s] [ 25%] [34m[1mGenerating qrc_rviz_carla_plugin.cpp[0m
[3.989s] [35m[1mScanning dependencies of target rviz_carla_plugin[0m
[4.083s] [ 37%] [32mBuilding CXX object CMakeFiles/rviz_carla_plugin.dir/src/indicator_widget.cpp.o[0m
[4.083s] [ 62%] [32mBuilding CXX object CMakeFiles/rviz_carla_plugin.dir/src/drive_widget.cpp.o[0m
[4.083s] [ 62%] [32mBuilding CXX object CMakeFiles/rviz_carla_plugin.dir/rviz_carla_plugin_autogen/mocs_compilation.cpp.o[0m
[4.084s] [ 75%] [32mBuilding CXX object CMakeFiles/rviz_carla_plugin.dir/qrc_rviz_carla_plugin.cpp.o[0m
[4.090s] [ 87%] [32mBuilding CXX object CMakeFiles/rviz_carla_plugin.dir/src/carla_control_panel_ROS2.cpp.o[0m
[18.271s] [100%] [32m[1mLinking CXX shared library librviz_carla_plugin.so[0m
[21.252s] [100%] Built target rviz_carla_plugin
[21.266s] Invoked command in '/home/camilo/2022-tfg-juancamilo-carmona/tfg/build/rviz_carla_plugin' returned '0': AMENT_PREFIX_PATH=/home/camilo/2022-tfg-juancamilo-carmona/tfg/install/carla_ros_scenario_runner_types:${AMENT_PREFIX_PATH} CMAKE_PREFIX_PATH=/home/camilo/2022-tfg-juancamilo-carmona/tfg/install/carla_ros_scenario_runner_types:/opt/ros/foxy LD_LIBRARY_PATH=/home/camilo/2022-tfg-juancamilo-carmona/tfg/install/carla_ros_scenario_runner_types/lib:${LD_LIBRARY_PATH} PYTHONPATH=/home/camilo/2022-tfg-juancamilo-carmona/tfg/install/carla_ros_scenario_runner_types/lib/python3.8/site-packages:${PYTHONPATH} /usr/bin/cmake --build /home/camilo/2022-tfg-juancamilo-carmona/tfg/build/rviz_carla_plugin -- -j12 -l12
[21.303s] Invoking command in '/home/camilo/2022-tfg-juancamilo-carmona/tfg/build/rviz_carla_plugin': AMENT_PREFIX_PATH=/home/camilo/2022-tfg-juancamilo-carmona/tfg/install/carla_ros_scenario_runner_types:${AMENT_PREFIX_PATH} CMAKE_PREFIX_PATH=/home/camilo/2022-tfg-juancamilo-carmona/tfg/install/carla_ros_scenario_runner_types:/opt/ros/foxy LD_LIBRARY_PATH=/home/camilo/2022-tfg-juancamilo-carmona/tfg/install/carla_ros_scenario_runner_types/lib:${LD_LIBRARY_PATH} PYTHONPATH=/home/camilo/2022-tfg-juancamilo-carmona/tfg/install/carla_ros_scenario_runner_types/lib/python3.8/site-packages:${PYTHONPATH} /usr/bin/cmake --install /home/camilo/2022-tfg-juancamilo-carmona/tfg/build/rviz_carla_plugin
[21.311s] -- Install configuration: ""
[21.312s] -- Execute custom install script
[21.312s] -- Symlinking: /home/camilo/2022-tfg-juancamilo-carmona/tfg/install/rviz_carla_plugin/share/rviz_carla_plugin//plugin_description_ros2.xml
[21.320s] -- Symlinking: /home/camilo/2022-tfg-juancamilo-carmona/tfg/install/rviz_carla_plugin/share/rviz_carla_plugin/environment/library_path.sh
[21.329s] -- Symlinking: /home/camilo/2022-tfg-juancamilo-carmona/tfg/install/rviz_carla_plugin/share/rviz_carla_plugin/environment/library_path.dsv
[21.339s] -- Up-to-date symlink: /home/camilo/2022-tfg-juancamilo-carmona/tfg/install/rviz_carla_plugin/share/rviz_carla_plugin/plugin_description_ros2.xml
[21.339s] -- Symlinking: /home/camilo/2022-tfg-juancamilo-carmona/tfg/install/rviz_carla_plugin/share/rviz_carla_plugin/classes/CarlaControl.png
[21.349s] -- Symlinking: /home/camilo/2022-tfg-juancamilo-carmona/tfg/install/rviz_carla_plugin/share/rviz_carla_plugin/pause.png
[21.358s] -- Symlinking: /home/camilo/2022-tfg-juancamilo-carmona/tfg/install/rviz_carla_plugin/share/rviz_carla_plugin/play.png
[21.368s] -- Symlinking: /home/camilo/2022-tfg-juancamilo-carmona/tfg/install/rviz_carla_plugin/share/rviz_carla_plugin/step_once.png
[21.377s] -- Symlinking: /home/camilo/2022-tfg-juancamilo-carmona/tfg/install/rviz_carla_plugin/share/ament_index/resource_index/package_run_dependencies/rviz_carla_plugin
[21.385s] -- Symlinking: /home/camilo/2022-tfg-juancamilo-carmona/tfg/install/rviz_carla_plugin/share/ament_index/resource_index/parent_prefix_path/rviz_carla_plugin
[21.393s] -- Symlinking: /home/camilo/2022-tfg-juancamilo-carmona/tfg/install/rviz_carla_plugin/share/rviz_carla_plugin/environment/ament_prefix_path.sh
[21.401s] -- Symlinking: /home/camilo/2022-tfg-juancamilo-carmona/tfg/install/rviz_carla_plugin/share/rviz_carla_plugin/environment/ament_prefix_path.dsv
[21.409s] -- Symlinking: /home/camilo/2022-tfg-juancamilo-carmona/tfg/install/rviz_carla_plugin/share/rviz_carla_plugin/environment/path.sh
[21.417s] -- Symlinking: /home/camilo/2022-tfg-juancamilo-carmona/tfg/install/rviz_carla_plugin/share/rviz_carla_plugin/environment/path.dsv
[21.425s] -- Symlinking: /home/camilo/2022-tfg-juancamilo-carmona/tfg/install/rviz_carla_plugin/share/rviz_carla_plugin/local_setup.bash
[21.433s] -- Symlinking: /home/camilo/2022-tfg-juancamilo-carmona/tfg/install/rviz_carla_plugin/share/rviz_carla_plugin/local_setup.sh
[21.441s] -- Symlinking: /home/camilo/2022-tfg-juancamilo-carmona/tfg/install/rviz_carla_plugin/share/rviz_carla_plugin/local_setup.zsh
[21.449s] -- Symlinking: /home/camilo/2022-tfg-juancamilo-carmona/tfg/install/rviz_carla_plugin/share/rviz_carla_plugin/local_setup.dsv
[21.457s] -- Symlinking: /home/camilo/2022-tfg-juancamilo-carmona/tfg/install/rviz_carla_plugin/share/rviz_carla_plugin/package.dsv
[21.465s] -- Symlinking: /home/camilo/2022-tfg-juancamilo-carmona/tfg/install/rviz_carla_plugin/share/ament_index/resource_index/packages/rviz_carla_plugin
[21.473s] -- Symlinking: /home/camilo/2022-tfg-juancamilo-carmona/tfg/install/rviz_carla_plugin/share/ament_index/resource_index/rviz_common__pluginlib__plugin/rviz_carla_plugin
[21.482s] -- Symlinking: /home/camilo/2022-tfg-juancamilo-carmona/tfg/install/rviz_carla_plugin/share/rviz_carla_plugin/cmake/ament_cmake_export_libraries-extras.cmake
[21.489s] -- Symlinking: /home/camilo/2022-tfg-juancamilo-carmona/tfg/install/rviz_carla_plugin/share/rviz_carla_plugin/cmake/rviz_carla_pluginConfig.cmake
[21.497s] -- Symlinking: /home/camilo/2022-tfg-juancamilo-carmona/tfg/install/rviz_carla_plugin/share/rviz_carla_plugin/cmake/rviz_carla_pluginConfig-version.cmake
[21.505s] -- Symlinking: /home/camilo/2022-tfg-juancamilo-carmona/tfg/install/rviz_carla_plugin/share/rviz_carla_plugin/package.xml
[21.522s] -- Installing: /home/camilo/2022-tfg-juancamilo-carmona/tfg/install/rviz_carla_plugin/lib/librviz_carla_plugin.so
[21.544s] -- Set runtime path of "/home/camilo/2022-tfg-juancamilo-carmona/tfg/install/rviz_carla_plugin/lib/librviz_carla_plugin.so" to ""
[21.559s] Invoked command in '/home/camilo/2022-tfg-juancamilo-carmona/tfg/build/rviz_carla_plugin' returned '0': AMENT_PREFIX_PATH=/home/camilo/2022-tfg-juancamilo-carmona/tfg/install/carla_ros_scenario_runner_types:${AMENT_PREFIX_PATH} CMAKE_PREFIX_PATH=/home/camilo/2022-tfg-juancamilo-carmona/tfg/install/carla_ros_scenario_runner_types:/opt/ros/foxy LD_LIBRARY_PATH=/home/camilo/2022-tfg-juancamilo-carmona/tfg/install/carla_ros_scenario_runner_types/lib:${LD_LIBRARY_PATH} PYTHONPATH=/home/camilo/2022-tfg-juancamilo-carmona/tfg/install/carla_ros_scenario_runner_types/lib/python3.8/site-packages:${PYTHONPATH} /usr/bin/cmake --install /home/camilo/2022-tfg-juancamilo-carmona/tfg/build/rviz_carla_plugin
