[0.174s] DEBUG:colcon:Command line arguments: ['/usr/bin/colcon', 'list', '-p', '--base-paths', '/home/camilo/2022-tfg-juancamilo-carmona/tfg']
[0.174s] DEBUG:colcon:Parsed command line arguments: Namespace(allow_overriding=[], base_paths=['/home/camilo/2022-tfg-juancamilo-carmona/tfg'], build_base='build', ignore_user_meta=False, log_base=None, log_level=None, main=<bound method ListVerb.main of <colcon_package_information.verb.list.ListVerb object at 0x7f2c2d0a6ca0>>, metas=['./colcon.meta'], names_only=False, packages_above=None, packages_above_and_dependencies=None, packages_above_depth=None, packages_end=None, packages_ignore=None, packages_ignore_regex=None, packages_select=None, packages_select_build_failed=False, packages_select_by_dep=None, packages_select_regex=None, packages_select_test_failures=False, packages_skip=None, packages_skip_build_finished=False, packages_skip_by_dep=None, packages_skip_regex=None, packages_skip_test_passed=False, packages_skip_up_to=None, packages_start=None, packages_up_to=None, packages_up_to_regex=None, paths=None, paths_only=True, topological_graph=False, topological_graph_density=False, topological_graph_dot=False, topological_graph_dot_cluster=False, topological_graph_dot_include_skipped=False, topological_graph_legend=False, topological_order=False, verb_extension=<colcon_package_information.verb.list.ListVerb object at 0x7f2c2d0a6ca0>, verb_name='list', verb_parser=<colcon_defaults.argument_parser.defaults.DefaultArgumentsDecorator object at 0x7f2c2d162f70>)
[0.210s] Level 1:colcon.colcon_core.package_discovery:discover_packages(colcon_meta) check parameters
[0.211s] Level 1:colcon.colcon_core.package_discovery:discover_packages(recursive) check parameters
[0.211s] Level 1:colcon.colcon_core.package_discovery:discover_packages(ignore) check parameters
[0.211s] Level 1:colcon.colcon_core.package_discovery:discover_packages(path) check parameters
[0.211s] Level 1:colcon.colcon_core.package_discovery:discover_packages(recursive) discover
[0.211s] INFO:colcon.colcon_core.package_discovery:Crawling recursively for packages in '/home/camilo/2022-tfg-juancamilo-carmona/tfg'
[0.211s] Level 1:colcon.colcon_core.package_identification:_identify(/home/camilo/2022-tfg-juancamilo-carmona/tfg) by extensions ['ignore', 'ignore_ament_install']
[0.211s] Level 1:colcon.colcon_core.package_identification:_identify(/home/camilo/2022-tfg-juancamilo-carmona/tfg) by extension 'ignore'
[0.211s] Level 1:colcon.colcon_core.package_identification:_identify(/home/camilo/2022-tfg-juancamilo-carmona/tfg) by extension 'ignore_ament_install'
[0.211s] Level 1:colcon.colcon_core.package_identification:_identify(/home/camilo/2022-tfg-juancamilo-carmona/tfg) by extensions ['colcon_pkg']
[0.211s] Level 1:colcon.colcon_core.package_identification:_identify(/home/camilo/2022-tfg-juancamilo-carmona/tfg) by extension 'colcon_pkg'
[0.211s] Level 1:colcon.colcon_core.package_identification:_identify(/home/camilo/2022-tfg-juancamilo-carmona/tfg) by extensions ['colcon_meta']
[0.211s] Level 1:colcon.colcon_core.package_identification:_identify(/home/camilo/2022-tfg-juancamilo-carmona/tfg) by extension 'colcon_meta'
[0.211s] Level 1:colcon.colcon_core.package_identification:_identify(/home/camilo/2022-tfg-juancamilo-carmona/tfg) by extensions ['ros']
[0.211s] Level 1:colcon.colcon_core.package_identification:_identify(/home/camilo/2022-tfg-juancamilo-carmona/tfg) by extension 'ros'
[0.232s] Level 1:colcon.colcon_core.package_identification:_identify(/home/camilo/2022-tfg-juancamilo-carmona/tfg) by extensions ['cmake', 'python']
[0.232s] Level 1:colcon.colcon_core.package_identification:_identify(/home/camilo/2022-tfg-juancamilo-carmona/tfg) by extension 'cmake'
[0.232s] Level 1:colcon.colcon_core.package_identification:_identify(/home/camilo/2022-tfg-juancamilo-carmona/tfg) by extension 'python'
[0.232s] Level 1:colcon.colcon_core.package_identification:_identify(/home/camilo/2022-tfg-juancamilo-carmona/tfg) by extensions ['python_setup_py']
[0.233s] Level 1:colcon.colcon_core.package_identification:_identify(/home/camilo/2022-tfg-juancamilo-carmona/tfg) by extension 'python_setup_py'
[0.233s] Level 1:colcon.colcon_core.package_identification:_identify(/home/camilo/2022-tfg-juancamilo-carmona/tfg/build) by extensions ['ignore', 'ignore_ament_install']
[0.233s] Level 1:colcon.colcon_core.package_identification:_identify(/home/camilo/2022-tfg-juancamilo-carmona/tfg/build) by extension 'ignore'
[0.233s] Level 1:colcon.colcon_core.package_identification:_identify(/home/camilo/2022-tfg-juancamilo-carmona/tfg/build) ignored
[0.233s] Level 1:colcon.colcon_core.package_identification:_identify(/home/camilo/2022-tfg-juancamilo-carmona/tfg/install) by extensions ['ignore', 'ignore_ament_install']
[0.233s] Level 1:colcon.colcon_core.package_identification:_identify(/home/camilo/2022-tfg-juancamilo-carmona/tfg/install) by extension 'ignore'
[0.233s] Level 1:colcon.colcon_core.package_identification:_identify(/home/camilo/2022-tfg-juancamilo-carmona/tfg/install) ignored
[0.233s] Level 1:colcon.colcon_core.package_identification:_identify(/home/camilo/2022-tfg-juancamilo-carmona/tfg/log) by extensions ['ignore', 'ignore_ament_install']
[0.234s] Level 1:colcon.colcon_core.package_identification:_identify(/home/camilo/2022-tfg-juancamilo-carmona/tfg/log) by extension 'ignore'
[0.234s] Level 1:colcon.colcon_core.package_identification:_identify(/home/camilo/2022-tfg-juancamilo-carmona/tfg/log) ignored
[0.234s] Level 1:colcon.colcon_core.package_identification:_identify(/home/camilo/2022-tfg-juancamilo-carmona/tfg/src) by extensions ['ignore', 'ignore_ament_install']
[0.234s] Level 1:colcon.colcon_core.package_identification:_identify(/home/camilo/2022-tfg-juancamilo-carmona/tfg/src) by extension 'ignore'
[0.234s] Level 1:colcon.colcon_core.package_identification:_identify(/home/camilo/2022-tfg-juancamilo-carmona/tfg/src) by extension 'ignore_ament_install'
[0.234s] Level 1:colcon.colcon_core.package_identification:_identify(/home/camilo/2022-tfg-juancamilo-carmona/tfg/src) by extensions ['colcon_pkg']
[0.234s] Level 1:colcon.colcon_core.package_identification:_identify(/home/camilo/2022-tfg-juancamilo-carmona/tfg/src) by extension 'colcon_pkg'
[0.234s] Level 1:colcon.colcon_core.package_identification:_identify(/home/camilo/2022-tfg-juancamilo-carmona/tfg/src) by extensions ['colcon_meta']
[0.234s] Level 1:colcon.colcon_core.package_identification:_identify(/home/camilo/2022-tfg-juancamilo-carmona/tfg/src) by extension 'colcon_meta'
[0.234s] Level 1:colcon.colcon_core.package_identification:_identify(/home/camilo/2022-tfg-juancamilo-carmona/tfg/src) by extensions ['ros']
[0.234s] Level 1:colcon.colcon_core.package_identification:_identify(/home/camilo/2022-tfg-juancamilo-carmona/tfg/src) by extension 'ros'
[0.234s] Level 1:colcon.colcon_core.package_identification:_identify(/home/camilo/2022-tfg-juancamilo-carmona/tfg/src) by extensions ['cmake', 'python']
[0.234s] Level 1:colcon.colcon_core.package_identification:_identify(/home/camilo/2022-tfg-juancamilo-carmona/tfg/src) by extension 'cmake'
[0.234s] Level 1:colcon.colcon_core.package_identification:_identify(/home/camilo/2022-tfg-juancamilo-carmona/tfg/src) by extension 'python'
[0.234s] Level 1:colcon.colcon_core.package_identification:_identify(/home/camilo/2022-tfg-juancamilo-carmona/tfg/src) by extensions ['python_setup_py']
[0.235s] Level 1:colcon.colcon_core.package_identification:_identify(/home/camilo/2022-tfg-juancamilo-carmona/tfg/src) by extension 'python_setup_py'
[0.235s] Level 1:colcon.colcon_core.package_identification:_identify(/home/camilo/2022-tfg-juancamilo-carmona/tfg/src/carla_teleop) by extensions ['ignore', 'ignore_ament_install']
[0.235s] Level 1:colcon.colcon_core.package_identification:_identify(/home/camilo/2022-tfg-juancamilo-carmona/tfg/src/carla_teleop) by extension 'ignore'
[0.235s] Level 1:colcon.colcon_core.package_identification:_identify(/home/camilo/2022-tfg-juancamilo-carmona/tfg/src/carla_teleop) by extension 'ignore_ament_install'
[0.235s] Level 1:colcon.colcon_core.package_identification:_identify(/home/camilo/2022-tfg-juancamilo-carmona/tfg/src/carla_teleop) by extensions ['colcon_pkg']
[0.235s] Level 1:colcon.colcon_core.package_identification:_identify(/home/camilo/2022-tfg-juancamilo-carmona/tfg/src/carla_teleop) by extension 'colcon_pkg'
[0.235s] Level 1:colcon.colcon_core.package_identification:_identify(/home/camilo/2022-tfg-juancamilo-carmona/tfg/src/carla_teleop) by extensions ['colcon_meta']
[0.235s] Level 1:colcon.colcon_core.package_identification:_identify(/home/camilo/2022-tfg-juancamilo-carmona/tfg/src/carla_teleop) by extension 'colcon_meta'
[0.235s] Level 1:colcon.colcon_core.package_identification:_identify(/home/camilo/2022-tfg-juancamilo-carmona/tfg/src/carla_teleop) by extensions ['ros']
[0.235s] Level 1:colcon.colcon_core.package_identification:_identify(/home/camilo/2022-tfg-juancamilo-carmona/tfg/src/carla_teleop) by extension 'ros'
[0.240s] DEBUG:colcon.colcon_core.package_identification:Package '/home/camilo/2022-tfg-juancamilo-carmona/tfg/src/carla_teleop' with type 'ros.ament_python' and name 'carla_teleop'
[0.241s] Level 1:colcon.colcon_core.package_identification:_identify(/home/camilo/2022-tfg-juancamilo-carmona/tfg/src/ros-bridge) by extensions ['ignore', 'ignore_ament_install']
[0.241s] Level 1:colcon.colcon_core.package_identification:_identify(/home/camilo/2022-tfg-juancamilo-carmona/tfg/src/ros-bridge) by extension 'ignore'
[0.241s] Level 1:colcon.colcon_core.package_identification:_identify(/home/camilo/2022-tfg-juancamilo-carmona/tfg/src/ros-bridge) by extension 'ignore_ament_install'
[0.241s] Level 1:colcon.colcon_core.package_identification:_identify(/home/camilo/2022-tfg-juancamilo-carmona/tfg/src/ros-bridge) by extensions ['colcon_pkg']
[0.241s] Level 1:colcon.colcon_core.package_identification:_identify(/home/camilo/2022-tfg-juancamilo-carmona/tfg/src/ros-bridge) by extension 'colcon_pkg'
[0.241s] Level 1:colcon.colcon_core.package_identification:_identify(/home/camilo/2022-tfg-juancamilo-carmona/tfg/src/ros-bridge) by extensions ['colcon_meta']
[0.241s] Level 1:colcon.colcon_core.package_identification:_identify(/home/camilo/2022-tfg-juancamilo-carmona/tfg/src/ros-bridge) by extension 'colcon_meta'
[0.241s] Level 1:colcon.colcon_core.package_identification:_identify(/home/camilo/2022-tfg-juancamilo-carmona/tfg/src/ros-bridge) by extensions ['ros']
[0.241s] Level 1:colcon.colcon_core.package_identification:_identify(/home/camilo/2022-tfg-juancamilo-carmona/tfg/src/ros-bridge) by extension 'ros'
[0.241s] Level 1:colcon.colcon_core.package_identification:_identify(/home/camilo/2022-tfg-juancamilo-carmona/tfg/src/ros-bridge) by extensions ['cmake', 'python']
[0.241s] Level 1:colcon.colcon_core.package_identification:_identify(/home/camilo/2022-tfg-juancamilo-carmona/tfg/src/ros-bridge) by extension 'cmake'
[0.241s] Level 1:colcon.colcon_core.package_identification:_identify(/home/camilo/2022-tfg-juancamilo-carmona/tfg/src/ros-bridge) by extension 'python'
[0.242s] Level 1:colcon.colcon_core.package_identification:_identify(/home/camilo/2022-tfg-juancamilo-carmona/tfg/src/ros-bridge) by extensions ['python_setup_py']
[0.242s] Level 1:colcon.colcon_core.package_identification:_identify(/home/camilo/2022-tfg-juancamilo-carmona/tfg/src/ros-bridge) by extension 'python_setup_py'
[0.242s] Level 1:colcon.colcon_core.package_identification:_identify(/home/camilo/2022-tfg-juancamilo-carmona/tfg/src/ros-bridge/carla_ackermann_control) by extensions ['ignore', 'ignore_ament_install']
[0.242s] Level 1:colcon.colcon_core.package_identification:_identify(/home/camilo/2022-tfg-juancamilo-carmona/tfg/src/ros-bridge/carla_ackermann_control) by extension 'ignore'
[0.242s] Level 1:colcon.colcon_core.package_identification:_identify(/home/camilo/2022-tfg-juancamilo-carmona/tfg/src/ros-bridge/carla_ackermann_control) by extension 'ignore_ament_install'
[0.242s] Level 1:colcon.colcon_core.package_identification:_identify(/home/camilo/2022-tfg-juancamilo-carmona/tfg/src/ros-bridge/carla_ackermann_control) by extensions ['colcon_pkg']
[0.242s] Level 1:colcon.colcon_core.package_identification:_identify(/home/camilo/2022-tfg-juancamilo-carmona/tfg/src/ros-bridge/carla_ackermann_control) by extension 'colcon_pkg'
[0.242s] Level 1:colcon.colcon_core.package_identification:_identify(/home/camilo/2022-tfg-juancamilo-carmona/tfg/src/ros-bridge/carla_ackermann_control) by extensions ['colcon_meta']
[0.242s] Level 1:colcon.colcon_core.package_identification:_identify(/home/camilo/2022-tfg-juancamilo-carmona/tfg/src/ros-bridge/carla_ackermann_control) by extension 'colcon_meta'
[0.242s] Level 1:colcon.colcon_core.package_identification:_identify(/home/camilo/2022-tfg-juancamilo-carmona/tfg/src/ros-bridge/carla_ackermann_control) by extensions ['ros']
[0.242s] Level 1:colcon.colcon_core.package_identification:_identify(/home/camilo/2022-tfg-juancamilo-carmona/tfg/src/ros-bridge/carla_ackermann_control) by extension 'ros'
[0.246s] DEBUG:colcon.colcon_core.package_identification:Package '/home/camilo/2022-tfg-juancamilo-carmona/tfg/src/ros-bridge/carla_ackermann_control' with type 'ros.ament_python' and name 'carla_ackermann_control'
[0.246s] Level 1:colcon.colcon_core.package_identification:_identify(/home/camilo/2022-tfg-juancamilo-carmona/tfg/src/ros-bridge/carla_ackermann_msgs) by extensions ['ignore', 'ignore_ament_install']
[0.246s] Level 1:colcon.colcon_core.package_identification:_identify(/home/camilo/2022-tfg-juancamilo-carmona/tfg/src/ros-bridge/carla_ackermann_msgs) by extension 'ignore'
[0.246s] Level 1:colcon.colcon_core.package_identification:_identify(/home/camilo/2022-tfg-juancamilo-carmona/tfg/src/ros-bridge/carla_ackermann_msgs) by extension 'ignore_ament_install'
[0.246s] Level 1:colcon.colcon_core.package_identification:_identify(/home/camilo/2022-tfg-juancamilo-carmona/tfg/src/ros-bridge/carla_ackermann_msgs) by extensions ['colcon_pkg']
[0.246s] Level 1:colcon.colcon_core.package_identification:_identify(/home/camilo/2022-tfg-juancamilo-carmona/tfg/src/ros-bridge/carla_ackermann_msgs) by extension 'colcon_pkg'
[0.246s] Level 1:colcon.colcon_core.package_identification:_identify(/home/camilo/2022-tfg-juancamilo-carmona/tfg/src/ros-bridge/carla_ackermann_msgs) by extensions ['colcon_meta']
[0.246s] Level 1:colcon.colcon_core.package_identification:_identify(/home/camilo/2022-tfg-juancamilo-carmona/tfg/src/ros-bridge/carla_ackermann_msgs) by extension 'colcon_meta'
[0.246s] Level 1:colcon.colcon_core.package_identification:_identify(/home/camilo/2022-tfg-juancamilo-carmona/tfg/src/ros-bridge/carla_ackermann_msgs) by extensions ['ros']
[0.246s] Level 1:colcon.colcon_core.package_identification:_identify(/home/camilo/2022-tfg-juancamilo-carmona/tfg/src/ros-bridge/carla_ackermann_msgs) by extension 'ros'
[0.250s] DEBUG:colcon.colcon_core.package_identification:Package '/home/camilo/2022-tfg-juancamilo-carmona/tfg/src/ros-bridge/carla_ackermann_msgs' with type 'ros.ament_cmake' and name 'carla_ackermann_msgs'
[0.251s] Level 1:colcon.colcon_core.package_identification:_identify(/home/camilo/2022-tfg-juancamilo-carmona/tfg/src/ros-bridge/carla_ad_agent) by extensions ['ignore', 'ignore_ament_install']
[0.251s] Level 1:colcon.colcon_core.package_identification:_identify(/home/camilo/2022-tfg-juancamilo-carmona/tfg/src/ros-bridge/carla_ad_agent) by extension 'ignore'
[0.251s] Level 1:colcon.colcon_core.package_identification:_identify(/home/camilo/2022-tfg-juancamilo-carmona/tfg/src/ros-bridge/carla_ad_agent) by extension 'ignore_ament_install'
[0.251s] Level 1:colcon.colcon_core.package_identification:_identify(/home/camilo/2022-tfg-juancamilo-carmona/tfg/src/ros-bridge/carla_ad_agent) by extensions ['colcon_pkg']
[0.251s] Level 1:colcon.colcon_core.package_identification:_identify(/home/camilo/2022-tfg-juancamilo-carmona/tfg/src/ros-bridge/carla_ad_agent) by extension 'colcon_pkg'
[0.251s] Level 1:colcon.colcon_core.package_identification:_identify(/home/camilo/2022-tfg-juancamilo-carmona/tfg/src/ros-bridge/carla_ad_agent) by extensions ['colcon_meta']
[0.251s] Level 1:colcon.colcon_core.package_identification:_identify(/home/camilo/2022-tfg-juancamilo-carmona/tfg/src/ros-bridge/carla_ad_agent) by extension 'colcon_meta'
[0.251s] Level 1:colcon.colcon_core.package_identification:_identify(/home/camilo/2022-tfg-juancamilo-carmona/tfg/src/ros-bridge/carla_ad_agent) by extensions ['ros']
[0.251s] Level 1:colcon.colcon_core.package_identification:_identify(/home/camilo/2022-tfg-juancamilo-carmona/tfg/src/ros-bridge/carla_ad_agent) by extension 'ros'
[0.255s] DEBUG:colcon.colcon_core.package_identification:Package '/home/camilo/2022-tfg-juancamilo-carmona/tfg/src/ros-bridge/carla_ad_agent' with type 'ros.ament_python' and name 'carla_ad_agent'
[0.255s] Level 1:colcon.colcon_core.package_identification:_identify(/home/camilo/2022-tfg-juancamilo-carmona/tfg/src/ros-bridge/carla_ad_demo) by extensions ['ignore', 'ignore_ament_install']
[0.256s] Level 1:colcon.colcon_core.package_identification:_identify(/home/camilo/2022-tfg-juancamilo-carmona/tfg/src/ros-bridge/carla_ad_demo) by extension 'ignore'
[0.256s] Level 1:colcon.colcon_core.package_identification:_identify(/home/camilo/2022-tfg-juancamilo-carmona/tfg/src/ros-bridge/carla_ad_demo) by extension 'ignore_ament_install'
[0.256s] Level 1:colcon.colcon_core.package_identification:_identify(/home/camilo/2022-tfg-juancamilo-carmona/tfg/src/ros-bridge/carla_ad_demo) by extensions ['colcon_pkg']
[0.256s] Level 1:colcon.colcon_core.package_identification:_identify(/home/camilo/2022-tfg-juancamilo-carmona/tfg/src/ros-bridge/carla_ad_demo) by extension 'colcon_pkg'
[0.256s] Level 1:colcon.colcon_core.package_identification:_identify(/home/camilo/2022-tfg-juancamilo-carmona/tfg/src/ros-bridge/carla_ad_demo) by extensions ['colcon_meta']
[0.256s] Level 1:colcon.colcon_core.package_identification:_identify(/home/camilo/2022-tfg-juancamilo-carmona/tfg/src/ros-bridge/carla_ad_demo) by extension 'colcon_meta'
[0.256s] Level 1:colcon.colcon_core.package_identification:_identify(/home/camilo/2022-tfg-juancamilo-carmona/tfg/src/ros-bridge/carla_ad_demo) by extensions ['ros']
[0.256s] Level 1:colcon.colcon_core.package_identification:_identify(/home/camilo/2022-tfg-juancamilo-carmona/tfg/src/ros-bridge/carla_ad_demo) by extension 'ros'
[0.259s] DEBUG:colcon.colcon_core.package_identification:Package '/home/camilo/2022-tfg-juancamilo-carmona/tfg/src/ros-bridge/carla_ad_demo' with type 'ros.ament_cmake' and name 'carla_ad_demo'
[0.259s] Level 1:colcon.colcon_core.package_identification:_identify(/home/camilo/2022-tfg-juancamilo-carmona/tfg/src/ros-bridge/carla_common) by extensions ['ignore', 'ignore_ament_install']
[0.259s] Level 1:colcon.colcon_core.package_identification:_identify(/home/camilo/2022-tfg-juancamilo-carmona/tfg/src/ros-bridge/carla_common) by extension 'ignore'
[0.259s] Level 1:colcon.colcon_core.package_identification:_identify(/home/camilo/2022-tfg-juancamilo-carmona/tfg/src/ros-bridge/carla_common) by extension 'ignore_ament_install'
[0.259s] Level 1:colcon.colcon_core.package_identification:_identify(/home/camilo/2022-tfg-juancamilo-carmona/tfg/src/ros-bridge/carla_common) by extensions ['colcon_pkg']
[0.259s] Level 1:colcon.colcon_core.package_identification:_identify(/home/camilo/2022-tfg-juancamilo-carmona/tfg/src/ros-bridge/carla_common) by extension 'colcon_pkg'
[0.259s] Level 1:colcon.colcon_core.package_identification:_identify(/home/camilo/2022-tfg-juancamilo-carmona/tfg/src/ros-bridge/carla_common) by extensions ['colcon_meta']
[0.260s] Level 1:colcon.colcon_core.package_identification:_identify(/home/camilo/2022-tfg-juancamilo-carmona/tfg/src/ros-bridge/carla_common) by extension 'colcon_meta'
[0.260s] Level 1:colcon.colcon_core.package_identification:_identify(/home/camilo/2022-tfg-juancamilo-carmona/tfg/src/ros-bridge/carla_common) by extensions ['ros']
[0.260s] Level 1:colcon.colcon_core.package_identification:_identify(/home/camilo/2022-tfg-juancamilo-carmona/tfg/src/ros-bridge/carla_common) by extension 'ros'
[0.261s] DEBUG:colcon.colcon_core.package_identification:Package '/home/camilo/2022-tfg-juancamilo-carmona/tfg/src/ros-bridge/carla_common' with type 'ros.ament_python' and name 'carla_common'
[0.261s] Level 1:colcon.colcon_core.package_identification:_identify(/home/camilo/2022-tfg-juancamilo-carmona/tfg/src/ros-bridge/carla_manual_control) by extensions ['ignore', 'ignore_ament_install']
[0.261s] Level 1:colcon.colcon_core.package_identification:_identify(/home/camilo/2022-tfg-juancamilo-carmona/tfg/src/ros-bridge/carla_manual_control) by extension 'ignore'
[0.261s] Level 1:colcon.colcon_core.package_identification:_identify(/home/camilo/2022-tfg-juancamilo-carmona/tfg/src/ros-bridge/carla_manual_control) by extension 'ignore_ament_install'
[0.261s] Level 1:colcon.colcon_core.package_identification:_identify(/home/camilo/2022-tfg-juancamilo-carmona/tfg/src/ros-bridge/carla_manual_control) by extensions ['colcon_pkg']
[0.261s] Level 1:colcon.colcon_core.package_identification:_identify(/home/camilo/2022-tfg-juancamilo-carmona/tfg/src/ros-bridge/carla_manual_control) by extension 'colcon_pkg'
[0.261s] Level 1:colcon.colcon_core.package_identification:_identify(/home/camilo/2022-tfg-juancamilo-carmona/tfg/src/ros-bridge/carla_manual_control) by extensions ['colcon_meta']
[0.262s] Level 1:colcon.colcon_core.package_identification:_identify(/home/camilo/2022-tfg-juancamilo-carmona/tfg/src/ros-bridge/carla_manual_control) by extension 'colcon_meta'
[0.262s] Level 1:colcon.colcon_core.package_identification:_identify(/home/camilo/2022-tfg-juancamilo-carmona/tfg/src/ros-bridge/carla_manual_control) by extensions ['ros']
[0.262s] Level 1:colcon.colcon_core.package_identification:_identify(/home/camilo/2022-tfg-juancamilo-carmona/tfg/src/ros-bridge/carla_manual_control) by extension 'ros'
[0.265s] DEBUG:colcon.colcon_core.package_identification:Package '/home/camilo/2022-tfg-juancamilo-carmona/tfg/src/ros-bridge/carla_manual_control' with type 'ros.ament_python' and name 'carla_manual_control'
[0.265s] Level 1:colcon.colcon_core.package_identification:_identify(/home/camilo/2022-tfg-juancamilo-carmona/tfg/src/ros-bridge/carla_msgs) by extensions ['ignore', 'ignore_ament_install']
[0.265s] Level 1:colcon.colcon_core.package_identification:_identify(/home/camilo/2022-tfg-juancamilo-carmona/tfg/src/ros-bridge/carla_msgs) by extension 'ignore'
[0.265s] Level 1:colcon.colcon_core.package_identification:_identify(/home/camilo/2022-tfg-juancamilo-carmona/tfg/src/ros-bridge/carla_msgs) by extension 'ignore_ament_install'
[0.266s] Level 1:colcon.colcon_core.package_identification:_identify(/home/camilo/2022-tfg-juancamilo-carmona/tfg/src/ros-bridge/carla_msgs) by extensions ['colcon_pkg']
[0.266s] Level 1:colcon.colcon_core.package_identification:_identify(/home/camilo/2022-tfg-juancamilo-carmona/tfg/src/ros-bridge/carla_msgs) by extension 'colcon_pkg'
[0.266s] Level 1:colcon.colcon_core.package_identification:_identify(/home/camilo/2022-tfg-juancamilo-carmona/tfg/src/ros-bridge/carla_msgs) by extensions ['colcon_meta']
[0.266s] Level 1:colcon.colcon_core.package_identification:_identify(/home/camilo/2022-tfg-juancamilo-carmona/tfg/src/ros-bridge/carla_msgs) by extension 'colcon_meta'
[0.266s] Level 1:colcon.colcon_core.package_identification:_identify(/home/camilo/2022-tfg-juancamilo-carmona/tfg/src/ros-bridge/carla_msgs) by extensions ['ros']
[0.266s] Level 1:colcon.colcon_core.package_identification:_identify(/home/camilo/2022-tfg-juancamilo-carmona/tfg/src/ros-bridge/carla_msgs) by extension 'ros'
[0.270s] DEBUG:colcon.colcon_core.package_identification:Package '/home/camilo/2022-tfg-juancamilo-carmona/tfg/src/ros-bridge/carla_msgs' with type 'ros.ament_cmake' and name 'carla_msgs'
[0.270s] Level 1:colcon.colcon_core.package_identification:_identify(/home/camilo/2022-tfg-juancamilo-carmona/tfg/src/ros-bridge/carla_ros_bridge) by extensions ['ignore', 'ignore_ament_install']
[0.270s] Level 1:colcon.colcon_core.package_identification:_identify(/home/camilo/2022-tfg-juancamilo-carmona/tfg/src/ros-bridge/carla_ros_bridge) by extension 'ignore'
[0.270s] Level 1:colcon.colcon_core.package_identification:_identify(/home/camilo/2022-tfg-juancamilo-carmona/tfg/src/ros-bridge/carla_ros_bridge) by extension 'ignore_ament_install'
[0.270s] Level 1:colcon.colcon_core.package_identification:_identify(/home/camilo/2022-tfg-juancamilo-carmona/tfg/src/ros-bridge/carla_ros_bridge) by extensions ['colcon_pkg']
[0.270s] Level 1:colcon.colcon_core.package_identification:_identify(/home/camilo/2022-tfg-juancamilo-carmona/tfg/src/ros-bridge/carla_ros_bridge) by extension 'colcon_pkg'
[0.270s] Level 1:colcon.colcon_core.package_identification:_identify(/home/camilo/2022-tfg-juancamilo-carmona/tfg/src/ros-bridge/carla_ros_bridge) by extensions ['colcon_meta']
[0.270s] Level 1:colcon.colcon_core.package_identification:_identify(/home/camilo/2022-tfg-juancamilo-carmona/tfg/src/ros-bridge/carla_ros_bridge) by extension 'colcon_meta'
[0.271s] Level 1:colcon.colcon_core.package_identification:_identify(/home/camilo/2022-tfg-juancamilo-carmona/tfg/src/ros-bridge/carla_ros_bridge) by extensions ['ros']
[0.271s] Level 1:colcon.colcon_core.package_identification:_identify(/home/camilo/2022-tfg-juancamilo-carmona/tfg/src/ros-bridge/carla_ros_bridge) by extension 'ros'
[0.275s] DEBUG:colcon.colcon_core.package_identification:Package '/home/camilo/2022-tfg-juancamilo-carmona/tfg/src/ros-bridge/carla_ros_bridge' with type 'ros.ament_python' and name 'carla_ros_bridge'
[0.275s] Level 1:colcon.colcon_core.package_identification:_identify(/home/camilo/2022-tfg-juancamilo-carmona/tfg/src/ros-bridge/carla_ros_scenario_runner) by extensions ['ignore', 'ignore_ament_install']
[0.275s] Level 1:colcon.colcon_core.package_identification:_identify(/home/camilo/2022-tfg-juancamilo-carmona/tfg/src/ros-bridge/carla_ros_scenario_runner) by extension 'ignore'
[0.276s] Level 1:colcon.colcon_core.package_identification:_identify(/home/camilo/2022-tfg-juancamilo-carmona/tfg/src/ros-bridge/carla_ros_scenario_runner) by extension 'ignore_ament_install'
[0.276s] Level 1:colcon.colcon_core.package_identification:_identify(/home/camilo/2022-tfg-juancamilo-carmona/tfg/src/ros-bridge/carla_ros_scenario_runner) by extensions ['colcon_pkg']
[0.276s] Level 1:colcon.colcon_core.package_identification:_identify(/home/camilo/2022-tfg-juancamilo-carmona/tfg/src/ros-bridge/carla_ros_scenario_runner) by extension 'colcon_pkg'
[0.276s] Level 1:colcon.colcon_core.package_identification:_identify(/home/camilo/2022-tfg-juancamilo-carmona/tfg/src/ros-bridge/carla_ros_scenario_runner) by extensions ['colcon_meta']
[0.276s] Level 1:colcon.colcon_core.package_identification:_identify(/home/camilo/2022-tfg-juancamilo-carmona/tfg/src/ros-bridge/carla_ros_scenario_runner) by extension 'colcon_meta'
[0.276s] Level 1:colcon.colcon_core.package_identification:_identify(/home/camilo/2022-tfg-juancamilo-carmona/tfg/src/ros-bridge/carla_ros_scenario_runner) by extensions ['ros']
[0.276s] Level 1:colcon.colcon_core.package_identification:_identify(/home/camilo/2022-tfg-juancamilo-carmona/tfg/src/ros-bridge/carla_ros_scenario_runner) by extension 'ros'
[0.279s] DEBUG:colcon.colcon_core.package_identification:Package '/home/camilo/2022-tfg-juancamilo-carmona/tfg/src/ros-bridge/carla_ros_scenario_runner' with type 'ros.ament_python' and name 'carla_ros_scenario_runner'
[0.279s] Level 1:colcon.colcon_core.package_identification:_identify(/home/camilo/2022-tfg-juancamilo-carmona/tfg/src/ros-bridge/carla_ros_scenario_runner_types) by extensions ['ignore', 'ignore_ament_install']
[0.279s] Level 1:colcon.colcon_core.package_identification:_identify(/home/camilo/2022-tfg-juancamilo-carmona/tfg/src/ros-bridge/carla_ros_scenario_runner_types) by extension 'ignore'
[0.279s] Level 1:colcon.colcon_core.package_identification:_identify(/home/camilo/2022-tfg-juancamilo-carmona/tfg/src/ros-bridge/carla_ros_scenario_runner_types) by extension 'ignore_ament_install'
[0.280s] Level 1:colcon.colcon_core.package_identification:_identify(/home/camilo/2022-tfg-juancamilo-carmona/tfg/src/ros-bridge/carla_ros_scenario_runner_types) by extensions ['colcon_pkg']
[0.280s] Level 1:colcon.colcon_core.package_identification:_identify(/home/camilo/2022-tfg-juancamilo-carmona/tfg/src/ros-bridge/carla_ros_scenario_runner_types) by extension 'colcon_pkg'
[0.280s] Level 1:colcon.colcon_core.package_identification:_identify(/home/camilo/2022-tfg-juancamilo-carmona/tfg/src/ros-bridge/carla_ros_scenario_runner_types) by extensions ['colcon_meta']
[0.280s] Level 1:colcon.colcon_core.package_identification:_identify(/home/camilo/2022-tfg-juancamilo-carmona/tfg/src/ros-bridge/carla_ros_scenario_runner_types) by extension 'colcon_meta'
[0.280s] Level 1:colcon.colcon_core.package_identification:_identify(/home/camilo/2022-tfg-juancamilo-carmona/tfg/src/ros-bridge/carla_ros_scenario_runner_types) by extensions ['ros']
[0.280s] Level 1:colcon.colcon_core.package_identification:_identify(/home/camilo/2022-tfg-juancamilo-carmona/tfg/src/ros-bridge/carla_ros_scenario_runner_types) by extension 'ros'
[0.284s] DEBUG:colcon.colcon_core.package_identification:Package '/home/camilo/2022-tfg-juancamilo-carmona/tfg/src/ros-bridge/carla_ros_scenario_runner_types' with type 'ros.ament_cmake' and name 'carla_ros_scenario_runner_types'
[0.284s] Level 1:colcon.colcon_core.package_identification:_identify(/home/camilo/2022-tfg-juancamilo-carmona/tfg/src/ros-bridge/carla_spawn_objects) by extensions ['ignore', 'ignore_ament_install']
[0.284s] Level 1:colcon.colcon_core.package_identification:_identify(/home/camilo/2022-tfg-juancamilo-carmona/tfg/src/ros-bridge/carla_spawn_objects) by extension 'ignore'
[0.284s] Level 1:colcon.colcon_core.package_identification:_identify(/home/camilo/2022-tfg-juancamilo-carmona/tfg/src/ros-bridge/carla_spawn_objects) by extension 'ignore_ament_install'
[0.284s] Level 1:colcon.colcon_core.package_identification:_identify(/home/camilo/2022-tfg-juancamilo-carmona/tfg/src/ros-bridge/carla_spawn_objects) by extensions ['colcon_pkg']
[0.284s] Level 1:colcon.colcon_core.package_identification:_identify(/home/camilo/2022-tfg-juancamilo-carmona/tfg/src/ros-bridge/carla_spawn_objects) by extension 'colcon_pkg'
[0.284s] Level 1:colcon.colcon_core.package_identification:_identify(/home/camilo/2022-tfg-juancamilo-carmona/tfg/src/ros-bridge/carla_spawn_objects) by extensions ['colcon_meta']
[0.284s] Level 1:colcon.colcon_core.package_identification:_identify(/home/camilo/2022-tfg-juancamilo-carmona/tfg/src/ros-bridge/carla_spawn_objects) by extension 'colcon_meta'
[0.284s] Level 1:colcon.colcon_core.package_identification:_identify(/home/camilo/2022-tfg-juancamilo-carmona/tfg/src/ros-bridge/carla_spawn_objects) by extensions ['ros']
[0.284s] Level 1:colcon.colcon_core.package_identification:_identify(/home/camilo/2022-tfg-juancamilo-carmona/tfg/src/ros-bridge/carla_spawn_objects) by extension 'ros'
[0.288s] DEBUG:colcon.colcon_core.package_identification:Package '/home/camilo/2022-tfg-juancamilo-carmona/tfg/src/ros-bridge/carla_spawn_objects' with type 'ros.ament_python' and name 'carla_spawn_objects'
[0.288s] Level 1:colcon.colcon_core.package_identification:_identify(/home/camilo/2022-tfg-juancamilo-carmona/tfg/src/ros-bridge/carla_twist_to_control) by extensions ['ignore', 'ignore_ament_install']
[0.288s] Level 1:colcon.colcon_core.package_identification:_identify(/home/camilo/2022-tfg-juancamilo-carmona/tfg/src/ros-bridge/carla_twist_to_control) by extension 'ignore'
[0.288s] Level 1:colcon.colcon_core.package_identification:_identify(/home/camilo/2022-tfg-juancamilo-carmona/tfg/src/ros-bridge/carla_twist_to_control) by extension 'ignore_ament_install'
[0.288s] Level 1:colcon.colcon_core.package_identification:_identify(/home/camilo/2022-tfg-juancamilo-carmona/tfg/src/ros-bridge/carla_twist_to_control) by extensions ['colcon_pkg']
[0.288s] Level 1:colcon.colcon_core.package_identification:_identify(/home/camilo/2022-tfg-juancamilo-carmona/tfg/src/ros-bridge/carla_twist_to_control) by extension 'colcon_pkg'
[0.288s] Level 1:colcon.colcon_core.package_identification:_identify(/home/camilo/2022-tfg-juancamilo-carmona/tfg/src/ros-bridge/carla_twist_to_control) by extensions ['colcon_meta']
[0.288s] Level 1:colcon.colcon_core.package_identification:_identify(/home/camilo/2022-tfg-juancamilo-carmona/tfg/src/ros-bridge/carla_twist_to_control) by extension 'colcon_meta'
[0.288s] Level 1:colcon.colcon_core.package_identification:_identify(/home/camilo/2022-tfg-juancamilo-carmona/tfg/src/ros-bridge/carla_twist_to_control) by extensions ['ros']
[0.288s] Level 1:colcon.colcon_core.package_identification:_identify(/home/camilo/2022-tfg-juancamilo-carmona/tfg/src/ros-bridge/carla_twist_to_control) by extension 'ros'
[0.292s] DEBUG:colcon.colcon_core.package_identification:Package '/home/camilo/2022-tfg-juancamilo-carmona/tfg/src/ros-bridge/carla_twist_to_control' with type 'ros.ament_python' and name 'carla_twist_to_control'
[0.292s] Level 1:colcon.colcon_core.package_identification:_identify(/home/camilo/2022-tfg-juancamilo-carmona/tfg/src/ros-bridge/carla_walker_agent) by extensions ['ignore', 'ignore_ament_install']
[0.292s] Level 1:colcon.colcon_core.package_identification:_identify(/home/camilo/2022-tfg-juancamilo-carmona/tfg/src/ros-bridge/carla_walker_agent) by extension 'ignore'
[0.292s] Level 1:colcon.colcon_core.package_identification:_identify(/home/camilo/2022-tfg-juancamilo-carmona/tfg/src/ros-bridge/carla_walker_agent) by extension 'ignore_ament_install'
[0.292s] Level 1:colcon.colcon_core.package_identification:_identify(/home/camilo/2022-tfg-juancamilo-carmona/tfg/src/ros-bridge/carla_walker_agent) by extensions ['colcon_pkg']
[0.292s] Level 1:colcon.colcon_core.package_identification:_identify(/home/camilo/2022-tfg-juancamilo-carmona/tfg/src/ros-bridge/carla_walker_agent) by extension 'colcon_pkg'
[0.292s] Level 1:colcon.colcon_core.package_identification:_identify(/home/camilo/2022-tfg-juancamilo-carmona/tfg/src/ros-bridge/carla_walker_agent) by extensions ['colcon_meta']
[0.292s] Level 1:colcon.colcon_core.package_identification:_identify(/home/camilo/2022-tfg-juancamilo-carmona/tfg/src/ros-bridge/carla_walker_agent) by extension 'colcon_meta'
[0.293s] Level 1:colcon.colcon_core.package_identification:_identify(/home/camilo/2022-tfg-juancamilo-carmona/tfg/src/ros-bridge/carla_walker_agent) by extensions ['ros']
[0.293s] Level 1:colcon.colcon_core.package_identification:_identify(/home/camilo/2022-tfg-juancamilo-carmona/tfg/src/ros-bridge/carla_walker_agent) by extension 'ros'
[0.296s] DEBUG:colcon.colcon_core.package_identification:Package '/home/camilo/2022-tfg-juancamilo-carmona/tfg/src/ros-bridge/carla_walker_agent' with type 'ros.ament_python' and name 'carla_walker_agent'
[0.296s] Level 1:colcon.colcon_core.package_identification:_identify(/home/camilo/2022-tfg-juancamilo-carmona/tfg/src/ros-bridge/carla_waypoint_publisher) by extensions ['ignore', 'ignore_ament_install']
[0.296s] Level 1:colcon.colcon_core.package_identification:_identify(/home/camilo/2022-tfg-juancamilo-carmona/tfg/src/ros-bridge/carla_waypoint_publisher) by extension 'ignore'
[0.296s] Level 1:colcon.colcon_core.package_identification:_identify(/home/camilo/2022-tfg-juancamilo-carmona/tfg/src/ros-bridge/carla_waypoint_publisher) by extension 'ignore_ament_install'
[0.296s] Level 1:colcon.colcon_core.package_identification:_identify(/home/camilo/2022-tfg-juancamilo-carmona/tfg/src/ros-bridge/carla_waypoint_publisher) by extensions ['colcon_pkg']
[0.296s] Level 1:colcon.colcon_core.package_identification:_identify(/home/camilo/2022-tfg-juancamilo-carmona/tfg/src/ros-bridge/carla_waypoint_publisher) by extension 'colcon_pkg'
[0.296s] Level 1:colcon.colcon_core.package_identification:_identify(/home/camilo/2022-tfg-juancamilo-carmona/tfg/src/ros-bridge/carla_waypoint_publisher) by extensions ['colcon_meta']
[0.296s] Level 1:colcon.colcon_core.package_identification:_identify(/home/camilo/2022-tfg-juancamilo-carmona/tfg/src/ros-bridge/carla_waypoint_publisher) by extension 'colcon_meta'
[0.296s] Level 1:colcon.colcon_core.package_identification:_identify(/home/camilo/2022-tfg-juancamilo-carmona/tfg/src/ros-bridge/carla_waypoint_publisher) by extensions ['ros']
[0.296s] Level 1:colcon.colcon_core.package_identification:_identify(/home/camilo/2022-tfg-juancamilo-carmona/tfg/src/ros-bridge/carla_waypoint_publisher) by extension 'ros'
[0.299s] DEBUG:colcon.colcon_core.package_identification:Package '/home/camilo/2022-tfg-juancamilo-carmona/tfg/src/ros-bridge/carla_waypoint_publisher' with type 'ros.ament_python' and name 'carla_waypoint_publisher'
[0.299s] Level 1:colcon.colcon_core.package_identification:_identify(/home/camilo/2022-tfg-juancamilo-carmona/tfg/src/ros-bridge/carla_waypoint_types) by extensions ['ignore', 'ignore_ament_install']
[0.300s] Level 1:colcon.colcon_core.package_identification:_identify(/home/camilo/2022-tfg-juancamilo-carmona/tfg/src/ros-bridge/carla_waypoint_types) by extension 'ignore'
[0.300s] Level 1:colcon.colcon_core.package_identification:_identify(/home/camilo/2022-tfg-juancamilo-carmona/tfg/src/ros-bridge/carla_waypoint_types) by extension 'ignore_ament_install'
[0.300s] Level 1:colcon.colcon_core.package_identification:_identify(/home/camilo/2022-tfg-juancamilo-carmona/tfg/src/ros-bridge/carla_waypoint_types) by extensions ['colcon_pkg']
[0.300s] Level 1:colcon.colcon_core.package_identification:_identify(/home/camilo/2022-tfg-juancamilo-carmona/tfg/src/ros-bridge/carla_waypoint_types) by extension 'colcon_pkg'
[0.300s] Level 1:colcon.colcon_core.package_identification:_identify(/home/camilo/2022-tfg-juancamilo-carmona/tfg/src/ros-bridge/carla_waypoint_types) by extensions ['colcon_meta']
[0.300s] Level 1:colcon.colcon_core.package_identification:_identify(/home/camilo/2022-tfg-juancamilo-carmona/tfg/src/ros-bridge/carla_waypoint_types) by extension 'colcon_meta'
[0.300s] Level 1:colcon.colcon_core.package_identification:_identify(/home/camilo/2022-tfg-juancamilo-carmona/tfg/src/ros-bridge/carla_waypoint_types) by extensions ['ros']
[0.300s] Level 1:colcon.colcon_core.package_identification:_identify(/home/camilo/2022-tfg-juancamilo-carmona/tfg/src/ros-bridge/carla_waypoint_types) by extension 'ros'
[0.303s] DEBUG:colcon.colcon_core.package_identification:Package '/home/camilo/2022-tfg-juancamilo-carmona/tfg/src/ros-bridge/carla_waypoint_types' with type 'ros.ament_cmake' and name 'carla_waypoint_types'
[0.303s] Level 1:colcon.colcon_core.package_identification:_identify(/home/camilo/2022-tfg-juancamilo-carmona/tfg/src/ros-bridge/docker) by extensions ['ignore', 'ignore_ament_install']
[0.303s] Level 1:colcon.colcon_core.package_identification:_identify(/home/camilo/2022-tfg-juancamilo-carmona/tfg/src/ros-bridge/docker) by extension 'ignore'
[0.303s] Level 1:colcon.colcon_core.package_identification:_identify(/home/camilo/2022-tfg-juancamilo-carmona/tfg/src/ros-bridge/docker) by extension 'ignore_ament_install'
[0.303s] Level 1:colcon.colcon_core.package_identification:_identify(/home/camilo/2022-tfg-juancamilo-carmona/tfg/src/ros-bridge/docker) by extensions ['colcon_pkg']
[0.304s] Level 1:colcon.colcon_core.package_identification:_identify(/home/camilo/2022-tfg-juancamilo-carmona/tfg/src/ros-bridge/docker) by extension 'colcon_pkg'
[0.304s] Level 1:colcon.colcon_core.package_identification:_identify(/home/camilo/2022-tfg-juancamilo-carmona/tfg/src/ros-bridge/docker) by extensions ['colcon_meta']
[0.304s] Level 1:colcon.colcon_core.package_identification:_identify(/home/camilo/2022-tfg-juancamilo-carmona/tfg/src/ros-bridge/docker) by extension 'colcon_meta'
[0.304s] Level 1:colcon.colcon_core.package_identification:_identify(/home/camilo/2022-tfg-juancamilo-carmona/tfg/src/ros-bridge/docker) by extensions ['ros']
[0.304s] Level 1:colcon.colcon_core.package_identification:_identify(/home/camilo/2022-tfg-juancamilo-carmona/tfg/src/ros-bridge/docker) by extension 'ros'
[0.304s] Level 1:colcon.colcon_core.package_identification:_identify(/home/camilo/2022-tfg-juancamilo-carmona/tfg/src/ros-bridge/docker) by extensions ['cmake', 'python']
[0.304s] Level 1:colcon.colcon_core.package_identification:_identify(/home/camilo/2022-tfg-juancamilo-carmona/tfg/src/ros-bridge/docker) by extension 'cmake'
[0.304s] Level 1:colcon.colcon_core.package_identification:_identify(/home/camilo/2022-tfg-juancamilo-carmona/tfg/src/ros-bridge/docker) by extension 'python'
[0.304s] Level 1:colcon.colcon_core.package_identification:_identify(/home/camilo/2022-tfg-juancamilo-carmona/tfg/src/ros-bridge/docker) by extensions ['python_setup_py']
[0.304s] Level 1:colcon.colcon_core.package_identification:_identify(/home/camilo/2022-tfg-juancamilo-carmona/tfg/src/ros-bridge/docker) by extension 'python_setup_py'
[0.304s] Level 1:colcon.colcon_core.package_identification:_identify(/home/camilo/2022-tfg-juancamilo-carmona/tfg/src/ros-bridge/docker/content) by extensions ['ignore', 'ignore_ament_install']
[0.304s] Level 1:colcon.colcon_core.package_identification:_identify(/home/camilo/2022-tfg-juancamilo-carmona/tfg/src/ros-bridge/docker/content) by extension 'ignore'
[0.304s] Level 1:colcon.colcon_core.package_identification:_identify(/home/camilo/2022-tfg-juancamilo-carmona/tfg/src/ros-bridge/docker/content) by extension 'ignore_ament_install'
[0.304s] Level 1:colcon.colcon_core.package_identification:_identify(/home/camilo/2022-tfg-juancamilo-carmona/tfg/src/ros-bridge/docker/content) by extensions ['colcon_pkg']
[0.304s] Level 1:colcon.colcon_core.package_identification:_identify(/home/camilo/2022-tfg-juancamilo-carmona/tfg/src/ros-bridge/docker/content) by extension 'colcon_pkg'
[0.304s] Level 1:colcon.colcon_core.package_identification:_identify(/home/camilo/2022-tfg-juancamilo-carmona/tfg/src/ros-bridge/docker/content) by extensions ['colcon_meta']
[0.304s] Level 1:colcon.colcon_core.package_identification:_identify(/home/camilo/2022-tfg-juancamilo-carmona/tfg/src/ros-bridge/docker/content) by extension 'colcon_meta'
[0.305s] Level 1:colcon.colcon_core.package_identification:_identify(/home/camilo/2022-tfg-juancamilo-carmona/tfg/src/ros-bridge/docker/content) by extensions ['ros']
[0.305s] Level 1:colcon.colcon_core.package_identification:_identify(/home/camilo/2022-tfg-juancamilo-carmona/tfg/src/ros-bridge/docker/content) by extension 'ros'
[0.305s] Level 1:colcon.colcon_core.package_identification:_identify(/home/camilo/2022-tfg-juancamilo-carmona/tfg/src/ros-bridge/docker/content) by extensions ['cmake', 'python']
[0.305s] Level 1:colcon.colcon_core.package_identification:_identify(/home/camilo/2022-tfg-juancamilo-carmona/tfg/src/ros-bridge/docker/content) by extension 'cmake'
[0.305s] Level 1:colcon.colcon_core.package_identification:_identify(/home/camilo/2022-tfg-juancamilo-carmona/tfg/src/ros-bridge/docker/content) by extension 'python'
[0.305s] Level 1:colcon.colcon_core.package_identification:_identify(/home/camilo/2022-tfg-juancamilo-carmona/tfg/src/ros-bridge/docker/content) by extensions ['python_setup_py']
[0.305s] Level 1:colcon.colcon_core.package_identification:_identify(/home/camilo/2022-tfg-juancamilo-carmona/tfg/src/ros-bridge/docker/content) by extension 'python_setup_py'
[0.305s] Level 1:colcon.colcon_core.package_identification:_identify(/home/camilo/2022-tfg-juancamilo-carmona/tfg/src/ros-bridge/docs) by extensions ['ignore', 'ignore_ament_install']
[0.305s] Level 1:colcon.colcon_core.package_identification:_identify(/home/camilo/2022-tfg-juancamilo-carmona/tfg/src/ros-bridge/docs) by extension 'ignore'
[0.305s] Level 1:colcon.colcon_core.package_identification:_identify(/home/camilo/2022-tfg-juancamilo-carmona/tfg/src/ros-bridge/docs) by extension 'ignore_ament_install'
[0.305s] Level 1:colcon.colcon_core.package_identification:_identify(/home/camilo/2022-tfg-juancamilo-carmona/tfg/src/ros-bridge/docs) by extensions ['colcon_pkg']
[0.305s] Level 1:colcon.colcon_core.package_identification:_identify(/home/camilo/2022-tfg-juancamilo-carmona/tfg/src/ros-bridge/docs) by extension 'colcon_pkg'
[0.305s] Level 1:colcon.colcon_core.package_identification:_identify(/home/camilo/2022-tfg-juancamilo-carmona/tfg/src/ros-bridge/docs) by extensions ['colcon_meta']
[0.305s] Level 1:colcon.colcon_core.package_identification:_identify(/home/camilo/2022-tfg-juancamilo-carmona/tfg/src/ros-bridge/docs) by extension 'colcon_meta'
[0.305s] Level 1:colcon.colcon_core.package_identification:_identify(/home/camilo/2022-tfg-juancamilo-carmona/tfg/src/ros-bridge/docs) by extensions ['ros']
[0.305s] Level 1:colcon.colcon_core.package_identification:_identify(/home/camilo/2022-tfg-juancamilo-carmona/tfg/src/ros-bridge/docs) by extension 'ros'
[0.306s] Level 1:colcon.colcon_core.package_identification:_identify(/home/camilo/2022-tfg-juancamilo-carmona/tfg/src/ros-bridge/docs) by extensions ['cmake', 'python']
[0.306s] Level 1:colcon.colcon_core.package_identification:_identify(/home/camilo/2022-tfg-juancamilo-carmona/tfg/src/ros-bridge/docs) by extension 'cmake'
[0.306s] Level 1:colcon.colcon_core.package_identification:_identify(/home/camilo/2022-tfg-juancamilo-carmona/tfg/src/ros-bridge/docs) by extension 'python'
[0.306s] Level 1:colcon.colcon_core.package_identification:_identify(/home/camilo/2022-tfg-juancamilo-carmona/tfg/src/ros-bridge/docs) by extensions ['python_setup_py']
[0.306s] Level 1:colcon.colcon_core.package_identification:_identify(/home/camilo/2022-tfg-juancamilo-carmona/tfg/src/ros-bridge/docs) by extension 'python_setup_py'
[0.306s] Level 1:colcon.colcon_core.package_identification:_identify(/home/camilo/2022-tfg-juancamilo-carmona/tfg/src/ros-bridge/docs/images) by extensions ['ignore', 'ignore_ament_install']
[0.306s] Level 1:colcon.colcon_core.package_identification:_identify(/home/camilo/2022-tfg-juancamilo-carmona/tfg/src/ros-bridge/docs/images) by extension 'ignore'
[0.306s] Level 1:colcon.colcon_core.package_identification:_identify(/home/camilo/2022-tfg-juancamilo-carmona/tfg/src/ros-bridge/docs/images) by extension 'ignore_ament_install'
[0.306s] Level 1:colcon.colcon_core.package_identification:_identify(/home/camilo/2022-tfg-juancamilo-carmona/tfg/src/ros-bridge/docs/images) by extensions ['colcon_pkg']
[0.306s] Level 1:colcon.colcon_core.package_identification:_identify(/home/camilo/2022-tfg-juancamilo-carmona/tfg/src/ros-bridge/docs/images) by extension 'colcon_pkg'
[0.306s] Level 1:colcon.colcon_core.package_identification:_identify(/home/camilo/2022-tfg-juancamilo-carmona/tfg/src/ros-bridge/docs/images) by extensions ['colcon_meta']
[0.306s] Level 1:colcon.colcon_core.package_identification:_identify(/home/camilo/2022-tfg-juancamilo-carmona/tfg/src/ros-bridge/docs/images) by extension 'colcon_meta'
[0.306s] Level 1:colcon.colcon_core.package_identification:_identify(/home/camilo/2022-tfg-juancamilo-carmona/tfg/src/ros-bridge/docs/images) by extensions ['ros']
[0.306s] Level 1:colcon.colcon_core.package_identification:_identify(/home/camilo/2022-tfg-juancamilo-carmona/tfg/src/ros-bridge/docs/images) by extension 'ros'
[0.306s] Level 1:colcon.colcon_core.package_identification:_identify(/home/camilo/2022-tfg-juancamilo-carmona/tfg/src/ros-bridge/docs/images) by extensions ['cmake', 'python']
[0.306s] Level 1:colcon.colcon_core.package_identification:_identify(/home/camilo/2022-tfg-juancamilo-carmona/tfg/src/ros-bridge/docs/images) by extension 'cmake'
[0.307s] Level 1:colcon.colcon_core.package_identification:_identify(/home/camilo/2022-tfg-juancamilo-carmona/tfg/src/ros-bridge/docs/images) by extension 'python'
[0.307s] Level 1:colcon.colcon_core.package_identification:_identify(/home/camilo/2022-tfg-juancamilo-carmona/tfg/src/ros-bridge/docs/images) by extensions ['python_setup_py']
[0.307s] Level 1:colcon.colcon_core.package_identification:_identify(/home/camilo/2022-tfg-juancamilo-carmona/tfg/src/ros-bridge/docs/images) by extension 'python_setup_py'
[0.307s] Level 1:colcon.colcon_core.package_identification:_identify(/home/camilo/2022-tfg-juancamilo-carmona/tfg/src/ros-bridge/packaging) by extensions ['ignore', 'ignore_ament_install']
[0.307s] Level 1:colcon.colcon_core.package_identification:_identify(/home/camilo/2022-tfg-juancamilo-carmona/tfg/src/ros-bridge/packaging) by extension 'ignore'
[0.307s] Level 1:colcon.colcon_core.package_identification:_identify(/home/camilo/2022-tfg-juancamilo-carmona/tfg/src/ros-bridge/packaging) by extension 'ignore_ament_install'
[0.307s] Level 1:colcon.colcon_core.package_identification:_identify(/home/camilo/2022-tfg-juancamilo-carmona/tfg/src/ros-bridge/packaging) by extensions ['colcon_pkg']
[0.307s] Level 1:colcon.colcon_core.package_identification:_identify(/home/camilo/2022-tfg-juancamilo-carmona/tfg/src/ros-bridge/packaging) by extension 'colcon_pkg'
[0.307s] Level 1:colcon.colcon_core.package_identification:_identify(/home/camilo/2022-tfg-juancamilo-carmona/tfg/src/ros-bridge/packaging) by extensions ['colcon_meta']
[0.307s] Level 1:colcon.colcon_core.package_identification:_identify(/home/camilo/2022-tfg-juancamilo-carmona/tfg/src/ros-bridge/packaging) by extension 'colcon_meta'
[0.307s] Level 1:colcon.colcon_core.package_identification:_identify(/home/camilo/2022-tfg-juancamilo-carmona/tfg/src/ros-bridge/packaging) by extensions ['ros']
[0.307s] Level 1:colcon.colcon_core.package_identification:_identify(/home/camilo/2022-tfg-juancamilo-carmona/tfg/src/ros-bridge/packaging) by extension 'ros'
[0.307s] Level 1:colcon.colcon_core.package_identification:_identify(/home/camilo/2022-tfg-juancamilo-carmona/tfg/src/ros-bridge/packaging) by extensions ['cmake', 'python']
[0.307s] Level 1:colcon.colcon_core.package_identification:_identify(/home/camilo/2022-tfg-juancamilo-carmona/tfg/src/ros-bridge/packaging) by extension 'cmake'
[0.307s] Level 1:colcon.colcon_core.package_identification:_identify(/home/camilo/2022-tfg-juancamilo-carmona/tfg/src/ros-bridge/packaging) by extension 'python'
[0.307s] Level 1:colcon.colcon_core.package_identification:_identify(/home/camilo/2022-tfg-juancamilo-carmona/tfg/src/ros-bridge/packaging) by extensions ['python_setup_py']
[0.307s] Level 1:colcon.colcon_core.package_identification:_identify(/home/camilo/2022-tfg-juancamilo-carmona/tfg/src/ros-bridge/packaging) by extension 'python_setup_py'
[0.308s] Level 1:colcon.colcon_core.package_identification:_identify(/home/camilo/2022-tfg-juancamilo-carmona/tfg/src/ros-bridge/packaging/debian) by extensions ['ignore', 'ignore_ament_install']
[0.308s] Level 1:colcon.colcon_core.package_identification:_identify(/home/camilo/2022-tfg-juancamilo-carmona/tfg/src/ros-bridge/packaging/debian) by extension 'ignore'
[0.308s] Level 1:colcon.colcon_core.package_identification:_identify(/home/camilo/2022-tfg-juancamilo-carmona/tfg/src/ros-bridge/packaging/debian) by extension 'ignore_ament_install'
[0.308s] Level 1:colcon.colcon_core.package_identification:_identify(/home/camilo/2022-tfg-juancamilo-carmona/tfg/src/ros-bridge/packaging/debian) by extensions ['colcon_pkg']
[0.308s] Level 1:colcon.colcon_core.package_identification:_identify(/home/camilo/2022-tfg-juancamilo-carmona/tfg/src/ros-bridge/packaging/debian) by extension 'colcon_pkg'
[0.308s] Level 1:colcon.colcon_core.package_identification:_identify(/home/camilo/2022-tfg-juancamilo-carmona/tfg/src/ros-bridge/packaging/debian) by extensions ['colcon_meta']
[0.308s] Level 1:colcon.colcon_core.package_identification:_identify(/home/camilo/2022-tfg-juancamilo-carmona/tfg/src/ros-bridge/packaging/debian) by extension 'colcon_meta'
[0.308s] Level 1:colcon.colcon_core.package_identification:_identify(/home/camilo/2022-tfg-juancamilo-carmona/tfg/src/ros-bridge/packaging/debian) by extensions ['ros']
[0.308s] Level 1:colcon.colcon_core.package_identification:_identify(/home/camilo/2022-tfg-juancamilo-carmona/tfg/src/ros-bridge/packaging/debian) by extension 'ros'
[0.308s] Level 1:colcon.colcon_core.package_identification:_identify(/home/camilo/2022-tfg-juancamilo-carmona/tfg/src/ros-bridge/packaging/debian) by extensions ['cmake', 'python']
[0.308s] Level 1:colcon.colcon_core.package_identification:_identify(/home/camilo/2022-tfg-juancamilo-carmona/tfg/src/ros-bridge/packaging/debian) by extension 'cmake'
[0.308s] Level 1:colcon.colcon_core.package_identification:_identify(/home/camilo/2022-tfg-juancamilo-carmona/tfg/src/ros-bridge/packaging/debian) by extension 'python'
[0.308s] Level 1:colcon.colcon_core.package_identification:_identify(/home/camilo/2022-tfg-juancamilo-carmona/tfg/src/ros-bridge/packaging/debian) by extensions ['python_setup_py']
[0.308s] Level 1:colcon.colcon_core.package_identification:_identify(/home/camilo/2022-tfg-juancamilo-carmona/tfg/src/ros-bridge/packaging/debian) by extension 'python_setup_py'
[0.308s] Level 1:colcon.colcon_core.package_identification:_identify(/home/camilo/2022-tfg-juancamilo-carmona/tfg/src/ros-bridge/packaging/debian/source) by extensions ['ignore', 'ignore_ament_install']
[0.309s] Level 1:colcon.colcon_core.package_identification:_identify(/home/camilo/2022-tfg-juancamilo-carmona/tfg/src/ros-bridge/packaging/debian/source) by extension 'ignore'
[0.309s] Level 1:colcon.colcon_core.package_identification:_identify(/home/camilo/2022-tfg-juancamilo-carmona/tfg/src/ros-bridge/packaging/debian/source) by extension 'ignore_ament_install'
[0.309s] Level 1:colcon.colcon_core.package_identification:_identify(/home/camilo/2022-tfg-juancamilo-carmona/tfg/src/ros-bridge/packaging/debian/source) by extensions ['colcon_pkg']
[0.309s] Level 1:colcon.colcon_core.package_identification:_identify(/home/camilo/2022-tfg-juancamilo-carmona/tfg/src/ros-bridge/packaging/debian/source) by extension 'colcon_pkg'
[0.309s] Level 1:colcon.colcon_core.package_identification:_identify(/home/camilo/2022-tfg-juancamilo-carmona/tfg/src/ros-bridge/packaging/debian/source) by extensions ['colcon_meta']
[0.309s] Level 1:colcon.colcon_core.package_identification:_identify(/home/camilo/2022-tfg-juancamilo-carmona/tfg/src/ros-bridge/packaging/debian/source) by extension 'colcon_meta'
[0.309s] Level 1:colcon.colcon_core.package_identification:_identify(/home/camilo/2022-tfg-juancamilo-carmona/tfg/src/ros-bridge/packaging/debian/source) by extensions ['ros']
[0.309s] Level 1:colcon.colcon_core.package_identification:_identify(/home/camilo/2022-tfg-juancamilo-carmona/tfg/src/ros-bridge/packaging/debian/source) by extension 'ros'
[0.309s] Level 1:colcon.colcon_core.package_identification:_identify(/home/camilo/2022-tfg-juancamilo-carmona/tfg/src/ros-bridge/packaging/debian/source) by extensions ['cmake', 'python']
[0.309s] Level 1:colcon.colcon_core.package_identification:_identify(/home/camilo/2022-tfg-juancamilo-carmona/tfg/src/ros-bridge/packaging/debian/source) by extension 'cmake'
[0.309s] Level 1:colcon.colcon_core.package_identification:_identify(/home/camilo/2022-tfg-juancamilo-carmona/tfg/src/ros-bridge/packaging/debian/source) by extension 'python'
[0.309s] Level 1:colcon.colcon_core.package_identification:_identify(/home/camilo/2022-tfg-juancamilo-carmona/tfg/src/ros-bridge/packaging/debian/source) by extensions ['python_setup_py']
[0.309s] Level 1:colcon.colcon_core.package_identification:_identify(/home/camilo/2022-tfg-juancamilo-carmona/tfg/src/ros-bridge/packaging/debian/source) by extension 'python_setup_py'
[0.309s] Level 1:colcon.colcon_core.package_identification:_identify(/home/camilo/2022-tfg-juancamilo-carmona/tfg/src/ros-bridge/pcl_recorder) by extensions ['ignore', 'ignore_ament_install']
[0.309s] Level 1:colcon.colcon_core.package_identification:_identify(/home/camilo/2022-tfg-juancamilo-carmona/tfg/src/ros-bridge/pcl_recorder) by extension 'ignore'
[0.309s] Level 1:colcon.colcon_core.package_identification:_identify(/home/camilo/2022-tfg-juancamilo-carmona/tfg/src/ros-bridge/pcl_recorder) by extension 'ignore_ament_install'
[0.309s] Level 1:colcon.colcon_core.package_identification:_identify(/home/camilo/2022-tfg-juancamilo-carmona/tfg/src/ros-bridge/pcl_recorder) by extensions ['colcon_pkg']
[0.309s] Level 1:colcon.colcon_core.package_identification:_identify(/home/camilo/2022-tfg-juancamilo-carmona/tfg/src/ros-bridge/pcl_recorder) by extension 'colcon_pkg'
[0.310s] Level 1:colcon.colcon_core.package_identification:_identify(/home/camilo/2022-tfg-juancamilo-carmona/tfg/src/ros-bridge/pcl_recorder) by extensions ['colcon_meta']
[0.310s] Level 1:colcon.colcon_core.package_identification:_identify(/home/camilo/2022-tfg-juancamilo-carmona/tfg/src/ros-bridge/pcl_recorder) by extension 'colcon_meta'
[0.310s] Level 1:colcon.colcon_core.package_identification:_identify(/home/camilo/2022-tfg-juancamilo-carmona/tfg/src/ros-bridge/pcl_recorder) by extensions ['ros']
[0.310s] Level 1:colcon.colcon_core.package_identification:_identify(/home/camilo/2022-tfg-juancamilo-carmona/tfg/src/ros-bridge/pcl_recorder) by extension 'ros'
[0.314s] DEBUG:colcon.colcon_core.package_identification:Package '/home/camilo/2022-tfg-juancamilo-carmona/tfg/src/ros-bridge/pcl_recorder' with type 'ros.ament_cmake' and name 'pcl_recorder'
[0.314s] Level 1:colcon.colcon_core.package_identification:_identify(/home/camilo/2022-tfg-juancamilo-carmona/tfg/src/ros-bridge/ros_compatibility) by extensions ['ignore', 'ignore_ament_install']
[0.314s] Level 1:colcon.colcon_core.package_identification:_identify(/home/camilo/2022-tfg-juancamilo-carmona/tfg/src/ros-bridge/ros_compatibility) by extension 'ignore'
[0.314s] Level 1:colcon.colcon_core.package_identification:_identify(/home/camilo/2022-tfg-juancamilo-carmona/tfg/src/ros-bridge/ros_compatibility) by extension 'ignore_ament_install'
[0.314s] Level 1:colcon.colcon_core.package_identification:_identify(/home/camilo/2022-tfg-juancamilo-carmona/tfg/src/ros-bridge/ros_compatibility) by extensions ['colcon_pkg']
[0.314s] Level 1:colcon.colcon_core.package_identification:_identify(/home/camilo/2022-tfg-juancamilo-carmona/tfg/src/ros-bridge/ros_compatibility) by extension 'colcon_pkg'
[0.314s] Level 1:colcon.colcon_core.package_identification:_identify(/home/camilo/2022-tfg-juancamilo-carmona/tfg/src/ros-bridge/ros_compatibility) by extensions ['colcon_meta']
[0.314s] Level 1:colcon.colcon_core.package_identification:_identify(/home/camilo/2022-tfg-juancamilo-carmona/tfg/src/ros-bridge/ros_compatibility) by extension 'colcon_meta'
[0.314s] Level 1:colcon.colcon_core.package_identification:_identify(/home/camilo/2022-tfg-juancamilo-carmona/tfg/src/ros-bridge/ros_compatibility) by extensions ['ros']
[0.315s] Level 1:colcon.colcon_core.package_identification:_identify(/home/camilo/2022-tfg-juancamilo-carmona/tfg/src/ros-bridge/ros_compatibility) by extension 'ros'
[0.318s] DEBUG:colcon.colcon_core.package_identification:Package '/home/camilo/2022-tfg-juancamilo-carmona/tfg/src/ros-bridge/ros_compatibility' with type 'ros.ament_python' and name 'ros_compatibility'
[0.318s] Level 1:colcon.colcon_core.package_identification:_identify(/home/camilo/2022-tfg-juancamilo-carmona/tfg/src/ros-bridge/rqt_carla_control) by extensions ['ignore', 'ignore_ament_install']
[0.318s] Level 1:colcon.colcon_core.package_identification:_identify(/home/camilo/2022-tfg-juancamilo-carmona/tfg/src/ros-bridge/rqt_carla_control) by extension 'ignore'
[0.318s] Level 1:colcon.colcon_core.package_identification:_identify(/home/camilo/2022-tfg-juancamilo-carmona/tfg/src/ros-bridge/rqt_carla_control) by extension 'ignore_ament_install'
[0.318s] Level 1:colcon.colcon_core.package_identification:_identify(/home/camilo/2022-tfg-juancamilo-carmona/tfg/src/ros-bridge/rqt_carla_control) by extensions ['colcon_pkg']
[0.318s] Level 1:colcon.colcon_core.package_identification:_identify(/home/camilo/2022-tfg-juancamilo-carmona/tfg/src/ros-bridge/rqt_carla_control) by extension 'colcon_pkg'
[0.319s] Level 1:colcon.colcon_core.package_identification:_identify(/home/camilo/2022-tfg-juancamilo-carmona/tfg/src/ros-bridge/rqt_carla_control) by extensions ['colcon_meta']
[0.319s] Level 1:colcon.colcon_core.package_identification:_identify(/home/camilo/2022-tfg-juancamilo-carmona/tfg/src/ros-bridge/rqt_carla_control) by extension 'colcon_meta'
[0.319s] Level 1:colcon.colcon_core.package_identification:_identify(/home/camilo/2022-tfg-juancamilo-carmona/tfg/src/ros-bridge/rqt_carla_control) by extensions ['ros']
[0.319s] Level 1:colcon.colcon_core.package_identification:_identify(/home/camilo/2022-tfg-juancamilo-carmona/tfg/src/ros-bridge/rqt_carla_control) by extension 'ros'
[0.321s] DEBUG:colcon.colcon_core.package_identification:Package '/home/camilo/2022-tfg-juancamilo-carmona/tfg/src/ros-bridge/rqt_carla_control' with type 'ros.ament_python' and name 'rqt_carla_control'
[0.321s] Level 1:colcon.colcon_core.package_identification:_identify(/home/camilo/2022-tfg-juancamilo-carmona/tfg/src/ros-bridge/rviz_carla_plugin) by extensions ['ignore', 'ignore_ament_install']
[0.321s] Level 1:colcon.colcon_core.package_identification:_identify(/home/camilo/2022-tfg-juancamilo-carmona/tfg/src/ros-bridge/rviz_carla_plugin) by extension 'ignore'
[0.321s] Level 1:colcon.colcon_core.package_identification:_identify(/home/camilo/2022-tfg-juancamilo-carmona/tfg/src/ros-bridge/rviz_carla_plugin) by extension 'ignore_ament_install'
[0.321s] Level 1:colcon.colcon_core.package_identification:_identify(/home/camilo/2022-tfg-juancamilo-carmona/tfg/src/ros-bridge/rviz_carla_plugin) by extensions ['colcon_pkg']
[0.321s] Level 1:colcon.colcon_core.package_identification:_identify(/home/camilo/2022-tfg-juancamilo-carmona/tfg/src/ros-bridge/rviz_carla_plugin) by extension 'colcon_pkg'
[0.321s] Level 1:colcon.colcon_core.package_identification:_identify(/home/camilo/2022-tfg-juancamilo-carmona/tfg/src/ros-bridge/rviz_carla_plugin) by extensions ['colcon_meta']
[0.321s] Level 1:colcon.colcon_core.package_identification:_identify(/home/camilo/2022-tfg-juancamilo-carmona/tfg/src/ros-bridge/rviz_carla_plugin) by extension 'colcon_meta'
[0.321s] Level 1:colcon.colcon_core.package_identification:_identify(/home/camilo/2022-tfg-juancamilo-carmona/tfg/src/ros-bridge/rviz_carla_plugin) by extensions ['ros']
[0.321s] Level 1:colcon.colcon_core.package_identification:_identify(/home/camilo/2022-tfg-juancamilo-carmona/tfg/src/ros-bridge/rviz_carla_plugin) by extension 'ros'
[0.325s] DEBUG:colcon.colcon_core.package_identification:Package '/home/camilo/2022-tfg-juancamilo-carmona/tfg/src/ros-bridge/rviz_carla_plugin' with type 'ros.ament_cmake' and name 'rviz_carla_plugin'
[0.325s] Level 1:colcon.colcon_core.package_discovery:discover_packages(recursive) using defaults
