[2.054s] Invoking command in '/home/camilo/2022-tfg-juancamilo-carmona/tfg/build/rqt_carla_control': PYTHONPATH=/home/camilo/2022-tfg-juancamilo-carmona/tfg/build/rqt_carla_control/prefix_override:/home/camilo/2022-tfg-juancamilo-carmona/tfg/install/rqt_carla_control/lib/python3.8/site-packages:${PYTHONPATH} /usr/bin/python3 setup.py develop --editable --build-directory /home/camilo/2022-tfg-juancamilo-carmona/tfg/build/rqt_carla_control/build --no-deps install_data
[2.254s] running develop
[2.442s] running egg_info
[2.443s] creating src/rqt_carla_control.egg-info
[2.443s] writing src/rqt_carla_control.egg-info/PKG-INFO
[2.443s] writing dependency_links to src/rqt_carla_control.egg-info/dependency_links.txt
[2.443s] writing requirements to src/rqt_carla_control.egg-info/requires.txt
[2.443s] writing top-level names to src/rqt_carla_control.egg-info/top_level.txt
[2.444s] writing manifest file 'src/rqt_carla_control.egg-info/SOURCES.txt'
[2.474s] reading manifest file 'src/rqt_carla_control.egg-info/SOURCES.txt'
[2.474s] writing manifest file 'src/rqt_carla_control.egg-info/SOURCES.txt'
[2.507s] running build_ext
[2.507s] Creating /home/camilo/2022-tfg-juancamilo-carmona/tfg/install/rqt_carla_control/lib/python3.8/site-packages/site.py
[2.509s] Creating /home/camilo/2022-tfg-juancamilo-carmona/tfg/install/rqt_carla_control/lib/python3.8/site-packages/rqt-carla-control.egg-link (link to src)
[2.510s] Installing rqt_carla_control script to /home/camilo/2022-tfg-juancamilo-carmona/tfg/install/rqt_carla_control/lib/rqt_carla_control
[2.510s] 
[2.511s] Installed /home/camilo/2022-tfg-juancamilo-carmona/tfg/build/rqt_carla_control/src
[2.511s] running install_data
[2.511s] creating /home/camilo/2022-tfg-juancamilo-carmona/tfg/install/rqt_carla_control/share/ament_index
[2.511s] creating /home/camilo/2022-tfg-juancamilo-carmona/tfg/install/rqt_carla_control/share/ament_index/resource_index
[2.511s] creating /home/camilo/2022-tfg-juancamilo-carmona/tfg/install/rqt_carla_control/share/ament_index/resource_index/packages
[2.511s] copying resource/rqt_carla_control -> /home/camilo/2022-tfg-juancamilo-carmona/tfg/install/rqt_carla_control/share/ament_index/resource_index/packages
[2.511s] copying package.xml -> /home/camilo/2022-tfg-juancamilo-carmona/tfg/install/rqt_carla_control/share/rqt_carla_control
[2.512s] copying plugin.xml -> /home/camilo/2022-tfg-juancamilo-carmona/tfg/install/rqt_carla_control/share/rqt_carla_control
[2.512s] creating /home/camilo/2022-tfg-juancamilo-carmona/tfg/install/rqt_carla_control/share/rqt_carla_control/resource
[2.512s] copying resource/CarlaControl.ui -> /home/camilo/2022-tfg-juancamilo-carmona/tfg/install/rqt_carla_control/share/rqt_carla_control/resource
[2.512s] copying resource/pause.png -> /home/camilo/2022-tfg-juancamilo-carmona/tfg/install/rqt_carla_control/share/rqt_carla_control/resource
[2.512s] copying resource/play.png -> /home/camilo/2022-tfg-juancamilo-carmona/tfg/install/rqt_carla_control/share/rqt_carla_control/resource
[2.512s] copying resource/step_once.png -> /home/camilo/2022-tfg-juancamilo-carmona/tfg/install/rqt_carla_control/share/rqt_carla_control/resource
[2.539s] Invoked command in '/home/camilo/2022-tfg-juancamilo-carmona/tfg/build/rqt_carla_control' returned '0': PYTHONPATH=/home/camilo/2022-tfg-juancamilo-carmona/tfg/build/rqt_carla_control/prefix_override:/home/camilo/2022-tfg-juancamilo-carmona/tfg/install/rqt_carla_control/lib/python3.8/site-packages:${PYTHONPATH} /usr/bin/python3 setup.py develop --editable --build-directory /home/camilo/2022-tfg-juancamilo-carmona/tfg/build/rqt_carla_control/build --no-deps install_data
