[2.018s] Invoking command in '/home/camilo/2022-tfg-juancamilo-carmona/tfg/build/carla_twist_to_control': PYTHONPATH=/home/camilo/2022-tfg-juancamilo-carmona/tfg/install/carla_twist_to_control/lib/python3.8/site-packages:${PYTHONPATH} /usr/bin/python3 setup.py develop --prefix /home/camilo/2022-tfg-juancamilo-carmona/tfg/install/carla_twist_to_control --editable --build-directory /home/camilo/2022-tfg-juancamilo-carmona/tfg/build/carla_twist_to_control/build --no-deps install_data --install-dir /home/camilo/2022-tfg-juancamilo-carmona/tfg/install/carla_twist_to_control
[2.433s] running develop
[2.628s] running egg_info
[2.628s] creating src/carla_twist_to_control.egg-info
[2.628s] writing src/carla_twist_to_control.egg-info/PKG-INFO
[2.628s] writing dependency_links to src/carla_twist_to_control.egg-info/dependency_links.txt
[2.628s] writing entry points to src/carla_twist_to_control.egg-info/entry_points.txt
[2.628s] writing requirements to src/carla_twist_to_control.egg-info/requires.txt
[2.628s] writing top-level names to src/carla_twist_to_control.egg-info/top_level.txt
[2.630s] writing manifest file 'src/carla_twist_to_control.egg-info/SOURCES.txt'
[2.663s] reading manifest file 'src/carla_twist_to_control.egg-info/SOURCES.txt'
[2.664s] writing manifest file 'src/carla_twist_to_control.egg-info/SOURCES.txt'
[2.707s] running build_ext
[2.709s] Creating /home/camilo/2022-tfg-juancamilo-carmona/tfg/install/carla_twist_to_control/lib/python3.8/site-packages/site.py
[2.710s] Creating /home/camilo/2022-tfg-juancamilo-carmona/tfg/install/carla_twist_to_control/lib/python3.8/site-packages/carla-twist-to-control.egg-link (link to src)
[2.711s] Installing carla_twist_to_control script to /home/camilo/2022-tfg-juancamilo-carmona/tfg/install/carla_twist_to_control/lib/carla_twist_to_control
[2.712s] 
[2.712s] Installed /home/camilo/2022-tfg-juancamilo-carmona/tfg/build/carla_twist_to_control/src
[2.716s] running install_data
[2.717s] creating /home/camilo/2022-tfg-juancamilo-carmona/tfg/install/carla_twist_to_control/share/ament_index
[2.717s] creating /home/camilo/2022-tfg-juancamilo-carmona/tfg/install/carla_twist_to_control/share/ament_index/resource_index
[2.717s] creating /home/camilo/2022-tfg-juancamilo-carmona/tfg/install/carla_twist_to_control/share/ament_index/resource_index/packages
[2.718s] copying resource/carla_twist_to_control -> /home/camilo/2022-tfg-juancamilo-carmona/tfg/install/carla_twist_to_control/share/ament_index/resource_index/packages
[2.718s] copying package.xml -> /home/camilo/2022-tfg-juancamilo-carmona/tfg/install/carla_twist_to_control/share/carla_twist_to_control
[2.718s] copying launch/carla_twist_to_control.launch.py -> /home/camilo/2022-tfg-juancamilo-carmona/tfg/install/carla_twist_to_control/share/carla_twist_to_control
[2.762s] Invoked command in '/home/camilo/2022-tfg-juancamilo-carmona/tfg/build/carla_twist_to_control' returned '0': PYTHONPATH=/home/camilo/2022-tfg-juancamilo-carmona/tfg/install/carla_twist_to_control/lib/python3.8/site-packages:${PYTHONPATH} /usr/bin/python3 setup.py develop --prefix /home/camilo/2022-tfg-juancamilo-carmona/tfg/install/carla_twist_to_control --editable --build-directory /home/camilo/2022-tfg-juancamilo-carmona/tfg/build/carla_twist_to_control/build --no-deps install_data --install-dir /home/camilo/2022-tfg-juancamilo-carmona/tfg/install/carla_twist_to_control
