[1.892s] Invoking command in '/home/camilo/2022-tfg-juancamilo-carmona/tfg/build/rqt_carla_control': PYTHONPATH=/home/camilo/2022-tfg-juancamilo-carmona/tfg/install/rqt_carla_control/lib/python3.8/site-packages:${PYTHONPATH} /usr/bin/python3 setup.py develop --prefix /home/camilo/2022-tfg-juancamilo-carmona/tfg/install/rqt_carla_control --editable --build-directory /home/camilo/2022-tfg-juancamilo-carmona/tfg/build/rqt_carla_control/build --no-deps install_data --install-dir /home/camilo/2022-tfg-juancamilo-carmona/tfg/install/rqt_carla_control
[2.347s] running develop
[2.594s] running egg_info
[2.594s] creating src/rqt_carla_control.egg-info
[2.594s] writing src/rqt_carla_control.egg-info/PKG-INFO
[2.594s] writing dependency_links to src/rqt_carla_control.egg-info/dependency_links.txt
[2.595s] writing requirements to src/rqt_carla_control.egg-info/requires.txt
[2.595s] writing top-level names to src/rqt_carla_control.egg-info/top_level.txt
[2.597s] writing manifest file 'src/rqt_carla_control.egg-info/SOURCES.txt'
[2.646s] reading manifest file 'src/rqt_carla_control.egg-info/SOURCES.txt'
[2.647s] writing manifest file 'src/rqt_carla_control.egg-info/SOURCES.txt'
[2.719s] running build_ext
[2.720s] Creating /home/camilo/2022-tfg-juancamilo-carmona/tfg/install/rqt_carla_control/lib/python3.8/site-packages/site.py
[2.720s] Creating /home/camilo/2022-tfg-juancamilo-carmona/tfg/install/rqt_carla_control/lib/python3.8/site-packages/rqt-carla-control.egg-link (link to src)
[2.725s] Installing rqt_carla_control script to /home/camilo/2022-tfg-juancamilo-carmona/tfg/install/rqt_carla_control/lib/rqt_carla_control
[2.725s] 
[2.726s] Installed /home/camilo/2022-tfg-juancamilo-carmona/tfg/build/rqt_carla_control/src
[2.726s] running install_data
[2.726s] creating /home/camilo/2022-tfg-juancamilo-carmona/tfg/install/rqt_carla_control/share/ament_index
[2.726s] creating /home/camilo/2022-tfg-juancamilo-carmona/tfg/install/rqt_carla_control/share/ament_index/resource_index
[2.727s] creating /home/camilo/2022-tfg-juancamilo-carmona/tfg/install/rqt_carla_control/share/ament_index/resource_index/packages
[2.727s] copying resource/rqt_carla_control -> /home/camilo/2022-tfg-juancamilo-carmona/tfg/install/rqt_carla_control/share/ament_index/resource_index/packages
[2.727s] copying package.xml -> /home/camilo/2022-tfg-juancamilo-carmona/tfg/install/rqt_carla_control/share/rqt_carla_control
[2.728s] copying plugin.xml -> /home/camilo/2022-tfg-juancamilo-carmona/tfg/install/rqt_carla_control/share/rqt_carla_control
[2.733s] creating /home/camilo/2022-tfg-juancamilo-carmona/tfg/install/rqt_carla_control/share/rqt_carla_control/resource
[2.733s] copying resource/CarlaControl.ui -> /home/camilo/2022-tfg-juancamilo-carmona/tfg/install/rqt_carla_control/share/rqt_carla_control/resource
[2.734s] copying resource/pause.png -> /home/camilo/2022-tfg-juancamilo-carmona/tfg/install/rqt_carla_control/share/rqt_carla_control/resource
[2.734s] copying resource/play.png -> /home/camilo/2022-tfg-juancamilo-carmona/tfg/install/rqt_carla_control/share/rqt_carla_control/resource
[2.734s] copying resource/step_once.png -> /home/camilo/2022-tfg-juancamilo-carmona/tfg/install/rqt_carla_control/share/rqt_carla_control/resource
[2.769s] Invoked command in '/home/camilo/2022-tfg-juancamilo-carmona/tfg/build/rqt_carla_control' returned '0': PYTHONPATH=/home/camilo/2022-tfg-juancamilo-carmona/tfg/install/rqt_carla_control/lib/python3.8/site-packages:${PYTHONPATH} /usr/bin/python3 setup.py develop --prefix /home/camilo/2022-tfg-juancamilo-carmona/tfg/install/rqt_carla_control --editable --build-directory /home/camilo/2022-tfg-juancamilo-carmona/tfg/build/rqt_carla_control/build --no-deps install_data --install-dir /home/camilo/2022-tfg-juancamilo-carmona/tfg/install/rqt_carla_control
