[0.570s] Invoking command in '/home/camilo/2022-tfg-juancamilo-carmona/tfg/build/carla_ackermann_msgs': CMAKE_PREFIX_PATH=/opt/ros/foxy /usr/bin/cmake /home/camilo/2022-tfg-juancamilo-carmona/tfg/src/ros-bridge/carla_ackermann_msgs -DAMENT_CMAKE_SYMLINK_INSTALL=1 -DCMAKE_INSTALL_PREFIX=/home/camilo/2022-tfg-juancamilo-carmona/tfg/install/carla_ackermann_msgs
[1.405s] -- The C compiler identification is GNU 9.4.0
[1.405s] -- The CXX compiler identification is GNU 9.4.0
[1.407s] -- Check for working C compiler: /usr/bin/cc
[1.408s] -- Check for working C compiler: /usr/bin/cc -- works
[1.408s] -- Detecting C compiler ABI info
[1.409s] -- Detecting C compiler ABI info - done
[1.409s] -- Detecting C compile features
[1.409s] -- Detecting C compile features - done
[1.410s] -- Check for working CXX compiler: /usr/bin/c++
[1.410s] -- Check for working CXX compiler: /usr/bin/c++ -- works
[1.410s] -- Detecting CXX compiler ABI info
[1.411s] -- Detecting CXX compiler ABI info - done
[1.411s] -- Detecting CXX compile features
[1.411s] -- Detecting CXX compile features - done
[1.411s] -- Found ros_environment: 2.5.1 (/opt/ros/foxy/share/ros_environment/cmake)
[1.413s] -- Found ament_cmake: 0.9.11 (/opt/ros/foxy/share/ament_cmake/cmake)
[1.414s] -- Found PythonInterp: /usr/bin/python3 (found suitable version "3.8.10", minimum required is "3") 
[1.415s] -- Using PYTHON_EXECUTABLE: /usr/bin/python3
[1.415s] -- Override CMake install command with custom implementation using symlinks instead of copying resources
[1.415s] -- Found builtin_interfaces: 1.0.0 (/opt/ros/foxy/share/builtin_interfaces/cmake)
[1.416s] -- Using all available rosidl_typesupport_c: rosidl_typesupport_fastrtps_c;rosidl_typesupport_introspection_c
[1.416s] -- Found rosidl_adapter: 1.3.0 (/opt/ros/foxy/share/rosidl_adapter/cmake)
[1.416s] -- Found OpenSSL: /usr/lib/x86_64-linux-gnu/libcrypto.so (found version "1.1.1f")  
[1.427s] -- Found FastRTPS: /opt/ros/foxy/include  
[1.496s] -- Using all available rosidl_typesupport_cpp: rosidl_typesupport_fastrtps_cpp;rosidl_typesupport_introspection_cpp
[1.523s] -- Found std_msgs: 2.0.5 (/opt/ros/foxy/share/std_msgs/cmake)
[1.551s] -- Found carla_msgs: 1.3.0 (/opt/ros/foxy/share/carla_msgs/cmake)
[1.742s] -- Found rosidl_default_generators: 1.0.1 (/opt/ros/foxy/share/rosidl_default_generators/cmake)
[1.774s] -- Found PythonInterp: /usr/bin/python3 (found version "3.8.10") 
[2.015s] -- Found ament_cmake_cppcheck: 0.9.7 (/opt/ros/foxy/share/ament_cmake_cppcheck/cmake)
[2.018s] -- Found ament_cmake_cpplint: 0.9.7 (/opt/ros/foxy/share/ament_cmake_cpplint/cmake)
[2.024s] -- Found ament_cmake_uncrustify: 0.9.7 (/opt/ros/foxy/share/ament_cmake_uncrustify/cmake)
[2.025s] -- Found ament_cmake_ros: 0.9.2 (/opt/ros/foxy/share/ament_cmake_ros/cmake)
[2.570s] -- Using all available rosidl_typesupport_c: rosidl_typesupport_fastrtps_c;rosidl_typesupport_introspection_c
[2.844s] -- Using all available rosidl_typesupport_cpp: rosidl_typesupport_fastrtps_cpp;rosidl_typesupport_introspection_cpp
[2.873s] -- Found PythonInterp: /usr/bin/python3 (found suitable version "3.8.10", minimum required is "3.5") 
[2.874s] -- Found python_cmake_module: 0.8.1 (/opt/ros/foxy/share/python_cmake_module/cmake)
[2.899s] -- Found PythonLibs: /usr/lib/x86_64-linux-gnu/libpython3.8.so (found suitable version "3.8.10", minimum required is "3.5") 
[2.899s] -- Using PYTHON_EXECUTABLE: /usr/bin/python3
[2.899s] -- Using PYTHON_INCLUDE_DIRS: /usr/include/python3.8
[2.899s] -- Using PYTHON_LIBRARIES: /usr/lib/x86_64-linux-gnu/libpython3.8.so
[2.920s] -- Found PythonExtra: .so  
[3.020s] -- Found ament_cmake_flake8: 0.9.7 (/opt/ros/foxy/share/ament_cmake_flake8/cmake)
[3.022s] -- Found ament_cmake_pep257: 0.9.7 (/opt/ros/foxy/share/ament_cmake_pep257/cmake)
[3.027s] -- Found ament_lint_auto: 0.9.7 (/opt/ros/foxy/share/ament_lint_auto/cmake)
[3.043s] -- Added test 'copyright' to check source files copyright and LICENSE
[3.043s] -- Added test 'lint_cmake' to check CMake code style
[3.044s] -- Added test 'xmllint' to check XML markup files
[3.050s] -- Configuring done
[3.148s] -- Generating done
[3.153s] -- Build files have been written to: /home/camilo/2022-tfg-juancamilo-carmona/tfg/build/carla_ackermann_msgs
[4.472s] Invoked command in '/home/camilo/2022-tfg-juancamilo-carmona/tfg/build/carla_ackermann_msgs' returned '0': CMAKE_PREFIX_PATH=/opt/ros/foxy /usr/bin/cmake /home/camilo/2022-tfg-juancamilo-carmona/tfg/src/ros-bridge/carla_ackermann_msgs -DAMENT_CMAKE_SYMLINK_INSTALL=1 -DCMAKE_INSTALL_PREFIX=/home/camilo/2022-tfg-juancamilo-carmona/tfg/install/carla_ackermann_msgs
[4.474s] Invoking command in '/home/camilo/2022-tfg-juancamilo-carmona/tfg/build/carla_ackermann_msgs': CMAKE_PREFIX_PATH=/opt/ros/foxy /usr/bin/cmake --build /home/camilo/2022-tfg-juancamilo-carmona/tfg/build/carla_ackermann_msgs -- -j12 -l12
[4.521s] [35m[1mScanning dependencies of target carla_ackermann_msgs__cpp[0m
[4.522s] [  1%] [34m[1mGenerating C code for ROS interfaces[0m
[4.540s] [  3%] [34m[1mGenerating C++ code for ROS interfaces[0m
[5.772s] [  3%] Built target carla_ackermann_msgs__cpp
[5.850s] [  4%] [34m[1mGenerating C++ introspection for ROS interfaces[0m
[5.881s] [  6%] [34m[1mGenerating C++ type support for eProsima Fast-RTPS[0m
[5.893s] [  7%] [34m[1mGenerating C++ type support dispatch for ROS interfaces[0m
[5.897s] [35m[1mScanning dependencies of target carla_ackermann_msgs__rosidl_generator_c[0m
[5.978s] [  9%] [32mBuilding C object CMakeFiles/carla_ackermann_msgs__rosidl_generator_c.dir/rosidl_generator_c/carla_ackermann_msgs/msg/detail/ego_vehicle_control_info__functions.c.o[0m
[5.980s] [ 11%] [32mBuilding C object CMakeFiles/carla_ackermann_msgs__rosidl_generator_c.dir/rosidl_generator_c/carla_ackermann_msgs/msg/detail/ego_vehicle_control_current__functions.c.o[0m
[5.984s] [ 12%] [32mBuilding C object CMakeFiles/carla_ackermann_msgs__rosidl_generator_c.dir/rosidl_generator_c/carla_ackermann_msgs/msg/detail/ego_vehicle_control_maxima__functions.c.o[0m
[6.025s] [ 14%] [32mBuilding C object CMakeFiles/carla_ackermann_msgs__rosidl_generator_c.dir/rosidl_generator_c/carla_ackermann_msgs/msg/detail/ego_vehicle_control_status__functions.c.o[0m
[6.082s] [ 15%] [32mBuilding C object CMakeFiles/carla_ackermann_msgs__rosidl_generator_c.dir/rosidl_generator_c/carla_ackermann_msgs/msg/detail/ego_vehicle_control_target__functions.c.o[0m
[6.308s] [ 17%] [32m[1mLinking C shared library libcarla_ackermann_msgs__rosidl_generator_c.so[0m
[6.504s] [ 17%] Built target carla_ackermann_msgs__rosidl_generator_c
[6.572s] [ 19%] [34m[1mGenerating C type support dispatch for ROS interfaces[0m
[6.585s] [ 20%] [34m[1mGenerating C introspection for ROS interfaces[0m
[7.080s] [35m[1mScanning dependencies of target carla_ackermann_msgs__rosidl_typesupport_introspection_cpp[0m
[7.104s] [ 23%] [32mBuilding CXX object CMakeFiles/carla_ackermann_msgs__rosidl_typesupport_introspection_cpp.dir/rosidl_typesupport_introspection_cpp/carla_ackermann_msgs/msg/detail/ego_vehicle_control_maxima__type_support.cpp.o[0m
[7.105s] [ 23%] [32mBuilding CXX object CMakeFiles/carla_ackermann_msgs__rosidl_typesupport_introspection_cpp.dir/rosidl_typesupport_introspection_cpp/carla_ackermann_msgs/msg/detail/ego_vehicle_control_status__type_support.cpp.o[0m
[7.105s] [ 25%] [32mBuilding CXX object CMakeFiles/carla_ackermann_msgs__rosidl_typesupport_introspection_cpp.dir/rosidl_typesupport_introspection_cpp/carla_ackermann_msgs/msg/detail/ego_vehicle_control_info__type_support.cpp.o[0m
[7.106s] [ 26%] [32mBuilding CXX object CMakeFiles/carla_ackermann_msgs__rosidl_typesupport_introspection_cpp.dir/rosidl_typesupport_introspection_cpp/carla_ackermann_msgs/msg/detail/ego_vehicle_control_current__type_support.cpp.o[0m
[7.119s] [ 28%] [32mBuilding CXX object CMakeFiles/carla_ackermann_msgs__rosidl_typesupport_introspection_cpp.dir/rosidl_typesupport_introspection_cpp/carla_ackermann_msgs/msg/detail/ego_vehicle_control_target__type_support.cpp.o[0m
[7.198s] [35m[1mScanning dependencies of target carla_ackermann_msgs__rosidl_typesupport_fastrtps_cpp[0m
[7.238s] [ 30%] [32mBuilding CXX object CMakeFiles/carla_ackermann_msgs__rosidl_typesupport_fastrtps_cpp.dir/rosidl_typesupport_fastrtps_cpp/carla_ackermann_msgs/msg/detail/dds_fastrtps/ego_vehicle_control_info__type_support.cpp.o[0m
[7.245s] [35m[1mScanning dependencies of target carla_ackermann_msgs__rosidl_typesupport_cpp[0m
[7.251s] [ 33%] [32mBuilding CXX object CMakeFiles/carla_ackermann_msgs__rosidl_typesupport_fastrtps_cpp.dir/rosidl_typesupport_fastrtps_cpp/carla_ackermann_msgs/msg/detail/dds_fastrtps/ego_vehicle_control_current__type_support.cpp.o[0m
[7.251s] [ 33%] [32mBuilding CXX object CMakeFiles/carla_ackermann_msgs__rosidl_typesupport_fastrtps_cpp.dir/rosidl_typesupport_fastrtps_cpp/carla_ackermann_msgs/msg/detail/dds_fastrtps/ego_vehicle_control_maxima__type_support.cpp.o[0m
[7.255s] [ 34%] [32mBuilding CXX object CMakeFiles/carla_ackermann_msgs__rosidl_typesupport_fastrtps_cpp.dir/rosidl_typesupport_fastrtps_cpp/carla_ackermann_msgs/msg/detail/dds_fastrtps/ego_vehicle_control_status__type_support.cpp.o[0m
[7.287s] [ 36%] [32mBuilding CXX object CMakeFiles/carla_ackermann_msgs__rosidl_typesupport_cpp.dir/rosidl_typesupport_cpp/carla_ackermann_msgs/msg/ego_vehicle_control_info__type_support.cpp.o[0m
[7.597s] [ 38%] [32mBuilding CXX object CMakeFiles/carla_ackermann_msgs__rosidl_typesupport_cpp.dir/rosidl_typesupport_cpp/carla_ackermann_msgs/msg/ego_vehicle_control_current__type_support.cpp.o[0m
[7.644s] [35m[1mScanning dependencies of target carla_ackermann_msgs__rosidl_typesupport_c[0m
[7.670s] [ 39%] [32mBuilding CXX object CMakeFiles/carla_ackermann_msgs__rosidl_typesupport_cpp.dir/rosidl_typesupport_cpp/carla_ackermann_msgs/msg/ego_vehicle_control_maxima__type_support.cpp.o[0m
[7.678s] [ 42%] [32mBuilding CXX object CMakeFiles/carla_ackermann_msgs__rosidl_typesupport_c.dir/rosidl_typesupport_c/carla_ackermann_msgs/msg/ego_vehicle_control_info__type_support.cpp.o[0m
[7.679s] [ 42%] [32mBuilding CXX object CMakeFiles/carla_ackermann_msgs__rosidl_typesupport_fastrtps_cpp.dir/rosidl_typesupport_fastrtps_cpp/carla_ackermann_msgs/msg/detail/dds_fastrtps/ego_vehicle_control_target__type_support.cpp.o[0m
[7.694s] [ 44%] [32m[1mLinking CXX shared library libcarla_ackermann_msgs__rosidl_typesupport_introspection_cpp.so[0m
[7.735s] [ 46%] [32mBuilding CXX object CMakeFiles/carla_ackermann_msgs__rosidl_typesupport_cpp.dir/rosidl_typesupport_cpp/carla_ackermann_msgs/msg/ego_vehicle_control_status__type_support.cpp.o[0m
[7.753s] [35m[1mScanning dependencies of target carla_ackermann_msgs__rosidl_typesupport_introspection_c[0m
[7.772s] [ 47%] [32mBuilding CXX object CMakeFiles/carla_ackermann_msgs__rosidl_typesupport_c.dir/rosidl_typesupport_c/carla_ackermann_msgs/msg/ego_vehicle_control_current__type_support.cpp.o[0m
[7.828s] [ 49%] [32mBuilding C object CMakeFiles/carla_ackermann_msgs__rosidl_typesupport_introspection_c.dir/rosidl_typesupport_introspection_c/carla_ackermann_msgs/msg/detail/ego_vehicle_control_info__type_support.c.o[0m
[7.906s] [ 49%] Built target carla_ackermann_msgs__rosidl_typesupport_introspection_cpp
[7.919s] [ 50%] [32mBuilding CXX object CMakeFiles/carla_ackermann_msgs__rosidl_typesupport_c.dir/rosidl_typesupport_c/carla_ackermann_msgs/msg/ego_vehicle_control_maxima__type_support.cpp.o[0m
[7.920s] [ 52%] [32mBuilding C object CMakeFiles/carla_ackermann_msgs__rosidl_typesupport_introspection_c.dir/rosidl_typesupport_introspection_c/carla_ackermann_msgs/msg/detail/ego_vehicle_control_current__type_support.c.o[0m
[7.945s] [ 53%] [32mBuilding C object CMakeFiles/carla_ackermann_msgs__rosidl_typesupport_introspection_c.dir/rosidl_typesupport_introspection_c/carla_ackermann_msgs/msg/detail/ego_vehicle_control_maxima__type_support.c.o[0m
[7.947s] [ 55%] [32mBuilding CXX object CMakeFiles/carla_ackermann_msgs__rosidl_typesupport_cpp.dir/rosidl_typesupport_cpp/carla_ackermann_msgs/msg/ego_vehicle_control_target__type_support.cpp.o[0m
[8.003s] [ 57%] [32mBuilding CXX object CMakeFiles/carla_ackermann_msgs__rosidl_typesupport_c.dir/rosidl_typesupport_c/carla_ackermann_msgs/msg/ego_vehicle_control_status__type_support.cpp.o[0m
[8.019s] [ 58%] [32mBuilding C object CMakeFiles/carla_ackermann_msgs__rosidl_typesupport_introspection_c.dir/rosidl_typesupport_introspection_c/carla_ackermann_msgs/msg/detail/ego_vehicle_control_status__type_support.c.o[0m
[8.019s] [ 60%] [32mBuilding C object CMakeFiles/carla_ackermann_msgs__rosidl_typesupport_introspection_c.dir/rosidl_typesupport_introspection_c/carla_ackermann_msgs/msg/detail/ego_vehicle_control_target__type_support.c.o[0m
[8.028s] [ 61%] [32mBuilding CXX object CMakeFiles/carla_ackermann_msgs__rosidl_typesupport_c.dir/rosidl_typesupport_c/carla_ackermann_msgs/msg/ego_vehicle_control_target__type_support.cpp.o[0m
[8.074s] [ 63%] [32m[1mLinking CXX shared library libcarla_ackermann_msgs__rosidl_typesupport_c.so[0m
[8.092s] [ 65%] [32m[1mLinking C shared library libcarla_ackermann_msgs__rosidl_typesupport_introspection_c.so[0m
[8.145s] [ 65%] Built target carla_ackermann_msgs__rosidl_typesupport_introspection_c
[8.146s] [ 65%] Built target carla_ackermann_msgs__rosidl_typesupport_c
[8.377s] [ 66%] [32m[1mLinking CXX shared library libcarla_ackermann_msgs__rosidl_typesupport_fastrtps_cpp.so[0m
[8.413s] [ 68%] [32m[1mLinking CXX shared library libcarla_ackermann_msgs__rosidl_typesupport_cpp.so[0m
[8.460s] [ 68%] Built target carla_ackermann_msgs__rosidl_typesupport_cpp
[8.479s] [ 68%] Built target carla_ackermann_msgs__rosidl_typesupport_fastrtps_cpp
[8.490s] [ 69%] [34m[1mGenerating C type support for eProsima Fast-RTPS[0m
[9.044s] [35m[1mScanning dependencies of target carla_ackermann_msgs__rosidl_typesupport_fastrtps_c[0m
[9.063s] [ 73%] [32mBuilding CXX object CMakeFiles/carla_ackermann_msgs__rosidl_typesupport_fastrtps_c.dir/rosidl_typesupport_fastrtps_c/carla_ackermann_msgs/msg/detail/ego_vehicle_control_current__type_support_c.cpp.o[0m
[9.063s] [ 73%] [32mBuilding CXX object CMakeFiles/carla_ackermann_msgs__rosidl_typesupport_fastrtps_c.dir/rosidl_typesupport_fastrtps_c/carla_ackermann_msgs/msg/detail/ego_vehicle_control_info__type_support_c.cpp.o[0m
[9.064s] [ 74%] [32mBuilding CXX object CMakeFiles/carla_ackermann_msgs__rosidl_typesupport_fastrtps_c.dir/rosidl_typesupport_fastrtps_c/carla_ackermann_msgs/msg/detail/ego_vehicle_control_status__type_support_c.cpp.o[0m
[9.065s] [ 76%] [32mBuilding CXX object CMakeFiles/carla_ackermann_msgs__rosidl_typesupport_fastrtps_c.dir/rosidl_typesupport_fastrtps_c/carla_ackermann_msgs/msg/detail/ego_vehicle_control_maxima__type_support_c.cpp.o[0m
[9.065s] [ 77%] [32mBuilding CXX object CMakeFiles/carla_ackermann_msgs__rosidl_typesupport_fastrtps_c.dir/rosidl_typesupport_fastrtps_c/carla_ackermann_msgs/msg/detail/ego_vehicle_control_target__type_support_c.cpp.o[0m
[9.617s] [ 79%] [32m[1mLinking CXX shared library libcarla_ackermann_msgs__rosidl_typesupport_fastrtps_c.so[0m
[9.715s] [ 79%] Built target carla_ackermann_msgs__rosidl_typesupport_fastrtps_c
[9.724s] [35m[1mScanning dependencies of target carla_ackermann_msgs[0m
[9.734s] [ 79%] Built target carla_ackermann_msgs
[9.744s] [35m[1mScanning dependencies of target carla_ackermann_msgs__py[0m
[9.755s] [ 80%] [34m[1mGenerating Python code for ROS interfaces[0m
[10.793s] [ 80%] Built target carla_ackermann_msgs__py
[10.803s] [35m[1mScanning dependencies of target carla_ackermann_msgs__python[0m
[10.826s] [ 82%] [32mBuilding C object CMakeFiles/carla_ackermann_msgs__python.dir/rosidl_generator_py/carla_ackermann_msgs/msg/_ego_vehicle_control_info_s.c.o[0m
[10.829s] [ 87%] [32mBuilding C object CMakeFiles/carla_ackermann_msgs__python.dir/rosidl_generator_py/carla_ackermann_msgs/msg/_ego_vehicle_control_maxima_s.c.o[0m
[10.830s] [ 87%] [32mBuilding C object CMakeFiles/carla_ackermann_msgs__python.dir/rosidl_generator_py/carla_ackermann_msgs/msg/_ego_vehicle_control_status_s.c.o[0m
[10.830s] [ 87%] [32mBuilding C object CMakeFiles/carla_ackermann_msgs__python.dir/rosidl_generator_py/carla_ackermann_msgs/msg/_ego_vehicle_control_current_s.c.o[0m
[10.830s] [ 88%] [32mBuilding C object CMakeFiles/carla_ackermann_msgs__python.dir/rosidl_generator_py/carla_ackermann_msgs/msg/_ego_vehicle_control_target_s.c.o[0m
[10.965s] [ 90%] [32m[1mLinking C shared library rosidl_generator_py/carla_ackermann_msgs/libcarla_ackermann_msgs__python.so[0m
[11.011s] [ 90%] Built target carla_ackermann_msgs__python
[11.030s] [35m[1mScanning dependencies of target carla_ackermann_msgs__rosidl_typesupport_c__pyext[0m
[11.031s] [35m[1mScanning dependencies of target carla_ackermann_msgs__rosidl_typesupport_introspection_c__pyext[0m
[11.031s] [35m[1mScanning dependencies of target carla_ackermann_msgs__rosidl_typesupport_fastrtps_c__pyext[0m
[11.041s] [ 93%] [32mBuilding C object CMakeFiles/carla_ackermann_msgs__rosidl_typesupport_introspection_c__pyext.dir/rosidl_generator_py/carla_ackermann_msgs/_carla_ackermann_msgs_s.ep.rosidl_typesupport_introspection_c.c.o[0m
[11.042s] [ 93%] [32mBuilding C object CMakeFiles/carla_ackermann_msgs__rosidl_typesupport_c__pyext.dir/rosidl_generator_py/carla_ackermann_msgs/_carla_ackermann_msgs_s.ep.rosidl_typesupport_c.c.o[0m
[11.052s] [ 95%] [32mBuilding C object CMakeFiles/carla_ackermann_msgs__rosidl_typesupport_fastrtps_c__pyext.dir/rosidl_generator_py/carla_ackermann_msgs/_carla_ackermann_msgs_s.ep.rosidl_typesupport_fastrtps_c.c.o[0m
[11.138s] [ 96%] [32m[1mLinking C shared library rosidl_generator_py/carla_ackermann_msgs/carla_ackermann_msgs_s__rosidl_typesupport_c.cpython-38-x86_64-linux-gnu.so[0m
[11.144s] [ 98%] [32m[1mLinking C shared library rosidl_generator_py/carla_ackermann_msgs/carla_ackermann_msgs_s__rosidl_typesupport_introspection_c.cpython-38-x86_64-linux-gnu.so[0m
[11.147s] [100%] [32m[1mLinking CXX shared library rosidl_generator_py/carla_ackermann_msgs/carla_ackermann_msgs_s__rosidl_typesupport_fastrtps_c.cpython-38-x86_64-linux-gnu.so[0m
[11.180s] [100%] Built target carla_ackermann_msgs__rosidl_typesupport_c__pyext
[11.187s] [100%] Built target carla_ackermann_msgs__rosidl_typesupport_introspection_c__pyext
[11.217s] [100%] Built target carla_ackermann_msgs__rosidl_typesupport_fastrtps_c__pyext
[11.688s] Invoked command in '/home/camilo/2022-tfg-juancamilo-carmona/tfg/build/carla_ackermann_msgs' returned '0': CMAKE_PREFIX_PATH=/opt/ros/foxy /usr/bin/cmake --build /home/camilo/2022-tfg-juancamilo-carmona/tfg/build/carla_ackermann_msgs -- -j12 -l12
[11.770s] Invoking command in '/home/camilo/2022-tfg-juancamilo-carmona/tfg/build/carla_ackermann_msgs': CMAKE_PREFIX_PATH=/opt/ros/foxy /usr/bin/cmake --install /home/camilo/2022-tfg-juancamilo-carmona/tfg/build/carla_ackermann_msgs
[11.778s] -- Install configuration: ""
[11.778s] -- Execute custom install script
[11.779s] -- Symlinking: /home/camilo/2022-tfg-juancamilo-carmona/tfg/install/carla_ackermann_msgs/share/ament_index/resource_index/rosidl_interfaces/carla_ackermann_msgs
[11.788s] -- Symlinking: /home/camilo/2022-tfg-juancamilo-carmona/tfg/install/carla_ackermann_msgs/include/carla_ackermann_msgs/msg/detail/ego_vehicle_control_current__functions.h
[11.799s] -- Symlinking: /home/camilo/2022-tfg-juancamilo-carmona/tfg/install/carla_ackermann_msgs/include/carla_ackermann_msgs/msg/detail/ego_vehicle_control_current__struct.h
[11.808s] -- Symlinking: /home/camilo/2022-tfg-juancamilo-carmona/tfg/install/carla_ackermann_msgs/include/carla_ackermann_msgs/msg/detail/ego_vehicle_control_current__type_support.h
[11.817s] -- Symlinking: /home/camilo/2022-tfg-juancamilo-carmona/tfg/install/carla_ackermann_msgs/include/carla_ackermann_msgs/msg/detail/ego_vehicle_control_info__functions.h
[11.826s] -- Symlinking: /home/camilo/2022-tfg-juancamilo-carmona/tfg/install/carla_ackermann_msgs/include/carla_ackermann_msgs/msg/detail/ego_vehicle_control_info__struct.h
[11.835s] -- Symlinking: /home/camilo/2022-tfg-juancamilo-carmona/tfg/install/carla_ackermann_msgs/include/carla_ackermann_msgs/msg/detail/ego_vehicle_control_info__type_support.h
[11.843s] -- Symlinking: /home/camilo/2022-tfg-juancamilo-carmona/tfg/install/carla_ackermann_msgs/include/carla_ackermann_msgs/msg/detail/ego_vehicle_control_maxima__functions.h
[11.852s] -- Symlinking: /home/camilo/2022-tfg-juancamilo-carmona/tfg/install/carla_ackermann_msgs/include/carla_ackermann_msgs/msg/detail/ego_vehicle_control_maxima__struct.h
[11.860s] -- Symlinking: /home/camilo/2022-tfg-juancamilo-carmona/tfg/install/carla_ackermann_msgs/include/carla_ackermann_msgs/msg/detail/ego_vehicle_control_maxima__type_support.h
[11.874s] -- Symlinking: /home/camilo/2022-tfg-juancamilo-carmona/tfg/install/carla_ackermann_msgs/include/carla_ackermann_msgs/msg/detail/ego_vehicle_control_status__functions.h
[11.878s] -- Symlinking: /home/camilo/2022-tfg-juancamilo-carmona/tfg/install/carla_ackermann_msgs/include/carla_ackermann_msgs/msg/detail/ego_vehicle_control_status__struct.h
[11.887s] -- Symlinking: /home/camilo/2022-tfg-juancamilo-carmona/tfg/install/carla_ackermann_msgs/include/carla_ackermann_msgs/msg/detail/ego_vehicle_control_status__type_support.h
[11.896s] -- Symlinking: /home/camilo/2022-tfg-juancamilo-carmona/tfg/install/carla_ackermann_msgs/include/carla_ackermann_msgs/msg/detail/ego_vehicle_control_target__functions.h
[11.905s] -- Symlinking: /home/camilo/2022-tfg-juancamilo-carmona/tfg/install/carla_ackermann_msgs/include/carla_ackermann_msgs/msg/detail/ego_vehicle_control_target__struct.h
[11.913s] -- Symlinking: /home/camilo/2022-tfg-juancamilo-carmona/tfg/install/carla_ackermann_msgs/include/carla_ackermann_msgs/msg/detail/ego_vehicle_control_target__type_support.h
[11.923s] -- Symlinking: /home/camilo/2022-tfg-juancamilo-carmona/tfg/install/carla_ackermann_msgs/include/carla_ackermann_msgs/msg/ego_vehicle_control_current.h
[11.932s] -- Symlinking: /home/camilo/2022-tfg-juancamilo-carmona/tfg/install/carla_ackermann_msgs/include/carla_ackermann_msgs/msg/ego_vehicle_control_info.h
[11.942s] -- Symlinking: /home/camilo/2022-tfg-juancamilo-carmona/tfg/install/carla_ackermann_msgs/include/carla_ackermann_msgs/msg/ego_vehicle_control_maxima.h
[11.952s] -- Symlinking: /home/camilo/2022-tfg-juancamilo-carmona/tfg/install/carla_ackermann_msgs/include/carla_ackermann_msgs/msg/ego_vehicle_control_status.h
[11.965s] -- Symlinking: /home/camilo/2022-tfg-juancamilo-carmona/tfg/install/carla_ackermann_msgs/include/carla_ackermann_msgs/msg/ego_vehicle_control_target.h
[11.970s] -- Symlinking: /home/camilo/2022-tfg-juancamilo-carmona/tfg/install/carla_ackermann_msgs/include/carla_ackermann_msgs/msg/rosidl_generator_c__visibility_control.h
[11.979s] -- Symlinking: /home/camilo/2022-tfg-juancamilo-carmona/tfg/install/carla_ackermann_msgs/share/carla_ackermann_msgs/environment/library_path.sh
[11.987s] -- Symlinking: /home/camilo/2022-tfg-juancamilo-carmona/tfg/install/carla_ackermann_msgs/share/carla_ackermann_msgs/environment/library_path.dsv
[11.997s] -- Symlinking: /home/camilo/2022-tfg-juancamilo-carmona/tfg/install/carla_ackermann_msgs/include/carla_ackermann_msgs/msg/detail/ego_vehicle_control_current__rosidl_typesupport_fastrtps_c.h
[12.006s] -- Symlinking: /home/camilo/2022-tfg-juancamilo-carmona/tfg/install/carla_ackermann_msgs/include/carla_ackermann_msgs/msg/detail/ego_vehicle_control_info__rosidl_typesupport_fastrtps_c.h
[12.016s] -- Symlinking: /home/camilo/2022-tfg-juancamilo-carmona/tfg/install/carla_ackermann_msgs/include/carla_ackermann_msgs/msg/detail/ego_vehicle_control_maxima__rosidl_typesupport_fastrtps_c.h
[12.027s] -- Symlinking: /home/camilo/2022-tfg-juancamilo-carmona/tfg/install/carla_ackermann_msgs/include/carla_ackermann_msgs/msg/detail/ego_vehicle_control_status__rosidl_typesupport_fastrtps_c.h
[12.036s] -- Symlinking: /home/camilo/2022-tfg-juancamilo-carmona/tfg/install/carla_ackermann_msgs/include/carla_ackermann_msgs/msg/detail/ego_vehicle_control_target__rosidl_typesupport_fastrtps_c.h
[12.045s] -- Symlinking: /home/camilo/2022-tfg-juancamilo-carmona/tfg/install/carla_ackermann_msgs/include/carla_ackermann_msgs/msg/rosidl_typesupport_fastrtps_c__visibility_control.h
[12.054s] -- Symlinking: /home/camilo/2022-tfg-juancamilo-carmona/tfg/install/carla_ackermann_msgs/lib/libcarla_ackermann_msgs__rosidl_typesupport_fastrtps_c.so
[12.063s] -- Symlinking: /home/camilo/2022-tfg-juancamilo-carmona/tfg/install/carla_ackermann_msgs/include/carla_ackermann_msgs/msg/detail/ego_vehicle_control_current__rosidl_typesupport_fastrtps_cpp.hpp
[12.071s] -- Symlinking: /home/camilo/2022-tfg-juancamilo-carmona/tfg/install/carla_ackermann_msgs/include/carla_ackermann_msgs/msg/detail/ego_vehicle_control_info__rosidl_typesupport_fastrtps_cpp.hpp
[12.079s] -- Symlinking: /home/camilo/2022-tfg-juancamilo-carmona/tfg/install/carla_ackermann_msgs/include/carla_ackermann_msgs/msg/detail/ego_vehicle_control_maxima__rosidl_typesupport_fastrtps_cpp.hpp
[12.088s] -- Symlinking: /home/camilo/2022-tfg-juancamilo-carmona/tfg/install/carla_ackermann_msgs/include/carla_ackermann_msgs/msg/detail/ego_vehicle_control_status__rosidl_typesupport_fastrtps_cpp.hpp
[12.097s] -- Symlinking: /home/camilo/2022-tfg-juancamilo-carmona/tfg/install/carla_ackermann_msgs/include/carla_ackermann_msgs/msg/detail/ego_vehicle_control_target__rosidl_typesupport_fastrtps_cpp.hpp
[12.106s] -- Symlinking: /home/camilo/2022-tfg-juancamilo-carmona/tfg/install/carla_ackermann_msgs/include/carla_ackermann_msgs/msg/rosidl_typesupport_fastrtps_cpp__visibility_control.h
[12.117s] -- Symlinking: /home/camilo/2022-tfg-juancamilo-carmona/tfg/install/carla_ackermann_msgs/lib/libcarla_ackermann_msgs__rosidl_typesupport_fastrtps_cpp.so
[12.127s] -- Symlinking: /home/camilo/2022-tfg-juancamilo-carmona/tfg/install/carla_ackermann_msgs/include/carla_ackermann_msgs/msg/detail/ego_vehicle_control_current__rosidl_typesupport_introspection_c.h
[12.136s] -- Symlinking: /home/camilo/2022-tfg-juancamilo-carmona/tfg/install/carla_ackermann_msgs/include/carla_ackermann_msgs/msg/detail/ego_vehicle_control_info__rosidl_typesupport_introspection_c.h
[12.146s] -- Symlinking: /home/camilo/2022-tfg-juancamilo-carmona/tfg/install/carla_ackermann_msgs/include/carla_ackermann_msgs/msg/detail/ego_vehicle_control_maxima__rosidl_typesupport_introspection_c.h
[12.155s] -- Symlinking: /home/camilo/2022-tfg-juancamilo-carmona/tfg/install/carla_ackermann_msgs/include/carla_ackermann_msgs/msg/detail/ego_vehicle_control_status__rosidl_typesupport_introspection_c.h
[12.164s] -- Symlinking: /home/camilo/2022-tfg-juancamilo-carmona/tfg/install/carla_ackermann_msgs/include/carla_ackermann_msgs/msg/detail/ego_vehicle_control_target__rosidl_typesupport_introspection_c.h
[12.173s] -- Symlinking: /home/camilo/2022-tfg-juancamilo-carmona/tfg/install/carla_ackermann_msgs/include/carla_ackermann_msgs/msg/rosidl_typesupport_introspection_c__visibility_control.h
[12.186s] -- Symlinking: /home/camilo/2022-tfg-juancamilo-carmona/tfg/install/carla_ackermann_msgs/include/carla_ackermann_msgs/msg/detail/ego_vehicle_control_current__builder.hpp
[12.197s] -- Symlinking: /home/camilo/2022-tfg-juancamilo-carmona/tfg/install/carla_ackermann_msgs/include/carla_ackermann_msgs/msg/detail/ego_vehicle_control_current__struct.hpp
[12.207s] -- Symlinking: /home/camilo/2022-tfg-juancamilo-carmona/tfg/install/carla_ackermann_msgs/include/carla_ackermann_msgs/msg/detail/ego_vehicle_control_current__traits.hpp
[12.216s] -- Symlinking: /home/camilo/2022-tfg-juancamilo-carmona/tfg/install/carla_ackermann_msgs/include/carla_ackermann_msgs/msg/detail/ego_vehicle_control_info__builder.hpp
[12.226s] -- Symlinking: /home/camilo/2022-tfg-juancamilo-carmona/tfg/install/carla_ackermann_msgs/include/carla_ackermann_msgs/msg/detail/ego_vehicle_control_info__struct.hpp
[12.239s] -- Symlinking: /home/camilo/2022-tfg-juancamilo-carmona/tfg/install/carla_ackermann_msgs/include/carla_ackermann_msgs/msg/detail/ego_vehicle_control_info__traits.hpp
[12.247s] -- Symlinking: /home/camilo/2022-tfg-juancamilo-carmona/tfg/install/carla_ackermann_msgs/include/carla_ackermann_msgs/msg/detail/ego_vehicle_control_maxima__builder.hpp
[12.256s] -- Symlinking: /home/camilo/2022-tfg-juancamilo-carmona/tfg/install/carla_ackermann_msgs/include/carla_ackermann_msgs/msg/detail/ego_vehicle_control_maxima__struct.hpp
[12.265s] -- Symlinking: /home/camilo/2022-tfg-juancamilo-carmona/tfg/install/carla_ackermann_msgs/include/carla_ackermann_msgs/msg/detail/ego_vehicle_control_maxima__traits.hpp
[12.274s] -- Symlinking: /home/camilo/2022-tfg-juancamilo-carmona/tfg/install/carla_ackermann_msgs/include/carla_ackermann_msgs/msg/detail/ego_vehicle_control_status__builder.hpp
[12.283s] -- Symlinking: /home/camilo/2022-tfg-juancamilo-carmona/tfg/install/carla_ackermann_msgs/include/carla_ackermann_msgs/msg/detail/ego_vehicle_control_status__struct.hpp
[12.292s] -- Symlinking: /home/camilo/2022-tfg-juancamilo-carmona/tfg/install/carla_ackermann_msgs/include/carla_ackermann_msgs/msg/detail/ego_vehicle_control_status__traits.hpp
[12.301s] -- Symlinking: /home/camilo/2022-tfg-juancamilo-carmona/tfg/install/carla_ackermann_msgs/include/carla_ackermann_msgs/msg/detail/ego_vehicle_control_target__builder.hpp
[12.310s] -- Symlinking: /home/camilo/2022-tfg-juancamilo-carmona/tfg/install/carla_ackermann_msgs/include/carla_ackermann_msgs/msg/detail/ego_vehicle_control_target__struct.hpp
[12.319s] -- Symlinking: /home/camilo/2022-tfg-juancamilo-carmona/tfg/install/carla_ackermann_msgs/include/carla_ackermann_msgs/msg/detail/ego_vehicle_control_target__traits.hpp
[12.327s] -- Symlinking: /home/camilo/2022-tfg-juancamilo-carmona/tfg/install/carla_ackermann_msgs/include/carla_ackermann_msgs/msg/ego_vehicle_control_current.hpp
[12.336s] -- Symlinking: /home/camilo/2022-tfg-juancamilo-carmona/tfg/install/carla_ackermann_msgs/include/carla_ackermann_msgs/msg/ego_vehicle_control_info.hpp
[12.345s] -- Symlinking: /home/camilo/2022-tfg-juancamilo-carmona/tfg/install/carla_ackermann_msgs/include/carla_ackermann_msgs/msg/ego_vehicle_control_maxima.hpp
[12.354s] -- Symlinking: /home/camilo/2022-tfg-juancamilo-carmona/tfg/install/carla_ackermann_msgs/include/carla_ackermann_msgs/msg/ego_vehicle_control_status.hpp
[12.363s] -- Symlinking: /home/camilo/2022-tfg-juancamilo-carmona/tfg/install/carla_ackermann_msgs/include/carla_ackermann_msgs/msg/ego_vehicle_control_target.hpp
[12.372s] -- Symlinking: /home/camilo/2022-tfg-juancamilo-carmona/tfg/install/carla_ackermann_msgs/include/carla_ackermann_msgs/msg/detail/ego_vehicle_control_current__rosidl_typesupport_introspection_cpp.hpp
[12.380s] -- Symlinking: /home/camilo/2022-tfg-juancamilo-carmona/tfg/install/carla_ackermann_msgs/include/carla_ackermann_msgs/msg/detail/ego_vehicle_control_info__rosidl_typesupport_introspection_cpp.hpp
[12.388s] -- Symlinking: /home/camilo/2022-tfg-juancamilo-carmona/tfg/install/carla_ackermann_msgs/include/carla_ackermann_msgs/msg/detail/ego_vehicle_control_maxima__rosidl_typesupport_introspection_cpp.hpp
[12.396s] -- Symlinking: /home/camilo/2022-tfg-juancamilo-carmona/tfg/install/carla_ackermann_msgs/include/carla_ackermann_msgs/msg/detail/ego_vehicle_control_status__rosidl_typesupport_introspection_cpp.hpp
[12.404s] -- Symlinking: /home/camilo/2022-tfg-juancamilo-carmona/tfg/install/carla_ackermann_msgs/include/carla_ackermann_msgs/msg/detail/ego_vehicle_control_target__rosidl_typesupport_introspection_cpp.hpp
[12.412s] -- Symlinking: /home/camilo/2022-tfg-juancamilo-carmona/tfg/install/carla_ackermann_msgs/share/carla_ackermann_msgs/environment/pythonpath.sh
[12.421s] -- Symlinking: /home/camilo/2022-tfg-juancamilo-carmona/tfg/install/carla_ackermann_msgs/share/carla_ackermann_msgs/environment/pythonpath.dsv
[12.430s] -- Symlinking: /home/camilo/2022-tfg-juancamilo-carmona/tfg/install/carla_ackermann_msgs/lib/python3.8/site-packages/carla_ackermann_msgs/__init__.py
[12.438s] -- Symlinking: /home/camilo/2022-tfg-juancamilo-carmona/tfg/install/carla_ackermann_msgs/lib/python3.8/site-packages/carla_ackermann_msgs/msg/__init__.py
[12.447s] -- Symlinking: /home/camilo/2022-tfg-juancamilo-carmona/tfg/install/carla_ackermann_msgs/lib/python3.8/site-packages/carla_ackermann_msgs/msg/_ego_vehicle_control_current.py
[12.455s] -- Symlinking: /home/camilo/2022-tfg-juancamilo-carmona/tfg/install/carla_ackermann_msgs/lib/python3.8/site-packages/carla_ackermann_msgs/msg/_ego_vehicle_control_info.py
[12.463s] -- Symlinking: /home/camilo/2022-tfg-juancamilo-carmona/tfg/install/carla_ackermann_msgs/lib/python3.8/site-packages/carla_ackermann_msgs/msg/_ego_vehicle_control_maxima.py
[12.471s] -- Symlinking: /home/camilo/2022-tfg-juancamilo-carmona/tfg/install/carla_ackermann_msgs/lib/python3.8/site-packages/carla_ackermann_msgs/msg/_ego_vehicle_control_status.py
[12.480s] -- Symlinking: /home/camilo/2022-tfg-juancamilo-carmona/tfg/install/carla_ackermann_msgs/lib/python3.8/site-packages/carla_ackermann_msgs/msg/_ego_vehicle_control_target.py
[12.491s] -- Symlinking: /home/camilo/2022-tfg-juancamilo-carmona/tfg/install/carla_ackermann_msgs/lib/python3.8/site-packages/carla_ackermann_msgs/carla_ackermann_msgs_s__rosidl_typesupport_fastrtps_c.cpython-38-x86_64-linux-gnu.so
[12.500s] -- Symlinking: /home/camilo/2022-tfg-juancamilo-carmona/tfg/install/carla_ackermann_msgs/lib/python3.8/site-packages/carla_ackermann_msgs/carla_ackermann_msgs_s__rosidl_typesupport_introspection_c.cpython-38-x86_64-linux-gnu.so
[12.510s] -- Symlinking: /home/camilo/2022-tfg-juancamilo-carmona/tfg/install/carla_ackermann_msgs/lib/python3.8/site-packages/carla_ackermann_msgs/carla_ackermann_msgs_s__rosidl_typesupport_c.cpython-38-x86_64-linux-gnu.so
[12.521s] -- Symlinking: /home/camilo/2022-tfg-juancamilo-carmona/tfg/install/carla_ackermann_msgs/lib/libcarla_ackermann_msgs__python.so
[12.529s] -- Symlinking: /home/camilo/2022-tfg-juancamilo-carmona/tfg/install/carla_ackermann_msgs/share/carla_ackermann_msgs/msg/EgoVehicleControlInfo.idl
[12.538s] -- Symlinking: /home/camilo/2022-tfg-juancamilo-carmona/tfg/install/carla_ackermann_msgs/share/carla_ackermann_msgs/msg/EgoVehicleControlCurrent.idl
[12.548s] -- Symlinking: /home/camilo/2022-tfg-juancamilo-carmona/tfg/install/carla_ackermann_msgs/share/carla_ackermann_msgs/msg/EgoVehicleControlMaxima.idl
[12.557s] -- Symlinking: /home/camilo/2022-tfg-juancamilo-carmona/tfg/install/carla_ackermann_msgs/share/carla_ackermann_msgs/msg/EgoVehicleControlStatus.idl
[12.566s] -- Symlinking: /home/camilo/2022-tfg-juancamilo-carmona/tfg/install/carla_ackermann_msgs/share/carla_ackermann_msgs/msg/EgoVehicleControlTarget.idl
[12.576s] -- Symlinking: /home/camilo/2022-tfg-juancamilo-carmona/tfg/install/carla_ackermann_msgs/share/carla_ackermann_msgs/msg/EgoVehicleControlInfo.msg
[12.585s] -- Symlinking: /home/camilo/2022-tfg-juancamilo-carmona/tfg/install/carla_ackermann_msgs/share/carla_ackermann_msgs/msg/EgoVehicleControlCurrent.msg
[12.594s] -- Symlinking: /home/camilo/2022-tfg-juancamilo-carmona/tfg/install/carla_ackermann_msgs/share/carla_ackermann_msgs/msg/EgoVehicleControlMaxima.msg
[12.602s] -- Symlinking: /home/camilo/2022-tfg-juancamilo-carmona/tfg/install/carla_ackermann_msgs/share/carla_ackermann_msgs/msg/EgoVehicleControlStatus.msg
[12.610s] -- Symlinking: /home/camilo/2022-tfg-juancamilo-carmona/tfg/install/carla_ackermann_msgs/share/carla_ackermann_msgs/msg/EgoVehicleControlTarget.msg
[12.619s] -- Symlinking: /home/camilo/2022-tfg-juancamilo-carmona/tfg/install/carla_ackermann_msgs/share/ament_index/resource_index/package_run_dependencies/carla_ackermann_msgs
[12.628s] -- Symlinking: /home/camilo/2022-tfg-juancamilo-carmona/tfg/install/carla_ackermann_msgs/share/ament_index/resource_index/parent_prefix_path/carla_ackermann_msgs
[12.636s] -- Symlinking: /home/camilo/2022-tfg-juancamilo-carmona/tfg/install/carla_ackermann_msgs/share/carla_ackermann_msgs/environment/ament_prefix_path.sh
[12.644s] -- Symlinking: /home/camilo/2022-tfg-juancamilo-carmona/tfg/install/carla_ackermann_msgs/share/carla_ackermann_msgs/environment/ament_prefix_path.dsv
[12.652s] -- Symlinking: /home/camilo/2022-tfg-juancamilo-carmona/tfg/install/carla_ackermann_msgs/share/carla_ackermann_msgs/environment/path.sh
[12.661s] -- Symlinking: /home/camilo/2022-tfg-juancamilo-carmona/tfg/install/carla_ackermann_msgs/share/carla_ackermann_msgs/environment/path.dsv
[12.669s] -- Symlinking: /home/camilo/2022-tfg-juancamilo-carmona/tfg/install/carla_ackermann_msgs/share/carla_ackermann_msgs/local_setup.bash
[12.678s] -- Symlinking: /home/camilo/2022-tfg-juancamilo-carmona/tfg/install/carla_ackermann_msgs/share/carla_ackermann_msgs/local_setup.sh
[12.686s] -- Symlinking: /home/camilo/2022-tfg-juancamilo-carmona/tfg/install/carla_ackermann_msgs/share/carla_ackermann_msgs/local_setup.zsh
[12.694s] -- Symlinking: /home/camilo/2022-tfg-juancamilo-carmona/tfg/install/carla_ackermann_msgs/share/carla_ackermann_msgs/local_setup.dsv
[12.702s] -- Symlinking: /home/camilo/2022-tfg-juancamilo-carmona/tfg/install/carla_ackermann_msgs/share/carla_ackermann_msgs/package.dsv
[12.711s] -- Symlinking: /home/camilo/2022-tfg-juancamilo-carmona/tfg/install/carla_ackermann_msgs/share/ament_index/resource_index/packages/carla_ackermann_msgs
[12.720s] -- Symlinking: /home/camilo/2022-tfg-juancamilo-carmona/tfg/install/carla_ackermann_msgs/share/carla_ackermann_msgs/cmake/rosidl_cmake-extras.cmake
[12.728s] -- Symlinking: /home/camilo/2022-tfg-juancamilo-carmona/tfg/install/carla_ackermann_msgs/share/carla_ackermann_msgs/cmake/ament_cmake_export_dependencies-extras.cmake
[12.737s] -- Symlinking: /home/camilo/2022-tfg-juancamilo-carmona/tfg/install/carla_ackermann_msgs/share/carla_ackermann_msgs/cmake/ament_cmake_export_libraries-extras.cmake
[12.746s] -- Symlinking: /home/camilo/2022-tfg-juancamilo-carmona/tfg/install/carla_ackermann_msgs/share/carla_ackermann_msgs/cmake/ament_cmake_export_targets-extras.cmake
[12.754s] -- Symlinking: /home/camilo/2022-tfg-juancamilo-carmona/tfg/install/carla_ackermann_msgs/share/carla_ackermann_msgs/cmake/ament_cmake_export_include_directories-extras.cmake
[12.763s] -- Symlinking: /home/camilo/2022-tfg-juancamilo-carmona/tfg/install/carla_ackermann_msgs/share/carla_ackermann_msgs/cmake/rosidl_cmake_export_typesupport_libraries-extras.cmake
[12.772s] -- Symlinking: /home/camilo/2022-tfg-juancamilo-carmona/tfg/install/carla_ackermann_msgs/share/carla_ackermann_msgs/cmake/rosidl_cmake_export_typesupport_targets-extras.cmake
[12.780s] -- Symlinking: /home/camilo/2022-tfg-juancamilo-carmona/tfg/install/carla_ackermann_msgs/share/carla_ackermann_msgs/cmake/carla_ackermann_msgsConfig.cmake
[12.790s] -- Symlinking: /home/camilo/2022-tfg-juancamilo-carmona/tfg/install/carla_ackermann_msgs/share/carla_ackermann_msgs/cmake/carla_ackermann_msgsConfig-version.cmake
[12.799s] -- Symlinking: /home/camilo/2022-tfg-juancamilo-carmona/tfg/install/carla_ackermann_msgs/share/carla_ackermann_msgs/package.xml
[12.808s] -- Installing: /home/camilo/2022-tfg-juancamilo-carmona/tfg/install/carla_ackermann_msgs/lib/libcarla_ackermann_msgs__rosidl_generator_c.so
[12.809s] -- Set runtime path of "/home/camilo/2022-tfg-juancamilo-carmona/tfg/install/carla_ackermann_msgs/lib/libcarla_ackermann_msgs__rosidl_generator_c.so" to ""
[12.809s] -- Installing: /home/camilo/2022-tfg-juancamilo-carmona/tfg/install/carla_ackermann_msgs/lib/libcarla_ackermann_msgs__rosidl_typesupport_introspection_c.so
[12.809s] -- Set runtime path of "/home/camilo/2022-tfg-juancamilo-carmona/tfg/install/carla_ackermann_msgs/lib/libcarla_ackermann_msgs__rosidl_typesupport_introspection_c.so" to ""
[12.810s] -- Installing: /home/camilo/2022-tfg-juancamilo-carmona/tfg/install/carla_ackermann_msgs/lib/libcarla_ackermann_msgs__rosidl_typesupport_c.so
[12.810s] -- Set runtime path of "/home/camilo/2022-tfg-juancamilo-carmona/tfg/install/carla_ackermann_msgs/lib/libcarla_ackermann_msgs__rosidl_typesupport_c.so" to ""
[12.810s] -- Installing: /home/camilo/2022-tfg-juancamilo-carmona/tfg/install/carla_ackermann_msgs/lib/libcarla_ackermann_msgs__rosidl_typesupport_introspection_cpp.so
[12.811s] -- Set runtime path of "/home/camilo/2022-tfg-juancamilo-carmona/tfg/install/carla_ackermann_msgs/lib/libcarla_ackermann_msgs__rosidl_typesupport_introspection_cpp.so" to ""
[12.811s] -- Installing: /home/camilo/2022-tfg-juancamilo-carmona/tfg/install/carla_ackermann_msgs/lib/libcarla_ackermann_msgs__rosidl_typesupport_cpp.so
[12.811s] -- Set runtime path of "/home/camilo/2022-tfg-juancamilo-carmona/tfg/install/carla_ackermann_msgs/lib/libcarla_ackermann_msgs__rosidl_typesupport_cpp.so" to ""
[12.845s] Compiling '/home/camilo/2022-tfg-juancamilo-carmona/tfg/install/carla_ackermann_msgs/lib/python3.8/site-packages/carla_ackermann_msgs/__init__.py'...
[12.847s] -- Installing: /home/camilo/2022-tfg-juancamilo-carmona/tfg/install/carla_ackermann_msgs/share/carla_ackermann_msgs/cmake/carla_ackermann_msgs__rosidl_generator_cExport.cmake
[12.847s] -- Installing: /home/camilo/2022-tfg-juancamilo-carmona/tfg/install/carla_ackermann_msgs/share/carla_ackermann_msgs/cmake/carla_ackermann_msgs__rosidl_generator_cExport-noconfig.cmake
[12.847s] -- Installing: /home/camilo/2022-tfg-juancamilo-carmona/tfg/install/carla_ackermann_msgs/share/carla_ackermann_msgs/cmake/carla_ackermann_msgs__rosidl_typesupport_introspection_cExport.cmake
[12.847s] -- Installing: /home/camilo/2022-tfg-juancamilo-carmona/tfg/install/carla_ackermann_msgs/share/carla_ackermann_msgs/cmake/carla_ackermann_msgs__rosidl_typesupport_introspection_cExport-noconfig.cmake
[12.847s] -- Installing: /home/camilo/2022-tfg-juancamilo-carmona/tfg/install/carla_ackermann_msgs/share/carla_ackermann_msgs/cmake/carla_ackermann_msgs__rosidl_typesupport_cExport.cmake
[12.848s] -- Installing: /home/camilo/2022-tfg-juancamilo-carmona/tfg/install/carla_ackermann_msgs/share/carla_ackermann_msgs/cmake/carla_ackermann_msgs__rosidl_typesupport_cExport-noconfig.cmake
[12.848s] -- Installing: /home/camilo/2022-tfg-juancamilo-carmona/tfg/install/carla_ackermann_msgs/share/carla_ackermann_msgs/cmake/carla_ackermann_msgs__rosidl_generator_cppExport.cmake
[12.854s] -- Installing: /home/camilo/2022-tfg-juancamilo-carmona/tfg/install/carla_ackermann_msgs/share/carla_ackermann_msgs/cmake/carla_ackermann_msgs__rosidl_typesupport_introspection_cppExport.cmake
[12.855s] -- Installing: /home/camilo/2022-tfg-juancamilo-carmona/tfg/install/carla_ackermann_msgs/share/carla_ackermann_msgs/cmake/carla_ackermann_msgs__rosidl_typesupport_introspection_cppExport-noconfig.cmake
[12.855s] -- Installing: /home/camilo/2022-tfg-juancamilo-carmona/tfg/install/carla_ackermann_msgs/share/carla_ackermann_msgs/cmake/carla_ackermann_msgs__rosidl_typesupport_cppExport.cmake
[12.855s] -- Installing: /home/camilo/2022-tfg-juancamilo-carmona/tfg/install/carla_ackermann_msgs/share/carla_ackermann_msgs/cmake/carla_ackermann_msgs__rosidl_typesupport_cppExport-noconfig.cmake
[12.866s] Invoked command in '/home/camilo/2022-tfg-juancamilo-carmona/tfg/build/carla_ackermann_msgs' returned '0': CMAKE_PREFIX_PATH=/opt/ros/foxy /usr/bin/cmake --install /home/camilo/2022-tfg-juancamilo-carmona/tfg/build/carla_ackermann_msgs
