[1.165s] Invoking command in '/home/camilo/2022-tfg-juancamilo-carmona/tfg/build/carla_waypoint_publisher': AMENT_PREFIX_PATH=/home/camilo/2022-tfg-juancamilo-carmona/tfg/install/ros_compatibility:/home/camilo/2022-tfg-juancamilo-carmona/tfg/install/carla_waypoint_types:${AMENT_PREFIX_PATH} CMAKE_PREFIX_PATH=/home/camilo/2022-tfg-juancamilo-carmona/tfg/install/carla_waypoint_types LD_LIBRARY_PATH=/home/camilo/2022-tfg-juancamilo-carmona/tfg/install/carla_waypoint_types/lib:${LD_LIBRARY_PATH} PYTHONPATH=/home/camilo/2022-tfg-juancamilo-carmona/tfg/build/carla_waypoint_publisher/prefix_override:/home/camilo/2022-tfg-juancamilo-carmona/tfg/install/carla_waypoint_publisher/lib/python3.8/site-packages:/home/camilo/2022-tfg-juancamilo-carmona/tfg/build/ros_compatibility/src:/home/camilo/2022-tfg-juancamilo-carmona/tfg/install/ros_compatibility/lib/python3.8/site-packages:/home/camilo/2022-tfg-juancamilo-carmona/tfg/install/carla_waypoint_types/lib/python3.8/site-packages:${PYTHONPATH} /usr/bin/python3 setup.py develop --editable --build-directory /home/camilo/2022-tfg-juancamilo-carmona/tfg/build/carla_waypoint_publisher/build --no-deps install_data
[1.495s] running develop
[1.684s] running egg_info
[1.684s] creating src/carla_waypoint_publisher.egg-info
[1.684s] writing src/carla_waypoint_publisher.egg-info/PKG-INFO
[1.684s] writing dependency_links to src/carla_waypoint_publisher.egg-info/dependency_links.txt
[1.684s] writing entry points to src/carla_waypoint_publisher.egg-info/entry_points.txt
[1.684s] writing requirements to src/carla_waypoint_publisher.egg-info/requires.txt
[1.684s] writing top-level names to src/carla_waypoint_publisher.egg-info/top_level.txt
[1.685s] writing manifest file 'src/carla_waypoint_publisher.egg-info/SOURCES.txt'
[1.718s] reading manifest file 'src/carla_waypoint_publisher.egg-info/SOURCES.txt'
[1.718s] writing manifest file 'src/carla_waypoint_publisher.egg-info/SOURCES.txt'
[1.762s] running build_ext
[1.763s] Creating /home/camilo/2022-tfg-juancamilo-carmona/tfg/install/carla_waypoint_publisher/lib/python3.8/site-packages/site.py
[1.763s] Creating /home/camilo/2022-tfg-juancamilo-carmona/tfg/install/carla_waypoint_publisher/lib/python3.8/site-packages/carla-waypoint-publisher.egg-link (link to src)
[1.763s] Installing carla_waypoint_publisher script to /home/camilo/2022-tfg-juancamilo-carmona/tfg/install/carla_waypoint_publisher/lib/carla_waypoint_publisher
[1.763s] 
[1.763s] Installed /home/camilo/2022-tfg-juancamilo-carmona/tfg/build/carla_waypoint_publisher/src
[1.763s] running install_data
[1.764s] creating /home/camilo/2022-tfg-juancamilo-carmona/tfg/install/carla_waypoint_publisher/share/ament_index
[1.764s] creating /home/camilo/2022-tfg-juancamilo-carmona/tfg/install/carla_waypoint_publisher/share/ament_index/resource_index
[1.764s] creating /home/camilo/2022-tfg-juancamilo-carmona/tfg/install/carla_waypoint_publisher/share/ament_index/resource_index/packages
[1.764s] copying resource/carla_waypoint_publisher -> /home/camilo/2022-tfg-juancamilo-carmona/tfg/install/carla_waypoint_publisher/share/ament_index/resource_index/packages
[1.765s] copying package.xml -> /home/camilo/2022-tfg-juancamilo-carmona/tfg/install/carla_waypoint_publisher/share/carla_waypoint_publisher
[1.765s] copying launch/carla_waypoint_publisher.launch.py -> /home/camilo/2022-tfg-juancamilo-carmona/tfg/install/carla_waypoint_publisher/share/carla_waypoint_publisher
[1.829s] Invoked command in '/home/camilo/2022-tfg-juancamilo-carmona/tfg/build/carla_waypoint_publisher' returned '0': AMENT_PREFIX_PATH=/home/camilo/2022-tfg-juancamilo-carmona/tfg/install/ros_compatibility:/home/camilo/2022-tfg-juancamilo-carmona/tfg/install/carla_waypoint_types:${AMENT_PREFIX_PATH} CMAKE_PREFIX_PATH=/home/camilo/2022-tfg-juancamilo-carmona/tfg/install/carla_waypoint_types LD_LIBRARY_PATH=/home/camilo/2022-tfg-juancamilo-carmona/tfg/install/carla_waypoint_types/lib:${LD_LIBRARY_PATH} PYTHONPATH=/home/camilo/2022-tfg-juancamilo-carmona/tfg/build/carla_waypoint_publisher/prefix_override:/home/camilo/2022-tfg-juancamilo-carmona/tfg/install/carla_waypoint_publisher/lib/python3.8/site-packages:/home/camilo/2022-tfg-juancamilo-carmona/tfg/build/ros_compatibility/src:/home/camilo/2022-tfg-juancamilo-carmona/tfg/install/ros_compatibility/lib/python3.8/site-packages:/home/camilo/2022-tfg-juancamilo-carmona/tfg/install/carla_waypoint_types/lib/python3.8/site-packages:${PYTHONPATH} /usr/bin/python3 setup.py develop --editable --build-directory /home/camilo/2022-tfg-juancamilo-carmona/tfg/build/carla_waypoint_publisher/build --no-deps install_data
