[0.832s] Invoking command in '/home/camilo/2022-tfg-juancamilo-carmona/tfg/build/carla_waypoint_types': CMAKE_PREFIX_PATH=${CMAKE_PREFIX_PATH}:/home/camilo/2022-tfg-juancamilo-carmona/tfg/install/rqt_carla_control:/home/camilo/2022-tfg-juancamilo-carmona/tfg/install/carla_waypoint_publisher:/home/camilo/2022-tfg-juancamilo-carmona/tfg/install/carla_teleop:/home/camilo/2022-tfg-juancamilo-carmona/tfg/install/carla_ackermann_control:/home/camilo/2022-tfg-juancamilo-carmona/tfg/install/carla_ros_bridge:/home/camilo/2022-tfg-juancamilo-carmona/tfg/install/carla_spawn_objects:/home/camilo/2022-tfg-juancamilo-carmona/tfg/install/carla_manual_control:/home/camilo/2022-tfg-juancamilo-carmona/tfg/install/carla_ad_agent:/home/camilo/2022-tfg-juancamilo-carmona/tfg/install/ros_compatibility:/home/camilo/2022-tfg-juancamilo-carmona/tfg/install/carla_walker_agent:/home/camilo/2022-tfg-juancamilo-carmona/tfg/install/carla_twist_to_control:/home/camilo/2022-tfg-juancamilo-carmona/tfg/install/carla_ros_scenario_runner:/home/camilo/2022-tfg-juancamilo-carmona/tfg/install/carla_common:/home/camilo/carla-ros-bridge/install/rqt_carla_control:/home/camilo/carla-ros-bridge/install/carla_waypoint_publisher:/home/camilo/carla-ros-bridge/install/carla_ackermann_control:/home/camilo/carla-ros-bridge/install/carla_ros_bridge:/home/camilo/carla-ros-bridge/install/carla_spawn_objects:/home/camilo/carla-ros-bridge/install/carla_manual_control:/home/camilo/carla-ros-bridge/install/carla_ad_agent:/home/camilo/carla-ros-bridge/install/ros_compatibility:/home/camilo/carla-ros-bridge/install/carla_walker_agent:/home/camilo/carla-ros-bridge/install/carla_twist_to_control:/home/camilo/carla-ros-bridge/install/carla_ros_scenario_runner:/home/camilo/carla-ros-bridge/install/carla_common:/opt/ros/foxy /usr/bin/cmake /home/camilo/2022-tfg-juancamilo-carmona/tfg/src/ros-bridge/carla_waypoint_types -DAMENT_CMAKE_SYMLINK_INSTALL=1 -DCMAKE_INSTALL_PREFIX=/home/camilo/2022-tfg-juancamilo-carmona/tfg/install/carla_waypoint_types
[2.173s] -- The C compiler identification is GNU 9.4.0
[2.173s] -- The CXX compiler identification is GNU 9.4.0
[2.173s] -- Check for working C compiler: /usr/bin/cc
[2.173s] -- Check for working C compiler: /usr/bin/cc -- works
[2.173s] -- Detecting C compiler ABI info
[2.173s] -- Detecting C compiler ABI info - done
[2.174s] -- Detecting C compile features
[2.174s] -- Detecting C compile features - done
[2.174s] -- Check for working CXX compiler: /usr/bin/c++
[2.176s] -- Check for working CXX compiler: /usr/bin/c++ -- works
[2.177s] -- Detecting CXX compiler ABI info
[2.177s] -- Detecting CXX compiler ABI info - done
[2.177s] -- Detecting CXX compile features
[2.177s] -- Detecting CXX compile features - done
[2.177s] -- Found ros_environment: 2.5.1 (/opt/ros/foxy/share/ros_environment/cmake)
[2.177s] -- Found ament_cmake: 0.9.11 (/opt/ros/foxy/share/ament_cmake/cmake)
[2.177s] -- Found PythonInterp: /usr/bin/python3 (found suitable version "3.8.10", minimum required is "3") 
[2.177s] -- Using PYTHON_EXECUTABLE: /usr/bin/python3
[2.177s] -- Override CMake install command with custom implementation using symlinks instead of copying resources
[2.179s] -- Found nav_msgs: 2.0.5 (/opt/ros/foxy/share/nav_msgs/cmake)
[2.179s] -- Using all available rosidl_typesupport_c: rosidl_typesupport_fastrtps_c;rosidl_typesupport_introspection_c
[2.179s] -- Found rosidl_adapter: 1.3.0 (/opt/ros/foxy/share/rosidl_adapter/cmake)
[2.179s] -- Found OpenSSL: /usr/lib/x86_64-linux-gnu/libcrypto.so (found version "1.1.1f")  
[2.180s] -- Found FastRTPS: /opt/ros/foxy/include  
[2.304s] -- Using all available rosidl_typesupport_cpp: rosidl_typesupport_fastrtps_cpp;rosidl_typesupport_introspection_cpp
[2.645s] -- Found rosidl_default_generators: 1.0.1 (/opt/ros/foxy/share/rosidl_default_generators/cmake)
[2.778s] -- Found PythonInterp: /usr/bin/python3 (found version "3.8.10") 
[3.313s] -- Found ament_cmake_cppcheck: 0.9.7 (/opt/ros/foxy/share/ament_cmake_cppcheck/cmake)
[3.318s] -- Found ament_cmake_cpplint: 0.9.7 (/opt/ros/foxy/share/ament_cmake_cpplint/cmake)
[3.325s] -- Found ament_cmake_uncrustify: 0.9.7 (/opt/ros/foxy/share/ament_cmake_uncrustify/cmake)
[3.332s] -- Found ament_cmake_ros: 0.9.2 (/opt/ros/foxy/share/ament_cmake_ros/cmake)
[3.916s] -- Using all available rosidl_typesupport_c: rosidl_typesupport_fastrtps_c;rosidl_typesupport_introspection_c
[4.199s] -- Using all available rosidl_typesupport_cpp: rosidl_typesupport_fastrtps_cpp;rosidl_typesupport_introspection_cpp
[4.327s] -- Found PythonInterp: /usr/bin/python3 (found suitable version "3.8.10", minimum required is "3.5") 
[4.327s] -- Found python_cmake_module: 0.8.1 (/opt/ros/foxy/share/python_cmake_module/cmake)
[4.426s] -- Found PythonLibs: /usr/lib/x86_64-linux-gnu/libpython3.8.so (found suitable version "3.8.10", minimum required is "3.5") 
[4.426s] -- Using PYTHON_EXECUTABLE: /usr/bin/python3
[4.426s] -- Using PYTHON_INCLUDE_DIRS: /usr/include/python3.8
[4.426s] -- Using PYTHON_LIBRARIES: /usr/lib/x86_64-linux-gnu/libpython3.8.so
[4.505s] -- Found PythonExtra: .so  
[4.736s] -- Found ament_cmake_flake8: 0.9.7 (/opt/ros/foxy/share/ament_cmake_flake8/cmake)
[4.743s] -- Found ament_cmake_pep257: 0.9.7 (/opt/ros/foxy/share/ament_cmake_pep257/cmake)
[4.754s] -- Found ament_lint_auto: 0.9.7 (/opt/ros/foxy/share/ament_lint_auto/cmake)
[4.792s] -- Added test 'copyright' to check source files copyright and LICENSE
[4.793s] -- Added test 'lint_cmake' to check CMake code style
[4.795s] -- Added test 'xmllint' to check XML markup files
[4.808s] -- Configuring done
[4.927s] -- Generating done
[4.933s] -- Build files have been written to: /home/camilo/2022-tfg-juancamilo-carmona/tfg/build/carla_waypoint_types
[6.529s] Invoked command in '/home/camilo/2022-tfg-juancamilo-carmona/tfg/build/carla_waypoint_types' returned '0': CMAKE_PREFIX_PATH=${CMAKE_PREFIX_PATH}:/home/camilo/2022-tfg-juancamilo-carmona/tfg/install/rqt_carla_control:/home/camilo/2022-tfg-juancamilo-carmona/tfg/install/carla_waypoint_publisher:/home/camilo/2022-tfg-juancamilo-carmona/tfg/install/carla_teleop:/home/camilo/2022-tfg-juancamilo-carmona/tfg/install/carla_ackermann_control:/home/camilo/2022-tfg-juancamilo-carmona/tfg/install/carla_ros_bridge:/home/camilo/2022-tfg-juancamilo-carmona/tfg/install/carla_spawn_objects:/home/camilo/2022-tfg-juancamilo-carmona/tfg/install/carla_manual_control:/home/camilo/2022-tfg-juancamilo-carmona/tfg/install/carla_ad_agent:/home/camilo/2022-tfg-juancamilo-carmona/tfg/install/ros_compatibility:/home/camilo/2022-tfg-juancamilo-carmona/tfg/install/carla_walker_agent:/home/camilo/2022-tfg-juancamilo-carmona/tfg/install/carla_twist_to_control:/home/camilo/2022-tfg-juancamilo-carmona/tfg/install/carla_ros_scenario_runner:/home/camilo/2022-tfg-juancamilo-carmona/tfg/install/carla_common:/home/camilo/carla-ros-bridge/install/rqt_carla_control:/home/camilo/carla-ros-bridge/install/carla_waypoint_publisher:/home/camilo/carla-ros-bridge/install/carla_ackermann_control:/home/camilo/carla-ros-bridge/install/carla_ros_bridge:/home/camilo/carla-ros-bridge/install/carla_spawn_objects:/home/camilo/carla-ros-bridge/install/carla_manual_control:/home/camilo/carla-ros-bridge/install/carla_ad_agent:/home/camilo/carla-ros-bridge/install/ros_compatibility:/home/camilo/carla-ros-bridge/install/carla_walker_agent:/home/camilo/carla-ros-bridge/install/carla_twist_to_control:/home/camilo/carla-ros-bridge/install/carla_ros_scenario_runner:/home/camilo/carla-ros-bridge/install/carla_common:/opt/ros/foxy /usr/bin/cmake /home/camilo/2022-tfg-juancamilo-carmona/tfg/src/ros-bridge/carla_waypoint_types -DAMENT_CMAKE_SYMLINK_INSTALL=1 -DCMAKE_INSTALL_PREFIX=/home/camilo/2022-tfg-juancamilo-carmona/tfg/install/carla_waypoint_types
[6.532s] Invoking command in '/home/camilo/2022-tfg-juancamilo-carmona/tfg/build/carla_waypoint_types': CMAKE_PREFIX_PATH=${CMAKE_PREFIX_PATH}:/home/camilo/2022-tfg-juancamilo-carmona/tfg/install/rqt_carla_control:/home/camilo/2022-tfg-juancamilo-carmona/tfg/install/carla_waypoint_publisher:/home/camilo/2022-tfg-juancamilo-carmona/tfg/install/carla_teleop:/home/camilo/2022-tfg-juancamilo-carmona/tfg/install/carla_ackermann_control:/home/camilo/2022-tfg-juancamilo-carmona/tfg/install/carla_ros_bridge:/home/camilo/2022-tfg-juancamilo-carmona/tfg/install/carla_spawn_objects:/home/camilo/2022-tfg-juancamilo-carmona/tfg/install/carla_manual_control:/home/camilo/2022-tfg-juancamilo-carmona/tfg/install/carla_ad_agent:/home/camilo/2022-tfg-juancamilo-carmona/tfg/install/ros_compatibility:/home/camilo/2022-tfg-juancamilo-carmona/tfg/install/carla_walker_agent:/home/camilo/2022-tfg-juancamilo-carmona/tfg/install/carla_twist_to_control:/home/camilo/2022-tfg-juancamilo-carmona/tfg/install/carla_ros_scenario_runner:/home/camilo/2022-tfg-juancamilo-carmona/tfg/install/carla_common:/home/camilo/carla-ros-bridge/install/rqt_carla_control:/home/camilo/carla-ros-bridge/install/carla_waypoint_publisher:/home/camilo/carla-ros-bridge/install/carla_ackermann_control:/home/camilo/carla-ros-bridge/install/carla_ros_bridge:/home/camilo/carla-ros-bridge/install/carla_spawn_objects:/home/camilo/carla-ros-bridge/install/carla_manual_control:/home/camilo/carla-ros-bridge/install/carla_ad_agent:/home/camilo/carla-ros-bridge/install/ros_compatibility:/home/camilo/carla-ros-bridge/install/carla_walker_agent:/home/camilo/carla-ros-bridge/install/carla_twist_to_control:/home/camilo/carla-ros-bridge/install/carla_ros_scenario_runner:/home/camilo/carla-ros-bridge/install/carla_common:/opt/ros/foxy /usr/bin/cmake --build /home/camilo/2022-tfg-juancamilo-carmona/tfg/build/carla_waypoint_types -- -j12 -l12
[6.681s] [  2%] [34m[1mGenerating C code for ROS interfaces[0m
[6.701s] [35m[1mScanning dependencies of target carla_waypoint_types__cpp[0m
[6.745s] [  4%] [34m[1mGenerating C++ code for ROS interfaces[0m
[7.721s] [35m[1mScanning dependencies of target carla_waypoint_types__rosidl_generator_c[0m
[7.734s] [  4%] Built target carla_waypoint_types__cpp
[7.759s] [  6%] [34m[1mGenerating C++ type support for eProsima Fast-RTPS[0m
[7.763s] [  8%] [34m[1mGenerating C++ type support dispatch for ROS interfaces[0m
[7.769s] [ 10%] [34m[1mGenerating C++ introspection for ROS interfaces[0m
[7.774s] [ 12%] [32mBuilding C object CMakeFiles/carla_waypoint_types__rosidl_generator_c.dir/rosidl_generator_c/carla_waypoint_types/msg/detail/carla_waypoint__functions.c.o[0m
[7.783s] [ 17%] [32mBuilding C object CMakeFiles/carla_waypoint_types__rosidl_generator_c.dir/rosidl_generator_c/carla_waypoint_types/srv/detail/get_actor_waypoint__functions.c.o[0m
[7.783s] [ 17%] [32mBuilding C object CMakeFiles/carla_waypoint_types__rosidl_generator_c.dir/rosidl_generator_c/carla_waypoint_types/srv/detail/get_waypoint__functions.c.o[0m
[7.931s] [ 19%] [32m[1mLinking C shared library libcarla_waypoint_types__rosidl_generator_c.so[0m
[8.106s] [ 19%] Built target carla_waypoint_types__rosidl_generator_c
[8.179s] [ 21%] [34m[1mGenerating C type support dispatch for ROS interfaces[0m
[8.205s] [ 23%] [34m[1mGenerating C introspection for ROS interfaces[0m
[8.768s] [35m[1mScanning dependencies of target carla_waypoint_types__rosidl_typesupport_cpp[0m
[8.814s] [ 25%] [32mBuilding CXX object CMakeFiles/carla_waypoint_types__rosidl_typesupport_cpp.dir/rosidl_typesupport_cpp/carla_waypoint_types/srv/get_waypoint__type_support.cpp.o[0m
[8.827s] [ 27%] [32mBuilding CXX object CMakeFiles/carla_waypoint_types__rosidl_typesupport_cpp.dir/rosidl_typesupport_cpp/carla_waypoint_types/msg/carla_waypoint__type_support.cpp.o[0m
[8.859s] [ 29%] [32mBuilding CXX object CMakeFiles/carla_waypoint_types__rosidl_typesupport_cpp.dir/rosidl_typesupport_cpp/carla_waypoint_types/srv/get_actor_waypoint__type_support.cpp.o[0m
[8.939s] [35m[1mScanning dependencies of target carla_waypoint_types__rosidl_typesupport_fastrtps_cpp[0m
[8.962s] [35m[1mScanning dependencies of target carla_waypoint_types__rosidl_typesupport_introspection_cpp[0m
[8.989s] [ 31%] [32mBuilding CXX object CMakeFiles/carla_waypoint_types__rosidl_typesupport_fastrtps_cpp.dir/rosidl_typesupport_fastrtps_cpp/carla_waypoint_types/msg/detail/dds_fastrtps/carla_waypoint__type_support.cpp.o[0m
[9.000s] [ 34%] [32mBuilding CXX object CMakeFiles/carla_waypoint_types__rosidl_typesupport_fastrtps_cpp.dir/rosidl_typesupport_fastrtps_cpp/carla_waypoint_types/srv/detail/dds_fastrtps/get_waypoint__type_support.cpp.o[0m
[9.005s] [ 36%] [32mBuilding CXX object CMakeFiles/carla_waypoint_types__rosidl_typesupport_fastrtps_cpp.dir/rosidl_typesupport_fastrtps_cpp/carla_waypoint_types/srv/detail/dds_fastrtps/get_actor_waypoint__type_support.cpp.o[0m
[9.043s] [ 38%] [32mBuilding CXX object CMakeFiles/carla_waypoint_types__rosidl_typesupport_introspection_cpp.dir/rosidl_typesupport_introspection_cpp/carla_waypoint_types/msg/detail/carla_waypoint__type_support.cpp.o[0m
[9.081s] [ 40%] [32mBuilding CXX object CMakeFiles/carla_waypoint_types__rosidl_typesupport_introspection_cpp.dir/rosidl_typesupport_introspection_cpp/carla_waypoint_types/srv/detail/get_waypoint__type_support.cpp.o[0m
[9.094s] [ 42%] [32mBuilding CXX object CMakeFiles/carla_waypoint_types__rosidl_typesupport_introspection_cpp.dir/rosidl_typesupport_introspection_cpp/carla_waypoint_types/srv/detail/get_actor_waypoint__type_support.cpp.o[0m
[9.146s] [35m[1mScanning dependencies of target carla_waypoint_types__rosidl_typesupport_c[0m
[9.227s] [ 44%] [32mBuilding CXX object CMakeFiles/carla_waypoint_types__rosidl_typesupport_c.dir/rosidl_typesupport_c/carla_waypoint_types/srv/get_waypoint__type_support.cpp.o[0m
[9.237s] [ 46%] [32mBuilding CXX object CMakeFiles/carla_waypoint_types__rosidl_typesupport_c.dir/rosidl_typesupport_c/carla_waypoint_types/msg/carla_waypoint__type_support.cpp.o[0m
[9.382s] [ 48%] [32mBuilding CXX object CMakeFiles/carla_waypoint_types__rosidl_typesupport_c.dir/rosidl_typesupport_c/carla_waypoint_types/srv/get_actor_waypoint__type_support.cpp.o[0m
[9.522s] [ 51%] [32m[1mLinking CXX shared library libcarla_waypoint_types__rosidl_typesupport_c.so[0m
[9.645s] [35m[1mScanning dependencies of target carla_waypoint_types__rosidl_typesupport_introspection_c[0m
[9.676s] [ 51%] Built target carla_waypoint_types__rosidl_typesupport_c
[9.677s] [ 53%] [32m[1mLinking CXX shared library libcarla_waypoint_types__rosidl_typesupport_cpp.so[0m
[9.753s] [ 55%] [32mBuilding C object CMakeFiles/carla_waypoint_types__rosidl_typesupport_introspection_c.dir/rosidl_typesupport_introspection_c/carla_waypoint_types/msg/detail/carla_waypoint__type_support.c.o[0m
[9.779s] [ 57%] [32mBuilding C object CMakeFiles/carla_waypoint_types__rosidl_typesupport_introspection_c.dir/rosidl_typesupport_introspection_c/carla_waypoint_types/srv/detail/get_actor_waypoint__type_support.c.o[0m
[9.791s] [ 59%] [32mBuilding C object CMakeFiles/carla_waypoint_types__rosidl_typesupport_introspection_c.dir/rosidl_typesupport_introspection_c/carla_waypoint_types/srv/detail/get_waypoint__type_support.c.o[0m
[9.880s] [ 59%] Built target carla_waypoint_types__rosidl_typesupport_cpp
[9.916s] [ 61%] [32m[1mLinking C shared library libcarla_waypoint_types__rosidl_typesupport_introspection_c.so[0m
[10.076s] [ 63%] [32m[1mLinking CXX shared library libcarla_waypoint_types__rosidl_typesupport_introspection_cpp.so[0m
[10.076s] [ 63%] Built target carla_waypoint_types__rosidl_typesupport_introspection_c
[10.104s] [ 65%] [32m[1mLinking CXX shared library libcarla_waypoint_types__rosidl_typesupport_fastrtps_cpp.so[0m
[10.236s] [ 65%] Built target carla_waypoint_types__rosidl_typesupport_introspection_cpp
[10.385s] [ 65%] Built target carla_waypoint_types__rosidl_typesupport_fastrtps_cpp
[10.414s] [ 68%] [34m[1mGenerating C type support for eProsima Fast-RTPS[0m
[11.264s] [35m[1mScanning dependencies of target carla_waypoint_types__rosidl_typesupport_fastrtps_c[0m
[11.294s] [ 72%] [32mBuilding CXX object CMakeFiles/carla_waypoint_types__rosidl_typesupport_fastrtps_c.dir/rosidl_typesupport_fastrtps_c/carla_waypoint_types/srv/detail/get_waypoint__type_support_c.cpp.o[0m
[11.294s] [ 72%] [32mBuilding CXX object CMakeFiles/carla_waypoint_types__rosidl_typesupport_fastrtps_c.dir/rosidl_typesupport_fastrtps_c/carla_waypoint_types/msg/detail/carla_waypoint__type_support_c.cpp.o[0m
[11.307s] [ 74%] [32mBuilding CXX object CMakeFiles/carla_waypoint_types__rosidl_typesupport_fastrtps_c.dir/rosidl_typesupport_fastrtps_c/carla_waypoint_types/srv/detail/get_actor_waypoint__type_support_c.cpp.o[0m
[11.969s] [ 76%] [32m[1mLinking CXX shared library libcarla_waypoint_types__rosidl_typesupport_fastrtps_c.so[0m
[12.122s] [ 76%] Built target carla_waypoint_types__rosidl_typesupport_fastrtps_c
[12.136s] [35m[1mScanning dependencies of target carla_waypoint_types[0m
[12.149s] [ 76%] Built target carla_waypoint_types
[12.165s] [35m[1mScanning dependencies of target carla_waypoint_types__py[0m
[12.178s] [ 78%] [34m[1mGenerating Python code for ROS interfaces[0m
[13.264s] [ 78%] Built target carla_waypoint_types__py
[13.282s] [35m[1mScanning dependencies of target carla_waypoint_types__python[0m
[13.314s] [ 80%] [32mBuilding C object CMakeFiles/carla_waypoint_types__python.dir/rosidl_generator_py/carla_waypoint_types/msg/_carla_waypoint_s.c.o[0m
[13.314s] [ 82%] [32mBuilding C object CMakeFiles/carla_waypoint_types__python.dir/rosidl_generator_py/carla_waypoint_types/srv/_get_actor_waypoint_s.c.o[0m
[13.318s] [ 85%] [32mBuilding C object CMakeFiles/carla_waypoint_types__python.dir/rosidl_generator_py/carla_waypoint_types/srv/_get_waypoint_s.c.o[0m
[13.492s] [ 87%] [32m[1mLinking C shared library rosidl_generator_py/carla_waypoint_types/libcarla_waypoint_types__python.so[0m
[13.560s] [ 87%] Built target carla_waypoint_types__python
[13.574s] [35m[1mScanning dependencies of target carla_waypoint_types__rosidl_typesupport_introspection_c__pyext[0m
[13.575s] [35m[1mScanning dependencies of target carla_waypoint_types__rosidl_typesupport_fastrtps_c__pyext[0m
[13.576s] [35m[1mScanning dependencies of target carla_waypoint_types__rosidl_typesupport_c__pyext[0m
[13.601s] [ 89%] [32mBuilding C object CMakeFiles/carla_waypoint_types__rosidl_typesupport_introspection_c__pyext.dir/rosidl_generator_py/carla_waypoint_types/_carla_waypoint_types_s.ep.rosidl_typesupport_introspection_c.c.o[0m
[13.603s] [ 93%] [32mBuilding C object CMakeFiles/carla_waypoint_types__rosidl_typesupport_fastrtps_c__pyext.dir/rosidl_generator_py/carla_waypoint_types/_carla_waypoint_types_s.ep.rosidl_typesupport_fastrtps_c.c.o[0m
[13.603s] [ 93%] [32mBuilding C object CMakeFiles/carla_waypoint_types__rosidl_typesupport_c__pyext.dir/rosidl_generator_py/carla_waypoint_types/_carla_waypoint_types_s.ep.rosidl_typesupport_c.c.o[0m
[13.721s] [ 95%] [32m[1mLinking C shared library rosidl_generator_py/carla_waypoint_types/carla_waypoint_types_s__rosidl_typesupport_c.cpython-38-x86_64-linux-gnu.so[0m
[13.734s] [ 97%] [32m[1mLinking CXX shared library rosidl_generator_py/carla_waypoint_types/carla_waypoint_types_s__rosidl_typesupport_fastrtps_c.cpython-38-x86_64-linux-gnu.so[0m
[13.779s] [ 97%] Built target carla_waypoint_types__rosidl_typesupport_c__pyext
[13.785s] [100%] [32m[1mLinking C shared library rosidl_generator_py/carla_waypoint_types/carla_waypoint_types_s__rosidl_typesupport_introspection_c.cpython-38-x86_64-linux-gnu.so[0m
[13.837s] [100%] Built target carla_waypoint_types__rosidl_typesupport_introspection_c__pyext
[13.843s] [100%] Built target carla_waypoint_types__rosidl_typesupport_fastrtps_c__pyext
[13.858s] Invoked command in '/home/camilo/2022-tfg-juancamilo-carmona/tfg/build/carla_waypoint_types' returned '0': CMAKE_PREFIX_PATH=${CMAKE_PREFIX_PATH}:/home/camilo/2022-tfg-juancamilo-carmona/tfg/install/rqt_carla_control:/home/camilo/2022-tfg-juancamilo-carmona/tfg/install/carla_waypoint_publisher:/home/camilo/2022-tfg-juancamilo-carmona/tfg/install/carla_teleop:/home/camilo/2022-tfg-juancamilo-carmona/tfg/install/carla_ackermann_control:/home/camilo/2022-tfg-juancamilo-carmona/tfg/install/carla_ros_bridge:/home/camilo/2022-tfg-juancamilo-carmona/tfg/install/carla_spawn_objects:/home/camilo/2022-tfg-juancamilo-carmona/tfg/install/carla_manual_control:/home/camilo/2022-tfg-juancamilo-carmona/tfg/install/carla_ad_agent:/home/camilo/2022-tfg-juancamilo-carmona/tfg/install/ros_compatibility:/home/camilo/2022-tfg-juancamilo-carmona/tfg/install/carla_walker_agent:/home/camilo/2022-tfg-juancamilo-carmona/tfg/install/carla_twist_to_control:/home/camilo/2022-tfg-juancamilo-carmona/tfg/install/carla_ros_scenario_runner:/home/camilo/2022-tfg-juancamilo-carmona/tfg/install/carla_common:/home/camilo/carla-ros-bridge/install/rqt_carla_control:/home/camilo/carla-ros-bridge/install/carla_waypoint_publisher:/home/camilo/carla-ros-bridge/install/carla_ackermann_control:/home/camilo/carla-ros-bridge/install/carla_ros_bridge:/home/camilo/carla-ros-bridge/install/carla_spawn_objects:/home/camilo/carla-ros-bridge/install/carla_manual_control:/home/camilo/carla-ros-bridge/install/carla_ad_agent:/home/camilo/carla-ros-bridge/install/ros_compatibility:/home/camilo/carla-ros-bridge/install/carla_walker_agent:/home/camilo/carla-ros-bridge/install/carla_twist_to_control:/home/camilo/carla-ros-bridge/install/carla_ros_scenario_runner:/home/camilo/carla-ros-bridge/install/carla_common:/opt/ros/foxy /usr/bin/cmake --build /home/camilo/2022-tfg-juancamilo-carmona/tfg/build/carla_waypoint_types -- -j12 -l12
[13.957s] Invoking command in '/home/camilo/2022-tfg-juancamilo-carmona/tfg/build/carla_waypoint_types': CMAKE_PREFIX_PATH=${CMAKE_PREFIX_PATH}:/home/camilo/2022-tfg-juancamilo-carmona/tfg/install/rqt_carla_control:/home/camilo/2022-tfg-juancamilo-carmona/tfg/install/carla_waypoint_publisher:/home/camilo/2022-tfg-juancamilo-carmona/tfg/install/carla_teleop:/home/camilo/2022-tfg-juancamilo-carmona/tfg/install/carla_ackermann_control:/home/camilo/2022-tfg-juancamilo-carmona/tfg/install/carla_ros_bridge:/home/camilo/2022-tfg-juancamilo-carmona/tfg/install/carla_spawn_objects:/home/camilo/2022-tfg-juancamilo-carmona/tfg/install/carla_manual_control:/home/camilo/2022-tfg-juancamilo-carmona/tfg/install/carla_ad_agent:/home/camilo/2022-tfg-juancamilo-carmona/tfg/install/ros_compatibility:/home/camilo/2022-tfg-juancamilo-carmona/tfg/install/carla_walker_agent:/home/camilo/2022-tfg-juancamilo-carmona/tfg/install/carla_twist_to_control:/home/camilo/2022-tfg-juancamilo-carmona/tfg/install/carla_ros_scenario_runner:/home/camilo/2022-tfg-juancamilo-carmona/tfg/install/carla_common:/home/camilo/carla-ros-bridge/install/rqt_carla_control:/home/camilo/carla-ros-bridge/install/carla_waypoint_publisher:/home/camilo/carla-ros-bridge/install/carla_ackermann_control:/home/camilo/carla-ros-bridge/install/carla_ros_bridge:/home/camilo/carla-ros-bridge/install/carla_spawn_objects:/home/camilo/carla-ros-bridge/install/carla_manual_control:/home/camilo/carla-ros-bridge/install/carla_ad_agent:/home/camilo/carla-ros-bridge/install/ros_compatibility:/home/camilo/carla-ros-bridge/install/carla_walker_agent:/home/camilo/carla-ros-bridge/install/carla_twist_to_control:/home/camilo/carla-ros-bridge/install/carla_ros_scenario_runner:/home/camilo/carla-ros-bridge/install/carla_common:/opt/ros/foxy /usr/bin/cmake --install /home/camilo/2022-tfg-juancamilo-carmona/tfg/build/carla_waypoint_types
[13.978s] -- Install configuration: ""
[13.978s] -- Execute custom install script
[13.979s] -- Symlinking: /home/camilo/2022-tfg-juancamilo-carmona/tfg/install/carla_waypoint_types/share/ament_index/resource_index/rosidl_interfaces/carla_waypoint_types
[13.991s] -- Symlinking: /home/camilo/2022-tfg-juancamilo-carmona/tfg/install/carla_waypoint_types/include/carla_waypoint_types/msg/carla_waypoint.h
[14.002s] -- Symlinking: /home/camilo/2022-tfg-juancamilo-carmona/tfg/install/carla_waypoint_types/include/carla_waypoint_types/msg/detail/carla_waypoint__functions.h
[14.014s] -- Symlinking: /home/camilo/2022-tfg-juancamilo-carmona/tfg/install/carla_waypoint_types/include/carla_waypoint_types/msg/detail/carla_waypoint__struct.h
[14.025s] -- Symlinking: /home/camilo/2022-tfg-juancamilo-carmona/tfg/install/carla_waypoint_types/include/carla_waypoint_types/msg/detail/carla_waypoint__type_support.h
[14.036s] -- Symlinking: /home/camilo/2022-tfg-juancamilo-carmona/tfg/install/carla_waypoint_types/include/carla_waypoint_types/msg/rosidl_generator_c__visibility_control.h
[14.047s] -- Symlinking: /home/camilo/2022-tfg-juancamilo-carmona/tfg/install/carla_waypoint_types/include/carla_waypoint_types/srv/detail/get_actor_waypoint__functions.h
[14.063s] -- Symlinking: /home/camilo/2022-tfg-juancamilo-carmona/tfg/install/carla_waypoint_types/include/carla_waypoint_types/srv/detail/get_actor_waypoint__struct.h
[14.070s] -- Symlinking: /home/camilo/2022-tfg-juancamilo-carmona/tfg/install/carla_waypoint_types/include/carla_waypoint_types/srv/detail/get_actor_waypoint__type_support.h
[14.081s] -- Symlinking: /home/camilo/2022-tfg-juancamilo-carmona/tfg/install/carla_waypoint_types/include/carla_waypoint_types/srv/detail/get_waypoint__functions.h
[14.096s] -- Symlinking: /home/camilo/2022-tfg-juancamilo-carmona/tfg/install/carla_waypoint_types/include/carla_waypoint_types/srv/detail/get_waypoint__struct.h
[14.113s] -- Symlinking: /home/camilo/2022-tfg-juancamilo-carmona/tfg/install/carla_waypoint_types/include/carla_waypoint_types/srv/detail/get_waypoint__type_support.h
[14.126s] -- Symlinking: /home/camilo/2022-tfg-juancamilo-carmona/tfg/install/carla_waypoint_types/include/carla_waypoint_types/srv/get_actor_waypoint.h
[14.137s] -- Symlinking: /home/camilo/2022-tfg-juancamilo-carmona/tfg/install/carla_waypoint_types/include/carla_waypoint_types/srv/get_waypoint.h
[14.149s] -- Symlinking: /home/camilo/2022-tfg-juancamilo-carmona/tfg/install/carla_waypoint_types/share/carla_waypoint_types/environment/library_path.sh
[14.160s] -- Symlinking: /home/camilo/2022-tfg-juancamilo-carmona/tfg/install/carla_waypoint_types/share/carla_waypoint_types/environment/library_path.dsv
[14.176s] -- Symlinking: /home/camilo/2022-tfg-juancamilo-carmona/tfg/install/carla_waypoint_types/include/carla_waypoint_types/msg/detail/carla_waypoint__rosidl_typesupport_fastrtps_c.h
[14.189s] -- Symlinking: /home/camilo/2022-tfg-juancamilo-carmona/tfg/install/carla_waypoint_types/include/carla_waypoint_types/msg/rosidl_typesupport_fastrtps_c__visibility_control.h
[14.202s] -- Symlinking: /home/camilo/2022-tfg-juancamilo-carmona/tfg/install/carla_waypoint_types/include/carla_waypoint_types/srv/detail/get_actor_waypoint__rosidl_typesupport_fastrtps_c.h
[14.222s] -- Symlinking: /home/camilo/2022-tfg-juancamilo-carmona/tfg/install/carla_waypoint_types/include/carla_waypoint_types/srv/detail/get_waypoint__rosidl_typesupport_fastrtps_c.h
[14.228s] -- Symlinking: /home/camilo/2022-tfg-juancamilo-carmona/tfg/install/carla_waypoint_types/lib/libcarla_waypoint_types__rosidl_typesupport_fastrtps_c.so
[14.240s] -- Symlinking: /home/camilo/2022-tfg-juancamilo-carmona/tfg/install/carla_waypoint_types/include/carla_waypoint_types/msg/detail/carla_waypoint__rosidl_typesupport_fastrtps_cpp.hpp
[14.250s] -- Symlinking: /home/camilo/2022-tfg-juancamilo-carmona/tfg/install/carla_waypoint_types/include/carla_waypoint_types/msg/rosidl_typesupport_fastrtps_cpp__visibility_control.h
[14.263s] -- Symlinking: /home/camilo/2022-tfg-juancamilo-carmona/tfg/install/carla_waypoint_types/include/carla_waypoint_types/srv/detail/get_actor_waypoint__rosidl_typesupport_fastrtps_cpp.hpp
[14.276s] -- Symlinking: /home/camilo/2022-tfg-juancamilo-carmona/tfg/install/carla_waypoint_types/include/carla_waypoint_types/srv/detail/get_waypoint__rosidl_typesupport_fastrtps_cpp.hpp
[14.289s] -- Symlinking: /home/camilo/2022-tfg-juancamilo-carmona/tfg/install/carla_waypoint_types/lib/libcarla_waypoint_types__rosidl_typesupport_fastrtps_cpp.so
[14.306s] -- Symlinking: /home/camilo/2022-tfg-juancamilo-carmona/tfg/install/carla_waypoint_types/include/carla_waypoint_types/msg/detail/carla_waypoint__rosidl_typesupport_introspection_c.h
[14.314s] -- Symlinking: /home/camilo/2022-tfg-juancamilo-carmona/tfg/install/carla_waypoint_types/include/carla_waypoint_types/msg/rosidl_typesupport_introspection_c__visibility_control.h
[14.328s] -- Symlinking: /home/camilo/2022-tfg-juancamilo-carmona/tfg/install/carla_waypoint_types/include/carla_waypoint_types/srv/detail/get_actor_waypoint__rosidl_typesupport_introspection_c.h
[14.340s] -- Symlinking: /home/camilo/2022-tfg-juancamilo-carmona/tfg/install/carla_waypoint_types/include/carla_waypoint_types/srv/detail/get_waypoint__rosidl_typesupport_introspection_c.h
[14.352s] -- Symlinking: /home/camilo/2022-tfg-juancamilo-carmona/tfg/install/carla_waypoint_types/include/carla_waypoint_types/msg/carla_waypoint.hpp
[14.364s] -- Symlinking: /home/camilo/2022-tfg-juancamilo-carmona/tfg/install/carla_waypoint_types/include/carla_waypoint_types/msg/detail/carla_waypoint__builder.hpp
[14.376s] -- Symlinking: /home/camilo/2022-tfg-juancamilo-carmona/tfg/install/carla_waypoint_types/include/carla_waypoint_types/msg/detail/carla_waypoint__struct.hpp
[14.387s] -- Symlinking: /home/camilo/2022-tfg-juancamilo-carmona/tfg/install/carla_waypoint_types/include/carla_waypoint_types/msg/detail/carla_waypoint__traits.hpp
[14.398s] -- Symlinking: /home/camilo/2022-tfg-juancamilo-carmona/tfg/install/carla_waypoint_types/include/carla_waypoint_types/srv/detail/get_actor_waypoint__builder.hpp
[14.410s] -- Symlinking: /home/camilo/2022-tfg-juancamilo-carmona/tfg/install/carla_waypoint_types/include/carla_waypoint_types/srv/detail/get_actor_waypoint__struct.hpp
[14.422s] -- Symlinking: /home/camilo/2022-tfg-juancamilo-carmona/tfg/install/carla_waypoint_types/include/carla_waypoint_types/srv/detail/get_actor_waypoint__traits.hpp
[14.432s] -- Symlinking: /home/camilo/2022-tfg-juancamilo-carmona/tfg/install/carla_waypoint_types/include/carla_waypoint_types/srv/detail/get_waypoint__builder.hpp
[14.446s] -- Symlinking: /home/camilo/2022-tfg-juancamilo-carmona/tfg/install/carla_waypoint_types/include/carla_waypoint_types/srv/detail/get_waypoint__struct.hpp
[14.459s] -- Symlinking: /home/camilo/2022-tfg-juancamilo-carmona/tfg/install/carla_waypoint_types/include/carla_waypoint_types/srv/detail/get_waypoint__traits.hpp
[14.471s] -- Symlinking: /home/camilo/2022-tfg-juancamilo-carmona/tfg/install/carla_waypoint_types/include/carla_waypoint_types/srv/get_actor_waypoint.hpp
[14.483s] -- Symlinking: /home/camilo/2022-tfg-juancamilo-carmona/tfg/install/carla_waypoint_types/include/carla_waypoint_types/srv/get_waypoint.hpp
[14.499s] -- Symlinking: /home/camilo/2022-tfg-juancamilo-carmona/tfg/install/carla_waypoint_types/include/carla_waypoint_types/msg/detail/carla_waypoint__rosidl_typesupport_introspection_cpp.hpp
[14.513s] -- Symlinking: /home/camilo/2022-tfg-juancamilo-carmona/tfg/install/carla_waypoint_types/include/carla_waypoint_types/srv/detail/get_actor_waypoint__rosidl_typesupport_introspection_cpp.hpp
[14.525s] -- Symlinking: /home/camilo/2022-tfg-juancamilo-carmona/tfg/install/carla_waypoint_types/include/carla_waypoint_types/srv/detail/get_waypoint__rosidl_typesupport_introspection_cpp.hpp
[14.536s] -- Symlinking: /home/camilo/2022-tfg-juancamilo-carmona/tfg/install/carla_waypoint_types/share/carla_waypoint_types/environment/pythonpath.sh
[14.547s] -- Symlinking: /home/camilo/2022-tfg-juancamilo-carmona/tfg/install/carla_waypoint_types/share/carla_waypoint_types/environment/pythonpath.dsv
[14.562s] -- Symlinking: /home/camilo/2022-tfg-juancamilo-carmona/tfg/install/carla_waypoint_types/lib/python3.8/site-packages/carla_waypoint_types/__init__.py
[14.574s] -- Symlinking: /home/camilo/2022-tfg-juancamilo-carmona/tfg/install/carla_waypoint_types/lib/python3.8/site-packages/carla_waypoint_types/msg/__init__.py
[14.586s] -- Symlinking: /home/camilo/2022-tfg-juancamilo-carmona/tfg/install/carla_waypoint_types/lib/python3.8/site-packages/carla_waypoint_types/msg/_carla_waypoint.py
[14.597s] -- Symlinking: /home/camilo/2022-tfg-juancamilo-carmona/tfg/install/carla_waypoint_types/lib/python3.8/site-packages/carla_waypoint_types/srv/__init__.py
[14.609s] -- Symlinking: /home/camilo/2022-tfg-juancamilo-carmona/tfg/install/carla_waypoint_types/lib/python3.8/site-packages/carla_waypoint_types/srv/_get_actor_waypoint.py
[14.620s] -- Symlinking: /home/camilo/2022-tfg-juancamilo-carmona/tfg/install/carla_waypoint_types/lib/python3.8/site-packages/carla_waypoint_types/srv/_get_waypoint.py
[14.631s] -- Symlinking: /home/camilo/2022-tfg-juancamilo-carmona/tfg/install/carla_waypoint_types/lib/python3.8/site-packages/carla_waypoint_types/carla_waypoint_types_s__rosidl_typesupport_fastrtps_c.cpython-38-x86_64-linux-gnu.so
[14.642s] -- Symlinking: /home/camilo/2022-tfg-juancamilo-carmona/tfg/install/carla_waypoint_types/lib/python3.8/site-packages/carla_waypoint_types/carla_waypoint_types_s__rosidl_typesupport_introspection_c.cpython-38-x86_64-linux-gnu.so
[14.654s] -- Symlinking: /home/camilo/2022-tfg-juancamilo-carmona/tfg/install/carla_waypoint_types/lib/python3.8/site-packages/carla_waypoint_types/carla_waypoint_types_s__rosidl_typesupport_c.cpython-38-x86_64-linux-gnu.so
[14.665s] -- Symlinking: /home/camilo/2022-tfg-juancamilo-carmona/tfg/install/carla_waypoint_types/lib/libcarla_waypoint_types__python.so
[14.675s] -- Symlinking: /home/camilo/2022-tfg-juancamilo-carmona/tfg/install/carla_waypoint_types/share/carla_waypoint_types/msg/CarlaWaypoint.idl
[14.688s] -- Symlinking: /home/camilo/2022-tfg-juancamilo-carmona/tfg/install/carla_waypoint_types/share/carla_waypoint_types/srv/GetWaypoint.idl
[14.700s] -- Symlinking: /home/camilo/2022-tfg-juancamilo-carmona/tfg/install/carla_waypoint_types/share/carla_waypoint_types/srv/GetActorWaypoint.idl
[14.711s] -- Symlinking: /home/camilo/2022-tfg-juancamilo-carmona/tfg/install/carla_waypoint_types/share/carla_waypoint_types/msg/CarlaWaypoint.msg
[14.723s] -- Symlinking: /home/camilo/2022-tfg-juancamilo-carmona/tfg/install/carla_waypoint_types/share/carla_waypoint_types/srv/GetWaypoint.srv
[14.736s] -- Symlinking: /home/camilo/2022-tfg-juancamilo-carmona/tfg/install/carla_waypoint_types/share/carla_waypoint_types/srv/GetWaypoint_Request.msg
[14.749s] -- Symlinking: /home/camilo/2022-tfg-juancamilo-carmona/tfg/install/carla_waypoint_types/share/carla_waypoint_types/srv/GetWaypoint_Response.msg
[14.760s] -- Symlinking: /home/camilo/2022-tfg-juancamilo-carmona/tfg/install/carla_waypoint_types/share/carla_waypoint_types/srv/GetActorWaypoint.srv
[14.777s] -- Symlinking: /home/camilo/2022-tfg-juancamilo-carmona/tfg/install/carla_waypoint_types/share/carla_waypoint_types/srv/GetActorWaypoint_Request.msg
[14.790s] -- Symlinking: /home/camilo/2022-tfg-juancamilo-carmona/tfg/install/carla_waypoint_types/share/carla_waypoint_types/srv/GetActorWaypoint_Response.msg
[14.803s] -- Symlinking: /home/camilo/2022-tfg-juancamilo-carmona/tfg/install/carla_waypoint_types/share/ament_index/resource_index/package_run_dependencies/carla_waypoint_types
[14.815s] -- Symlinking: /home/camilo/2022-tfg-juancamilo-carmona/tfg/install/carla_waypoint_types/share/ament_index/resource_index/parent_prefix_path/carla_waypoint_types
[14.831s] -- Symlinking: /home/camilo/2022-tfg-juancamilo-carmona/tfg/install/carla_waypoint_types/share/carla_waypoint_types/environment/ament_prefix_path.sh
[14.848s] -- Symlinking: /home/camilo/2022-tfg-juancamilo-carmona/tfg/install/carla_waypoint_types/share/carla_waypoint_types/environment/ament_prefix_path.dsv
[14.860s] -- Symlinking: /home/camilo/2022-tfg-juancamilo-carmona/tfg/install/carla_waypoint_types/share/carla_waypoint_types/environment/path.sh
[14.873s] -- Symlinking: /home/camilo/2022-tfg-juancamilo-carmona/tfg/install/carla_waypoint_types/share/carla_waypoint_types/environment/path.dsv
[14.884s] -- Symlinking: /home/camilo/2022-tfg-juancamilo-carmona/tfg/install/carla_waypoint_types/share/carla_waypoint_types/local_setup.bash
[14.897s] -- Symlinking: /home/camilo/2022-tfg-juancamilo-carmona/tfg/install/carla_waypoint_types/share/carla_waypoint_types/local_setup.sh
[14.911s] -- Symlinking: /home/camilo/2022-tfg-juancamilo-carmona/tfg/install/carla_waypoint_types/share/carla_waypoint_types/local_setup.zsh
[14.927s] -- Symlinking: /home/camilo/2022-tfg-juancamilo-carmona/tfg/install/carla_waypoint_types/share/carla_waypoint_types/local_setup.dsv
[14.942s] -- Symlinking: /home/camilo/2022-tfg-juancamilo-carmona/tfg/install/carla_waypoint_types/share/carla_waypoint_types/package.dsv
[14.956s] -- Symlinking: /home/camilo/2022-tfg-juancamilo-carmona/tfg/install/carla_waypoint_types/share/ament_index/resource_index/packages/carla_waypoint_types
[14.975s] -- Symlinking: /home/camilo/2022-tfg-juancamilo-carmona/tfg/install/carla_waypoint_types/share/carla_waypoint_types/cmake/rosidl_cmake-extras.cmake
[14.986s] -- Symlinking: /home/camilo/2022-tfg-juancamilo-carmona/tfg/install/carla_waypoint_types/share/carla_waypoint_types/cmake/ament_cmake_export_dependencies-extras.cmake
[14.998s] -- Symlinking: /home/camilo/2022-tfg-juancamilo-carmona/tfg/install/carla_waypoint_types/share/carla_waypoint_types/cmake/ament_cmake_export_libraries-extras.cmake
[15.013s] -- Symlinking: /home/camilo/2022-tfg-juancamilo-carmona/tfg/install/carla_waypoint_types/share/carla_waypoint_types/cmake/ament_cmake_export_targets-extras.cmake
[15.026s] -- Symlinking: /home/camilo/2022-tfg-juancamilo-carmona/tfg/install/carla_waypoint_types/share/carla_waypoint_types/cmake/ament_cmake_export_include_directories-extras.cmake
[15.038s] -- Symlinking: /home/camilo/2022-tfg-juancamilo-carmona/tfg/install/carla_waypoint_types/share/carla_waypoint_types/cmake/rosidl_cmake_export_typesupport_libraries-extras.cmake
[15.052s] -- Symlinking: /home/camilo/2022-tfg-juancamilo-carmona/tfg/install/carla_waypoint_types/share/carla_waypoint_types/cmake/rosidl_cmake_export_typesupport_targets-extras.cmake
[15.067s] -- Symlinking: /home/camilo/2022-tfg-juancamilo-carmona/tfg/install/carla_waypoint_types/share/carla_waypoint_types/cmake/carla_waypoint_typesConfig.cmake
[15.080s] -- Symlinking: /home/camilo/2022-tfg-juancamilo-carmona/tfg/install/carla_waypoint_types/share/carla_waypoint_types/cmake/carla_waypoint_typesConfig-version.cmake
[15.093s] -- Symlinking: /home/camilo/2022-tfg-juancamilo-carmona/tfg/install/carla_waypoint_types/share/carla_waypoint_types/package.xml
[15.107s] -- Installing: /home/camilo/2022-tfg-juancamilo-carmona/tfg/install/carla_waypoint_types/lib/libcarla_waypoint_types__rosidl_generator_c.so
[15.108s] -- Set runtime path of "/home/camilo/2022-tfg-juancamilo-carmona/tfg/install/carla_waypoint_types/lib/libcarla_waypoint_types__rosidl_generator_c.so" to ""
[15.108s] -- Installing: /home/camilo/2022-tfg-juancamilo-carmona/tfg/install/carla_waypoint_types/lib/libcarla_waypoint_types__rosidl_typesupport_introspection_c.so
[15.108s] -- Set runtime path of "/home/camilo/2022-tfg-juancamilo-carmona/tfg/install/carla_waypoint_types/lib/libcarla_waypoint_types__rosidl_typesupport_introspection_c.so" to ""
[15.109s] -- Installing: /home/camilo/2022-tfg-juancamilo-carmona/tfg/install/carla_waypoint_types/lib/libcarla_waypoint_types__rosidl_typesupport_c.so
[15.109s] -- Set runtime path of "/home/camilo/2022-tfg-juancamilo-carmona/tfg/install/carla_waypoint_types/lib/libcarla_waypoint_types__rosidl_typesupport_c.so" to ""
[15.109s] -- Installing: /home/camilo/2022-tfg-juancamilo-carmona/tfg/install/carla_waypoint_types/lib/libcarla_waypoint_types__rosidl_typesupport_introspection_cpp.so
[15.110s] -- Set runtime path of "/home/camilo/2022-tfg-juancamilo-carmona/tfg/install/carla_waypoint_types/lib/libcarla_waypoint_types__rosidl_typesupport_introspection_cpp.so" to ""
[15.110s] -- Installing: /home/camilo/2022-tfg-juancamilo-carmona/tfg/install/carla_waypoint_types/lib/libcarla_waypoint_types__rosidl_typesupport_cpp.so
[15.110s] -- Set runtime path of "/home/camilo/2022-tfg-juancamilo-carmona/tfg/install/carla_waypoint_types/lib/libcarla_waypoint_types__rosidl_typesupport_cpp.so" to ""
[15.216s] Compiling '/home/camilo/2022-tfg-juancamilo-carmona/tfg/install/carla_waypoint_types/lib/python3.8/site-packages/carla_waypoint_types/__init__.py'...
[15.225s] -- Installing: /home/camilo/2022-tfg-juancamilo-carmona/tfg/install/carla_waypoint_types/share/carla_waypoint_types/cmake/carla_waypoint_types__rosidl_generator_cExport.cmake
[15.226s] -- Installing: /home/camilo/2022-tfg-juancamilo-carmona/tfg/install/carla_waypoint_types/share/carla_waypoint_types/cmake/carla_waypoint_types__rosidl_generator_cExport-noconfig.cmake
[15.226s] -- Installing: /home/camilo/2022-tfg-juancamilo-carmona/tfg/install/carla_waypoint_types/share/carla_waypoint_types/cmake/carla_waypoint_types__rosidl_typesupport_introspection_cExport.cmake
[15.226s] -- Installing: /home/camilo/2022-tfg-juancamilo-carmona/tfg/install/carla_waypoint_types/share/carla_waypoint_types/cmake/carla_waypoint_types__rosidl_typesupport_introspection_cExport-noconfig.cmake
[15.226s] -- Installing: /home/camilo/2022-tfg-juancamilo-carmona/tfg/install/carla_waypoint_types/share/carla_waypoint_types/cmake/carla_waypoint_types__rosidl_typesupport_cExport.cmake
[15.226s] -- Installing: /home/camilo/2022-tfg-juancamilo-carmona/tfg/install/carla_waypoint_types/share/carla_waypoint_types/cmake/carla_waypoint_types__rosidl_typesupport_cExport-noconfig.cmake
[15.227s] -- Installing: /home/camilo/2022-tfg-juancamilo-carmona/tfg/install/carla_waypoint_types/share/carla_waypoint_types/cmake/carla_waypoint_types__rosidl_generator_cppExport.cmake
[15.227s] -- Installing: /home/camilo/2022-tfg-juancamilo-carmona/tfg/install/carla_waypoint_types/share/carla_waypoint_types/cmake/carla_waypoint_types__rosidl_typesupport_introspection_cppExport.cmake
[15.227s] -- Installing: /home/camilo/2022-tfg-juancamilo-carmona/tfg/install/carla_waypoint_types/share/carla_waypoint_types/cmake/carla_waypoint_types__rosidl_typesupport_introspection_cppExport-noconfig.cmake
[15.227s] -- Installing: /home/camilo/2022-tfg-juancamilo-carmona/tfg/install/carla_waypoint_types/share/carla_waypoint_types/cmake/carla_waypoint_types__rosidl_typesupport_cppExport.cmake
[15.228s] -- Installing: /home/camilo/2022-tfg-juancamilo-carmona/tfg/install/carla_waypoint_types/share/carla_waypoint_types/cmake/carla_waypoint_types__rosidl_typesupport_cppExport-noconfig.cmake
[15.242s] Invoked command in '/home/camilo/2022-tfg-juancamilo-carmona/tfg/build/carla_waypoint_types' returned '0': CMAKE_PREFIX_PATH=${CMAKE_PREFIX_PATH}:/home/camilo/2022-tfg-juancamilo-carmona/tfg/install/rqt_carla_control:/home/camilo/2022-tfg-juancamilo-carmona/tfg/install/carla_waypoint_publisher:/home/camilo/2022-tfg-juancamilo-carmona/tfg/install/carla_teleop:/home/camilo/2022-tfg-juancamilo-carmona/tfg/install/carla_ackermann_control:/home/camilo/2022-tfg-juancamilo-carmona/tfg/install/carla_ros_bridge:/home/camilo/2022-tfg-juancamilo-carmona/tfg/install/carla_spawn_objects:/home/camilo/2022-tfg-juancamilo-carmona/tfg/install/carla_manual_control:/home/camilo/2022-tfg-juancamilo-carmona/tfg/install/carla_ad_agent:/home/camilo/2022-tfg-juancamilo-carmona/tfg/install/ros_compatibility:/home/camilo/2022-tfg-juancamilo-carmona/tfg/install/carla_walker_agent:/home/camilo/2022-tfg-juancamilo-carmona/tfg/install/carla_twist_to_control:/home/camilo/2022-tfg-juancamilo-carmona/tfg/install/carla_ros_scenario_runner:/home/camilo/2022-tfg-juancamilo-carmona/tfg/install/carla_common:/home/camilo/carla-ros-bridge/install/rqt_carla_control:/home/camilo/carla-ros-bridge/install/carla_waypoint_publisher:/home/camilo/carla-ros-bridge/install/carla_ackermann_control:/home/camilo/carla-ros-bridge/install/carla_ros_bridge:/home/camilo/carla-ros-bridge/install/carla_spawn_objects:/home/camilo/carla-ros-bridge/install/carla_manual_control:/home/camilo/carla-ros-bridge/install/carla_ad_agent:/home/camilo/carla-ros-bridge/install/ros_compatibility:/home/camilo/carla-ros-bridge/install/carla_walker_agent:/home/camilo/carla-ros-bridge/install/carla_twist_to_control:/home/camilo/carla-ros-bridge/install/carla_ros_scenario_runner:/home/camilo/carla-ros-bridge/install/carla_common:/opt/ros/foxy /usr/bin/cmake --install /home/camilo/2022-tfg-juancamilo-carmona/tfg/build/carla_waypoint_types
