-- Found ros_environment: 2.5.1 (/opt/ros/foxy/share/ros_environment/cmake)
-- Found ament_cmake: 0.9.11 (/opt/ros/foxy/share/ament_cmake/cmake)
-- Using PYTHON_EXECUTABLE: /usr/bin/python3
-- Override CMake install command with custom implementation using symlinks instead of copying resources
-- Found rviz_common: 8.2.7 (/opt/ros/foxy/share/rviz_common/cmake)
-- Setting OGRE_DIR to: '/opt/ros/foxy/share/rviz_ogre_vendor/cmake/../../../opt/rviz_ogre_vendor/lib/OGRE/cmake'
-- Found OGRE
--   static     : OFF
--   components : HLMS;MeshLodGenerator;Overlay;Paging;Property;RTShaderSystem;Terrain;Volume
--   plugins    : Plugin_BSPSceneManager;Plugin_OctreeSceneManager;Plugin_PCZSceneManager;Plugin_ParticleFX;RenderSystem_GL;RenderSystem_GL3Plus;Codec_STBI
--   media      : /opt/ros/foxy/opt/rviz_ogre_vendor/share/OGRE/Media
-- OGRE_LIBRARIES: OgreHLMS;OgreMeshLodGenerator;OgreOverlay;OgrePaging;OgreProperty;OgreRTShaderSystem;OgreTerrain;OgreVolume;OgreMain
-- OGRE_LIBRARY_DIRS: /opt/ros/foxy/opt/rviz_ogre_vendor/lib
-- OGRE_PLUGINS: Plugin_BSPSceneManager;Plugin_OctreeSceneManager;Plugin_PCZSceneManager;Plugin_ParticleFX;RenderSystem_GL;RenderSystem_GL3Plus;Codec_STBI
-- OGRE_PLUGIN_DIR: /opt/ros/foxy/opt/rviz_ogre_vendor/lib/OGRE
-- rviz_ogre_vendor::OgreOverlay for IMPORTED_LOCATION_RELEASE: /opt/ros/foxy/opt/rviz_ogre_vendor/lib/libOgreOverlay.so
-- rviz_ogre_vendor::OgreOverlay for IMPORTED_LOCATION_DEBUG: /opt/ros/foxy/opt/rviz_ogre_vendor/lib/libOgreOverlay.so
-- rviz_ogre_vendor::OgreMain for IMPORTED_LOCATION_RELEASE: /opt/ros/foxy/opt/rviz_ogre_vendor/lib/libOgreMain.so
-- rviz_ogre_vendor::OgreMain for IMPORTED_LOCATION_DEBUG: /opt/ros/foxy/opt/rviz_ogre_vendor/lib/libOgreMain.so
-- rviz_ogre_vendor::RenderSystem_GL for IMPORTED_LOCATION_RELEASE: _render_system_gl_static_library_abs-NOTFOUND
-- rviz_ogre_vendor::RenderSystem_GL for IMPORTED_LOCATION_DEBUG: _render_system_gl_static_library_abs-NOTFOUND
-- library: libassimp.so.5
-- library: /usr/lib/x86_64-linux-gnu/libcurl.so
-- Using all available rosidl_typesupport_c: rosidl_typesupport_fastrtps_c;rosidl_typesupport_introspection_c
-- Found rosidl_adapter: 1.3.0 (/opt/ros/foxy/share/rosidl_adapter/cmake)
-- Using all available rosidl_typesupport_cpp: rosidl_typesupport_fastrtps_cpp;rosidl_typesupport_introspection_cpp
-- Found rmw_implementation_cmake: 1.0.3 (/opt/ros/foxy/share/rmw_implementation_cmake/cmake)
-- Using RMW implementation 'rmw_fastrtps_cpp' as default
-- Setting yaml-cpp_DIR to: '/opt/ros/foxy/share/yaml_cpp_vendor/cmake/../../../opt/yaml_cpp_vendor/lib/cmake/yaml-cpp'
-- Found carla_msgs: 1.3.0 (/home/camilo/2022-tfg-juancamilo-carmona/tfg/install/carla_msgs/share/carla_msgs/cmake)
-- Found nav_msgs: 2.0.5 (/opt/ros/foxy/share/nav_msgs/cmake)
-- Found carla_ros_scenario_runner_types: 0.1.0 (/home/camilo/2022-tfg-juancamilo-carmona/tfg/install/carla_ros_scenario_runner_types/share/carla_ros_scenario_runner_types/cmake)
-- Configuring done
-- Generating done
-- Build files have been written to: /home/camilo/2022-tfg-juancamilo-carmona/tfg/build/rviz_carla_plugin
[ 12%] [34m[1mAutomatic MOC for target rviz_carla_plugin[0m
[ 12%] Built target rviz_carla_plugin_autogen
[35m[1mScanning dependencies of target rviz_carla_plugin[0m
[ 25%] [32mBuilding CXX object CMakeFiles/rviz_carla_plugin.dir/rviz_carla_plugin_autogen/mocs_compilation.cpp.o[0m
[ 37%] [32mBuilding CXX object CMakeFiles/rviz_carla_plugin.dir/src/drive_widget.cpp.o[0m
[ 50%] [32mBuilding CXX object CMakeFiles/rviz_carla_plugin.dir/src/carla_control_panel_ROS2.cpp.o[0m
[ 62%] [32mBuilding CXX object CMakeFiles/rviz_carla_plugin.dir/src/indicator_widget.cpp.o[0m
[ 75%] [32mBuilding CXX object CMakeFiles/rviz_carla_plugin.dir/qrc_rviz_carla_plugin.cpp.o[0m
[ 87%] [32m[1mLinking CXX shared library librviz_carla_plugin.so[0m
[100%] Built target rviz_carla_plugin
-- Install configuration: ""
-- Execute custom install script
-- Up-to-date symlink: /home/camilo/2022-tfg-juancamilo-carmona/tfg/install/rviz_carla_plugin/share/rviz_carla_plugin//plugin_description_ros2.xml
-- Up-to-date symlink: /home/camilo/2022-tfg-juancamilo-carmona/tfg/install/rviz_carla_plugin/share/rviz_carla_plugin/environment/library_path.sh
-- Up-to-date symlink: /home/camilo/2022-tfg-juancamilo-carmona/tfg/install/rviz_carla_plugin/share/rviz_carla_plugin/environment/library_path.dsv
-- Up-to-date symlink: /home/camilo/2022-tfg-juancamilo-carmona/tfg/install/rviz_carla_plugin/share/rviz_carla_plugin/plugin_description_ros2.xml
-- Up-to-date symlink: /home/camilo/2022-tfg-juancamilo-carmona/tfg/install/rviz_carla_plugin/share/rviz_carla_plugin/classes/CarlaControl.png
-- Up-to-date symlink: /home/camilo/2022-tfg-juancamilo-carmona/tfg/install/rviz_carla_plugin/share/rviz_carla_plugin/pause.png
-- Up-to-date symlink: /home/camilo/2022-tfg-juancamilo-carmona/tfg/install/rviz_carla_plugin/share/rviz_carla_plugin/play.png
-- Up-to-date symlink: /home/camilo/2022-tfg-juancamilo-carmona/tfg/install/rviz_carla_plugin/share/rviz_carla_plugin/step_once.png
-- Up-to-date symlink: /home/camilo/2022-tfg-juancamilo-carmona/tfg/install/rviz_carla_plugin/share/ament_index/resource_index/package_run_dependencies/rviz_carla_plugin
-- Up-to-date symlink: /home/camilo/2022-tfg-juancamilo-carmona/tfg/install/rviz_carla_plugin/share/ament_index/resource_index/parent_prefix_path/rviz_carla_plugin
-- Up-to-date symlink: /home/camilo/2022-tfg-juancamilo-carmona/tfg/install/rviz_carla_plugin/share/rviz_carla_plugin/environment/ament_prefix_path.sh
-- Up-to-date symlink: /home/camilo/2022-tfg-juancamilo-carmona/tfg/install/rviz_carla_plugin/share/rviz_carla_plugin/environment/ament_prefix_path.dsv
-- Up-to-date symlink: /home/camilo/2022-tfg-juancamilo-carmona/tfg/install/rviz_carla_plugin/share/rviz_carla_plugin/environment/path.sh
-- Up-to-date symlink: /home/camilo/2022-tfg-juancamilo-carmona/tfg/install/rviz_carla_plugin/share/rviz_carla_plugin/environment/path.dsv
-- Up-to-date symlink: /home/camilo/2022-tfg-juancamilo-carmona/tfg/install/rviz_carla_plugin/share/rviz_carla_plugin/local_setup.bash
-- Up-to-date symlink: /home/camilo/2022-tfg-juancamilo-carmona/tfg/install/rviz_carla_plugin/share/rviz_carla_plugin/local_setup.sh
-- Up-to-date symlink: /home/camilo/2022-tfg-juancamilo-carmona/tfg/install/rviz_carla_plugin/share/rviz_carla_plugin/local_setup.zsh
-- Up-to-date symlink: /home/camilo/2022-tfg-juancamilo-carmona/tfg/install/rviz_carla_plugin/share/rviz_carla_plugin/local_setup.dsv
-- Symlinking: /home/camilo/2022-tfg-juancamilo-carmona/tfg/install/rviz_carla_plugin/share/rviz_carla_plugin/package.dsv
-- Up-to-date symlink: /home/camilo/2022-tfg-juancamilo-carmona/tfg/install/rviz_carla_plugin/share/ament_index/resource_index/packages/rviz_carla_plugin
-- Up-to-date symlink: /home/camilo/2022-tfg-juancamilo-carmona/tfg/install/rviz_carla_plugin/share/ament_index/resource_index/rviz_common__pluginlib__plugin/rviz_carla_plugin
-- Up-to-date symlink: /home/camilo/2022-tfg-juancamilo-carmona/tfg/install/rviz_carla_plugin/share/rviz_carla_plugin/cmake/ament_cmake_export_libraries-extras.cmake
-- Up-to-date symlink: /home/camilo/2022-tfg-juancamilo-carmona/tfg/install/rviz_carla_plugin/share/rviz_carla_plugin/cmake/rviz_carla_pluginConfig.cmake
-- Up-to-date symlink: /home/camilo/2022-tfg-juancamilo-carmona/tfg/install/rviz_carla_plugin/share/rviz_carla_plugin/cmake/rviz_carla_pluginConfig-version.cmake
-- Up-to-date symlink: /home/camilo/2022-tfg-juancamilo-carmona/tfg/install/rviz_carla_plugin/share/rviz_carla_plugin/package.xml
-- Installing: /home/camilo/2022-tfg-juancamilo-carmona/tfg/install/rviz_carla_plugin/lib/librviz_carla_plugin.so
-- Set runtime path of "/home/camilo/2022-tfg-juancamilo-carmona/tfg/install/rviz_carla_plugin/lib/librviz_carla_plugin.so" to ""
