[0.783s] Invoking command in '/home/camilo/2022-tfg-juancamilo-carmona/tfg/build/carla_ackermann_control': AMENT_PREFIX_PATH=/home/camilo/2022-tfg-juancamilo-carmona/tfg/install/carla_ros_bridge:/home/camilo/2022-tfg-juancamilo-carmona/tfg/install/carla_spawn_objects:/home/camilo/2022-tfg-juancamilo-carmona/tfg/install/carla_manual_control:/home/camilo/2022-tfg-juancamilo-carmona/tfg/install/ros_compatibility:/home/camilo/2022-tfg-juancamilo-carmona/tfg/install/carla_common:/home/camilo/2022-tfg-juancamilo-carmona/tfg/install/carla_ackermann_msgs:${AMENT_PREFIX_PATH} CMAKE_PREFIX_PATH=/home/camilo/2022-tfg-juancamilo-carmona/tfg/install/carla_ackermann_msgs LD_LIBRARY_PATH=/home/camilo/2022-tfg-juancamilo-carmona/tfg/install/carla_ackermann_msgs/lib:${LD_LIBRARY_PATH} PYTHONPATH=/home/camilo/2022-tfg-juancamilo-carmona/tfg/build/carla_ackermann_control/prefix_override:/home/camilo/2022-tfg-juancamilo-carmona/tfg/install/carla_ackermann_control/lib/python3.8/site-packages:/home/camilo/2022-tfg-juancamilo-carmona/tfg/build/carla_ros_bridge/src:/home/camilo/2022-tfg-juancamilo-carmona/tfg/install/carla_ros_bridge/lib/python3.8/site-packages:/home/camilo/2022-tfg-juancamilo-carmona/tfg/build/carla_spawn_objects:/home/camilo/2022-tfg-juancamilo-carmona/tfg/install/carla_spawn_objects/lib/python3.8/site-packages:/home/camilo/2022-tfg-juancamilo-carmona/tfg/build/carla_manual_control/src:/home/camilo/2022-tfg-juancamilo-carmona/tfg/install/carla_manual_control/lib/python3.8/site-packages:/home/camilo/2022-tfg-juancamilo-carmona/tfg/build/ros_compatibility/src:/home/camilo/2022-tfg-juancamilo-carmona/tfg/install/ros_compatibility/lib/python3.8/site-packages:/home/camilo/2022-tfg-juancamilo-carmona/tfg/build/carla_common/src:/home/camilo/2022-tfg-juancamilo-carmona/tfg/install/carla_common/lib/python3.8/site-packages:/home/camilo/2022-tfg-juancamilo-carmona/tfg/install/carla_ackermann_msgs/lib/python3.8/site-packages:${PYTHONPATH} /usr/bin/python3 setup.py develop --editable --build-directory /home/camilo/2022-tfg-juancamilo-carmona/tfg/build/carla_ackermann_control/build --no-deps install_data
[1.076s] running develop
[1.267s] running egg_info
[1.267s] creating src/carla_ackermann_control.egg-info
[1.268s] writing src/carla_ackermann_control.egg-info/PKG-INFO
[1.268s] writing dependency_links to src/carla_ackermann_control.egg-info/dependency_links.txt
[1.268s] writing entry points to src/carla_ackermann_control.egg-info/entry_points.txt
[1.268s] writing requirements to src/carla_ackermann_control.egg-info/requires.txt
[1.268s] writing top-level names to src/carla_ackermann_control.egg-info/top_level.txt
[1.269s] writing manifest file 'src/carla_ackermann_control.egg-info/SOURCES.txt'
[1.301s] reading manifest file 'src/carla_ackermann_control.egg-info/SOURCES.txt'
[1.301s] writing manifest file 'src/carla_ackermann_control.egg-info/SOURCES.txt'
[1.334s] running build_ext
[1.335s] Creating /home/camilo/2022-tfg-juancamilo-carmona/tfg/install/carla_ackermann_control/lib/python3.8/site-packages/site.py
[1.337s] Creating /home/camilo/2022-tfg-juancamilo-carmona/tfg/install/carla_ackermann_control/lib/python3.8/site-packages/carla-ackermann-control.egg-link (link to src)
[1.337s] Installing carla_ackermann_control_node script to /home/camilo/2022-tfg-juancamilo-carmona/tfg/install/carla_ackermann_control/lib/carla_ackermann_control
[1.338s] 
[1.338s] Installed /home/camilo/2022-tfg-juancamilo-carmona/tfg/build/carla_ackermann_control/src
[1.338s] running install_data
[1.338s] creating /home/camilo/2022-tfg-juancamilo-carmona/tfg/install/carla_ackermann_control/share/ament_index
[1.338s] creating /home/camilo/2022-tfg-juancamilo-carmona/tfg/install/carla_ackermann_control/share/ament_index/resource_index
[1.338s] creating /home/camilo/2022-tfg-juancamilo-carmona/tfg/install/carla_ackermann_control/share/ament_index/resource_index/packages
[1.338s] copying resource/carla_ackermann_control -> /home/camilo/2022-tfg-juancamilo-carmona/tfg/install/carla_ackermann_control/share/ament_index/resource_index/packages
[1.338s] copying package.xml -> /home/camilo/2022-tfg-juancamilo-carmona/tfg/install/carla_ackermann_control/share/carla_ackermann_control
[1.338s] copying launch/carla_ros_bridge_with_ackermann_control.launch.py -> /home/camilo/2022-tfg-juancamilo-carmona/tfg/install/carla_ackermann_control/share/carla_ackermann_control
[1.338s] copying launch/carla_ackermann_control.launch.py -> /home/camilo/2022-tfg-juancamilo-carmona/tfg/install/carla_ackermann_control/share/carla_ackermann_control
[1.339s] copying config/settings.yaml -> /home/camilo/2022-tfg-juancamilo-carmona/tfg/install/carla_ackermann_control/share/carla_ackermann_control
[1.370s] Invoked command in '/home/camilo/2022-tfg-juancamilo-carmona/tfg/build/carla_ackermann_control' returned '0': AMENT_PREFIX_PATH=/home/camilo/2022-tfg-juancamilo-carmona/tfg/install/carla_ros_bridge:/home/camilo/2022-tfg-juancamilo-carmona/tfg/install/carla_spawn_objects:/home/camilo/2022-tfg-juancamilo-carmona/tfg/install/carla_manual_control:/home/camilo/2022-tfg-juancamilo-carmona/tfg/install/ros_compatibility:/home/camilo/2022-tfg-juancamilo-carmona/tfg/install/carla_common:/home/camilo/2022-tfg-juancamilo-carmona/tfg/install/carla_ackermann_msgs:${AMENT_PREFIX_PATH} CMAKE_PREFIX_PATH=/home/camilo/2022-tfg-juancamilo-carmona/tfg/install/carla_ackermann_msgs LD_LIBRARY_PATH=/home/camilo/2022-tfg-juancamilo-carmona/tfg/install/carla_ackermann_msgs/lib:${LD_LIBRARY_PATH} PYTHONPATH=/home/camilo/2022-tfg-juancamilo-carmona/tfg/build/carla_ackermann_control/prefix_override:/home/camilo/2022-tfg-juancamilo-carmona/tfg/install/carla_ackermann_control/lib/python3.8/site-packages:/home/camilo/2022-tfg-juancamilo-carmona/tfg/build/carla_ros_bridge/src:/home/camilo/2022-tfg-juancamilo-carmona/tfg/install/carla_ros_bridge/lib/python3.8/site-packages:/home/camilo/2022-tfg-juancamilo-carmona/tfg/build/carla_spawn_objects:/home/camilo/2022-tfg-juancamilo-carmona/tfg/install/carla_spawn_objects/lib/python3.8/site-packages:/home/camilo/2022-tfg-juancamilo-carmona/tfg/build/carla_manual_control/src:/home/camilo/2022-tfg-juancamilo-carmona/tfg/install/carla_manual_control/lib/python3.8/site-packages:/home/camilo/2022-tfg-juancamilo-carmona/tfg/build/ros_compatibility/src:/home/camilo/2022-tfg-juancamilo-carmona/tfg/install/ros_compatibility/lib/python3.8/site-packages:/home/camilo/2022-tfg-juancamilo-carmona/tfg/build/carla_common/src:/home/camilo/2022-tfg-juancamilo-carmona/tfg/install/carla_common/lib/python3.8/site-packages:/home/camilo/2022-tfg-juancamilo-carmona/tfg/install/carla_ackermann_msgs/lib/python3.8/site-packages:${PYTHONPATH} /usr/bin/python3 setup.py develop --editable --build-directory /home/camilo/2022-tfg-juancamilo-carmona/tfg/build/carla_ackermann_control/build --no-deps install_data
