[2.953s] Invoking command in '/home/camilo/2022-tfg-juancamilo-carmona/tfg/build/carla_spawn_objects': AMENT_PREFIX_PATH=/home/camilo/2022-tfg-juancamilo-carmona/tfg/install/ros_compatibility:/home/camilo/2022-tfg-juancamilo-carmona/tfg/install/carla_msgs:${AMENT_PREFIX_PATH} CMAKE_PREFIX_PATH=/home/camilo/2022-tfg-juancamilo-carmona/tfg/install/carla_msgs:${CMAKE_PREFIX_PATH} LD_LIBRARY_PATH=/home/camilo/2022-tfg-juancamilo-carmona/tfg/install/carla_msgs/lib:${LD_LIBRARY_PATH} PYTHONPATH=/home/camilo/2022-tfg-juancamilo-carmona/tfg/install/carla_spawn_objects/lib/python3.8/site-packages:/home/camilo/2022-tfg-juancamilo-carmona/tfg/build/ros_compatibility/src:/home/camilo/2022-tfg-juancamilo-carmona/tfg/install/ros_compatibility/lib/python3.8/site-packages:/home/camilo/2022-tfg-juancamilo-carmona/tfg/install/carla_msgs/lib/python3.8/site-packages:${PYTHONPATH} /usr/bin/python3 setup.py develop --prefix /home/camilo/2022-tfg-juancamilo-carmona/tfg/install/carla_spawn_objects --editable --build-directory /home/camilo/2022-tfg-juancamilo-carmona/tfg/build/carla_spawn_objects/build --no-deps install_data --install-dir /home/camilo/2022-tfg-juancamilo-carmona/tfg/install/carla_spawn_objects
[3.279s] running develop
[3.479s] running egg_info
[3.479s] creating carla_spawn_objects.egg-info
[3.479s] writing carla_spawn_objects.egg-info/PKG-INFO
[3.480s] writing dependency_links to carla_spawn_objects.egg-info/dependency_links.txt
[3.480s] writing entry points to carla_spawn_objects.egg-info/entry_points.txt
[3.480s] writing requirements to carla_spawn_objects.egg-info/requires.txt
[3.480s] writing top-level names to carla_spawn_objects.egg-info/top_level.txt
[3.481s] writing manifest file 'carla_spawn_objects.egg-info/SOURCES.txt'
[3.515s] reading manifest file 'carla_spawn_objects.egg-info/SOURCES.txt'
[3.515s] writing manifest file 'carla_spawn_objects.egg-info/SOURCES.txt'
[3.554s] running build_ext
[3.555s] Creating /home/camilo/2022-tfg-juancamilo-carmona/tfg/install/carla_spawn_objects/lib/python3.8/site-packages/site.py
[3.557s] Creating /home/camilo/2022-tfg-juancamilo-carmona/tfg/install/carla_spawn_objects/lib/python3.8/site-packages/carla-spawn-objects.egg-link (link to .)
[3.558s] Installing carla_spawn_objects script to /home/camilo/2022-tfg-juancamilo-carmona/tfg/install/carla_spawn_objects/lib/carla_spawn_objects
[3.558s] Installing set_initial_pose script to /home/camilo/2022-tfg-juancamilo-carmona/tfg/install/carla_spawn_objects/lib/carla_spawn_objects
[3.558s] 
[3.559s] Installed /home/camilo/2022-tfg-juancamilo-carmona/tfg/build/carla_spawn_objects
[3.559s] running install_data
[3.559s] creating /home/camilo/2022-tfg-juancamilo-carmona/tfg/install/carla_spawn_objects/share/ament_index
[3.559s] creating /home/camilo/2022-tfg-juancamilo-carmona/tfg/install/carla_spawn_objects/share/ament_index/resource_index
[3.559s] creating /home/camilo/2022-tfg-juancamilo-carmona/tfg/install/carla_spawn_objects/share/ament_index/resource_index/packages
[3.560s] copying resource/carla_spawn_objects -> /home/camilo/2022-tfg-juancamilo-carmona/tfg/install/carla_spawn_objects/share/ament_index/resource_index/packages
[3.560s] copying package.xml -> /home/camilo/2022-tfg-juancamilo-carmona/tfg/install/carla_spawn_objects/share/carla_spawn_objects
[3.560s] creating /home/camilo/2022-tfg-juancamilo-carmona/tfg/install/carla_spawn_objects/share/carla_spawn_objects/config
[3.560s] copying config/objects.json -> /home/camilo/2022-tfg-juancamilo-carmona/tfg/install/carla_spawn_objects/share/carla_spawn_objects/config
[3.561s] copying launch/set_initial_pose.launch.py -> /home/camilo/2022-tfg-juancamilo-carmona/tfg/install/carla_spawn_objects/share/carla_spawn_objects
[3.561s] copying launch/carla_example_ego_vehicle.launch.py -> /home/camilo/2022-tfg-juancamilo-carmona/tfg/install/carla_spawn_objects/share/carla_spawn_objects
[3.562s] copying launch/carla_spawn_objects.launch.py -> /home/camilo/2022-tfg-juancamilo-carmona/tfg/install/carla_spawn_objects/share/carla_spawn_objects
[3.682s] Invoked command in '/home/camilo/2022-tfg-juancamilo-carmona/tfg/build/carla_spawn_objects' returned '0': AMENT_PREFIX_PATH=/home/camilo/2022-tfg-juancamilo-carmona/tfg/install/ros_compatibility:/home/camilo/2022-tfg-juancamilo-carmona/tfg/install/carla_msgs:${AMENT_PREFIX_PATH} CMAKE_PREFIX_PATH=/home/camilo/2022-tfg-juancamilo-carmona/tfg/install/carla_msgs:${CMAKE_PREFIX_PATH} LD_LIBRARY_PATH=/home/camilo/2022-tfg-juancamilo-carmona/tfg/install/carla_msgs/lib:${LD_LIBRARY_PATH} PYTHONPATH=/home/camilo/2022-tfg-juancamilo-carmona/tfg/install/carla_spawn_objects/lib/python3.8/site-packages:/home/camilo/2022-tfg-juancamilo-carmona/tfg/build/ros_compatibility/src:/home/camilo/2022-tfg-juancamilo-carmona/tfg/install/ros_compatibility/lib/python3.8/site-packages:/home/camilo/2022-tfg-juancamilo-carmona/tfg/install/carla_msgs/lib/python3.8/site-packages:${PYTHONPATH} /usr/bin/python3 setup.py develop --prefix /home/camilo/2022-tfg-juancamilo-carmona/tfg/install/carla_spawn_objects --editable --build-directory /home/camilo/2022-tfg-juancamilo-carmona/tfg/build/carla_spawn_objects/build --no-deps install_data --install-dir /home/camilo/2022-tfg-juancamilo-carmona/tfg/install/carla_spawn_objects
