[0.629s] Invoking command in '/home/camilo/2022-tfg-juancamilo-carmona/tfg/build/carla_waypoint_types': CMAKE_PREFIX_PATH=${CMAKE_PREFIX_PATH}:/home/camilo/2022-tfg-juancamilo-carmona/tfg/install/rqt_carla_control:/home/camilo/2022-tfg-juancamilo-carmona/tfg/install/line_follower:/home/camilo/2022-tfg-juancamilo-carmona/tfg/install/carla_waypoint_publisher:/home/camilo/2022-tfg-juancamilo-carmona/tfg/install/carla_teleop:/home/camilo/2022-tfg-juancamilo-carmona/tfg/install/carla_ackermann_control:/home/camilo/2022-tfg-juancamilo-carmona/tfg/install/carla_ros_bridge:/home/camilo/2022-tfg-juancamilo-carmona/tfg/install/carla_spawn_objects:/home/camilo/2022-tfg-juancamilo-carmona/tfg/install/carla_manual_control:/home/camilo/2022-tfg-juancamilo-carmona/tfg/install/carla_ad_agent:/home/camilo/2022-tfg-juancamilo-carmona/tfg/install/analysis:/home/camilo/2022-tfg-juancamilo-carmona/tfg/install/ros_compatibility:/home/camilo/2022-tfg-juancamilo-carmona/tfg/install/carla_walker_agent:/home/camilo/2022-tfg-juancamilo-carmona/tfg/install/carla_twist_to_control:/home/camilo/2022-tfg-juancamilo-carmona/tfg/install/carla_ros_scenario_runner:/home/camilo/2022-tfg-juancamilo-carmona/tfg/install/carla_common:/opt/ros/foxy /usr/bin/cmake --build /home/camilo/2022-tfg-juancamilo-carmona/tfg/build/carla_waypoint_types -- -j12 -l12
[1.532s] [  2%] Built target carla_waypoint_types__cpp
[1.533s] [ 12%] Built target carla_waypoint_types__rosidl_generator_c
[1.533s] [ 23%] Built target carla_waypoint_types__rosidl_typesupport_fastrtps_cpp
[1.534s] [ 34%] Built target carla_waypoint_types__rosidl_typesupport_cpp
[1.534s] [ 44%] Built target carla_waypoint_types__rosidl_typesupport_introspection_cpp
[1.535s] [ 55%] Built target carla_waypoint_types__rosidl_typesupport_introspection_c
[1.536s] [ 65%] Built target carla_waypoint_types__rosidl_typesupport_c
[1.537s] [ 76%] Built target carla_waypoint_types__rosidl_typesupport_fastrtps_c
[1.537s] [ 76%] Built target carla_waypoint_types
[1.538s] [ 78%] Built target carla_waypoint_types__py
[1.538s] [ 87%] Built target carla_waypoint_types__python
[1.538s] [ 91%] Built target carla_waypoint_types__rosidl_typesupport_c__pyext
[1.539s] [ 95%] Built target carla_waypoint_types__rosidl_typesupport_introspection_c__pyext
[1.540s] [100%] Built target carla_waypoint_types__rosidl_typesupport_fastrtps_c__pyext
[1.543s] Invoked command in '/home/camilo/2022-tfg-juancamilo-carmona/tfg/build/carla_waypoint_types' returned '0': CMAKE_PREFIX_PATH=${CMAKE_PREFIX_PATH}:/home/camilo/2022-tfg-juancamilo-carmona/tfg/install/rqt_carla_control:/home/camilo/2022-tfg-juancamilo-carmona/tfg/install/line_follower:/home/camilo/2022-tfg-juancamilo-carmona/tfg/install/carla_waypoint_publisher:/home/camilo/2022-tfg-juancamilo-carmona/tfg/install/carla_teleop:/home/camilo/2022-tfg-juancamilo-carmona/tfg/install/carla_ackermann_control:/home/camilo/2022-tfg-juancamilo-carmona/tfg/install/carla_ros_bridge:/home/camilo/2022-tfg-juancamilo-carmona/tfg/install/carla_spawn_objects:/home/camilo/2022-tfg-juancamilo-carmona/tfg/install/carla_manual_control:/home/camilo/2022-tfg-juancamilo-carmona/tfg/install/carla_ad_agent:/home/camilo/2022-tfg-juancamilo-carmona/tfg/install/analysis:/home/camilo/2022-tfg-juancamilo-carmona/tfg/install/ros_compatibility:/home/camilo/2022-tfg-juancamilo-carmona/tfg/install/carla_walker_agent:/home/camilo/2022-tfg-juancamilo-carmona/tfg/install/carla_twist_to_control:/home/camilo/2022-tfg-juancamilo-carmona/tfg/install/carla_ros_scenario_runner:/home/camilo/2022-tfg-juancamilo-carmona/tfg/install/carla_common:/opt/ros/foxy /usr/bin/cmake --build /home/camilo/2022-tfg-juancamilo-carmona/tfg/build/carla_waypoint_types -- -j12 -l12
[1.628s] Invoking command in '/home/camilo/2022-tfg-juancamilo-carmona/tfg/build/carla_waypoint_types': CMAKE_PREFIX_PATH=${CMAKE_PREFIX_PATH}:/home/camilo/2022-tfg-juancamilo-carmona/tfg/install/rqt_carla_control:/home/camilo/2022-tfg-juancamilo-carmona/tfg/install/line_follower:/home/camilo/2022-tfg-juancamilo-carmona/tfg/install/carla_waypoint_publisher:/home/camilo/2022-tfg-juancamilo-carmona/tfg/install/carla_teleop:/home/camilo/2022-tfg-juancamilo-carmona/tfg/install/carla_ackermann_control:/home/camilo/2022-tfg-juancamilo-carmona/tfg/install/carla_ros_bridge:/home/camilo/2022-tfg-juancamilo-carmona/tfg/install/carla_spawn_objects:/home/camilo/2022-tfg-juancamilo-carmona/tfg/install/carla_manual_control:/home/camilo/2022-tfg-juancamilo-carmona/tfg/install/carla_ad_agent:/home/camilo/2022-tfg-juancamilo-carmona/tfg/install/analysis:/home/camilo/2022-tfg-juancamilo-carmona/tfg/install/ros_compatibility:/home/camilo/2022-tfg-juancamilo-carmona/tfg/install/carla_walker_agent:/home/camilo/2022-tfg-juancamilo-carmona/tfg/install/carla_twist_to_control:/home/camilo/2022-tfg-juancamilo-carmona/tfg/install/carla_ros_scenario_runner:/home/camilo/2022-tfg-juancamilo-carmona/tfg/install/carla_common:/opt/ros/foxy /usr/bin/cmake --install /home/camilo/2022-tfg-juancamilo-carmona/tfg/build/carla_waypoint_types
[1.640s] -- Install configuration: ""
[1.641s] -- Execute custom install script
[1.641s] -- Up-to-date symlink: /home/camilo/2022-tfg-juancamilo-carmona/tfg/install/carla_waypoint_types/share/ament_index/resource_index/rosidl_interfaces/carla_waypoint_types
[1.642s] -- Up-to-date symlink: /home/camilo/2022-tfg-juancamilo-carmona/tfg/install/carla_waypoint_types/include/carla_waypoint_types/msg/carla_waypoint.h
[1.642s] -- Up-to-date symlink: /home/camilo/2022-tfg-juancamilo-carmona/tfg/install/carla_waypoint_types/include/carla_waypoint_types/msg/detail/carla_waypoint__functions.h
[1.642s] -- Up-to-date symlink: /home/camilo/2022-tfg-juancamilo-carmona/tfg/install/carla_waypoint_types/include/carla_waypoint_types/msg/detail/carla_waypoint__struct.h
[1.643s] -- Up-to-date symlink: /home/camilo/2022-tfg-juancamilo-carmona/tfg/install/carla_waypoint_types/include/carla_waypoint_types/msg/detail/carla_waypoint__type_support.h
[1.643s] -- Up-to-date symlink: /home/camilo/2022-tfg-juancamilo-carmona/tfg/install/carla_waypoint_types/include/carla_waypoint_types/msg/rosidl_generator_c__visibility_control.h
[1.643s] -- Up-to-date symlink: /home/camilo/2022-tfg-juancamilo-carmona/tfg/install/carla_waypoint_types/include/carla_waypoint_types/srv/detail/get_actor_waypoint__functions.h
[1.643s] -- Up-to-date symlink: /home/camilo/2022-tfg-juancamilo-carmona/tfg/install/carla_waypoint_types/include/carla_waypoint_types/srv/detail/get_actor_waypoint__struct.h
[1.644s] -- Up-to-date symlink: /home/camilo/2022-tfg-juancamilo-carmona/tfg/install/carla_waypoint_types/include/carla_waypoint_types/srv/detail/get_actor_waypoint__type_support.h
[1.644s] -- Up-to-date symlink: /home/camilo/2022-tfg-juancamilo-carmona/tfg/install/carla_waypoint_types/include/carla_waypoint_types/srv/detail/get_waypoint__functions.h
[1.644s] -- Up-to-date symlink: /home/camilo/2022-tfg-juancamilo-carmona/tfg/install/carla_waypoint_types/include/carla_waypoint_types/srv/detail/get_waypoint__struct.h
[1.644s] -- Up-to-date symlink: /home/camilo/2022-tfg-juancamilo-carmona/tfg/install/carla_waypoint_types/include/carla_waypoint_types/srv/detail/get_waypoint__type_support.h
[1.644s] -- Up-to-date symlink: /home/camilo/2022-tfg-juancamilo-carmona/tfg/install/carla_waypoint_types/include/carla_waypoint_types/srv/get_actor_waypoint.h
[1.644s] -- Up-to-date symlink: /home/camilo/2022-tfg-juancamilo-carmona/tfg/install/carla_waypoint_types/include/carla_waypoint_types/srv/get_waypoint.h
[1.645s] -- Up-to-date symlink: /home/camilo/2022-tfg-juancamilo-carmona/tfg/install/carla_waypoint_types/share/carla_waypoint_types/environment/library_path.sh
[1.645s] -- Up-to-date symlink: /home/camilo/2022-tfg-juancamilo-carmona/tfg/install/carla_waypoint_types/share/carla_waypoint_types/environment/library_path.dsv
[1.648s] -- Up-to-date symlink: /home/camilo/2022-tfg-juancamilo-carmona/tfg/install/carla_waypoint_types/include/carla_waypoint_types/msg/detail/carla_waypoint__rosidl_typesupport_fastrtps_c.h
[1.649s] -- Up-to-date symlink: /home/camilo/2022-tfg-juancamilo-carmona/tfg/install/carla_waypoint_types/include/carla_waypoint_types/msg/rosidl_typesupport_fastrtps_c__visibility_control.h
[1.652s] -- Up-to-date symlink: /home/camilo/2022-tfg-juancamilo-carmona/tfg/install/carla_waypoint_types/include/carla_waypoint_types/srv/detail/get_actor_waypoint__rosidl_typesupport_fastrtps_c.h
[1.653s] -- Up-to-date symlink: /home/camilo/2022-tfg-juancamilo-carmona/tfg/install/carla_waypoint_types/include/carla_waypoint_types/srv/detail/get_waypoint__rosidl_typesupport_fastrtps_c.h
[1.653s] -- Up-to-date symlink: /home/camilo/2022-tfg-juancamilo-carmona/tfg/install/carla_waypoint_types/lib/libcarla_waypoint_types__rosidl_typesupport_fastrtps_c.so
[1.654s] -- Up-to-date symlink: /home/camilo/2022-tfg-juancamilo-carmona/tfg/install/carla_waypoint_types/include/carla_waypoint_types/msg/detail/carla_waypoint__rosidl_typesupport_fastrtps_cpp.hpp
[1.654s] -- Up-to-date symlink: /home/camilo/2022-tfg-juancamilo-carmona/tfg/install/carla_waypoint_types/include/carla_waypoint_types/msg/rosidl_typesupport_fastrtps_cpp__visibility_control.h
[1.654s] -- Up-to-date symlink: /home/camilo/2022-tfg-juancamilo-carmona/tfg/install/carla_waypoint_types/include/carla_waypoint_types/srv/detail/get_actor_waypoint__rosidl_typesupport_fastrtps_cpp.hpp
[1.654s] -- Up-to-date symlink: /home/camilo/2022-tfg-juancamilo-carmona/tfg/install/carla_waypoint_types/include/carla_waypoint_types/srv/detail/get_waypoint__rosidl_typesupport_fastrtps_cpp.hpp
[1.654s] -- Up-to-date symlink: /home/camilo/2022-tfg-juancamilo-carmona/tfg/install/carla_waypoint_types/lib/libcarla_waypoint_types__rosidl_typesupport_fastrtps_cpp.so
[1.654s] -- Up-to-date symlink: /home/camilo/2022-tfg-juancamilo-carmona/tfg/install/carla_waypoint_types/include/carla_waypoint_types/msg/detail/carla_waypoint__rosidl_typesupport_introspection_c.h
[1.655s] -- Up-to-date symlink: /home/camilo/2022-tfg-juancamilo-carmona/tfg/install/carla_waypoint_types/include/carla_waypoint_types/msg/rosidl_typesupport_introspection_c__visibility_control.h
[1.655s] -- Up-to-date symlink: /home/camilo/2022-tfg-juancamilo-carmona/tfg/install/carla_waypoint_types/include/carla_waypoint_types/srv/detail/get_actor_waypoint__rosidl_typesupport_introspection_c.h
[1.655s] -- Up-to-date symlink: /home/camilo/2022-tfg-juancamilo-carmona/tfg/install/carla_waypoint_types/include/carla_waypoint_types/srv/detail/get_waypoint__rosidl_typesupport_introspection_c.h
[1.656s] -- Up-to-date symlink: /home/camilo/2022-tfg-juancamilo-carmona/tfg/install/carla_waypoint_types/include/carla_waypoint_types/msg/carla_waypoint.hpp
[1.656s] -- Up-to-date symlink: /home/camilo/2022-tfg-juancamilo-carmona/tfg/install/carla_waypoint_types/include/carla_waypoint_types/msg/detail/carla_waypoint__builder.hpp
[1.656s] -- Up-to-date symlink: /home/camilo/2022-tfg-juancamilo-carmona/tfg/install/carla_waypoint_types/include/carla_waypoint_types/msg/detail/carla_waypoint__struct.hpp
[1.656s] -- Up-to-date symlink: /home/camilo/2022-tfg-juancamilo-carmona/tfg/install/carla_waypoint_types/include/carla_waypoint_types/msg/detail/carla_waypoint__traits.hpp
[1.656s] -- Up-to-date symlink: /home/camilo/2022-tfg-juancamilo-carmona/tfg/install/carla_waypoint_types/include/carla_waypoint_types/srv/detail/get_actor_waypoint__builder.hpp
[1.656s] -- Up-to-date symlink: /home/camilo/2022-tfg-juancamilo-carmona/tfg/install/carla_waypoint_types/include/carla_waypoint_types/srv/detail/get_actor_waypoint__struct.hpp
[1.657s] -- Up-to-date symlink: /home/camilo/2022-tfg-juancamilo-carmona/tfg/install/carla_waypoint_types/include/carla_waypoint_types/srv/detail/get_actor_waypoint__traits.hpp
[1.658s] -- Up-to-date symlink: /home/camilo/2022-tfg-juancamilo-carmona/tfg/install/carla_waypoint_types/include/carla_waypoint_types/srv/detail/get_waypoint__builder.hpp
[1.658s] -- Up-to-date symlink: /home/camilo/2022-tfg-juancamilo-carmona/tfg/install/carla_waypoint_types/include/carla_waypoint_types/srv/detail/get_waypoint__struct.hpp
[1.659s] -- Up-to-date symlink: /home/camilo/2022-tfg-juancamilo-carmona/tfg/install/carla_waypoint_types/include/carla_waypoint_types/srv/detail/get_waypoint__traits.hpp
[1.659s] -- Up-to-date symlink: /home/camilo/2022-tfg-juancamilo-carmona/tfg/install/carla_waypoint_types/include/carla_waypoint_types/srv/get_actor_waypoint.hpp
[1.659s] -- Up-to-date symlink: /home/camilo/2022-tfg-juancamilo-carmona/tfg/install/carla_waypoint_types/include/carla_waypoint_types/srv/get_waypoint.hpp
[1.659s] -- Up-to-date symlink: /home/camilo/2022-tfg-juancamilo-carmona/tfg/install/carla_waypoint_types/include/carla_waypoint_types/msg/detail/carla_waypoint__rosidl_typesupport_introspection_cpp.hpp
[1.660s] -- Up-to-date symlink: /home/camilo/2022-tfg-juancamilo-carmona/tfg/install/carla_waypoint_types/include/carla_waypoint_types/srv/detail/get_actor_waypoint__rosidl_typesupport_introspection_cpp.hpp
[1.660s] -- Up-to-date symlink: /home/camilo/2022-tfg-juancamilo-carmona/tfg/install/carla_waypoint_types/include/carla_waypoint_types/srv/detail/get_waypoint__rosidl_typesupport_introspection_cpp.hpp
[1.660s] -- Up-to-date symlink: /home/camilo/2022-tfg-juancamilo-carmona/tfg/install/carla_waypoint_types/share/carla_waypoint_types/environment/pythonpath.sh
[1.660s] -- Up-to-date symlink: /home/camilo/2022-tfg-juancamilo-carmona/tfg/install/carla_waypoint_types/share/carla_waypoint_types/environment/pythonpath.dsv
[1.661s] -- Up-to-date symlink: /home/camilo/2022-tfg-juancamilo-carmona/tfg/install/carla_waypoint_types/lib/python3.8/site-packages/carla_waypoint_types/__init__.py
[1.661s] -- Up-to-date symlink: /home/camilo/2022-tfg-juancamilo-carmona/tfg/install/carla_waypoint_types/lib/python3.8/site-packages/carla_waypoint_types/msg/__init__.py
[1.661s] -- Up-to-date symlink: /home/camilo/2022-tfg-juancamilo-carmona/tfg/install/carla_waypoint_types/lib/python3.8/site-packages/carla_waypoint_types/msg/_carla_waypoint.py
[1.662s] -- Up-to-date symlink: /home/camilo/2022-tfg-juancamilo-carmona/tfg/install/carla_waypoint_types/lib/python3.8/site-packages/carla_waypoint_types/srv/__init__.py
[1.662s] -- Up-to-date symlink: /home/camilo/2022-tfg-juancamilo-carmona/tfg/install/carla_waypoint_types/lib/python3.8/site-packages/carla_waypoint_types/srv/_get_actor_waypoint.py
[1.662s] -- Up-to-date symlink: /home/camilo/2022-tfg-juancamilo-carmona/tfg/install/carla_waypoint_types/lib/python3.8/site-packages/carla_waypoint_types/srv/_get_waypoint.py
[1.663s] -- Up-to-date symlink: /home/camilo/2022-tfg-juancamilo-carmona/tfg/install/carla_waypoint_types/lib/python3.8/site-packages/carla_waypoint_types/carla_waypoint_types_s__rosidl_typesupport_fastrtps_c.cpython-38-x86_64-linux-gnu.so
[1.663s] -- Up-to-date symlink: /home/camilo/2022-tfg-juancamilo-carmona/tfg/install/carla_waypoint_types/lib/python3.8/site-packages/carla_waypoint_types/carla_waypoint_types_s__rosidl_typesupport_introspection_c.cpython-38-x86_64-linux-gnu.so
[1.663s] -- Up-to-date symlink: /home/camilo/2022-tfg-juancamilo-carmona/tfg/install/carla_waypoint_types/lib/python3.8/site-packages/carla_waypoint_types/carla_waypoint_types_s__rosidl_typesupport_c.cpython-38-x86_64-linux-gnu.so
[1.664s] -- Up-to-date symlink: /home/camilo/2022-tfg-juancamilo-carmona/tfg/install/carla_waypoint_types/lib/libcarla_waypoint_types__python.so
[1.664s] -- Up-to-date symlink: /home/camilo/2022-tfg-juancamilo-carmona/tfg/install/carla_waypoint_types/share/carla_waypoint_types/msg/CarlaWaypoint.idl
[1.664s] -- Up-to-date symlink: /home/camilo/2022-tfg-juancamilo-carmona/tfg/install/carla_waypoint_types/share/carla_waypoint_types/srv/GetWaypoint.idl
[1.664s] -- Up-to-date symlink: /home/camilo/2022-tfg-juancamilo-carmona/tfg/install/carla_waypoint_types/share/carla_waypoint_types/srv/GetActorWaypoint.idl
[1.665s] -- Up-to-date symlink: /home/camilo/2022-tfg-juancamilo-carmona/tfg/install/carla_waypoint_types/share/carla_waypoint_types/msg/CarlaWaypoint.msg
[1.665s] -- Up-to-date symlink: /home/camilo/2022-tfg-juancamilo-carmona/tfg/install/carla_waypoint_types/share/carla_waypoint_types/srv/GetWaypoint.srv
[1.666s] -- Up-to-date symlink: /home/camilo/2022-tfg-juancamilo-carmona/tfg/install/carla_waypoint_types/share/carla_waypoint_types/srv/GetWaypoint_Request.msg
[1.666s] -- Up-to-date symlink: /home/camilo/2022-tfg-juancamilo-carmona/tfg/install/carla_waypoint_types/share/carla_waypoint_types/srv/GetWaypoint_Response.msg
[1.667s] -- Up-to-date symlink: /home/camilo/2022-tfg-juancamilo-carmona/tfg/install/carla_waypoint_types/share/carla_waypoint_types/srv/GetActorWaypoint.srv
[1.667s] -- Up-to-date symlink: /home/camilo/2022-tfg-juancamilo-carmona/tfg/install/carla_waypoint_types/share/carla_waypoint_types/srv/GetActorWaypoint_Request.msg
[1.667s] -- Up-to-date symlink: /home/camilo/2022-tfg-juancamilo-carmona/tfg/install/carla_waypoint_types/share/carla_waypoint_types/srv/GetActorWaypoint_Response.msg
[1.668s] -- Up-to-date symlink: /home/camilo/2022-tfg-juancamilo-carmona/tfg/install/carla_waypoint_types/share/ament_index/resource_index/package_run_dependencies/carla_waypoint_types
[1.668s] -- Up-to-date symlink: /home/camilo/2022-tfg-juancamilo-carmona/tfg/install/carla_waypoint_types/share/ament_index/resource_index/parent_prefix_path/carla_waypoint_types
[1.669s] -- Up-to-date symlink: /home/camilo/2022-tfg-juancamilo-carmona/tfg/install/carla_waypoint_types/share/carla_waypoint_types/environment/ament_prefix_path.sh
[1.670s] -- Up-to-date symlink: /home/camilo/2022-tfg-juancamilo-carmona/tfg/install/carla_waypoint_types/share/carla_waypoint_types/environment/ament_prefix_path.dsv
[1.670s] -- Up-to-date symlink: /home/camilo/2022-tfg-juancamilo-carmona/tfg/install/carla_waypoint_types/share/carla_waypoint_types/environment/path.sh
[1.670s] -- Up-to-date symlink: /home/camilo/2022-tfg-juancamilo-carmona/tfg/install/carla_waypoint_types/share/carla_waypoint_types/environment/path.dsv
[1.671s] -- Up-to-date symlink: /home/camilo/2022-tfg-juancamilo-carmona/tfg/install/carla_waypoint_types/share/carla_waypoint_types/local_setup.bash
[1.671s] -- Up-to-date symlink: /home/camilo/2022-tfg-juancamilo-carmona/tfg/install/carla_waypoint_types/share/carla_waypoint_types/local_setup.sh
[1.672s] -- Up-to-date symlink: /home/camilo/2022-tfg-juancamilo-carmona/tfg/install/carla_waypoint_types/share/carla_waypoint_types/local_setup.zsh
[1.672s] -- Up-to-date symlink: /home/camilo/2022-tfg-juancamilo-carmona/tfg/install/carla_waypoint_types/share/carla_waypoint_types/local_setup.dsv
[1.672s] -- Symlinking: /home/camilo/2022-tfg-juancamilo-carmona/tfg/install/carla_waypoint_types/share/carla_waypoint_types/package.dsv
[1.679s] -- Up-to-date symlink: /home/camilo/2022-tfg-juancamilo-carmona/tfg/install/carla_waypoint_types/share/ament_index/resource_index/packages/carla_waypoint_types
[1.679s] -- Up-to-date symlink: /home/camilo/2022-tfg-juancamilo-carmona/tfg/install/carla_waypoint_types/share/carla_waypoint_types/cmake/rosidl_cmake-extras.cmake
[1.680s] -- Up-to-date symlink: /home/camilo/2022-tfg-juancamilo-carmona/tfg/install/carla_waypoint_types/share/carla_waypoint_types/cmake/ament_cmake_export_dependencies-extras.cmake
[1.680s] -- Up-to-date symlink: /home/camilo/2022-tfg-juancamilo-carmona/tfg/install/carla_waypoint_types/share/carla_waypoint_types/cmake/ament_cmake_export_libraries-extras.cmake
[1.681s] -- Up-to-date symlink: /home/camilo/2022-tfg-juancamilo-carmona/tfg/install/carla_waypoint_types/share/carla_waypoint_types/cmake/ament_cmake_export_targets-extras.cmake
[1.681s] -- Up-to-date symlink: /home/camilo/2022-tfg-juancamilo-carmona/tfg/install/carla_waypoint_types/share/carla_waypoint_types/cmake/ament_cmake_export_include_directories-extras.cmake
[1.681s] -- Up-to-date symlink: /home/camilo/2022-tfg-juancamilo-carmona/tfg/install/carla_waypoint_types/share/carla_waypoint_types/cmake/rosidl_cmake_export_typesupport_libraries-extras.cmake
[1.681s] -- Up-to-date symlink: /home/camilo/2022-tfg-juancamilo-carmona/tfg/install/carla_waypoint_types/share/carla_waypoint_types/cmake/rosidl_cmake_export_typesupport_targets-extras.cmake
[1.682s] -- Up-to-date symlink: /home/camilo/2022-tfg-juancamilo-carmona/tfg/install/carla_waypoint_types/share/carla_waypoint_types/cmake/carla_waypoint_typesConfig.cmake
[1.682s] -- Up-to-date symlink: /home/camilo/2022-tfg-juancamilo-carmona/tfg/install/carla_waypoint_types/share/carla_waypoint_types/cmake/carla_waypoint_typesConfig-version.cmake
[1.683s] -- Up-to-date symlink: /home/camilo/2022-tfg-juancamilo-carmona/tfg/install/carla_waypoint_types/share/carla_waypoint_types/package.xml
[1.683s] -- Up-to-date: /home/camilo/2022-tfg-juancamilo-carmona/tfg/install/carla_waypoint_types/lib/libcarla_waypoint_types__rosidl_generator_c.so
[1.684s] -- Up-to-date: /home/camilo/2022-tfg-juancamilo-carmona/tfg/install/carla_waypoint_types/lib/libcarla_waypoint_types__rosidl_typesupport_introspection_c.so
[1.684s] -- Up-to-date: /home/camilo/2022-tfg-juancamilo-carmona/tfg/install/carla_waypoint_types/lib/libcarla_waypoint_types__rosidl_typesupport_c.so
[1.684s] -- Up-to-date: /home/camilo/2022-tfg-juancamilo-carmona/tfg/install/carla_waypoint_types/lib/libcarla_waypoint_types__rosidl_typesupport_introspection_cpp.so
[1.684s] -- Up-to-date: /home/camilo/2022-tfg-juancamilo-carmona/tfg/install/carla_waypoint_types/lib/libcarla_waypoint_types__rosidl_typesupport_cpp.so
[1.769s] -- Up-to-date: /home/camilo/2022-tfg-juancamilo-carmona/tfg/install/carla_waypoint_types/share/carla_waypoint_types/cmake/carla_waypoint_types__rosidl_generator_cExport.cmake
[1.769s] -- Up-to-date: /home/camilo/2022-tfg-juancamilo-carmona/tfg/install/carla_waypoint_types/share/carla_waypoint_types/cmake/carla_waypoint_types__rosidl_generator_cExport-noconfig.cmake
[1.769s] -- Up-to-date: /home/camilo/2022-tfg-juancamilo-carmona/tfg/install/carla_waypoint_types/share/carla_waypoint_types/cmake/carla_waypoint_types__rosidl_typesupport_introspection_cExport.cmake
[1.769s] -- Up-to-date: /home/camilo/2022-tfg-juancamilo-carmona/tfg/install/carla_waypoint_types/share/carla_waypoint_types/cmake/carla_waypoint_types__rosidl_typesupport_introspection_cExport-noconfig.cmake
[1.769s] -- Up-to-date: /home/camilo/2022-tfg-juancamilo-carmona/tfg/install/carla_waypoint_types/share/carla_waypoint_types/cmake/carla_waypoint_types__rosidl_typesupport_cExport.cmake
[1.770s] -- Up-to-date: /home/camilo/2022-tfg-juancamilo-carmona/tfg/install/carla_waypoint_types/share/carla_waypoint_types/cmake/carla_waypoint_types__rosidl_typesupport_cExport-noconfig.cmake
[1.770s] -- Up-to-date: /home/camilo/2022-tfg-juancamilo-carmona/tfg/install/carla_waypoint_types/share/carla_waypoint_types/cmake/carla_waypoint_types__rosidl_generator_cppExport.cmake
[1.770s] -- Up-to-date: /home/camilo/2022-tfg-juancamilo-carmona/tfg/install/carla_waypoint_types/share/carla_waypoint_types/cmake/carla_waypoint_types__rosidl_typesupport_introspection_cppExport.cmake
[1.770s] -- Up-to-date: /home/camilo/2022-tfg-juancamilo-carmona/tfg/install/carla_waypoint_types/share/carla_waypoint_types/cmake/carla_waypoint_types__rosidl_typesupport_introspection_cppExport-noconfig.cmake
[1.770s] -- Up-to-date: /home/camilo/2022-tfg-juancamilo-carmona/tfg/install/carla_waypoint_types/share/carla_waypoint_types/cmake/carla_waypoint_types__rosidl_typesupport_cppExport.cmake
[1.770s] -- Up-to-date: /home/camilo/2022-tfg-juancamilo-carmona/tfg/install/carla_waypoint_types/share/carla_waypoint_types/cmake/carla_waypoint_types__rosidl_typesupport_cppExport-noconfig.cmake
[1.774s] Invoked command in '/home/camilo/2022-tfg-juancamilo-carmona/tfg/build/carla_waypoint_types' returned '0': CMAKE_PREFIX_PATH=${CMAKE_PREFIX_PATH}:/home/camilo/2022-tfg-juancamilo-carmona/tfg/install/rqt_carla_control:/home/camilo/2022-tfg-juancamilo-carmona/tfg/install/line_follower:/home/camilo/2022-tfg-juancamilo-carmona/tfg/install/carla_waypoint_publisher:/home/camilo/2022-tfg-juancamilo-carmona/tfg/install/carla_teleop:/home/camilo/2022-tfg-juancamilo-carmona/tfg/install/carla_ackermann_control:/home/camilo/2022-tfg-juancamilo-carmona/tfg/install/carla_ros_bridge:/home/camilo/2022-tfg-juancamilo-carmona/tfg/install/carla_spawn_objects:/home/camilo/2022-tfg-juancamilo-carmona/tfg/install/carla_manual_control:/home/camilo/2022-tfg-juancamilo-carmona/tfg/install/carla_ad_agent:/home/camilo/2022-tfg-juancamilo-carmona/tfg/install/analysis:/home/camilo/2022-tfg-juancamilo-carmona/tfg/install/ros_compatibility:/home/camilo/2022-tfg-juancamilo-carmona/tfg/install/carla_walker_agent:/home/camilo/2022-tfg-juancamilo-carmona/tfg/install/carla_twist_to_control:/home/camilo/2022-tfg-juancamilo-carmona/tfg/install/carla_ros_scenario_runner:/home/camilo/2022-tfg-juancamilo-carmona/tfg/install/carla_common:/opt/ros/foxy /usr/bin/cmake --install /home/camilo/2022-tfg-juancamilo-carmona/tfg/build/carla_waypoint_types
