[0.971s] Invoking command in '/home/camilo/2022-tfg-juancamilo-carmona/tfg/build/carla_ackermann_msgs': CMAKE_PREFIX_PATH=${CMAKE_PREFIX_PATH}:/home/camilo/2022-tfg-juancamilo-carmona/tfg/install/rqt_carla_control:/home/camilo/2022-tfg-juancamilo-carmona/tfg/install/line_follower:/home/camilo/2022-tfg-juancamilo-carmona/tfg/install/carla_waypoint_publisher:/home/camilo/2022-tfg-juancamilo-carmona/tfg/install/carla_teleop:/home/camilo/2022-tfg-juancamilo-carmona/tfg/install/carla_ackermann_control:/home/camilo/2022-tfg-juancamilo-carmona/tfg/install/carla_ros_bridge:/home/camilo/2022-tfg-juancamilo-carmona/tfg/install/carla_spawn_objects:/home/camilo/2022-tfg-juancamilo-carmona/tfg/install/carla_manual_control:/home/camilo/2022-tfg-juancamilo-carmona/tfg/install/carla_ad_agent:/home/camilo/2022-tfg-juancamilo-carmona/tfg/install/analysis:/home/camilo/2022-tfg-juancamilo-carmona/tfg/install/ros_compatibility:/home/camilo/2022-tfg-juancamilo-carmona/tfg/install/carla_walker_agent:/home/camilo/2022-tfg-juancamilo-carmona/tfg/install/carla_twist_to_control:/home/camilo/2022-tfg-juancamilo-carmona/tfg/install/carla_ros_scenario_runner:/home/camilo/2022-tfg-juancamilo-carmona/tfg/install/carla_common:/opt/ros/foxy /usr/bin/cmake --build /home/camilo/2022-tfg-juancamilo-carmona/tfg/build/carla_ackermann_msgs -- -j12 -l12
[2.563s] [  1%] Built target carla_ackermann_msgs__cpp
[2.564s] [ 12%] Built target carla_ackermann_msgs__rosidl_generator_c
[2.564s] [ 23%] Built target carla_ackermann_msgs__rosidl_typesupport_introspection_cpp
[2.564s] [ 34%] Built target carla_ackermann_msgs__rosidl_typesupport_cpp
[2.564s] [ 46%] Built target carla_ackermann_msgs__rosidl_typesupport_fastrtps_cpp
[2.564s] [ 57%] Built target carla_ackermann_msgs__rosidl_typesupport_introspection_c
[2.564s] [ 68%] Built target carla_ackermann_msgs__rosidl_typesupport_c
[2.564s] [ 79%] Built target carla_ackermann_msgs__rosidl_typesupport_fastrtps_c
[2.564s] [ 79%] Built target carla_ackermann_msgs
[2.565s] [ 80%] Built target carla_ackermann_msgs__py
[2.565s] [ 90%] Built target carla_ackermann_msgs__python
[2.567s] [ 96%] Built target carla_ackermann_msgs__rosidl_typesupport_introspection_c__pyext
[2.568s] [ 96%] Built target carla_ackermann_msgs__rosidl_typesupport_c__pyext
[2.569s] [100%] Built target carla_ackermann_msgs__rosidl_typesupport_fastrtps_c__pyext
[2.571s] Invoked command in '/home/camilo/2022-tfg-juancamilo-carmona/tfg/build/carla_ackermann_msgs' returned '0': CMAKE_PREFIX_PATH=${CMAKE_PREFIX_PATH}:/home/camilo/2022-tfg-juancamilo-carmona/tfg/install/rqt_carla_control:/home/camilo/2022-tfg-juancamilo-carmona/tfg/install/line_follower:/home/camilo/2022-tfg-juancamilo-carmona/tfg/install/carla_waypoint_publisher:/home/camilo/2022-tfg-juancamilo-carmona/tfg/install/carla_teleop:/home/camilo/2022-tfg-juancamilo-carmona/tfg/install/carla_ackermann_control:/home/camilo/2022-tfg-juancamilo-carmona/tfg/install/carla_ros_bridge:/home/camilo/2022-tfg-juancamilo-carmona/tfg/install/carla_spawn_objects:/home/camilo/2022-tfg-juancamilo-carmona/tfg/install/carla_manual_control:/home/camilo/2022-tfg-juancamilo-carmona/tfg/install/carla_ad_agent:/home/camilo/2022-tfg-juancamilo-carmona/tfg/install/analysis:/home/camilo/2022-tfg-juancamilo-carmona/tfg/install/ros_compatibility:/home/camilo/2022-tfg-juancamilo-carmona/tfg/install/carla_walker_agent:/home/camilo/2022-tfg-juancamilo-carmona/tfg/install/carla_twist_to_control:/home/camilo/2022-tfg-juancamilo-carmona/tfg/install/carla_ros_scenario_runner:/home/camilo/2022-tfg-juancamilo-carmona/tfg/install/carla_common:/opt/ros/foxy /usr/bin/cmake --build /home/camilo/2022-tfg-juancamilo-carmona/tfg/build/carla_ackermann_msgs -- -j12 -l12
[2.818s] Invoking command in '/home/camilo/2022-tfg-juancamilo-carmona/tfg/build/carla_ackermann_msgs': CMAKE_PREFIX_PATH=${CMAKE_PREFIX_PATH}:/home/camilo/2022-tfg-juancamilo-carmona/tfg/install/rqt_carla_control:/home/camilo/2022-tfg-juancamilo-carmona/tfg/install/line_follower:/home/camilo/2022-tfg-juancamilo-carmona/tfg/install/carla_waypoint_publisher:/home/camilo/2022-tfg-juancamilo-carmona/tfg/install/carla_teleop:/home/camilo/2022-tfg-juancamilo-carmona/tfg/install/carla_ackermann_control:/home/camilo/2022-tfg-juancamilo-carmona/tfg/install/carla_ros_bridge:/home/camilo/2022-tfg-juancamilo-carmona/tfg/install/carla_spawn_objects:/home/camilo/2022-tfg-juancamilo-carmona/tfg/install/carla_manual_control:/home/camilo/2022-tfg-juancamilo-carmona/tfg/install/carla_ad_agent:/home/camilo/2022-tfg-juancamilo-carmona/tfg/install/analysis:/home/camilo/2022-tfg-juancamilo-carmona/tfg/install/ros_compatibility:/home/camilo/2022-tfg-juancamilo-carmona/tfg/install/carla_walker_agent:/home/camilo/2022-tfg-juancamilo-carmona/tfg/install/carla_twist_to_control:/home/camilo/2022-tfg-juancamilo-carmona/tfg/install/carla_ros_scenario_runner:/home/camilo/2022-tfg-juancamilo-carmona/tfg/install/carla_common:/opt/ros/foxy /usr/bin/cmake --install /home/camilo/2022-tfg-juancamilo-carmona/tfg/build/carla_ackermann_msgs
[2.837s] -- Install configuration: ""
[2.839s] -- Execute custom install script
[2.839s] -- Up-to-date symlink: /home/camilo/2022-tfg-juancamilo-carmona/tfg/install/carla_ackermann_msgs/share/ament_index/resource_index/rosidl_interfaces/carla_ackermann_msgs
[2.840s] -- Up-to-date symlink: /home/camilo/2022-tfg-juancamilo-carmona/tfg/install/carla_ackermann_msgs/include/carla_ackermann_msgs/msg/detail/ego_vehicle_control_current__functions.h
[2.840s] -- Up-to-date symlink: /home/camilo/2022-tfg-juancamilo-carmona/tfg/install/carla_ackermann_msgs/include/carla_ackermann_msgs/msg/detail/ego_vehicle_control_current__struct.h
[2.840s] -- Up-to-date symlink: /home/camilo/2022-tfg-juancamilo-carmona/tfg/install/carla_ackermann_msgs/include/carla_ackermann_msgs/msg/detail/ego_vehicle_control_current__type_support.h
[2.841s] -- Up-to-date symlink: /home/camilo/2022-tfg-juancamilo-carmona/tfg/install/carla_ackermann_msgs/include/carla_ackermann_msgs/msg/detail/ego_vehicle_control_info__functions.h
[2.841s] -- Up-to-date symlink: /home/camilo/2022-tfg-juancamilo-carmona/tfg/install/carla_ackermann_msgs/include/carla_ackermann_msgs/msg/detail/ego_vehicle_control_info__struct.h
[2.841s] -- Up-to-date symlink: /home/camilo/2022-tfg-juancamilo-carmona/tfg/install/carla_ackermann_msgs/include/carla_ackermann_msgs/msg/detail/ego_vehicle_control_info__type_support.h
[2.842s] -- Up-to-date symlink: /home/camilo/2022-tfg-juancamilo-carmona/tfg/install/carla_ackermann_msgs/include/carla_ackermann_msgs/msg/detail/ego_vehicle_control_maxima__functions.h
[2.842s] -- Up-to-date symlink: /home/camilo/2022-tfg-juancamilo-carmona/tfg/install/carla_ackermann_msgs/include/carla_ackermann_msgs/msg/detail/ego_vehicle_control_maxima__struct.h
[2.842s] -- Up-to-date symlink: /home/camilo/2022-tfg-juancamilo-carmona/tfg/install/carla_ackermann_msgs/include/carla_ackermann_msgs/msg/detail/ego_vehicle_control_maxima__type_support.h
[2.842s] -- Up-to-date symlink: /home/camilo/2022-tfg-juancamilo-carmona/tfg/install/carla_ackermann_msgs/include/carla_ackermann_msgs/msg/detail/ego_vehicle_control_status__functions.h
[2.843s] -- Up-to-date symlink: /home/camilo/2022-tfg-juancamilo-carmona/tfg/install/carla_ackermann_msgs/include/carla_ackermann_msgs/msg/detail/ego_vehicle_control_status__struct.h
[2.843s] -- Up-to-date symlink: /home/camilo/2022-tfg-juancamilo-carmona/tfg/install/carla_ackermann_msgs/include/carla_ackermann_msgs/msg/detail/ego_vehicle_control_status__type_support.h
[2.844s] -- Up-to-date symlink: /home/camilo/2022-tfg-juancamilo-carmona/tfg/install/carla_ackermann_msgs/include/carla_ackermann_msgs/msg/detail/ego_vehicle_control_target__functions.h
[2.844s] -- Up-to-date symlink: /home/camilo/2022-tfg-juancamilo-carmona/tfg/install/carla_ackermann_msgs/include/carla_ackermann_msgs/msg/detail/ego_vehicle_control_target__struct.h
[2.844s] -- Up-to-date symlink: /home/camilo/2022-tfg-juancamilo-carmona/tfg/install/carla_ackermann_msgs/include/carla_ackermann_msgs/msg/detail/ego_vehicle_control_target__type_support.h
[2.845s] -- Up-to-date symlink: /home/camilo/2022-tfg-juancamilo-carmona/tfg/install/carla_ackermann_msgs/include/carla_ackermann_msgs/msg/ego_vehicle_control_current.h
[2.845s] -- Up-to-date symlink: /home/camilo/2022-tfg-juancamilo-carmona/tfg/install/carla_ackermann_msgs/include/carla_ackermann_msgs/msg/ego_vehicle_control_info.h
[2.846s] -- Up-to-date symlink: /home/camilo/2022-tfg-juancamilo-carmona/tfg/install/carla_ackermann_msgs/include/carla_ackermann_msgs/msg/ego_vehicle_control_maxima.h
[2.846s] -- Up-to-date symlink: /home/camilo/2022-tfg-juancamilo-carmona/tfg/install/carla_ackermann_msgs/include/carla_ackermann_msgs/msg/ego_vehicle_control_status.h
[2.846s] -- Up-to-date symlink: /home/camilo/2022-tfg-juancamilo-carmona/tfg/install/carla_ackermann_msgs/include/carla_ackermann_msgs/msg/ego_vehicle_control_target.h
[2.846s] -- Up-to-date symlink: /home/camilo/2022-tfg-juancamilo-carmona/tfg/install/carla_ackermann_msgs/include/carla_ackermann_msgs/msg/rosidl_generator_c__visibility_control.h
[2.846s] -- Up-to-date symlink: /home/camilo/2022-tfg-juancamilo-carmona/tfg/install/carla_ackermann_msgs/share/carla_ackermann_msgs/environment/library_path.sh
[2.848s] -- Up-to-date symlink: /home/camilo/2022-tfg-juancamilo-carmona/tfg/install/carla_ackermann_msgs/share/carla_ackermann_msgs/environment/library_path.dsv
[2.850s] -- Up-to-date symlink: /home/camilo/2022-tfg-juancamilo-carmona/tfg/install/carla_ackermann_msgs/include/carla_ackermann_msgs/msg/detail/ego_vehicle_control_current__rosidl_typesupport_fastrtps_c.h
[2.851s] -- Up-to-date symlink: /home/camilo/2022-tfg-juancamilo-carmona/tfg/install/carla_ackermann_msgs/include/carla_ackermann_msgs/msg/detail/ego_vehicle_control_info__rosidl_typesupport_fastrtps_c.h
[2.851s] -- Up-to-date symlink: /home/camilo/2022-tfg-juancamilo-carmona/tfg/install/carla_ackermann_msgs/include/carla_ackermann_msgs/msg/detail/ego_vehicle_control_maxima__rosidl_typesupport_fastrtps_c.h
[2.851s] -- Up-to-date symlink: /home/camilo/2022-tfg-juancamilo-carmona/tfg/install/carla_ackermann_msgs/include/carla_ackermann_msgs/msg/detail/ego_vehicle_control_status__rosidl_typesupport_fastrtps_c.h
[2.851s] -- Up-to-date symlink: /home/camilo/2022-tfg-juancamilo-carmona/tfg/install/carla_ackermann_msgs/include/carla_ackermann_msgs/msg/detail/ego_vehicle_control_target__rosidl_typesupport_fastrtps_c.h
[2.851s] -- Up-to-date symlink: /home/camilo/2022-tfg-juancamilo-carmona/tfg/install/carla_ackermann_msgs/include/carla_ackermann_msgs/msg/rosidl_typesupport_fastrtps_c__visibility_control.h
[2.853s] -- Up-to-date symlink: /home/camilo/2022-tfg-juancamilo-carmona/tfg/install/carla_ackermann_msgs/lib/libcarla_ackermann_msgs__rosidl_typesupport_fastrtps_c.so
[2.854s] -- Up-to-date symlink: /home/camilo/2022-tfg-juancamilo-carmona/tfg/install/carla_ackermann_msgs/include/carla_ackermann_msgs/msg/detail/ego_vehicle_control_current__rosidl_typesupport_fastrtps_cpp.hpp
[2.854s] -- Up-to-date symlink: /home/camilo/2022-tfg-juancamilo-carmona/tfg/install/carla_ackermann_msgs/include/carla_ackermann_msgs/msg/detail/ego_vehicle_control_info__rosidl_typesupport_fastrtps_cpp.hpp
[2.855s] -- Up-to-date symlink: /home/camilo/2022-tfg-juancamilo-carmona/tfg/install/carla_ackermann_msgs/include/carla_ackermann_msgs/msg/detail/ego_vehicle_control_maxima__rosidl_typesupport_fastrtps_cpp.hpp
[2.858s] -- Up-to-date symlink: /home/camilo/2022-tfg-juancamilo-carmona/tfg/install/carla_ackermann_msgs/include/carla_ackermann_msgs/msg/detail/ego_vehicle_control_status__rosidl_typesupport_fastrtps_cpp.hpp
[2.858s] -- Up-to-date symlink: /home/camilo/2022-tfg-juancamilo-carmona/tfg/install/carla_ackermann_msgs/include/carla_ackermann_msgs/msg/detail/ego_vehicle_control_target__rosidl_typesupport_fastrtps_cpp.hpp
[2.859s] -- Up-to-date symlink: /home/camilo/2022-tfg-juancamilo-carmona/tfg/install/carla_ackermann_msgs/include/carla_ackermann_msgs/msg/rosidl_typesupport_fastrtps_cpp__visibility_control.h
[2.859s] -- Up-to-date symlink: /home/camilo/2022-tfg-juancamilo-carmona/tfg/install/carla_ackermann_msgs/lib/libcarla_ackermann_msgs__rosidl_typesupport_fastrtps_cpp.so
[2.859s] -- Up-to-date symlink: /home/camilo/2022-tfg-juancamilo-carmona/tfg/install/carla_ackermann_msgs/include/carla_ackermann_msgs/msg/detail/ego_vehicle_control_current__rosidl_typesupport_introspection_c.h
[2.859s] -- Up-to-date symlink: /home/camilo/2022-tfg-juancamilo-carmona/tfg/install/carla_ackermann_msgs/include/carla_ackermann_msgs/msg/detail/ego_vehicle_control_info__rosidl_typesupport_introspection_c.h
[2.860s] -- Up-to-date symlink: /home/camilo/2022-tfg-juancamilo-carmona/tfg/install/carla_ackermann_msgs/include/carla_ackermann_msgs/msg/detail/ego_vehicle_control_maxima__rosidl_typesupport_introspection_c.h
[2.860s] -- Up-to-date symlink: /home/camilo/2022-tfg-juancamilo-carmona/tfg/install/carla_ackermann_msgs/include/carla_ackermann_msgs/msg/detail/ego_vehicle_control_status__rosidl_typesupport_introspection_c.h
[2.861s] -- Up-to-date symlink: /home/camilo/2022-tfg-juancamilo-carmona/tfg/install/carla_ackermann_msgs/include/carla_ackermann_msgs/msg/detail/ego_vehicle_control_target__rosidl_typesupport_introspection_c.h
[2.861s] -- Up-to-date symlink: /home/camilo/2022-tfg-juancamilo-carmona/tfg/install/carla_ackermann_msgs/include/carla_ackermann_msgs/msg/rosidl_typesupport_introspection_c__visibility_control.h
[2.862s] -- Up-to-date symlink: /home/camilo/2022-tfg-juancamilo-carmona/tfg/install/carla_ackermann_msgs/include/carla_ackermann_msgs/msg/detail/ego_vehicle_control_current__builder.hpp
[2.862s] -- Up-to-date symlink: /home/camilo/2022-tfg-juancamilo-carmona/tfg/install/carla_ackermann_msgs/include/carla_ackermann_msgs/msg/detail/ego_vehicle_control_current__struct.hpp
[2.862s] -- Up-to-date symlink: /home/camilo/2022-tfg-juancamilo-carmona/tfg/install/carla_ackermann_msgs/include/carla_ackermann_msgs/msg/detail/ego_vehicle_control_current__traits.hpp
[2.862s] -- Up-to-date symlink: /home/camilo/2022-tfg-juancamilo-carmona/tfg/install/carla_ackermann_msgs/include/carla_ackermann_msgs/msg/detail/ego_vehicle_control_info__builder.hpp
[2.863s] -- Up-to-date symlink: /home/camilo/2022-tfg-juancamilo-carmona/tfg/install/carla_ackermann_msgs/include/carla_ackermann_msgs/msg/detail/ego_vehicle_control_info__struct.hpp
[2.863s] -- Up-to-date symlink: /home/camilo/2022-tfg-juancamilo-carmona/tfg/install/carla_ackermann_msgs/include/carla_ackermann_msgs/msg/detail/ego_vehicle_control_info__traits.hpp
[2.864s] -- Up-to-date symlink: /home/camilo/2022-tfg-juancamilo-carmona/tfg/install/carla_ackermann_msgs/include/carla_ackermann_msgs/msg/detail/ego_vehicle_control_maxima__builder.hpp
[2.864s] -- Up-to-date symlink: /home/camilo/2022-tfg-juancamilo-carmona/tfg/install/carla_ackermann_msgs/include/carla_ackermann_msgs/msg/detail/ego_vehicle_control_maxima__struct.hpp
[2.864s] -- Up-to-date symlink: /home/camilo/2022-tfg-juancamilo-carmona/tfg/install/carla_ackermann_msgs/include/carla_ackermann_msgs/msg/detail/ego_vehicle_control_maxima__traits.hpp
[2.864s] -- Up-to-date symlink: /home/camilo/2022-tfg-juancamilo-carmona/tfg/install/carla_ackermann_msgs/include/carla_ackermann_msgs/msg/detail/ego_vehicle_control_status__builder.hpp
[2.864s] -- Up-to-date symlink: /home/camilo/2022-tfg-juancamilo-carmona/tfg/install/carla_ackermann_msgs/include/carla_ackermann_msgs/msg/detail/ego_vehicle_control_status__struct.hpp
[2.866s] -- Up-to-date symlink: /home/camilo/2022-tfg-juancamilo-carmona/tfg/install/carla_ackermann_msgs/include/carla_ackermann_msgs/msg/detail/ego_vehicle_control_status__traits.hpp
[2.866s] -- Up-to-date symlink: /home/camilo/2022-tfg-juancamilo-carmona/tfg/install/carla_ackermann_msgs/include/carla_ackermann_msgs/msg/detail/ego_vehicle_control_target__builder.hpp
[2.866s] -- Up-to-date symlink: /home/camilo/2022-tfg-juancamilo-carmona/tfg/install/carla_ackermann_msgs/include/carla_ackermann_msgs/msg/detail/ego_vehicle_control_target__struct.hpp
[2.870s] -- Up-to-date symlink: /home/camilo/2022-tfg-juancamilo-carmona/tfg/install/carla_ackermann_msgs/include/carla_ackermann_msgs/msg/detail/ego_vehicle_control_target__traits.hpp
[2.870s] -- Up-to-date symlink: /home/camilo/2022-tfg-juancamilo-carmona/tfg/install/carla_ackermann_msgs/include/carla_ackermann_msgs/msg/ego_vehicle_control_current.hpp
[2.871s] -- Up-to-date symlink: /home/camilo/2022-tfg-juancamilo-carmona/tfg/install/carla_ackermann_msgs/include/carla_ackermann_msgs/msg/ego_vehicle_control_info.hpp
[2.871s] -- Up-to-date symlink: /home/camilo/2022-tfg-juancamilo-carmona/tfg/install/carla_ackermann_msgs/include/carla_ackermann_msgs/msg/ego_vehicle_control_maxima.hpp
[2.871s] -- Up-to-date symlink: /home/camilo/2022-tfg-juancamilo-carmona/tfg/install/carla_ackermann_msgs/include/carla_ackermann_msgs/msg/ego_vehicle_control_status.hpp
[2.871s] -- Up-to-date symlink: /home/camilo/2022-tfg-juancamilo-carmona/tfg/install/carla_ackermann_msgs/include/carla_ackermann_msgs/msg/ego_vehicle_control_target.hpp
[2.871s] -- Up-to-date symlink: /home/camilo/2022-tfg-juancamilo-carmona/tfg/install/carla_ackermann_msgs/include/carla_ackermann_msgs/msg/detail/ego_vehicle_control_current__rosidl_typesupport_introspection_cpp.hpp
[2.871s] -- Up-to-date symlink: /home/camilo/2022-tfg-juancamilo-carmona/tfg/install/carla_ackermann_msgs/include/carla_ackermann_msgs/msg/detail/ego_vehicle_control_info__rosidl_typesupport_introspection_cpp.hpp
[2.871s] -- Up-to-date symlink: /home/camilo/2022-tfg-juancamilo-carmona/tfg/install/carla_ackermann_msgs/include/carla_ackermann_msgs/msg/detail/ego_vehicle_control_maxima__rosidl_typesupport_introspection_cpp.hpp
[2.871s] -- Up-to-date symlink: /home/camilo/2022-tfg-juancamilo-carmona/tfg/install/carla_ackermann_msgs/include/carla_ackermann_msgs/msg/detail/ego_vehicle_control_status__rosidl_typesupport_introspection_cpp.hpp
[2.872s] -- Up-to-date symlink: /home/camilo/2022-tfg-juancamilo-carmona/tfg/install/carla_ackermann_msgs/include/carla_ackermann_msgs/msg/detail/ego_vehicle_control_target__rosidl_typesupport_introspection_cpp.hpp
[2.872s] -- Up-to-date symlink: /home/camilo/2022-tfg-juancamilo-carmona/tfg/install/carla_ackermann_msgs/share/carla_ackermann_msgs/environment/pythonpath.sh
[2.872s] -- Up-to-date symlink: /home/camilo/2022-tfg-juancamilo-carmona/tfg/install/carla_ackermann_msgs/share/carla_ackermann_msgs/environment/pythonpath.dsv
[2.872s] -- Up-to-date symlink: /home/camilo/2022-tfg-juancamilo-carmona/tfg/install/carla_ackermann_msgs/lib/python3.8/site-packages/carla_ackermann_msgs/__init__.py
[2.873s] -- Up-to-date symlink: /home/camilo/2022-tfg-juancamilo-carmona/tfg/install/carla_ackermann_msgs/lib/python3.8/site-packages/carla_ackermann_msgs/msg/__init__.py
[2.873s] -- Up-to-date symlink: /home/camilo/2022-tfg-juancamilo-carmona/tfg/install/carla_ackermann_msgs/lib/python3.8/site-packages/carla_ackermann_msgs/msg/_ego_vehicle_control_current.py
[2.874s] -- Up-to-date symlink: /home/camilo/2022-tfg-juancamilo-carmona/tfg/install/carla_ackermann_msgs/lib/python3.8/site-packages/carla_ackermann_msgs/msg/_ego_vehicle_control_info.py
[2.874s] -- Up-to-date symlink: /home/camilo/2022-tfg-juancamilo-carmona/tfg/install/carla_ackermann_msgs/lib/python3.8/site-packages/carla_ackermann_msgs/msg/_ego_vehicle_control_maxima.py
[2.875s] -- Up-to-date symlink: /home/camilo/2022-tfg-juancamilo-carmona/tfg/install/carla_ackermann_msgs/lib/python3.8/site-packages/carla_ackermann_msgs/msg/_ego_vehicle_control_status.py
[2.875s] -- Up-to-date symlink: /home/camilo/2022-tfg-juancamilo-carmona/tfg/install/carla_ackermann_msgs/lib/python3.8/site-packages/carla_ackermann_msgs/msg/_ego_vehicle_control_target.py
[2.876s] -- Up-to-date symlink: /home/camilo/2022-tfg-juancamilo-carmona/tfg/install/carla_ackermann_msgs/lib/python3.8/site-packages/carla_ackermann_msgs/carla_ackermann_msgs_s__rosidl_typesupport_fastrtps_c.cpython-38-x86_64-linux-gnu.so
[2.876s] -- Up-to-date symlink: /home/camilo/2022-tfg-juancamilo-carmona/tfg/install/carla_ackermann_msgs/lib/python3.8/site-packages/carla_ackermann_msgs/carla_ackermann_msgs_s__rosidl_typesupport_introspection_c.cpython-38-x86_64-linux-gnu.so
[2.877s] -- Up-to-date symlink: /home/camilo/2022-tfg-juancamilo-carmona/tfg/install/carla_ackermann_msgs/lib/python3.8/site-packages/carla_ackermann_msgs/carla_ackermann_msgs_s__rosidl_typesupport_c.cpython-38-x86_64-linux-gnu.so
[2.878s] -- Up-to-date symlink: /home/camilo/2022-tfg-juancamilo-carmona/tfg/install/carla_ackermann_msgs/lib/libcarla_ackermann_msgs__python.so
[2.878s] -- Up-to-date symlink: /home/camilo/2022-tfg-juancamilo-carmona/tfg/install/carla_ackermann_msgs/share/carla_ackermann_msgs/msg/EgoVehicleControlInfo.idl
[2.879s] -- Up-to-date symlink: /home/camilo/2022-tfg-juancamilo-carmona/tfg/install/carla_ackermann_msgs/share/carla_ackermann_msgs/msg/EgoVehicleControlCurrent.idl
[2.879s] -- Up-to-date symlink: /home/camilo/2022-tfg-juancamilo-carmona/tfg/install/carla_ackermann_msgs/share/carla_ackermann_msgs/msg/EgoVehicleControlMaxima.idl
[2.880s] -- Up-to-date symlink: /home/camilo/2022-tfg-juancamilo-carmona/tfg/install/carla_ackermann_msgs/share/carla_ackermann_msgs/msg/EgoVehicleControlStatus.idl
[2.880s] -- Up-to-date symlink: /home/camilo/2022-tfg-juancamilo-carmona/tfg/install/carla_ackermann_msgs/share/carla_ackermann_msgs/msg/EgoVehicleControlTarget.idl
[2.881s] -- Up-to-date symlink: /home/camilo/2022-tfg-juancamilo-carmona/tfg/install/carla_ackermann_msgs/share/carla_ackermann_msgs/msg/EgoVehicleControlInfo.msg
[2.881s] -- Up-to-date symlink: /home/camilo/2022-tfg-juancamilo-carmona/tfg/install/carla_ackermann_msgs/share/carla_ackermann_msgs/msg/EgoVehicleControlCurrent.msg
[2.882s] -- Up-to-date symlink: /home/camilo/2022-tfg-juancamilo-carmona/tfg/install/carla_ackermann_msgs/share/carla_ackermann_msgs/msg/EgoVehicleControlMaxima.msg
[2.883s] -- Up-to-date symlink: /home/camilo/2022-tfg-juancamilo-carmona/tfg/install/carla_ackermann_msgs/share/carla_ackermann_msgs/msg/EgoVehicleControlStatus.msg
[2.883s] -- Up-to-date symlink: /home/camilo/2022-tfg-juancamilo-carmona/tfg/install/carla_ackermann_msgs/share/carla_ackermann_msgs/msg/EgoVehicleControlTarget.msg
[2.884s] -- Up-to-date symlink: /home/camilo/2022-tfg-juancamilo-carmona/tfg/install/carla_ackermann_msgs/share/ament_index/resource_index/package_run_dependencies/carla_ackermann_msgs
[2.884s] -- Up-to-date symlink: /home/camilo/2022-tfg-juancamilo-carmona/tfg/install/carla_ackermann_msgs/share/ament_index/resource_index/parent_prefix_path/carla_ackermann_msgs
[2.885s] -- Up-to-date symlink: /home/camilo/2022-tfg-juancamilo-carmona/tfg/install/carla_ackermann_msgs/share/carla_ackermann_msgs/environment/ament_prefix_path.sh
[2.886s] -- Up-to-date symlink: /home/camilo/2022-tfg-juancamilo-carmona/tfg/install/carla_ackermann_msgs/share/carla_ackermann_msgs/environment/ament_prefix_path.dsv
[2.886s] -- Up-to-date symlink: /home/camilo/2022-tfg-juancamilo-carmona/tfg/install/carla_ackermann_msgs/share/carla_ackermann_msgs/environment/path.sh
[2.886s] -- Up-to-date symlink: /home/camilo/2022-tfg-juancamilo-carmona/tfg/install/carla_ackermann_msgs/share/carla_ackermann_msgs/environment/path.dsv
[2.887s] -- Up-to-date symlink: /home/camilo/2022-tfg-juancamilo-carmona/tfg/install/carla_ackermann_msgs/share/carla_ackermann_msgs/local_setup.bash
[2.887s] -- Up-to-date symlink: /home/camilo/2022-tfg-juancamilo-carmona/tfg/install/carla_ackermann_msgs/share/carla_ackermann_msgs/local_setup.sh
[2.888s] -- Up-to-date symlink: /home/camilo/2022-tfg-juancamilo-carmona/tfg/install/carla_ackermann_msgs/share/carla_ackermann_msgs/local_setup.zsh
[2.889s] -- Up-to-date symlink: /home/camilo/2022-tfg-juancamilo-carmona/tfg/install/carla_ackermann_msgs/share/carla_ackermann_msgs/local_setup.dsv
[2.889s] -- Symlinking: /home/camilo/2022-tfg-juancamilo-carmona/tfg/install/carla_ackermann_msgs/share/carla_ackermann_msgs/package.dsv
[2.913s] -- Up-to-date symlink: /home/camilo/2022-tfg-juancamilo-carmona/tfg/install/carla_ackermann_msgs/share/ament_index/resource_index/packages/carla_ackermann_msgs
[2.914s] -- Up-to-date symlink: /home/camilo/2022-tfg-juancamilo-carmona/tfg/install/carla_ackermann_msgs/share/carla_ackermann_msgs/cmake/rosidl_cmake-extras.cmake
[2.914s] -- Up-to-date symlink: /home/camilo/2022-tfg-juancamilo-carmona/tfg/install/carla_ackermann_msgs/share/carla_ackermann_msgs/cmake/ament_cmake_export_dependencies-extras.cmake
[2.915s] -- Up-to-date symlink: /home/camilo/2022-tfg-juancamilo-carmona/tfg/install/carla_ackermann_msgs/share/carla_ackermann_msgs/cmake/ament_cmake_export_libraries-extras.cmake
[2.915s] -- Up-to-date symlink: /home/camilo/2022-tfg-juancamilo-carmona/tfg/install/carla_ackermann_msgs/share/carla_ackermann_msgs/cmake/ament_cmake_export_targets-extras.cmake
[2.918s] -- Up-to-date symlink: /home/camilo/2022-tfg-juancamilo-carmona/tfg/install/carla_ackermann_msgs/share/carla_ackermann_msgs/cmake/ament_cmake_export_include_directories-extras.cmake
[2.918s] -- Up-to-date symlink: /home/camilo/2022-tfg-juancamilo-carmona/tfg/install/carla_ackermann_msgs/share/carla_ackermann_msgs/cmake/rosidl_cmake_export_typesupport_libraries-extras.cmake
[2.918s] -- Up-to-date symlink: /home/camilo/2022-tfg-juancamilo-carmona/tfg/install/carla_ackermann_msgs/share/carla_ackermann_msgs/cmake/rosidl_cmake_export_typesupport_targets-extras.cmake
[2.918s] -- Up-to-date symlink: /home/camilo/2022-tfg-juancamilo-carmona/tfg/install/carla_ackermann_msgs/share/carla_ackermann_msgs/cmake/carla_ackermann_msgsConfig.cmake
[2.918s] -- Up-to-date symlink: /home/camilo/2022-tfg-juancamilo-carmona/tfg/install/carla_ackermann_msgs/share/carla_ackermann_msgs/cmake/carla_ackermann_msgsConfig-version.cmake
[2.918s] -- Up-to-date symlink: /home/camilo/2022-tfg-juancamilo-carmona/tfg/install/carla_ackermann_msgs/share/carla_ackermann_msgs/package.xml
[2.919s] -- Up-to-date: /home/camilo/2022-tfg-juancamilo-carmona/tfg/install/carla_ackermann_msgs/lib/libcarla_ackermann_msgs__rosidl_generator_c.so
[2.929s] -- Up-to-date: /home/camilo/2022-tfg-juancamilo-carmona/tfg/install/carla_ackermann_msgs/lib/libcarla_ackermann_msgs__rosidl_typesupport_introspection_c.so
[2.929s] -- Up-to-date: /home/camilo/2022-tfg-juancamilo-carmona/tfg/install/carla_ackermann_msgs/lib/libcarla_ackermann_msgs__rosidl_typesupport_c.so
[2.929s] -- Up-to-date: /home/camilo/2022-tfg-juancamilo-carmona/tfg/install/carla_ackermann_msgs/lib/libcarla_ackermann_msgs__rosidl_typesupport_introspection_cpp.so
[2.929s] -- Up-to-date: /home/camilo/2022-tfg-juancamilo-carmona/tfg/install/carla_ackermann_msgs/lib/libcarla_ackermann_msgs__rosidl_typesupport_cpp.so
[3.046s] -- Up-to-date: /home/camilo/2022-tfg-juancamilo-carmona/tfg/install/carla_ackermann_msgs/share/carla_ackermann_msgs/cmake/carla_ackermann_msgs__rosidl_generator_cExport.cmake
[3.046s] -- Up-to-date: /home/camilo/2022-tfg-juancamilo-carmona/tfg/install/carla_ackermann_msgs/share/carla_ackermann_msgs/cmake/carla_ackermann_msgs__rosidl_generator_cExport-noconfig.cmake
[3.046s] -- Up-to-date: /home/camilo/2022-tfg-juancamilo-carmona/tfg/install/carla_ackermann_msgs/share/carla_ackermann_msgs/cmake/carla_ackermann_msgs__rosidl_typesupport_introspection_cExport.cmake
[3.046s] -- Up-to-date: /home/camilo/2022-tfg-juancamilo-carmona/tfg/install/carla_ackermann_msgs/share/carla_ackermann_msgs/cmake/carla_ackermann_msgs__rosidl_typesupport_introspection_cExport-noconfig.cmake
[3.046s] -- Up-to-date: /home/camilo/2022-tfg-juancamilo-carmona/tfg/install/carla_ackermann_msgs/share/carla_ackermann_msgs/cmake/carla_ackermann_msgs__rosidl_typesupport_cExport.cmake
[3.047s] -- Up-to-date: /home/camilo/2022-tfg-juancamilo-carmona/tfg/install/carla_ackermann_msgs/share/carla_ackermann_msgs/cmake/carla_ackermann_msgs__rosidl_typesupport_cExport-noconfig.cmake
[3.047s] -- Up-to-date: /home/camilo/2022-tfg-juancamilo-carmona/tfg/install/carla_ackermann_msgs/share/carla_ackermann_msgs/cmake/carla_ackermann_msgs__rosidl_generator_cppExport.cmake
[3.047s] -- Up-to-date: /home/camilo/2022-tfg-juancamilo-carmona/tfg/install/carla_ackermann_msgs/share/carla_ackermann_msgs/cmake/carla_ackermann_msgs__rosidl_typesupport_introspection_cppExport.cmake
[3.047s] -- Up-to-date: /home/camilo/2022-tfg-juancamilo-carmona/tfg/install/carla_ackermann_msgs/share/carla_ackermann_msgs/cmake/carla_ackermann_msgs__rosidl_typesupport_introspection_cppExport-noconfig.cmake
[3.048s] -- Up-to-date: /home/camilo/2022-tfg-juancamilo-carmona/tfg/install/carla_ackermann_msgs/share/carla_ackermann_msgs/cmake/carla_ackermann_msgs__rosidl_typesupport_cppExport.cmake
[3.048s] -- Up-to-date: /home/camilo/2022-tfg-juancamilo-carmona/tfg/install/carla_ackermann_msgs/share/carla_ackermann_msgs/cmake/carla_ackermann_msgs__rosidl_typesupport_cppExport-noconfig.cmake
[3.073s] Invoked command in '/home/camilo/2022-tfg-juancamilo-carmona/tfg/build/carla_ackermann_msgs' returned '0': CMAKE_PREFIX_PATH=${CMAKE_PREFIX_PATH}:/home/camilo/2022-tfg-juancamilo-carmona/tfg/install/rqt_carla_control:/home/camilo/2022-tfg-juancamilo-carmona/tfg/install/line_follower:/home/camilo/2022-tfg-juancamilo-carmona/tfg/install/carla_waypoint_publisher:/home/camilo/2022-tfg-juancamilo-carmona/tfg/install/carla_teleop:/home/camilo/2022-tfg-juancamilo-carmona/tfg/install/carla_ackermann_control:/home/camilo/2022-tfg-juancamilo-carmona/tfg/install/carla_ros_bridge:/home/camilo/2022-tfg-juancamilo-carmona/tfg/install/carla_spawn_objects:/home/camilo/2022-tfg-juancamilo-carmona/tfg/install/carla_manual_control:/home/camilo/2022-tfg-juancamilo-carmona/tfg/install/carla_ad_agent:/home/camilo/2022-tfg-juancamilo-carmona/tfg/install/analysis:/home/camilo/2022-tfg-juancamilo-carmona/tfg/install/ros_compatibility:/home/camilo/2022-tfg-juancamilo-carmona/tfg/install/carla_walker_agent:/home/camilo/2022-tfg-juancamilo-carmona/tfg/install/carla_twist_to_control:/home/camilo/2022-tfg-juancamilo-carmona/tfg/install/carla_ros_scenario_runner:/home/camilo/2022-tfg-juancamilo-carmona/tfg/install/carla_common:/opt/ros/foxy /usr/bin/cmake --install /home/camilo/2022-tfg-juancamilo-carmona/tfg/build/carla_ackermann_msgs
