running develop
running egg_info
creating src/carla_ros_bridge.egg-info
writing src/carla_ros_bridge.egg-info/PKG-INFO
writing dependency_links to src/carla_ros_bridge.egg-info/dependency_links.txt
writing entry points to src/carla_ros_bridge.egg-info/entry_points.txt
writing requirements to src/carla_ros_bridge.egg-info/requires.txt
writing top-level names to src/carla_ros_bridge.egg-info/top_level.txt
writing manifest file 'src/carla_ros_bridge.egg-info/SOURCES.txt'
reading manifest file 'src/carla_ros_bridge.egg-info/SOURCES.txt'
writing manifest file 'src/carla_ros_bridge.egg-info/SOURCES.txt'
running build_ext
Creating /home/camilo/2022-tfg-juancamilo-carmona/tfg/install/carla_ros_bridge/lib/python3.8/site-packages/site.py
Creating /home/camilo/2022-tfg-juancamilo-carmona/tfg/install/carla_ros_bridge/lib/python3.8/site-packages/carla-ros-bridge.egg-link (link to src)
Installing bridge script to /home/camilo/2022-tfg-juancamilo-carmona/tfg/install/carla_ros_bridge/lib/carla_ros_bridge

Installed /home/camilo/2022-tfg-juancamilo-carmona/tfg/build/carla_ros_bridge/src
running install_data
creating /home/camilo/2022-tfg-juancamilo-carmona/tfg/install/carla_ros_bridge/share/ament_index
creating /home/camilo/2022-tfg-juancamilo-carmona/tfg/install/carla_ros_bridge/share/ament_index/resource_index
creating /home/camilo/2022-tfg-juancamilo-carmona/tfg/install/carla_ros_bridge/share/ament_index/resource_index/packages
copying resource/carla_ros_bridge -> /home/camilo/2022-tfg-juancamilo-carmona/tfg/install/carla_ros_bridge/share/ament_index/resource_index/packages
copying package.xml -> /home/camilo/2022-tfg-juancamilo-carmona/tfg/install/carla_ros_bridge/share/carla_ros_bridge
copying launch/carla_ros_bridge_with_example_ego_vehicle.launch.py -> /home/camilo/2022-tfg-juancamilo-carmona/tfg/install/carla_ros_bridge/share/carla_ros_bridge
copying launch/carla_ros_bridge.launch.py -> /home/camilo/2022-tfg-juancamilo-carmona/tfg/install/carla_ros_bridge/share/carla_ros_bridge
creating /home/camilo/2022-tfg-juancamilo-carmona/tfg/install/carla_ros_bridge/share/carla_ros_bridge/test
copying test/test_objects.json -> /home/camilo/2022-tfg-juancamilo-carmona/tfg/install/carla_ros_bridge/share/carla_ros_bridge/test
