[0.695s] Invoking command in '/home/camilo/2022-tfg-juancamilo-carmona/tfg/build/carla_ros_scenario_runner_types': CMAKE_PREFIX_PATH=${CMAKE_PREFIX_PATH}:/home/camilo/2022-tfg-juancamilo-carmona/tfg/install/rqt_carla_control:/home/camilo/2022-tfg-juancamilo-carmona/tfg/install/line_follower:/home/camilo/2022-tfg-juancamilo-carmona/tfg/install/carla_waypoint_publisher:/home/camilo/2022-tfg-juancamilo-carmona/tfg/install/carla_teleop:/home/camilo/2022-tfg-juancamilo-carmona/tfg/install/carla_ackermann_control:/home/camilo/2022-tfg-juancamilo-carmona/tfg/install/carla_ros_bridge:/home/camilo/2022-tfg-juancamilo-carmona/tfg/install/carla_spawn_objects:/home/camilo/2022-tfg-juancamilo-carmona/tfg/install/carla_manual_control:/home/camilo/2022-tfg-juancamilo-carmona/tfg/install/carla_ad_agent:/home/camilo/2022-tfg-juancamilo-carmona/tfg/install/analysis:/home/camilo/2022-tfg-juancamilo-carmona/tfg/install/ros_compatibility:/home/camilo/2022-tfg-juancamilo-carmona/tfg/install/carla_walker_agent:/home/camilo/2022-tfg-juancamilo-carmona/tfg/install/carla_twist_to_control:/home/camilo/2022-tfg-juancamilo-carmona/tfg/install/carla_ros_scenario_runner:/home/camilo/2022-tfg-juancamilo-carmona/tfg/install/carla_common:/opt/ros/foxy /usr/bin/cmake --build /home/camilo/2022-tfg-juancamilo-carmona/tfg/build/carla_ros_scenario_runner_types -- -j12 -l12
[1.701s] [ 10%] Built target carla_ros_scenario_runner_types__rosidl_generator_c
[1.702s] [ 12%] Built target carla_ros_scenario_runner_types__cpp
[1.702s] [ 23%] Built target carla_ros_scenario_runner_types__rosidl_typesupport_cpp
[1.702s] [ 34%] Built target carla_ros_scenario_runner_types__rosidl_typesupport_introspection_cpp
[1.703s] [ 45%] Built target carla_ros_scenario_runner_types__rosidl_typesupport_introspection_c
[1.703s] [ 56%] Built target carla_ros_scenario_runner_types__rosidl_typesupport_c
[1.703s] [ 67%] Built target carla_ros_scenario_runner_types__rosidl_typesupport_fastrtps_cpp
[1.703s] [ 78%] Built target carla_ros_scenario_runner_types__rosidl_typesupport_fastrtps_c
[1.703s] [ 78%] Built target carla_ros_scenario_runner_types
[1.704s] [ 80%] Built target carla_ros_scenario_runner_types__py
[1.704s] [ 89%] Built target carla_ros_scenario_runner_types__python
[1.704s] [ 92%] Built target carla_ros_scenario_runner_types__rosidl_typesupport_introspection_c__pyext
[1.704s] [ 96%] Built target carla_ros_scenario_runner_types__rosidl_typesupport_c__pyext
[1.704s] [100%] Built target carla_ros_scenario_runner_types__rosidl_typesupport_fastrtps_c__pyext
[1.717s] Invoked command in '/home/camilo/2022-tfg-juancamilo-carmona/tfg/build/carla_ros_scenario_runner_types' returned '0': CMAKE_PREFIX_PATH=${CMAKE_PREFIX_PATH}:/home/camilo/2022-tfg-juancamilo-carmona/tfg/install/rqt_carla_control:/home/camilo/2022-tfg-juancamilo-carmona/tfg/install/line_follower:/home/camilo/2022-tfg-juancamilo-carmona/tfg/install/carla_waypoint_publisher:/home/camilo/2022-tfg-juancamilo-carmona/tfg/install/carla_teleop:/home/camilo/2022-tfg-juancamilo-carmona/tfg/install/carla_ackermann_control:/home/camilo/2022-tfg-juancamilo-carmona/tfg/install/carla_ros_bridge:/home/camilo/2022-tfg-juancamilo-carmona/tfg/install/carla_spawn_objects:/home/camilo/2022-tfg-juancamilo-carmona/tfg/install/carla_manual_control:/home/camilo/2022-tfg-juancamilo-carmona/tfg/install/carla_ad_agent:/home/camilo/2022-tfg-juancamilo-carmona/tfg/install/analysis:/home/camilo/2022-tfg-juancamilo-carmona/tfg/install/ros_compatibility:/home/camilo/2022-tfg-juancamilo-carmona/tfg/install/carla_walker_agent:/home/camilo/2022-tfg-juancamilo-carmona/tfg/install/carla_twist_to_control:/home/camilo/2022-tfg-juancamilo-carmona/tfg/install/carla_ros_scenario_runner:/home/camilo/2022-tfg-juancamilo-carmona/tfg/install/carla_common:/opt/ros/foxy /usr/bin/cmake --build /home/camilo/2022-tfg-juancamilo-carmona/tfg/build/carla_ros_scenario_runner_types -- -j12 -l12
[1.867s] Invoking command in '/home/camilo/2022-tfg-juancamilo-carmona/tfg/build/carla_ros_scenario_runner_types': CMAKE_PREFIX_PATH=${CMAKE_PREFIX_PATH}:/home/camilo/2022-tfg-juancamilo-carmona/tfg/install/rqt_carla_control:/home/camilo/2022-tfg-juancamilo-carmona/tfg/install/line_follower:/home/camilo/2022-tfg-juancamilo-carmona/tfg/install/carla_waypoint_publisher:/home/camilo/2022-tfg-juancamilo-carmona/tfg/install/carla_teleop:/home/camilo/2022-tfg-juancamilo-carmona/tfg/install/carla_ackermann_control:/home/camilo/2022-tfg-juancamilo-carmona/tfg/install/carla_ros_bridge:/home/camilo/2022-tfg-juancamilo-carmona/tfg/install/carla_spawn_objects:/home/camilo/2022-tfg-juancamilo-carmona/tfg/install/carla_manual_control:/home/camilo/2022-tfg-juancamilo-carmona/tfg/install/carla_ad_agent:/home/camilo/2022-tfg-juancamilo-carmona/tfg/install/analysis:/home/camilo/2022-tfg-juancamilo-carmona/tfg/install/ros_compatibility:/home/camilo/2022-tfg-juancamilo-carmona/tfg/install/carla_walker_agent:/home/camilo/2022-tfg-juancamilo-carmona/tfg/install/carla_twist_to_control:/home/camilo/2022-tfg-juancamilo-carmona/tfg/install/carla_ros_scenario_runner:/home/camilo/2022-tfg-juancamilo-carmona/tfg/install/carla_common:/opt/ros/foxy /usr/bin/cmake --install /home/camilo/2022-tfg-juancamilo-carmona/tfg/build/carla_ros_scenario_runner_types
[1.879s] -- Install configuration: ""
[1.879s] -- Execute custom install script
[1.880s] -- Up-to-date symlink: /home/camilo/2022-tfg-juancamilo-carmona/tfg/install/carla_ros_scenario_runner_types/share/ament_index/resource_index/rosidl_interfaces/carla_ros_scenario_runner_types
[1.880s] -- Up-to-date symlink: /home/camilo/2022-tfg-juancamilo-carmona/tfg/install/carla_ros_scenario_runner_types/include/carla_ros_scenario_runner_types/msg/carla_scenario.h
[1.882s] -- Up-to-date symlink: /home/camilo/2022-tfg-juancamilo-carmona/tfg/install/carla_ros_scenario_runner_types/include/carla_ros_scenario_runner_types/msg/carla_scenario_list.h
[1.882s] -- Up-to-date symlink: /home/camilo/2022-tfg-juancamilo-carmona/tfg/install/carla_ros_scenario_runner_types/include/carla_ros_scenario_runner_types/msg/carla_scenario_runner_status.h
[1.882s] -- Up-to-date symlink: /home/camilo/2022-tfg-juancamilo-carmona/tfg/install/carla_ros_scenario_runner_types/include/carla_ros_scenario_runner_types/msg/detail/carla_scenario__functions.h
[1.883s] -- Up-to-date symlink: /home/camilo/2022-tfg-juancamilo-carmona/tfg/install/carla_ros_scenario_runner_types/include/carla_ros_scenario_runner_types/msg/detail/carla_scenario__struct.h
[1.883s] -- Up-to-date symlink: /home/camilo/2022-tfg-juancamilo-carmona/tfg/install/carla_ros_scenario_runner_types/include/carla_ros_scenario_runner_types/msg/detail/carla_scenario__type_support.h
[1.883s] -- Up-to-date symlink: /home/camilo/2022-tfg-juancamilo-carmona/tfg/install/carla_ros_scenario_runner_types/include/carla_ros_scenario_runner_types/msg/detail/carla_scenario_list__functions.h
[1.896s] -- Up-to-date symlink: /home/camilo/2022-tfg-juancamilo-carmona/tfg/install/carla_ros_scenario_runner_types/include/carla_ros_scenario_runner_types/msg/detail/carla_scenario_list__struct.h
[1.896s] -- Up-to-date symlink: /home/camilo/2022-tfg-juancamilo-carmona/tfg/install/carla_ros_scenario_runner_types/include/carla_ros_scenario_runner_types/msg/detail/carla_scenario_list__type_support.h
[1.896s] -- Up-to-date symlink: /home/camilo/2022-tfg-juancamilo-carmona/tfg/install/carla_ros_scenario_runner_types/include/carla_ros_scenario_runner_types/msg/detail/carla_scenario_runner_status__functions.h
[1.896s] -- Up-to-date symlink: /home/camilo/2022-tfg-juancamilo-carmona/tfg/install/carla_ros_scenario_runner_types/include/carla_ros_scenario_runner_types/msg/detail/carla_scenario_runner_status__struct.h
[1.897s] -- Up-to-date symlink: /home/camilo/2022-tfg-juancamilo-carmona/tfg/install/carla_ros_scenario_runner_types/include/carla_ros_scenario_runner_types/msg/detail/carla_scenario_runner_status__type_support.h
[1.897s] -- Up-to-date symlink: /home/camilo/2022-tfg-juancamilo-carmona/tfg/install/carla_ros_scenario_runner_types/include/carla_ros_scenario_runner_types/msg/rosidl_generator_c__visibility_control.h
[1.897s] -- Up-to-date symlink: /home/camilo/2022-tfg-juancamilo-carmona/tfg/install/carla_ros_scenario_runner_types/include/carla_ros_scenario_runner_types/srv/detail/execute_scenario__functions.h
[1.897s] -- Up-to-date symlink: /home/camilo/2022-tfg-juancamilo-carmona/tfg/install/carla_ros_scenario_runner_types/include/carla_ros_scenario_runner_types/srv/detail/execute_scenario__struct.h
[1.897s] -- Up-to-date symlink: /home/camilo/2022-tfg-juancamilo-carmona/tfg/install/carla_ros_scenario_runner_types/include/carla_ros_scenario_runner_types/srv/detail/execute_scenario__type_support.h
[1.898s] -- Up-to-date symlink: /home/camilo/2022-tfg-juancamilo-carmona/tfg/install/carla_ros_scenario_runner_types/include/carla_ros_scenario_runner_types/srv/execute_scenario.h
[1.898s] -- Up-to-date symlink: /home/camilo/2022-tfg-juancamilo-carmona/tfg/install/carla_ros_scenario_runner_types/share/carla_ros_scenario_runner_types/environment/library_path.sh
[1.899s] -- Up-to-date symlink: /home/camilo/2022-tfg-juancamilo-carmona/tfg/install/carla_ros_scenario_runner_types/share/carla_ros_scenario_runner_types/environment/library_path.dsv
[1.900s] -- Up-to-date symlink: /home/camilo/2022-tfg-juancamilo-carmona/tfg/install/carla_ros_scenario_runner_types/include/carla_ros_scenario_runner_types/msg/detail/carla_scenario__rosidl_typesupport_fastrtps_c.h
[1.900s] -- Up-to-date symlink: /home/camilo/2022-tfg-juancamilo-carmona/tfg/install/carla_ros_scenario_runner_types/include/carla_ros_scenario_runner_types/msg/detail/carla_scenario_list__rosidl_typesupport_fastrtps_c.h
[1.900s] -- Up-to-date symlink: /home/camilo/2022-tfg-juancamilo-carmona/tfg/install/carla_ros_scenario_runner_types/include/carla_ros_scenario_runner_types/msg/detail/carla_scenario_runner_status__rosidl_typesupport_fastrtps_c.h
[1.901s] -- Up-to-date symlink: /home/camilo/2022-tfg-juancamilo-carmona/tfg/install/carla_ros_scenario_runner_types/include/carla_ros_scenario_runner_types/msg/rosidl_typesupport_fastrtps_c__visibility_control.h
[1.902s] -- Up-to-date symlink: /home/camilo/2022-tfg-juancamilo-carmona/tfg/install/carla_ros_scenario_runner_types/include/carla_ros_scenario_runner_types/srv/detail/execute_scenario__rosidl_typesupport_fastrtps_c.h
[1.903s] -- Up-to-date symlink: /home/camilo/2022-tfg-juancamilo-carmona/tfg/install/carla_ros_scenario_runner_types/lib/libcarla_ros_scenario_runner_types__rosidl_typesupport_fastrtps_c.so
[1.903s] -- Up-to-date symlink: /home/camilo/2022-tfg-juancamilo-carmona/tfg/install/carla_ros_scenario_runner_types/include/carla_ros_scenario_runner_types/msg/detail/carla_scenario__rosidl_typesupport_fastrtps_cpp.hpp
[1.903s] -- Up-to-date symlink: /home/camilo/2022-tfg-juancamilo-carmona/tfg/install/carla_ros_scenario_runner_types/include/carla_ros_scenario_runner_types/msg/detail/carla_scenario_list__rosidl_typesupport_fastrtps_cpp.hpp
[1.903s] -- Up-to-date symlink: /home/camilo/2022-tfg-juancamilo-carmona/tfg/install/carla_ros_scenario_runner_types/include/carla_ros_scenario_runner_types/msg/detail/carla_scenario_runner_status__rosidl_typesupport_fastrtps_cpp.hpp
[1.903s] -- Up-to-date symlink: /home/camilo/2022-tfg-juancamilo-carmona/tfg/install/carla_ros_scenario_runner_types/include/carla_ros_scenario_runner_types/msg/rosidl_typesupport_fastrtps_cpp__visibility_control.h
[1.904s] -- Up-to-date symlink: /home/camilo/2022-tfg-juancamilo-carmona/tfg/install/carla_ros_scenario_runner_types/include/carla_ros_scenario_runner_types/srv/detail/execute_scenario__rosidl_typesupport_fastrtps_cpp.hpp
[1.906s] -- Up-to-date symlink: /home/camilo/2022-tfg-juancamilo-carmona/tfg/install/carla_ros_scenario_runner_types/lib/libcarla_ros_scenario_runner_types__rosidl_typesupport_fastrtps_cpp.so
[1.906s] -- Up-to-date symlink: /home/camilo/2022-tfg-juancamilo-carmona/tfg/install/carla_ros_scenario_runner_types/include/carla_ros_scenario_runner_types/msg/detail/carla_scenario__rosidl_typesupport_introspection_c.h
[1.906s] -- Up-to-date symlink: /home/camilo/2022-tfg-juancamilo-carmona/tfg/install/carla_ros_scenario_runner_types/include/carla_ros_scenario_runner_types/msg/detail/carla_scenario_list__rosidl_typesupport_introspection_c.h
[1.907s] -- Up-to-date symlink: /home/camilo/2022-tfg-juancamilo-carmona/tfg/install/carla_ros_scenario_runner_types/include/carla_ros_scenario_runner_types/msg/detail/carla_scenario_runner_status__rosidl_typesupport_introspection_c.h
[1.907s] -- Up-to-date symlink: /home/camilo/2022-tfg-juancamilo-carmona/tfg/install/carla_ros_scenario_runner_types/include/carla_ros_scenario_runner_types/msg/rosidl_typesupport_introspection_c__visibility_control.h
[1.907s] -- Up-to-date symlink: /home/camilo/2022-tfg-juancamilo-carmona/tfg/install/carla_ros_scenario_runner_types/include/carla_ros_scenario_runner_types/srv/detail/execute_scenario__rosidl_typesupport_introspection_c.h
[1.907s] -- Up-to-date symlink: /home/camilo/2022-tfg-juancamilo-carmona/tfg/install/carla_ros_scenario_runner_types/include/carla_ros_scenario_runner_types/msg/carla_scenario.hpp
[1.907s] -- Up-to-date symlink: /home/camilo/2022-tfg-juancamilo-carmona/tfg/install/carla_ros_scenario_runner_types/include/carla_ros_scenario_runner_types/msg/carla_scenario_list.hpp
[1.908s] -- Up-to-date symlink: /home/camilo/2022-tfg-juancamilo-carmona/tfg/install/carla_ros_scenario_runner_types/include/carla_ros_scenario_runner_types/msg/carla_scenario_runner_status.hpp
[1.908s] -- Up-to-date symlink: /home/camilo/2022-tfg-juancamilo-carmona/tfg/install/carla_ros_scenario_runner_types/include/carla_ros_scenario_runner_types/msg/detail/carla_scenario__builder.hpp
[1.908s] -- Up-to-date symlink: /home/camilo/2022-tfg-juancamilo-carmona/tfg/install/carla_ros_scenario_runner_types/include/carla_ros_scenario_runner_types/msg/detail/carla_scenario__struct.hpp
[1.908s] -- Up-to-date symlink: /home/camilo/2022-tfg-juancamilo-carmona/tfg/install/carla_ros_scenario_runner_types/include/carla_ros_scenario_runner_types/msg/detail/carla_scenario__traits.hpp
[1.908s] -- Up-to-date symlink: /home/camilo/2022-tfg-juancamilo-carmona/tfg/install/carla_ros_scenario_runner_types/include/carla_ros_scenario_runner_types/msg/detail/carla_scenario_list__builder.hpp
[1.909s] -- Up-to-date symlink: /home/camilo/2022-tfg-juancamilo-carmona/tfg/install/carla_ros_scenario_runner_types/include/carla_ros_scenario_runner_types/msg/detail/carla_scenario_list__struct.hpp
[1.909s] -- Up-to-date symlink: /home/camilo/2022-tfg-juancamilo-carmona/tfg/install/carla_ros_scenario_runner_types/include/carla_ros_scenario_runner_types/msg/detail/carla_scenario_list__traits.hpp
[1.909s] -- Up-to-date symlink: /home/camilo/2022-tfg-juancamilo-carmona/tfg/install/carla_ros_scenario_runner_types/include/carla_ros_scenario_runner_types/msg/detail/carla_scenario_runner_status__builder.hpp
[1.909s] -- Up-to-date symlink: /home/camilo/2022-tfg-juancamilo-carmona/tfg/install/carla_ros_scenario_runner_types/include/carla_ros_scenario_runner_types/msg/detail/carla_scenario_runner_status__struct.hpp
[1.909s] -- Up-to-date symlink: /home/camilo/2022-tfg-juancamilo-carmona/tfg/install/carla_ros_scenario_runner_types/include/carla_ros_scenario_runner_types/msg/detail/carla_scenario_runner_status__traits.hpp
[1.910s] -- Up-to-date symlink: /home/camilo/2022-tfg-juancamilo-carmona/tfg/install/carla_ros_scenario_runner_types/include/carla_ros_scenario_runner_types/srv/detail/execute_scenario__builder.hpp
[1.910s] -- Up-to-date symlink: /home/camilo/2022-tfg-juancamilo-carmona/tfg/install/carla_ros_scenario_runner_types/include/carla_ros_scenario_runner_types/srv/detail/execute_scenario__struct.hpp
[1.910s] -- Up-to-date symlink: /home/camilo/2022-tfg-juancamilo-carmona/tfg/install/carla_ros_scenario_runner_types/include/carla_ros_scenario_runner_types/srv/detail/execute_scenario__traits.hpp
[1.910s] -- Up-to-date symlink: /home/camilo/2022-tfg-juancamilo-carmona/tfg/install/carla_ros_scenario_runner_types/include/carla_ros_scenario_runner_types/srv/execute_scenario.hpp
[1.914s] -- Up-to-date symlink: /home/camilo/2022-tfg-juancamilo-carmona/tfg/install/carla_ros_scenario_runner_types/include/carla_ros_scenario_runner_types/msg/detail/carla_scenario__rosidl_typesupport_introspection_cpp.hpp
[1.914s] -- Up-to-date symlink: /home/camilo/2022-tfg-juancamilo-carmona/tfg/install/carla_ros_scenario_runner_types/include/carla_ros_scenario_runner_types/msg/detail/carla_scenario_list__rosidl_typesupport_introspection_cpp.hpp
[1.915s] -- Up-to-date symlink: /home/camilo/2022-tfg-juancamilo-carmona/tfg/install/carla_ros_scenario_runner_types/include/carla_ros_scenario_runner_types/msg/detail/carla_scenario_runner_status__rosidl_typesupport_introspection_cpp.hpp
[1.915s] -- Up-to-date symlink: /home/camilo/2022-tfg-juancamilo-carmona/tfg/install/carla_ros_scenario_runner_types/include/carla_ros_scenario_runner_types/srv/detail/execute_scenario__rosidl_typesupport_introspection_cpp.hpp
[1.915s] -- Up-to-date symlink: /home/camilo/2022-tfg-juancamilo-carmona/tfg/install/carla_ros_scenario_runner_types/share/carla_ros_scenario_runner_types/environment/pythonpath.sh
[1.916s] -- Up-to-date symlink: /home/camilo/2022-tfg-juancamilo-carmona/tfg/install/carla_ros_scenario_runner_types/share/carla_ros_scenario_runner_types/environment/pythonpath.dsv
[1.916s] -- Up-to-date symlink: /home/camilo/2022-tfg-juancamilo-carmona/tfg/install/carla_ros_scenario_runner_types/lib/python3.8/site-packages/carla_ros_scenario_runner_types/__init__.py
[1.916s] -- Up-to-date symlink: /home/camilo/2022-tfg-juancamilo-carmona/tfg/install/carla_ros_scenario_runner_types/lib/python3.8/site-packages/carla_ros_scenario_runner_types/msg/__init__.py
[1.917s] -- Up-to-date symlink: /home/camilo/2022-tfg-juancamilo-carmona/tfg/install/carla_ros_scenario_runner_types/lib/python3.8/site-packages/carla_ros_scenario_runner_types/msg/_carla_scenario.py
[1.917s] -- Up-to-date symlink: /home/camilo/2022-tfg-juancamilo-carmona/tfg/install/carla_ros_scenario_runner_types/lib/python3.8/site-packages/carla_ros_scenario_runner_types/msg/_carla_scenario_list.py
[1.917s] -- Up-to-date symlink: /home/camilo/2022-tfg-juancamilo-carmona/tfg/install/carla_ros_scenario_runner_types/lib/python3.8/site-packages/carla_ros_scenario_runner_types/msg/_carla_scenario_runner_status.py
[1.918s] -- Up-to-date symlink: /home/camilo/2022-tfg-juancamilo-carmona/tfg/install/carla_ros_scenario_runner_types/lib/python3.8/site-packages/carla_ros_scenario_runner_types/srv/__init__.py
[1.918s] -- Up-to-date symlink: /home/camilo/2022-tfg-juancamilo-carmona/tfg/install/carla_ros_scenario_runner_types/lib/python3.8/site-packages/carla_ros_scenario_runner_types/srv/_execute_scenario.py
[1.918s] -- Up-to-date symlink: /home/camilo/2022-tfg-juancamilo-carmona/tfg/install/carla_ros_scenario_runner_types/lib/python3.8/site-packages/carla_ros_scenario_runner_types/carla_ros_scenario_runner_types_s__rosidl_typesupport_fastrtps_c.cpython-38-x86_64-linux-gnu.so
[1.918s] -- Up-to-date symlink: /home/camilo/2022-tfg-juancamilo-carmona/tfg/install/carla_ros_scenario_runner_types/lib/python3.8/site-packages/carla_ros_scenario_runner_types/carla_ros_scenario_runner_types_s__rosidl_typesupport_introspection_c.cpython-38-x86_64-linux-gnu.so
[1.918s] -- Up-to-date symlink: /home/camilo/2022-tfg-juancamilo-carmona/tfg/install/carla_ros_scenario_runner_types/lib/python3.8/site-packages/carla_ros_scenario_runner_types/carla_ros_scenario_runner_types_s__rosidl_typesupport_c.cpython-38-x86_64-linux-gnu.so
[1.919s] -- Up-to-date symlink: /home/camilo/2022-tfg-juancamilo-carmona/tfg/install/carla_ros_scenario_runner_types/lib/libcarla_ros_scenario_runner_types__python.so
[1.919s] -- Up-to-date symlink: /home/camilo/2022-tfg-juancamilo-carmona/tfg/install/carla_ros_scenario_runner_types/share/carla_ros_scenario_runner_types/msg/CarlaScenario.idl
[1.919s] -- Up-to-date symlink: /home/camilo/2022-tfg-juancamilo-carmona/tfg/install/carla_ros_scenario_runner_types/share/carla_ros_scenario_runner_types/msg/CarlaScenarioList.idl
[1.920s] -- Up-to-date symlink: /home/camilo/2022-tfg-juancamilo-carmona/tfg/install/carla_ros_scenario_runner_types/share/carla_ros_scenario_runner_types/msg/CarlaScenarioRunnerStatus.idl
[1.920s] -- Up-to-date symlink: /home/camilo/2022-tfg-juancamilo-carmona/tfg/install/carla_ros_scenario_runner_types/share/carla_ros_scenario_runner_types/srv/ExecuteScenario.idl
[1.920s] -- Up-to-date symlink: /home/camilo/2022-tfg-juancamilo-carmona/tfg/install/carla_ros_scenario_runner_types/share/carla_ros_scenario_runner_types/msg/CarlaScenario.msg
[1.920s] -- Up-to-date symlink: /home/camilo/2022-tfg-juancamilo-carmona/tfg/install/carla_ros_scenario_runner_types/share/carla_ros_scenario_runner_types/msg/CarlaScenarioList.msg
[1.924s] -- Up-to-date symlink: /home/camilo/2022-tfg-juancamilo-carmona/tfg/install/carla_ros_scenario_runner_types/share/carla_ros_scenario_runner_types/msg/CarlaScenarioRunnerStatus.msg
[1.924s] -- Up-to-date symlink: /home/camilo/2022-tfg-juancamilo-carmona/tfg/install/carla_ros_scenario_runner_types/share/carla_ros_scenario_runner_types/srv/ExecuteScenario.srv
[1.925s] -- Up-to-date symlink: /home/camilo/2022-tfg-juancamilo-carmona/tfg/install/carla_ros_scenario_runner_types/share/carla_ros_scenario_runner_types/srv/ExecuteScenario_Request.msg
[1.925s] -- Up-to-date symlink: /home/camilo/2022-tfg-juancamilo-carmona/tfg/install/carla_ros_scenario_runner_types/share/carla_ros_scenario_runner_types/srv/ExecuteScenario_Response.msg
[1.926s] -- Up-to-date symlink: /home/camilo/2022-tfg-juancamilo-carmona/tfg/install/carla_ros_scenario_runner_types/share/ament_index/resource_index/package_run_dependencies/carla_ros_scenario_runner_types
[1.926s] -- Up-to-date symlink: /home/camilo/2022-tfg-juancamilo-carmona/tfg/install/carla_ros_scenario_runner_types/share/ament_index/resource_index/parent_prefix_path/carla_ros_scenario_runner_types
[1.926s] -- Up-to-date symlink: /home/camilo/2022-tfg-juancamilo-carmona/tfg/install/carla_ros_scenario_runner_types/share/carla_ros_scenario_runner_types/environment/ament_prefix_path.sh
[1.927s] -- Up-to-date symlink: /home/camilo/2022-tfg-juancamilo-carmona/tfg/install/carla_ros_scenario_runner_types/share/carla_ros_scenario_runner_types/environment/ament_prefix_path.dsv
[1.927s] -- Up-to-date symlink: /home/camilo/2022-tfg-juancamilo-carmona/tfg/install/carla_ros_scenario_runner_types/share/carla_ros_scenario_runner_types/environment/path.sh
[1.927s] -- Up-to-date symlink: /home/camilo/2022-tfg-juancamilo-carmona/tfg/install/carla_ros_scenario_runner_types/share/carla_ros_scenario_runner_types/environment/path.dsv
[1.928s] -- Up-to-date symlink: /home/camilo/2022-tfg-juancamilo-carmona/tfg/install/carla_ros_scenario_runner_types/share/carla_ros_scenario_runner_types/local_setup.bash
[1.928s] -- Up-to-date symlink: /home/camilo/2022-tfg-juancamilo-carmona/tfg/install/carla_ros_scenario_runner_types/share/carla_ros_scenario_runner_types/local_setup.sh
[1.928s] -- Up-to-date symlink: /home/camilo/2022-tfg-juancamilo-carmona/tfg/install/carla_ros_scenario_runner_types/share/carla_ros_scenario_runner_types/local_setup.zsh
[1.928s] -- Up-to-date symlink: /home/camilo/2022-tfg-juancamilo-carmona/tfg/install/carla_ros_scenario_runner_types/share/carla_ros_scenario_runner_types/local_setup.dsv
[1.929s] -- Symlinking: /home/camilo/2022-tfg-juancamilo-carmona/tfg/install/carla_ros_scenario_runner_types/share/carla_ros_scenario_runner_types/package.dsv
[1.932s] -- Up-to-date symlink: /home/camilo/2022-tfg-juancamilo-carmona/tfg/install/carla_ros_scenario_runner_types/share/ament_index/resource_index/packages/carla_ros_scenario_runner_types
[1.932s] -- Up-to-date symlink: /home/camilo/2022-tfg-juancamilo-carmona/tfg/install/carla_ros_scenario_runner_types/share/carla_ros_scenario_runner_types/cmake/rosidl_cmake-extras.cmake
[1.932s] -- Up-to-date symlink: /home/camilo/2022-tfg-juancamilo-carmona/tfg/install/carla_ros_scenario_runner_types/share/carla_ros_scenario_runner_types/cmake/ament_cmake_export_dependencies-extras.cmake
[1.932s] -- Up-to-date symlink: /home/camilo/2022-tfg-juancamilo-carmona/tfg/install/carla_ros_scenario_runner_types/share/carla_ros_scenario_runner_types/cmake/ament_cmake_export_libraries-extras.cmake
[1.948s] -- Up-to-date symlink: /home/camilo/2022-tfg-juancamilo-carmona/tfg/install/carla_ros_scenario_runner_types/share/carla_ros_scenario_runner_types/cmake/ament_cmake_export_targets-extras.cmake
[1.948s] -- Up-to-date symlink: /home/camilo/2022-tfg-juancamilo-carmona/tfg/install/carla_ros_scenario_runner_types/share/carla_ros_scenario_runner_types/cmake/ament_cmake_export_include_directories-extras.cmake
[1.948s] -- Up-to-date symlink: /home/camilo/2022-tfg-juancamilo-carmona/tfg/install/carla_ros_scenario_runner_types/share/carla_ros_scenario_runner_types/cmake/rosidl_cmake_export_typesupport_libraries-extras.cmake
[1.948s] -- Up-to-date symlink: /home/camilo/2022-tfg-juancamilo-carmona/tfg/install/carla_ros_scenario_runner_types/share/carla_ros_scenario_runner_types/cmake/rosidl_cmake_export_typesupport_targets-extras.cmake
[1.948s] -- Up-to-date symlink: /home/camilo/2022-tfg-juancamilo-carmona/tfg/install/carla_ros_scenario_runner_types/share/carla_ros_scenario_runner_types/cmake/carla_ros_scenario_runner_typesConfig.cmake
[1.948s] -- Up-to-date symlink: /home/camilo/2022-tfg-juancamilo-carmona/tfg/install/carla_ros_scenario_runner_types/share/carla_ros_scenario_runner_types/cmake/carla_ros_scenario_runner_typesConfig-version.cmake
[1.948s] -- Up-to-date symlink: /home/camilo/2022-tfg-juancamilo-carmona/tfg/install/carla_ros_scenario_runner_types/share/carla_ros_scenario_runner_types/package.xml
[1.949s] -- Up-to-date: /home/camilo/2022-tfg-juancamilo-carmona/tfg/install/carla_ros_scenario_runner_types/lib/libcarla_ros_scenario_runner_types__rosidl_generator_c.so
[1.950s] -- Up-to-date: /home/camilo/2022-tfg-juancamilo-carmona/tfg/install/carla_ros_scenario_runner_types/lib/libcarla_ros_scenario_runner_types__rosidl_typesupport_introspection_c.so
[1.950s] -- Up-to-date: /home/camilo/2022-tfg-juancamilo-carmona/tfg/install/carla_ros_scenario_runner_types/lib/libcarla_ros_scenario_runner_types__rosidl_typesupport_c.so
[1.950s] -- Up-to-date: /home/camilo/2022-tfg-juancamilo-carmona/tfg/install/carla_ros_scenario_runner_types/lib/libcarla_ros_scenario_runner_types__rosidl_typesupport_introspection_cpp.so
[1.950s] -- Up-to-date: /home/camilo/2022-tfg-juancamilo-carmona/tfg/install/carla_ros_scenario_runner_types/lib/libcarla_ros_scenario_runner_types__rosidl_typesupport_cpp.so
[2.031s] -- Up-to-date: /home/camilo/2022-tfg-juancamilo-carmona/tfg/install/carla_ros_scenario_runner_types/share/carla_ros_scenario_runner_types/cmake/carla_ros_scenario_runner_types__rosidl_generator_cExport.cmake
[2.033s] -- Up-to-date: /home/camilo/2022-tfg-juancamilo-carmona/tfg/install/carla_ros_scenario_runner_types/share/carla_ros_scenario_runner_types/cmake/carla_ros_scenario_runner_types__rosidl_generator_cExport-noconfig.cmake
[2.035s] -- Up-to-date: /home/camilo/2022-tfg-juancamilo-carmona/tfg/install/carla_ros_scenario_runner_types/share/carla_ros_scenario_runner_types/cmake/carla_ros_scenario_runner_types__rosidl_typesupport_introspection_cExport.cmake
[2.035s] -- Up-to-date: /home/camilo/2022-tfg-juancamilo-carmona/tfg/install/carla_ros_scenario_runner_types/share/carla_ros_scenario_runner_types/cmake/carla_ros_scenario_runner_types__rosidl_typesupport_introspection_cExport-noconfig.cmake
[2.035s] -- Up-to-date: /home/camilo/2022-tfg-juancamilo-carmona/tfg/install/carla_ros_scenario_runner_types/share/carla_ros_scenario_runner_types/cmake/carla_ros_scenario_runner_types__rosidl_typesupport_cExport.cmake
[2.035s] -- Up-to-date: /home/camilo/2022-tfg-juancamilo-carmona/tfg/install/carla_ros_scenario_runner_types/share/carla_ros_scenario_runner_types/cmake/carla_ros_scenario_runner_types__rosidl_typesupport_cExport-noconfig.cmake
[2.035s] -- Up-to-date: /home/camilo/2022-tfg-juancamilo-carmona/tfg/install/carla_ros_scenario_runner_types/share/carla_ros_scenario_runner_types/cmake/carla_ros_scenario_runner_types__rosidl_generator_cppExport.cmake
[2.036s] -- Up-to-date: /home/camilo/2022-tfg-juancamilo-carmona/tfg/install/carla_ros_scenario_runner_types/share/carla_ros_scenario_runner_types/cmake/carla_ros_scenario_runner_types__rosidl_typesupport_introspection_cppExport.cmake
[2.036s] -- Up-to-date: /home/camilo/2022-tfg-juancamilo-carmona/tfg/install/carla_ros_scenario_runner_types/share/carla_ros_scenario_runner_types/cmake/carla_ros_scenario_runner_types__rosidl_typesupport_introspection_cppExport-noconfig.cmake
[2.036s] -- Up-to-date: /home/camilo/2022-tfg-juancamilo-carmona/tfg/install/carla_ros_scenario_runner_types/share/carla_ros_scenario_runner_types/cmake/carla_ros_scenario_runner_types__rosidl_typesupport_cppExport.cmake
[2.036s] -- Up-to-date: /home/camilo/2022-tfg-juancamilo-carmona/tfg/install/carla_ros_scenario_runner_types/share/carla_ros_scenario_runner_types/cmake/carla_ros_scenario_runner_types__rosidl_typesupport_cppExport-noconfig.cmake
[2.079s] Invoked command in '/home/camilo/2022-tfg-juancamilo-carmona/tfg/build/carla_ros_scenario_runner_types' returned '0': CMAKE_PREFIX_PATH=${CMAKE_PREFIX_PATH}:/home/camilo/2022-tfg-juancamilo-carmona/tfg/install/rqt_carla_control:/home/camilo/2022-tfg-juancamilo-carmona/tfg/install/line_follower:/home/camilo/2022-tfg-juancamilo-carmona/tfg/install/carla_waypoint_publisher:/home/camilo/2022-tfg-juancamilo-carmona/tfg/install/carla_teleop:/home/camilo/2022-tfg-juancamilo-carmona/tfg/install/carla_ackermann_control:/home/camilo/2022-tfg-juancamilo-carmona/tfg/install/carla_ros_bridge:/home/camilo/2022-tfg-juancamilo-carmona/tfg/install/carla_spawn_objects:/home/camilo/2022-tfg-juancamilo-carmona/tfg/install/carla_manual_control:/home/camilo/2022-tfg-juancamilo-carmona/tfg/install/carla_ad_agent:/home/camilo/2022-tfg-juancamilo-carmona/tfg/install/analysis:/home/camilo/2022-tfg-juancamilo-carmona/tfg/install/ros_compatibility:/home/camilo/2022-tfg-juancamilo-carmona/tfg/install/carla_walker_agent:/home/camilo/2022-tfg-juancamilo-carmona/tfg/install/carla_twist_to_control:/home/camilo/2022-tfg-juancamilo-carmona/tfg/install/carla_ros_scenario_runner:/home/camilo/2022-tfg-juancamilo-carmona/tfg/install/carla_common:/opt/ros/foxy /usr/bin/cmake --install /home/camilo/2022-tfg-juancamilo-carmona/tfg/build/carla_ros_scenario_runner_types
