running develop
running egg_info
creating src/carla_ackermann_control.egg-info
writing src/carla_ackermann_control.egg-info/PKG-INFO
writing dependency_links to src/carla_ackermann_control.egg-info/dependency_links.txt
writing entry points to src/carla_ackermann_control.egg-info/entry_points.txt
writing requirements to src/carla_ackermann_control.egg-info/requires.txt
writing top-level names to src/carla_ackermann_control.egg-info/top_level.txt
writing manifest file 'src/carla_ackermann_control.egg-info/SOURCES.txt'
reading manifest file 'src/carla_ackermann_control.egg-info/SOURCES.txt'
writing manifest file 'src/carla_ackermann_control.egg-info/SOURCES.txt'
running build_ext
Creating /home/camilo/2022-tfg-juancamilo-carmona/tfg/install/carla_ackermann_control/lib/python3.8/site-packages/site.py
Creating /home/camilo/2022-tfg-juancamilo-carmona/tfg/install/carla_ackermann_control/lib/python3.8/site-packages/carla-ackermann-control.egg-link (link to src)
Installing carla_ackermann_control_node script to /home/camilo/2022-tfg-juancamilo-carmona/tfg/install/carla_ackermann_control/lib/carla_ackermann_control

Installed /home/camilo/2022-tfg-juancamilo-carmona/tfg/build/carla_ackermann_control/src
running install_data
creating /home/camilo/2022-tfg-juancamilo-carmona/tfg/install/carla_ackermann_control/share/ament_index
creating /home/camilo/2022-tfg-juancamilo-carmona/tfg/install/carla_ackermann_control/share/ament_index/resource_index
creating /home/camilo/2022-tfg-juancamilo-carmona/tfg/install/carla_ackermann_control/share/ament_index/resource_index/packages
copying resource/carla_ackermann_control -> /home/camilo/2022-tfg-juancamilo-carmona/tfg/install/carla_ackermann_control/share/ament_index/resource_index/packages
copying package.xml -> /home/camilo/2022-tfg-juancamilo-carmona/tfg/install/carla_ackermann_control/share/carla_ackermann_control
copying launch/carla_ros_bridge_with_ackermann_control.launch.py -> /home/camilo/2022-tfg-juancamilo-carmona/tfg/install/carla_ackermann_control/share/carla_ackermann_control
copying launch/carla_ackermann_control.launch.py -> /home/camilo/2022-tfg-juancamilo-carmona/tfg/install/carla_ackermann_control/share/carla_ackermann_control
copying config/settings.yaml -> /home/camilo/2022-tfg-juancamilo-carmona/tfg/install/carla_ackermann_control/share/carla_ackermann_control
