[2.532s] Invoking command in '/home/camilo/2022-tfg-juancamilo-carmona/tfg/build/line_follower': AMENT_PREFIX_PATH=/home/camilo/2022-tfg-juancamilo-carmona/tfg/install/ros_compatibility:${AMENT_PREFIX_PATH} PYTHONPATH=/home/camilo/2022-tfg-juancamilo-carmona/tfg/build/line_follower/prefix_override:/home/camilo/2022-tfg-juancamilo-carmona/tfg/install/line_follower/lib/python3.8/site-packages:/home/camilo/2022-tfg-juancamilo-carmona/tfg/build/ros_compatibility/src:/home/camilo/2022-tfg-juancamilo-carmona/tfg/install/ros_compatibility/lib/python3.8/site-packages:${PYTHONPATH} /usr/bin/python3 setup.py develop --editable --build-directory /home/camilo/2022-tfg-juancamilo-carmona/tfg/build/line_follower/build --no-deps install_data
[2.989s] running develop
[3.424s] running egg_info
[3.424s] creating line_follower.egg-info
[3.424s] writing line_follower.egg-info/PKG-INFO
[3.425s] writing dependency_links to line_follower.egg-info/dependency_links.txt
[3.425s] writing entry points to line_follower.egg-info/entry_points.txt
[3.425s] writing requirements to line_follower.egg-info/requires.txt
[3.425s] writing top-level names to line_follower.egg-info/top_level.txt
[3.433s] writing manifest file 'line_follower.egg-info/SOURCES.txt'
[3.504s] reading manifest file 'line_follower.egg-info/SOURCES.txt'
[3.504s] writing manifest file 'line_follower.egg-info/SOURCES.txt'
[3.596s] running build_ext
[3.596s] Creating /home/camilo/2022-tfg-juancamilo-carmona/tfg/install/line_follower/lib/python3.8/site-packages/site.py
[3.603s] Creating /home/camilo/2022-tfg-juancamilo-carmona/tfg/install/line_follower/lib/python3.8/site-packages/line-follower.egg-link (link to .)
[3.604s] Installing autopilot_line_follower script to /home/camilo/2022-tfg-juancamilo-carmona/tfg/install/line_follower/lib/line_follower
[3.604s] Installing line_follower script to /home/camilo/2022-tfg-juancamilo-carmona/tfg/install/line_follower/lib/line_follower
[3.604s] 
[3.604s] Installed /home/camilo/2022-tfg-juancamilo-carmona/tfg/build/line_follower
[3.604s] running install_data
[3.604s] creating /home/camilo/2022-tfg-juancamilo-carmona/tfg/install/line_follower/share/ament_index
[3.604s] creating /home/camilo/2022-tfg-juancamilo-carmona/tfg/install/line_follower/share/ament_index/resource_index
[3.604s] creating /home/camilo/2022-tfg-juancamilo-carmona/tfg/install/line_follower/share/ament_index/resource_index/packages
[3.604s] copying resource/line_follower -> /home/camilo/2022-tfg-juancamilo-carmona/tfg/install/line_follower/share/ament_index/resource_index/packages
[3.605s] copying package.xml -> /home/camilo/2022-tfg-juancamilo-carmona/tfg/install/line_follower/share/line_follower
[3.605s] copying launch/line_follower.launch.py -> /home/camilo/2022-tfg-juancamilo-carmona/tfg/install/line_follower/share/line_follower
[3.605s] copying launch/autopilot_line_follower.launch.py -> /home/camilo/2022-tfg-juancamilo-carmona/tfg/install/line_follower/share/line_follower
[3.605s] copying launch/carla_generate_autopilot_vehicle.launch.py -> /home/camilo/2022-tfg-juancamilo-carmona/tfg/install/line_follower/share/line_follower
[3.605s] copying launch/carla_generate_vehicle.launch.py -> /home/camilo/2022-tfg-juancamilo-carmona/tfg/install/line_follower/share/line_follower
[3.605s] copying launch/spawn_vehicle.launch.py -> /home/camilo/2022-tfg-juancamilo-carmona/tfg/install/line_follower/share/line_follower
[3.694s] Invoked command in '/home/camilo/2022-tfg-juancamilo-carmona/tfg/build/line_follower' returned '0': AMENT_PREFIX_PATH=/home/camilo/2022-tfg-juancamilo-carmona/tfg/install/ros_compatibility:${AMENT_PREFIX_PATH} PYTHONPATH=/home/camilo/2022-tfg-juancamilo-carmona/tfg/build/line_follower/prefix_override:/home/camilo/2022-tfg-juancamilo-carmona/tfg/install/line_follower/lib/python3.8/site-packages:/home/camilo/2022-tfg-juancamilo-carmona/tfg/build/ros_compatibility/src:/home/camilo/2022-tfg-juancamilo-carmona/tfg/install/ros_compatibility/lib/python3.8/site-packages:${PYTHONPATH} /usr/bin/python3 setup.py develop --editable --build-directory /home/camilo/2022-tfg-juancamilo-carmona/tfg/build/line_follower/build --no-deps install_data
