[0.170s] Invoking command in '/home/camilo/2022-tfg-juancamilo-carmona/tfg/build/carla_msgs': CMAKE_PREFIX_PATH=${CMAKE_PREFIX_PATH}:/home/camilo/2022-tfg-juancamilo-carmona/tfg/install/rqt_carla_control:/home/camilo/2022-tfg-juancamilo-carmona/tfg/install/line_follower:/home/camilo/2022-tfg-juancamilo-carmona/tfg/install/carla_waypoint_publisher:/home/camilo/2022-tfg-juancamilo-carmona/tfg/install/carla_teleop:/home/camilo/2022-tfg-juancamilo-carmona/tfg/install/carla_ackermann_control:/home/camilo/2022-tfg-juancamilo-carmona/tfg/install/carla_ros_bridge:/home/camilo/2022-tfg-juancamilo-carmona/tfg/install/carla_spawn_objects:/home/camilo/2022-tfg-juancamilo-carmona/tfg/install/carla_manual_control:/home/camilo/2022-tfg-juancamilo-carmona/tfg/install/carla_ad_agent:/home/camilo/2022-tfg-juancamilo-carmona/tfg/install/analysis:/home/camilo/2022-tfg-juancamilo-carmona/tfg/install/ros_compatibility:/home/camilo/2022-tfg-juancamilo-carmona/tfg/install/carla_walker_agent:/home/camilo/2022-tfg-juancamilo-carmona/tfg/install/carla_twist_to_control:/home/camilo/2022-tfg-juancamilo-carmona/tfg/install/carla_ros_scenario_runner:/home/camilo/2022-tfg-juancamilo-carmona/tfg/install/carla_common:/home/camilo/carla-ros-bridge/install/rqt_carla_control:/home/camilo/carla-ros-bridge/install/carla_waypoint_publisher:/home/camilo/carla-ros-bridge/install/carla_ackermann_control:/home/camilo/carla-ros-bridge/install/carla_ros_bridge:/home/camilo/carla-ros-bridge/install/carla_spawn_objects:/home/camilo/carla-ros-bridge/install/carla_manual_control:/home/camilo/carla-ros-bridge/install/carla_ad_agent:/home/camilo/carla-ros-bridge/install/ros_compatibility:/home/camilo/carla-ros-bridge/install/carla_walker_agent:/home/camilo/carla-ros-bridge/install/carla_twist_to_control:/home/camilo/carla-ros-bridge/install/carla_ros_scenario_runner:/home/camilo/carla-ros-bridge/install/carla_common:/opt/ros/foxy /usr/bin/cmake --build /home/camilo/2022-tfg-juancamilo-carmona/tfg/build/carla_msgs -- -j12 -l12
[1.865s] [  0%] Built target carla_msgs__cpp
[1.866s] [ 12%] Built target carla_msgs__rosidl_generator_c
[1.866s] [ 24%] Built target carla_msgs__rosidl_typesupport_cpp
[1.866s] [ 37%] Built target carla_msgs__rosidl_typesupport_introspection_cpp
[1.867s] [ 49%] Built target carla_msgs__rosidl_typesupport_c
[1.867s] [ 61%] Built target carla_msgs__rosidl_typesupport_fastrtps_cpp
[1.867s] [ 73%] Built target carla_msgs__rosidl_typesupport_introspection_c
[1.868s] [ 85%] Built target carla_msgs__rosidl_typesupport_fastrtps_c
[1.868s] [ 85%] Built target carla_msgs
[1.869s] [ 86%] Built target carla_msgs__py
[1.870s] [ 97%] Built target carla_msgs__python
[1.870s] [ 98%] Built target carla_msgs__rosidl_typesupport_introspection_c__pyext
[1.870s] [ 99%] Built target carla_msgs__rosidl_typesupport_c__pyext
[1.871s] [100%] Built target carla_msgs__rosidl_typesupport_fastrtps_c__pyext
[1.877s] Invoked command in '/home/camilo/2022-tfg-juancamilo-carmona/tfg/build/carla_msgs' returned '0': CMAKE_PREFIX_PATH=${CMAKE_PREFIX_PATH}:/home/camilo/2022-tfg-juancamilo-carmona/tfg/install/rqt_carla_control:/home/camilo/2022-tfg-juancamilo-carmona/tfg/install/line_follower:/home/camilo/2022-tfg-juancamilo-carmona/tfg/install/carla_waypoint_publisher:/home/camilo/2022-tfg-juancamilo-carmona/tfg/install/carla_teleop:/home/camilo/2022-tfg-juancamilo-carmona/tfg/install/carla_ackermann_control:/home/camilo/2022-tfg-juancamilo-carmona/tfg/install/carla_ros_bridge:/home/camilo/2022-tfg-juancamilo-carmona/tfg/install/carla_spawn_objects:/home/camilo/2022-tfg-juancamilo-carmona/tfg/install/carla_manual_control:/home/camilo/2022-tfg-juancamilo-carmona/tfg/install/carla_ad_agent:/home/camilo/2022-tfg-juancamilo-carmona/tfg/install/analysis:/home/camilo/2022-tfg-juancamilo-carmona/tfg/install/ros_compatibility:/home/camilo/2022-tfg-juancamilo-carmona/tfg/install/carla_walker_agent:/home/camilo/2022-tfg-juancamilo-carmona/tfg/install/carla_twist_to_control:/home/camilo/2022-tfg-juancamilo-carmona/tfg/install/carla_ros_scenario_runner:/home/camilo/2022-tfg-juancamilo-carmona/tfg/install/carla_common:/home/camilo/carla-ros-bridge/install/rqt_carla_control:/home/camilo/carla-ros-bridge/install/carla_waypoint_publisher:/home/camilo/carla-ros-bridge/install/carla_ackermann_control:/home/camilo/carla-ros-bridge/install/carla_ros_bridge:/home/camilo/carla-ros-bridge/install/carla_spawn_objects:/home/camilo/carla-ros-bridge/install/carla_manual_control:/home/camilo/carla-ros-bridge/install/carla_ad_agent:/home/camilo/carla-ros-bridge/install/ros_compatibility:/home/camilo/carla-ros-bridge/install/carla_walker_agent:/home/camilo/carla-ros-bridge/install/carla_twist_to_control:/home/camilo/carla-ros-bridge/install/carla_ros_scenario_runner:/home/camilo/carla-ros-bridge/install/carla_common:/opt/ros/foxy /usr/bin/cmake --build /home/camilo/2022-tfg-juancamilo-carmona/tfg/build/carla_msgs -- -j12 -l12
[2.336s] Invoking command in '/home/camilo/2022-tfg-juancamilo-carmona/tfg/build/carla_msgs': CMAKE_PREFIX_PATH=${CMAKE_PREFIX_PATH}:/home/camilo/2022-tfg-juancamilo-carmona/tfg/install/rqt_carla_control:/home/camilo/2022-tfg-juancamilo-carmona/tfg/install/line_follower:/home/camilo/2022-tfg-juancamilo-carmona/tfg/install/carla_waypoint_publisher:/home/camilo/2022-tfg-juancamilo-carmona/tfg/install/carla_teleop:/home/camilo/2022-tfg-juancamilo-carmona/tfg/install/carla_ackermann_control:/home/camilo/2022-tfg-juancamilo-carmona/tfg/install/carla_ros_bridge:/home/camilo/2022-tfg-juancamilo-carmona/tfg/install/carla_spawn_objects:/home/camilo/2022-tfg-juancamilo-carmona/tfg/install/carla_manual_control:/home/camilo/2022-tfg-juancamilo-carmona/tfg/install/carla_ad_agent:/home/camilo/2022-tfg-juancamilo-carmona/tfg/install/analysis:/home/camilo/2022-tfg-juancamilo-carmona/tfg/install/ros_compatibility:/home/camilo/2022-tfg-juancamilo-carmona/tfg/install/carla_walker_agent:/home/camilo/2022-tfg-juancamilo-carmona/tfg/install/carla_twist_to_control:/home/camilo/2022-tfg-juancamilo-carmona/tfg/install/carla_ros_scenario_runner:/home/camilo/2022-tfg-juancamilo-carmona/tfg/install/carla_common:/home/camilo/carla-ros-bridge/install/rqt_carla_control:/home/camilo/carla-ros-bridge/install/carla_waypoint_publisher:/home/camilo/carla-ros-bridge/install/carla_ackermann_control:/home/camilo/carla-ros-bridge/install/carla_ros_bridge:/home/camilo/carla-ros-bridge/install/carla_spawn_objects:/home/camilo/carla-ros-bridge/install/carla_manual_control:/home/camilo/carla-ros-bridge/install/carla_ad_agent:/home/camilo/carla-ros-bridge/install/ros_compatibility:/home/camilo/carla-ros-bridge/install/carla_walker_agent:/home/camilo/carla-ros-bridge/install/carla_twist_to_control:/home/camilo/carla-ros-bridge/install/carla_ros_scenario_runner:/home/camilo/carla-ros-bridge/install/carla_common:/opt/ros/foxy /usr/bin/cmake --install /home/camilo/2022-tfg-juancamilo-carmona/tfg/build/carla_msgs
[2.350s] -- Install configuration: ""
[2.351s] -- Execute custom install script
[2.352s] -- Up-to-date symlink: /home/camilo/2022-tfg-juancamilo-carmona/tfg/install/carla_msgs/share/ament_index/resource_index/rosidl_interfaces/carla_msgs
[2.354s] -- Up-to-date symlink: /home/camilo/2022-tfg-juancamilo-carmona/tfg/install/carla_msgs/include/carla_msgs/msg/carla_actor_info.h
[2.354s] -- Up-to-date symlink: /home/camilo/2022-tfg-juancamilo-carmona/tfg/install/carla_msgs/include/carla_msgs/msg/carla_actor_list.h
[2.355s] -- Up-to-date symlink: /home/camilo/2022-tfg-juancamilo-carmona/tfg/install/carla_msgs/include/carla_msgs/msg/carla_bounding_box.h
[2.355s] -- Up-to-date symlink: /home/camilo/2022-tfg-juancamilo-carmona/tfg/install/carla_msgs/include/carla_msgs/msg/carla_collision_event.h
[2.356s] -- Up-to-date symlink: /home/camilo/2022-tfg-juancamilo-carmona/tfg/install/carla_msgs/include/carla_msgs/msg/carla_control.h
[2.356s] -- Up-to-date symlink: /home/camilo/2022-tfg-juancamilo-carmona/tfg/install/carla_msgs/include/carla_msgs/msg/carla_ego_vehicle_control.h
[2.356s] -- Up-to-date symlink: /home/camilo/2022-tfg-juancamilo-carmona/tfg/install/carla_msgs/include/carla_msgs/msg/carla_ego_vehicle_info.h
[2.356s] -- Up-to-date symlink: /home/camilo/2022-tfg-juancamilo-carmona/tfg/install/carla_msgs/include/carla_msgs/msg/carla_ego_vehicle_info_wheel.h
[2.356s] -- Up-to-date symlink: /home/camilo/2022-tfg-juancamilo-carmona/tfg/install/carla_msgs/include/carla_msgs/msg/carla_ego_vehicle_status.h
[2.357s] -- Up-to-date symlink: /home/camilo/2022-tfg-juancamilo-carmona/tfg/install/carla_msgs/include/carla_msgs/msg/carla_lane_invasion_event.h
[2.357s] -- Up-to-date symlink: /home/camilo/2022-tfg-juancamilo-carmona/tfg/install/carla_msgs/include/carla_msgs/msg/carla_status.h
[2.357s] -- Up-to-date symlink: /home/camilo/2022-tfg-juancamilo-carmona/tfg/install/carla_msgs/include/carla_msgs/msg/carla_traffic_light_info.h
[2.357s] -- Up-to-date symlink: /home/camilo/2022-tfg-juancamilo-carmona/tfg/install/carla_msgs/include/carla_msgs/msg/carla_traffic_light_info_list.h
[2.357s] -- Up-to-date symlink: /home/camilo/2022-tfg-juancamilo-carmona/tfg/install/carla_msgs/include/carla_msgs/msg/carla_traffic_light_status.h
[2.357s] -- Up-to-date symlink: /home/camilo/2022-tfg-juancamilo-carmona/tfg/install/carla_msgs/include/carla_msgs/msg/carla_traffic_light_status_list.h
[2.358s] -- Up-to-date symlink: /home/camilo/2022-tfg-juancamilo-carmona/tfg/install/carla_msgs/include/carla_msgs/msg/carla_walker_control.h
[2.358s] -- Up-to-date symlink: /home/camilo/2022-tfg-juancamilo-carmona/tfg/install/carla_msgs/include/carla_msgs/msg/carla_weather_parameters.h
[2.358s] -- Up-to-date symlink: /home/camilo/2022-tfg-juancamilo-carmona/tfg/install/carla_msgs/include/carla_msgs/msg/carla_world_info.h
[2.358s] -- Up-to-date symlink: /home/camilo/2022-tfg-juancamilo-carmona/tfg/install/carla_msgs/include/carla_msgs/msg/detail/carla_actor_info__functions.h
[2.359s] -- Up-to-date symlink: /home/camilo/2022-tfg-juancamilo-carmona/tfg/install/carla_msgs/include/carla_msgs/msg/detail/carla_actor_info__struct.h
[2.359s] -- Up-to-date symlink: /home/camilo/2022-tfg-juancamilo-carmona/tfg/install/carla_msgs/include/carla_msgs/msg/detail/carla_actor_info__type_support.h
[2.359s] -- Up-to-date symlink: /home/camilo/2022-tfg-juancamilo-carmona/tfg/install/carla_msgs/include/carla_msgs/msg/detail/carla_actor_list__functions.h
[2.359s] -- Up-to-date symlink: /home/camilo/2022-tfg-juancamilo-carmona/tfg/install/carla_msgs/include/carla_msgs/msg/detail/carla_actor_list__struct.h
[2.360s] -- Up-to-date symlink: /home/camilo/2022-tfg-juancamilo-carmona/tfg/install/carla_msgs/include/carla_msgs/msg/detail/carla_actor_list__type_support.h
[2.360s] -- Up-to-date symlink: /home/camilo/2022-tfg-juancamilo-carmona/tfg/install/carla_msgs/include/carla_msgs/msg/detail/carla_bounding_box__functions.h
[2.360s] -- Up-to-date symlink: /home/camilo/2022-tfg-juancamilo-carmona/tfg/install/carla_msgs/include/carla_msgs/msg/detail/carla_bounding_box__struct.h
[2.360s] -- Up-to-date symlink: /home/camilo/2022-tfg-juancamilo-carmona/tfg/install/carla_msgs/include/carla_msgs/msg/detail/carla_bounding_box__type_support.h
[2.360s] -- Up-to-date symlink: /home/camilo/2022-tfg-juancamilo-carmona/tfg/install/carla_msgs/include/carla_msgs/msg/detail/carla_collision_event__functions.h
[2.360s] -- Up-to-date symlink: /home/camilo/2022-tfg-juancamilo-carmona/tfg/install/carla_msgs/include/carla_msgs/msg/detail/carla_collision_event__struct.h
[2.361s] -- Up-to-date symlink: /home/camilo/2022-tfg-juancamilo-carmona/tfg/install/carla_msgs/include/carla_msgs/msg/detail/carla_collision_event__type_support.h
[2.361s] -- Up-to-date symlink: /home/camilo/2022-tfg-juancamilo-carmona/tfg/install/carla_msgs/include/carla_msgs/msg/detail/carla_control__functions.h
[2.361s] -- Up-to-date symlink: /home/camilo/2022-tfg-juancamilo-carmona/tfg/install/carla_msgs/include/carla_msgs/msg/detail/carla_control__struct.h
[2.361s] -- Up-to-date symlink: /home/camilo/2022-tfg-juancamilo-carmona/tfg/install/carla_msgs/include/carla_msgs/msg/detail/carla_control__type_support.h
[2.361s] -- Up-to-date symlink: /home/camilo/2022-tfg-juancamilo-carmona/tfg/install/carla_msgs/include/carla_msgs/msg/detail/carla_ego_vehicle_control__functions.h
[2.362s] -- Up-to-date symlink: /home/camilo/2022-tfg-juancamilo-carmona/tfg/install/carla_msgs/include/carla_msgs/msg/detail/carla_ego_vehicle_control__struct.h
[2.362s] -- Up-to-date symlink: /home/camilo/2022-tfg-juancamilo-carmona/tfg/install/carla_msgs/include/carla_msgs/msg/detail/carla_ego_vehicle_control__type_support.h
[2.362s] -- Up-to-date symlink: /home/camilo/2022-tfg-juancamilo-carmona/tfg/install/carla_msgs/include/carla_msgs/msg/detail/carla_ego_vehicle_info__functions.h
[2.362s] -- Up-to-date symlink: /home/camilo/2022-tfg-juancamilo-carmona/tfg/install/carla_msgs/include/carla_msgs/msg/detail/carla_ego_vehicle_info__struct.h
[2.362s] -- Up-to-date symlink: /home/camilo/2022-tfg-juancamilo-carmona/tfg/install/carla_msgs/include/carla_msgs/msg/detail/carla_ego_vehicle_info__type_support.h
[2.363s] -- Up-to-date symlink: /home/camilo/2022-tfg-juancamilo-carmona/tfg/install/carla_msgs/include/carla_msgs/msg/detail/carla_ego_vehicle_info_wheel__functions.h
[2.363s] -- Up-to-date symlink: /home/camilo/2022-tfg-juancamilo-carmona/tfg/install/carla_msgs/include/carla_msgs/msg/detail/carla_ego_vehicle_info_wheel__struct.h
[2.363s] -- Up-to-date symlink: /home/camilo/2022-tfg-juancamilo-carmona/tfg/install/carla_msgs/include/carla_msgs/msg/detail/carla_ego_vehicle_info_wheel__type_support.h
[2.363s] -- Up-to-date symlink: /home/camilo/2022-tfg-juancamilo-carmona/tfg/install/carla_msgs/include/carla_msgs/msg/detail/carla_ego_vehicle_status__functions.h
[2.363s] -- Up-to-date symlink: /home/camilo/2022-tfg-juancamilo-carmona/tfg/install/carla_msgs/include/carla_msgs/msg/detail/carla_ego_vehicle_status__struct.h
[2.364s] -- Up-to-date symlink: /home/camilo/2022-tfg-juancamilo-carmona/tfg/install/carla_msgs/include/carla_msgs/msg/detail/carla_ego_vehicle_status__type_support.h
[2.364s] -- Up-to-date symlink: /home/camilo/2022-tfg-juancamilo-carmona/tfg/install/carla_msgs/include/carla_msgs/msg/detail/carla_lane_invasion_event__functions.h
[2.364s] -- Up-to-date symlink: /home/camilo/2022-tfg-juancamilo-carmona/tfg/install/carla_msgs/include/carla_msgs/msg/detail/carla_lane_invasion_event__struct.h
[2.364s] -- Up-to-date symlink: /home/camilo/2022-tfg-juancamilo-carmona/tfg/install/carla_msgs/include/carla_msgs/msg/detail/carla_lane_invasion_event__type_support.h
[2.364s] -- Up-to-date symlink: /home/camilo/2022-tfg-juancamilo-carmona/tfg/install/carla_msgs/include/carla_msgs/msg/detail/carla_status__functions.h
[2.365s] -- Up-to-date symlink: /home/camilo/2022-tfg-juancamilo-carmona/tfg/install/carla_msgs/include/carla_msgs/msg/detail/carla_status__struct.h
[2.365s] -- Up-to-date symlink: /home/camilo/2022-tfg-juancamilo-carmona/tfg/install/carla_msgs/include/carla_msgs/msg/detail/carla_status__type_support.h
[2.365s] -- Up-to-date symlink: /home/camilo/2022-tfg-juancamilo-carmona/tfg/install/carla_msgs/include/carla_msgs/msg/detail/carla_traffic_light_info__functions.h
[2.365s] -- Up-to-date symlink: /home/camilo/2022-tfg-juancamilo-carmona/tfg/install/carla_msgs/include/carla_msgs/msg/detail/carla_traffic_light_info__struct.h
[2.366s] -- Up-to-date symlink: /home/camilo/2022-tfg-juancamilo-carmona/tfg/install/carla_msgs/include/carla_msgs/msg/detail/carla_traffic_light_info__type_support.h
[2.366s] -- Up-to-date symlink: /home/camilo/2022-tfg-juancamilo-carmona/tfg/install/carla_msgs/include/carla_msgs/msg/detail/carla_traffic_light_info_list__functions.h
[2.366s] -- Up-to-date symlink: /home/camilo/2022-tfg-juancamilo-carmona/tfg/install/carla_msgs/include/carla_msgs/msg/detail/carla_traffic_light_info_list__struct.h
[2.366s] -- Up-to-date symlink: /home/camilo/2022-tfg-juancamilo-carmona/tfg/install/carla_msgs/include/carla_msgs/msg/detail/carla_traffic_light_info_list__type_support.h
[2.367s] -- Up-to-date symlink: /home/camilo/2022-tfg-juancamilo-carmona/tfg/install/carla_msgs/include/carla_msgs/msg/detail/carla_traffic_light_status__functions.h
[2.367s] -- Up-to-date symlink: /home/camilo/2022-tfg-juancamilo-carmona/tfg/install/carla_msgs/include/carla_msgs/msg/detail/carla_traffic_light_status__struct.h
[2.368s] -- Up-to-date symlink: /home/camilo/2022-tfg-juancamilo-carmona/tfg/install/carla_msgs/include/carla_msgs/msg/detail/carla_traffic_light_status__type_support.h
[2.368s] -- Up-to-date symlink: /home/camilo/2022-tfg-juancamilo-carmona/tfg/install/carla_msgs/include/carla_msgs/msg/detail/carla_traffic_light_status_list__functions.h
[2.368s] -- Up-to-date symlink: /home/camilo/2022-tfg-juancamilo-carmona/tfg/install/carla_msgs/include/carla_msgs/msg/detail/carla_traffic_light_status_list__struct.h
[2.368s] -- Up-to-date symlink: /home/camilo/2022-tfg-juancamilo-carmona/tfg/install/carla_msgs/include/carla_msgs/msg/detail/carla_traffic_light_status_list__type_support.h
[2.369s] -- Up-to-date symlink: /home/camilo/2022-tfg-juancamilo-carmona/tfg/install/carla_msgs/include/carla_msgs/msg/detail/carla_walker_control__functions.h
[2.369s] -- Up-to-date symlink: /home/camilo/2022-tfg-juancamilo-carmona/tfg/install/carla_msgs/include/carla_msgs/msg/detail/carla_walker_control__struct.h
[2.369s] -- Up-to-date symlink: /home/camilo/2022-tfg-juancamilo-carmona/tfg/install/carla_msgs/include/carla_msgs/msg/detail/carla_walker_control__type_support.h
[2.370s] -- Up-to-date symlink: /home/camilo/2022-tfg-juancamilo-carmona/tfg/install/carla_msgs/include/carla_msgs/msg/detail/carla_weather_parameters__functions.h
[2.370s] -- Up-to-date symlink: /home/camilo/2022-tfg-juancamilo-carmona/tfg/install/carla_msgs/include/carla_msgs/msg/detail/carla_weather_parameters__struct.h
[2.371s] -- Up-to-date symlink: /home/camilo/2022-tfg-juancamilo-carmona/tfg/install/carla_msgs/include/carla_msgs/msg/detail/carla_weather_parameters__type_support.h
[2.371s] -- Up-to-date symlink: /home/camilo/2022-tfg-juancamilo-carmona/tfg/install/carla_msgs/include/carla_msgs/msg/detail/carla_world_info__functions.h
[2.371s] -- Up-to-date symlink: /home/camilo/2022-tfg-juancamilo-carmona/tfg/install/carla_msgs/include/carla_msgs/msg/detail/carla_world_info__struct.h
[2.371s] -- Up-to-date symlink: /home/camilo/2022-tfg-juancamilo-carmona/tfg/install/carla_msgs/include/carla_msgs/msg/detail/carla_world_info__type_support.h
[2.372s] -- Up-to-date symlink: /home/camilo/2022-tfg-juancamilo-carmona/tfg/install/carla_msgs/include/carla_msgs/msg/rosidl_generator_c__visibility_control.h
[2.372s] -- Up-to-date symlink: /home/camilo/2022-tfg-juancamilo-carmona/tfg/install/carla_msgs/include/carla_msgs/srv/destroy_object.h
[2.372s] -- Up-to-date symlink: /home/camilo/2022-tfg-juancamilo-carmona/tfg/install/carla_msgs/include/carla_msgs/srv/detail/destroy_object__functions.h
[2.372s] -- Up-to-date symlink: /home/camilo/2022-tfg-juancamilo-carmona/tfg/install/carla_msgs/include/carla_msgs/srv/detail/destroy_object__struct.h
[2.372s] -- Up-to-date symlink: /home/camilo/2022-tfg-juancamilo-carmona/tfg/install/carla_msgs/include/carla_msgs/srv/detail/destroy_object__type_support.h
[2.373s] -- Up-to-date symlink: /home/camilo/2022-tfg-juancamilo-carmona/tfg/install/carla_msgs/include/carla_msgs/srv/detail/get_blueprints__functions.h
[2.373s] -- Up-to-date symlink: /home/camilo/2022-tfg-juancamilo-carmona/tfg/install/carla_msgs/include/carla_msgs/srv/detail/get_blueprints__struct.h
[2.373s] -- Up-to-date symlink: /home/camilo/2022-tfg-juancamilo-carmona/tfg/install/carla_msgs/include/carla_msgs/srv/detail/get_blueprints__type_support.h
[2.373s] -- Up-to-date symlink: /home/camilo/2022-tfg-juancamilo-carmona/tfg/install/carla_msgs/include/carla_msgs/srv/detail/spawn_object__functions.h
[2.374s] -- Up-to-date symlink: /home/camilo/2022-tfg-juancamilo-carmona/tfg/install/carla_msgs/include/carla_msgs/srv/detail/spawn_object__struct.h
[2.374s] -- Up-to-date symlink: /home/camilo/2022-tfg-juancamilo-carmona/tfg/install/carla_msgs/include/carla_msgs/srv/detail/spawn_object__type_support.h
[2.374s] -- Up-to-date symlink: /home/camilo/2022-tfg-juancamilo-carmona/tfg/install/carla_msgs/include/carla_msgs/srv/get_blueprints.h
[2.374s] -- Up-to-date symlink: /home/camilo/2022-tfg-juancamilo-carmona/tfg/install/carla_msgs/include/carla_msgs/srv/spawn_object.h
[2.375s] -- Up-to-date symlink: /home/camilo/2022-tfg-juancamilo-carmona/tfg/install/carla_msgs/share/carla_msgs/environment/library_path.sh
[2.375s] -- Up-to-date symlink: /home/camilo/2022-tfg-juancamilo-carmona/tfg/install/carla_msgs/share/carla_msgs/environment/library_path.dsv
[2.376s] -- Up-to-date symlink: /home/camilo/2022-tfg-juancamilo-carmona/tfg/install/carla_msgs/include/carla_msgs/msg/detail/carla_actor_info__rosidl_typesupport_fastrtps_c.h
[2.377s] -- Up-to-date symlink: /home/camilo/2022-tfg-juancamilo-carmona/tfg/install/carla_msgs/include/carla_msgs/msg/detail/carla_actor_list__rosidl_typesupport_fastrtps_c.h
[2.377s] -- Up-to-date symlink: /home/camilo/2022-tfg-juancamilo-carmona/tfg/install/carla_msgs/include/carla_msgs/msg/detail/carla_bounding_box__rosidl_typesupport_fastrtps_c.h
[2.377s] -- Up-to-date symlink: /home/camilo/2022-tfg-juancamilo-carmona/tfg/install/carla_msgs/include/carla_msgs/msg/detail/carla_collision_event__rosidl_typesupport_fastrtps_c.h
[2.377s] -- Up-to-date symlink: /home/camilo/2022-tfg-juancamilo-carmona/tfg/install/carla_msgs/include/carla_msgs/msg/detail/carla_control__rosidl_typesupport_fastrtps_c.h
[2.383s] -- Up-to-date symlink: /home/camilo/2022-tfg-juancamilo-carmona/tfg/install/carla_msgs/include/carla_msgs/msg/detail/carla_ego_vehicle_control__rosidl_typesupport_fastrtps_c.h
[2.395s] -- Up-to-date symlink: /home/camilo/2022-tfg-juancamilo-carmona/tfg/install/carla_msgs/include/carla_msgs/msg/detail/carla_ego_vehicle_info__rosidl_typesupport_fastrtps_c.h
[2.395s] -- Up-to-date symlink: /home/camilo/2022-tfg-juancamilo-carmona/tfg/install/carla_msgs/include/carla_msgs/msg/detail/carla_ego_vehicle_info_wheel__rosidl_typesupport_fastrtps_c.h
[2.395s] -- Up-to-date symlink: /home/camilo/2022-tfg-juancamilo-carmona/tfg/install/carla_msgs/include/carla_msgs/msg/detail/carla_ego_vehicle_status__rosidl_typesupport_fastrtps_c.h
[2.396s] -- Up-to-date symlink: /home/camilo/2022-tfg-juancamilo-carmona/tfg/install/carla_msgs/include/carla_msgs/msg/detail/carla_lane_invasion_event__rosidl_typesupport_fastrtps_c.h
[2.396s] -- Up-to-date symlink: /home/camilo/2022-tfg-juancamilo-carmona/tfg/install/carla_msgs/include/carla_msgs/msg/detail/carla_status__rosidl_typesupport_fastrtps_c.h
[2.396s] -- Up-to-date symlink: /home/camilo/2022-tfg-juancamilo-carmona/tfg/install/carla_msgs/include/carla_msgs/msg/detail/carla_traffic_light_info__rosidl_typesupport_fastrtps_c.h
[2.396s] -- Up-to-date symlink: /home/camilo/2022-tfg-juancamilo-carmona/tfg/install/carla_msgs/include/carla_msgs/msg/detail/carla_traffic_light_info_list__rosidl_typesupport_fastrtps_c.h
[2.396s] -- Up-to-date symlink: /home/camilo/2022-tfg-juancamilo-carmona/tfg/install/carla_msgs/include/carla_msgs/msg/detail/carla_traffic_light_status__rosidl_typesupport_fastrtps_c.h
[2.396s] -- Up-to-date symlink: /home/camilo/2022-tfg-juancamilo-carmona/tfg/install/carla_msgs/include/carla_msgs/msg/detail/carla_traffic_light_status_list__rosidl_typesupport_fastrtps_c.h
[2.396s] -- Up-to-date symlink: /home/camilo/2022-tfg-juancamilo-carmona/tfg/install/carla_msgs/include/carla_msgs/msg/detail/carla_walker_control__rosidl_typesupport_fastrtps_c.h
[2.396s] -- Up-to-date symlink: /home/camilo/2022-tfg-juancamilo-carmona/tfg/install/carla_msgs/include/carla_msgs/msg/detail/carla_weather_parameters__rosidl_typesupport_fastrtps_c.h
[2.396s] -- Up-to-date symlink: /home/camilo/2022-tfg-juancamilo-carmona/tfg/install/carla_msgs/include/carla_msgs/msg/detail/carla_world_info__rosidl_typesupport_fastrtps_c.h
[2.396s] -- Up-to-date symlink: /home/camilo/2022-tfg-juancamilo-carmona/tfg/install/carla_msgs/include/carla_msgs/msg/rosidl_typesupport_fastrtps_c__visibility_control.h
[2.397s] -- Up-to-date symlink: /home/camilo/2022-tfg-juancamilo-carmona/tfg/install/carla_msgs/include/carla_msgs/srv/detail/destroy_object__rosidl_typesupport_fastrtps_c.h
[2.398s] -- Up-to-date symlink: /home/camilo/2022-tfg-juancamilo-carmona/tfg/install/carla_msgs/include/carla_msgs/srv/detail/get_blueprints__rosidl_typesupport_fastrtps_c.h
[2.398s] -- Up-to-date symlink: /home/camilo/2022-tfg-juancamilo-carmona/tfg/install/carla_msgs/include/carla_msgs/srv/detail/spawn_object__rosidl_typesupport_fastrtps_c.h
[2.398s] -- Up-to-date symlink: /home/camilo/2022-tfg-juancamilo-carmona/tfg/install/carla_msgs/lib/libcarla_msgs__rosidl_typesupport_fastrtps_c.so
[2.399s] -- Up-to-date symlink: /home/camilo/2022-tfg-juancamilo-carmona/tfg/install/carla_msgs/include/carla_msgs/msg/detail/carla_actor_info__rosidl_typesupport_fastrtps_cpp.hpp
[2.399s] -- Up-to-date symlink: /home/camilo/2022-tfg-juancamilo-carmona/tfg/install/carla_msgs/include/carla_msgs/msg/detail/carla_actor_list__rosidl_typesupport_fastrtps_cpp.hpp
[2.399s] -- Up-to-date symlink: /home/camilo/2022-tfg-juancamilo-carmona/tfg/install/carla_msgs/include/carla_msgs/msg/detail/carla_bounding_box__rosidl_typesupport_fastrtps_cpp.hpp
[2.400s] -- Up-to-date symlink: /home/camilo/2022-tfg-juancamilo-carmona/tfg/install/carla_msgs/include/carla_msgs/msg/detail/carla_collision_event__rosidl_typesupport_fastrtps_cpp.hpp
[2.400s] -- Up-to-date symlink: /home/camilo/2022-tfg-juancamilo-carmona/tfg/install/carla_msgs/include/carla_msgs/msg/detail/carla_control__rosidl_typesupport_fastrtps_cpp.hpp
[2.400s] -- Up-to-date symlink: /home/camilo/2022-tfg-juancamilo-carmona/tfg/install/carla_msgs/include/carla_msgs/msg/detail/carla_ego_vehicle_control__rosidl_typesupport_fastrtps_cpp.hpp
[2.400s] -- Up-to-date symlink: /home/camilo/2022-tfg-juancamilo-carmona/tfg/install/carla_msgs/include/carla_msgs/msg/detail/carla_ego_vehicle_info__rosidl_typesupport_fastrtps_cpp.hpp
[2.401s] -- Up-to-date symlink: /home/camilo/2022-tfg-juancamilo-carmona/tfg/install/carla_msgs/include/carla_msgs/msg/detail/carla_ego_vehicle_info_wheel__rosidl_typesupport_fastrtps_cpp.hpp
[2.401s] -- Up-to-date symlink: /home/camilo/2022-tfg-juancamilo-carmona/tfg/install/carla_msgs/include/carla_msgs/msg/detail/carla_ego_vehicle_status__rosidl_typesupport_fastrtps_cpp.hpp
[2.402s] -- Up-to-date symlink: /home/camilo/2022-tfg-juancamilo-carmona/tfg/install/carla_msgs/include/carla_msgs/msg/detail/carla_lane_invasion_event__rosidl_typesupport_fastrtps_cpp.hpp
[2.404s] -- Up-to-date symlink: /home/camilo/2022-tfg-juancamilo-carmona/tfg/install/carla_msgs/include/carla_msgs/msg/detail/carla_status__rosidl_typesupport_fastrtps_cpp.hpp
[2.404s] -- Up-to-date symlink: /home/camilo/2022-tfg-juancamilo-carmona/tfg/install/carla_msgs/include/carla_msgs/msg/detail/carla_traffic_light_info__rosidl_typesupport_fastrtps_cpp.hpp
[2.404s] -- Up-to-date symlink: /home/camilo/2022-tfg-juancamilo-carmona/tfg/install/carla_msgs/include/carla_msgs/msg/detail/carla_traffic_light_info_list__rosidl_typesupport_fastrtps_cpp.hpp
[2.404s] -- Up-to-date symlink: /home/camilo/2022-tfg-juancamilo-carmona/tfg/install/carla_msgs/include/carla_msgs/msg/detail/carla_traffic_light_status__rosidl_typesupport_fastrtps_cpp.hpp
[2.405s] -- Up-to-date symlink: /home/camilo/2022-tfg-juancamilo-carmona/tfg/install/carla_msgs/include/carla_msgs/msg/detail/carla_traffic_light_status_list__rosidl_typesupport_fastrtps_cpp.hpp
[2.405s] -- Up-to-date symlink: /home/camilo/2022-tfg-juancamilo-carmona/tfg/install/carla_msgs/include/carla_msgs/msg/detail/carla_walker_control__rosidl_typesupport_fastrtps_cpp.hpp
[2.405s] -- Up-to-date symlink: /home/camilo/2022-tfg-juancamilo-carmona/tfg/install/carla_msgs/include/carla_msgs/msg/detail/carla_weather_parameters__rosidl_typesupport_fastrtps_cpp.hpp
[2.405s] -- Up-to-date symlink: /home/camilo/2022-tfg-juancamilo-carmona/tfg/install/carla_msgs/include/carla_msgs/msg/detail/carla_world_info__rosidl_typesupport_fastrtps_cpp.hpp
[2.405s] -- Up-to-date symlink: /home/camilo/2022-tfg-juancamilo-carmona/tfg/install/carla_msgs/include/carla_msgs/msg/rosidl_typesupport_fastrtps_cpp__visibility_control.h
[2.405s] -- Up-to-date symlink: /home/camilo/2022-tfg-juancamilo-carmona/tfg/install/carla_msgs/include/carla_msgs/srv/detail/destroy_object__rosidl_typesupport_fastrtps_cpp.hpp
[2.405s] -- Up-to-date symlink: /home/camilo/2022-tfg-juancamilo-carmona/tfg/install/carla_msgs/include/carla_msgs/srv/detail/get_blueprints__rosidl_typesupport_fastrtps_cpp.hpp
[2.406s] -- Up-to-date symlink: /home/camilo/2022-tfg-juancamilo-carmona/tfg/install/carla_msgs/include/carla_msgs/srv/detail/spawn_object__rosidl_typesupport_fastrtps_cpp.hpp
[2.406s] -- Up-to-date symlink: /home/camilo/2022-tfg-juancamilo-carmona/tfg/install/carla_msgs/lib/libcarla_msgs__rosidl_typesupport_fastrtps_cpp.so
[2.406s] -- Up-to-date symlink: /home/camilo/2022-tfg-juancamilo-carmona/tfg/install/carla_msgs/include/carla_msgs/msg/detail/carla_actor_info__rosidl_typesupport_introspection_c.h
[2.406s] -- Up-to-date symlink: /home/camilo/2022-tfg-juancamilo-carmona/tfg/install/carla_msgs/include/carla_msgs/msg/detail/carla_actor_list__rosidl_typesupport_introspection_c.h
[2.406s] -- Up-to-date symlink: /home/camilo/2022-tfg-juancamilo-carmona/tfg/install/carla_msgs/include/carla_msgs/msg/detail/carla_bounding_box__rosidl_typesupport_introspection_c.h
[2.407s] -- Up-to-date symlink: /home/camilo/2022-tfg-juancamilo-carmona/tfg/install/carla_msgs/include/carla_msgs/msg/detail/carla_collision_event__rosidl_typesupport_introspection_c.h
[2.407s] -- Up-to-date symlink: /home/camilo/2022-tfg-juancamilo-carmona/tfg/install/carla_msgs/include/carla_msgs/msg/detail/carla_control__rosidl_typesupport_introspection_c.h
[2.407s] -- Up-to-date symlink: /home/camilo/2022-tfg-juancamilo-carmona/tfg/install/carla_msgs/include/carla_msgs/msg/detail/carla_ego_vehicle_control__rosidl_typesupport_introspection_c.h
[2.408s] -- Up-to-date symlink: /home/camilo/2022-tfg-juancamilo-carmona/tfg/install/carla_msgs/include/carla_msgs/msg/detail/carla_ego_vehicle_info__rosidl_typesupport_introspection_c.h
[2.408s] -- Up-to-date symlink: /home/camilo/2022-tfg-juancamilo-carmona/tfg/install/carla_msgs/include/carla_msgs/msg/detail/carla_ego_vehicle_info_wheel__rosidl_typesupport_introspection_c.h
[2.413s] -- Up-to-date symlink: /home/camilo/2022-tfg-juancamilo-carmona/tfg/install/carla_msgs/include/carla_msgs/msg/detail/carla_ego_vehicle_status__rosidl_typesupport_introspection_c.h
[2.414s] -- Up-to-date symlink: /home/camilo/2022-tfg-juancamilo-carmona/tfg/install/carla_msgs/include/carla_msgs/msg/detail/carla_lane_invasion_event__rosidl_typesupport_introspection_c.h
[2.415s] -- Up-to-date symlink: /home/camilo/2022-tfg-juancamilo-carmona/tfg/install/carla_msgs/include/carla_msgs/msg/detail/carla_status__rosidl_typesupport_introspection_c.h
[2.415s] -- Up-to-date symlink: /home/camilo/2022-tfg-juancamilo-carmona/tfg/install/carla_msgs/include/carla_msgs/msg/detail/carla_traffic_light_info__rosidl_typesupport_introspection_c.h
[2.416s] -- Up-to-date symlink: /home/camilo/2022-tfg-juancamilo-carmona/tfg/install/carla_msgs/include/carla_msgs/msg/detail/carla_traffic_light_info_list__rosidl_typesupport_introspection_c.h
[2.416s] -- Up-to-date symlink: /home/camilo/2022-tfg-juancamilo-carmona/tfg/install/carla_msgs/include/carla_msgs/msg/detail/carla_traffic_light_status__rosidl_typesupport_introspection_c.h
[2.416s] -- Up-to-date symlink: /home/camilo/2022-tfg-juancamilo-carmona/tfg/install/carla_msgs/include/carla_msgs/msg/detail/carla_traffic_light_status_list__rosidl_typesupport_introspection_c.h
[2.417s] -- Up-to-date symlink: /home/camilo/2022-tfg-juancamilo-carmona/tfg/install/carla_msgs/include/carla_msgs/msg/detail/carla_walker_control__rosidl_typesupport_introspection_c.h
[2.417s] -- Up-to-date symlink: /home/camilo/2022-tfg-juancamilo-carmona/tfg/install/carla_msgs/include/carla_msgs/msg/detail/carla_weather_parameters__rosidl_typesupport_introspection_c.h
[2.417s] -- Up-to-date symlink: /home/camilo/2022-tfg-juancamilo-carmona/tfg/install/carla_msgs/include/carla_msgs/msg/detail/carla_world_info__rosidl_typesupport_introspection_c.h
[2.418s] -- Up-to-date symlink: /home/camilo/2022-tfg-juancamilo-carmona/tfg/install/carla_msgs/include/carla_msgs/msg/rosidl_typesupport_introspection_c__visibility_control.h
[2.424s] -- Up-to-date symlink: /home/camilo/2022-tfg-juancamilo-carmona/tfg/install/carla_msgs/include/carla_msgs/srv/detail/destroy_object__rosidl_typesupport_introspection_c.h
[2.424s] -- Up-to-date symlink: /home/camilo/2022-tfg-juancamilo-carmona/tfg/install/carla_msgs/include/carla_msgs/srv/detail/get_blueprints__rosidl_typesupport_introspection_c.h
[2.425s] -- Up-to-date symlink: /home/camilo/2022-tfg-juancamilo-carmona/tfg/install/carla_msgs/include/carla_msgs/srv/detail/spawn_object__rosidl_typesupport_introspection_c.h
[2.425s] -- Up-to-date symlink: /home/camilo/2022-tfg-juancamilo-carmona/tfg/install/carla_msgs/include/carla_msgs/msg/carla_actor_info.hpp
[2.425s] -- Up-to-date symlink: /home/camilo/2022-tfg-juancamilo-carmona/tfg/install/carla_msgs/include/carla_msgs/msg/carla_actor_list.hpp
[2.426s] -- Up-to-date symlink: /home/camilo/2022-tfg-juancamilo-carmona/tfg/install/carla_msgs/include/carla_msgs/msg/carla_bounding_box.hpp
[2.426s] -- Up-to-date symlink: /home/camilo/2022-tfg-juancamilo-carmona/tfg/install/carla_msgs/include/carla_msgs/msg/carla_collision_event.hpp
[2.426s] -- Up-to-date symlink: /home/camilo/2022-tfg-juancamilo-carmona/tfg/install/carla_msgs/include/carla_msgs/msg/carla_control.hpp
[2.430s] -- Up-to-date symlink: /home/camilo/2022-tfg-juancamilo-carmona/tfg/install/carla_msgs/include/carla_msgs/msg/carla_ego_vehicle_control.hpp
[2.430s] -- Up-to-date symlink: /home/camilo/2022-tfg-juancamilo-carmona/tfg/install/carla_msgs/include/carla_msgs/msg/carla_ego_vehicle_info.hpp
[2.431s] -- Up-to-date symlink: /home/camilo/2022-tfg-juancamilo-carmona/tfg/install/carla_msgs/include/carla_msgs/msg/carla_ego_vehicle_info_wheel.hpp
[2.431s] -- Up-to-date symlink: /home/camilo/2022-tfg-juancamilo-carmona/tfg/install/carla_msgs/include/carla_msgs/msg/carla_ego_vehicle_status.hpp
[2.431s] -- Up-to-date symlink: /home/camilo/2022-tfg-juancamilo-carmona/tfg/install/carla_msgs/include/carla_msgs/msg/carla_lane_invasion_event.hpp
[2.431s] -- Up-to-date symlink: /home/camilo/2022-tfg-juancamilo-carmona/tfg/install/carla_msgs/include/carla_msgs/msg/carla_status.hpp
[2.432s] -- Up-to-date symlink: /home/camilo/2022-tfg-juancamilo-carmona/tfg/install/carla_msgs/include/carla_msgs/msg/carla_traffic_light_info.hpp
[2.432s] -- Up-to-date symlink: /home/camilo/2022-tfg-juancamilo-carmona/tfg/install/carla_msgs/include/carla_msgs/msg/carla_traffic_light_info_list.hpp
[2.432s] -- Up-to-date symlink: /home/camilo/2022-tfg-juancamilo-carmona/tfg/install/carla_msgs/include/carla_msgs/msg/carla_traffic_light_status.hpp
[2.433s] -- Up-to-date symlink: /home/camilo/2022-tfg-juancamilo-carmona/tfg/install/carla_msgs/include/carla_msgs/msg/carla_traffic_light_status_list.hpp
[2.433s] -- Up-to-date symlink: /home/camilo/2022-tfg-juancamilo-carmona/tfg/install/carla_msgs/include/carla_msgs/msg/carla_walker_control.hpp
[2.439s] -- Up-to-date symlink: /home/camilo/2022-tfg-juancamilo-carmona/tfg/install/carla_msgs/include/carla_msgs/msg/carla_weather_parameters.hpp
[2.440s] -- Up-to-date symlink: /home/camilo/2022-tfg-juancamilo-carmona/tfg/install/carla_msgs/include/carla_msgs/msg/carla_world_info.hpp
[2.440s] -- Up-to-date symlink: /home/camilo/2022-tfg-juancamilo-carmona/tfg/install/carla_msgs/include/carla_msgs/msg/detail/carla_actor_info__builder.hpp
[2.441s] -- Up-to-date symlink: /home/camilo/2022-tfg-juancamilo-carmona/tfg/install/carla_msgs/include/carla_msgs/msg/detail/carla_actor_info__struct.hpp
[2.441s] -- Up-to-date symlink: /home/camilo/2022-tfg-juancamilo-carmona/tfg/install/carla_msgs/include/carla_msgs/msg/detail/carla_actor_info__traits.hpp
[2.442s] -- Up-to-date symlink: /home/camilo/2022-tfg-juancamilo-carmona/tfg/install/carla_msgs/include/carla_msgs/msg/detail/carla_actor_list__builder.hpp
[2.442s] -- Up-to-date symlink: /home/camilo/2022-tfg-juancamilo-carmona/tfg/install/carla_msgs/include/carla_msgs/msg/detail/carla_actor_list__struct.hpp
[2.442s] -- Up-to-date symlink: /home/camilo/2022-tfg-juancamilo-carmona/tfg/install/carla_msgs/include/carla_msgs/msg/detail/carla_actor_list__traits.hpp
[2.443s] -- Up-to-date symlink: /home/camilo/2022-tfg-juancamilo-carmona/tfg/install/carla_msgs/include/carla_msgs/msg/detail/carla_bounding_box__builder.hpp
[2.443s] -- Up-to-date symlink: /home/camilo/2022-tfg-juancamilo-carmona/tfg/install/carla_msgs/include/carla_msgs/msg/detail/carla_bounding_box__struct.hpp
[2.443s] -- Up-to-date symlink: /home/camilo/2022-tfg-juancamilo-carmona/tfg/install/carla_msgs/include/carla_msgs/msg/detail/carla_bounding_box__traits.hpp
[2.444s] -- Up-to-date symlink: /home/camilo/2022-tfg-juancamilo-carmona/tfg/install/carla_msgs/include/carla_msgs/msg/detail/carla_collision_event__builder.hpp
[2.444s] -- Up-to-date symlink: /home/camilo/2022-tfg-juancamilo-carmona/tfg/install/carla_msgs/include/carla_msgs/msg/detail/carla_collision_event__struct.hpp
[2.444s] -- Up-to-date symlink: /home/camilo/2022-tfg-juancamilo-carmona/tfg/install/carla_msgs/include/carla_msgs/msg/detail/carla_collision_event__traits.hpp
[2.445s] -- Up-to-date symlink: /home/camilo/2022-tfg-juancamilo-carmona/tfg/install/carla_msgs/include/carla_msgs/msg/detail/carla_control__builder.hpp
[2.457s] -- Up-to-date symlink: /home/camilo/2022-tfg-juancamilo-carmona/tfg/install/carla_msgs/include/carla_msgs/msg/detail/carla_control__struct.hpp
[2.457s] -- Up-to-date symlink: /home/camilo/2022-tfg-juancamilo-carmona/tfg/install/carla_msgs/include/carla_msgs/msg/detail/carla_control__traits.hpp
[2.458s] -- Up-to-date symlink: /home/camilo/2022-tfg-juancamilo-carmona/tfg/install/carla_msgs/include/carla_msgs/msg/detail/carla_ego_vehicle_control__builder.hpp
[2.458s] -- Up-to-date symlink: /home/camilo/2022-tfg-juancamilo-carmona/tfg/install/carla_msgs/include/carla_msgs/msg/detail/carla_ego_vehicle_control__struct.hpp
[2.458s] -- Up-to-date symlink: /home/camilo/2022-tfg-juancamilo-carmona/tfg/install/carla_msgs/include/carla_msgs/msg/detail/carla_ego_vehicle_control__traits.hpp
[2.458s] -- Up-to-date symlink: /home/camilo/2022-tfg-juancamilo-carmona/tfg/install/carla_msgs/include/carla_msgs/msg/detail/carla_ego_vehicle_info__builder.hpp
[2.458s] -- Up-to-date symlink: /home/camilo/2022-tfg-juancamilo-carmona/tfg/install/carla_msgs/include/carla_msgs/msg/detail/carla_ego_vehicle_info__struct.hpp
[2.458s] -- Up-to-date symlink: /home/camilo/2022-tfg-juancamilo-carmona/tfg/install/carla_msgs/include/carla_msgs/msg/detail/carla_ego_vehicle_info__traits.hpp
[2.459s] -- Up-to-date symlink: /home/camilo/2022-tfg-juancamilo-carmona/tfg/install/carla_msgs/include/carla_msgs/msg/detail/carla_ego_vehicle_info_wheel__builder.hpp
[2.459s] -- Up-to-date symlink: /home/camilo/2022-tfg-juancamilo-carmona/tfg/install/carla_msgs/include/carla_msgs/msg/detail/carla_ego_vehicle_info_wheel__struct.hpp
[2.459s] -- Up-to-date symlink: /home/camilo/2022-tfg-juancamilo-carmona/tfg/install/carla_msgs/include/carla_msgs/msg/detail/carla_ego_vehicle_info_wheel__traits.hpp
[2.459s] -- Up-to-date symlink: /home/camilo/2022-tfg-juancamilo-carmona/tfg/install/carla_msgs/include/carla_msgs/msg/detail/carla_ego_vehicle_status__builder.hpp
[2.459s] -- Up-to-date symlink: /home/camilo/2022-tfg-juancamilo-carmona/tfg/install/carla_msgs/include/carla_msgs/msg/detail/carla_ego_vehicle_status__struct.hpp
[2.459s] -- Up-to-date symlink: /home/camilo/2022-tfg-juancamilo-carmona/tfg/install/carla_msgs/include/carla_msgs/msg/detail/carla_ego_vehicle_status__traits.hpp
[2.459s] -- Up-to-date symlink: /home/camilo/2022-tfg-juancamilo-carmona/tfg/install/carla_msgs/include/carla_msgs/msg/detail/carla_lane_invasion_event__builder.hpp
[2.459s] -- Up-to-date symlink: /home/camilo/2022-tfg-juancamilo-carmona/tfg/install/carla_msgs/include/carla_msgs/msg/detail/carla_lane_invasion_event__struct.hpp
[2.460s] -- Up-to-date symlink: /home/camilo/2022-tfg-juancamilo-carmona/tfg/install/carla_msgs/include/carla_msgs/msg/detail/carla_lane_invasion_event__traits.hpp
[2.460s] -- Up-to-date symlink: /home/camilo/2022-tfg-juancamilo-carmona/tfg/install/carla_msgs/include/carla_msgs/msg/detail/carla_status__builder.hpp
[2.460s] -- Up-to-date symlink: /home/camilo/2022-tfg-juancamilo-carmona/tfg/install/carla_msgs/include/carla_msgs/msg/detail/carla_status__struct.hpp
[2.460s] -- Up-to-date symlink: /home/camilo/2022-tfg-juancamilo-carmona/tfg/install/carla_msgs/include/carla_msgs/msg/detail/carla_status__traits.hpp
[2.460s] -- Up-to-date symlink: /home/camilo/2022-tfg-juancamilo-carmona/tfg/install/carla_msgs/include/carla_msgs/msg/detail/carla_traffic_light_info__builder.hpp
[2.460s] -- Up-to-date symlink: /home/camilo/2022-tfg-juancamilo-carmona/tfg/install/carla_msgs/include/carla_msgs/msg/detail/carla_traffic_light_info__struct.hpp
[2.460s] -- Up-to-date symlink: /home/camilo/2022-tfg-juancamilo-carmona/tfg/install/carla_msgs/include/carla_msgs/msg/detail/carla_traffic_light_info__traits.hpp
[2.460s] -- Up-to-date symlink: /home/camilo/2022-tfg-juancamilo-carmona/tfg/install/carla_msgs/include/carla_msgs/msg/detail/carla_traffic_light_info_list__builder.hpp
[2.460s] -- Up-to-date symlink: /home/camilo/2022-tfg-juancamilo-carmona/tfg/install/carla_msgs/include/carla_msgs/msg/detail/carla_traffic_light_info_list__struct.hpp
[2.460s] -- Up-to-date symlink: /home/camilo/2022-tfg-juancamilo-carmona/tfg/install/carla_msgs/include/carla_msgs/msg/detail/carla_traffic_light_info_list__traits.hpp
[2.460s] -- Up-to-date symlink: /home/camilo/2022-tfg-juancamilo-carmona/tfg/install/carla_msgs/include/carla_msgs/msg/detail/carla_traffic_light_status__builder.hpp
[2.461s] -- Up-to-date symlink: /home/camilo/2022-tfg-juancamilo-carmona/tfg/install/carla_msgs/include/carla_msgs/msg/detail/carla_traffic_light_status__struct.hpp
[2.461s] -- Up-to-date symlink: /home/camilo/2022-tfg-juancamilo-carmona/tfg/install/carla_msgs/include/carla_msgs/msg/detail/carla_traffic_light_status__traits.hpp
[2.461s] -- Up-to-date symlink: /home/camilo/2022-tfg-juancamilo-carmona/tfg/install/carla_msgs/include/carla_msgs/msg/detail/carla_traffic_light_status_list__builder.hpp
[2.461s] -- Up-to-date symlink: /home/camilo/2022-tfg-juancamilo-carmona/tfg/install/carla_msgs/include/carla_msgs/msg/detail/carla_traffic_light_status_list__struct.hpp
[2.461s] -- Up-to-date symlink: /home/camilo/2022-tfg-juancamilo-carmona/tfg/install/carla_msgs/include/carla_msgs/msg/detail/carla_traffic_light_status_list__traits.hpp
[2.461s] -- Up-to-date symlink: /home/camilo/2022-tfg-juancamilo-carmona/tfg/install/carla_msgs/include/carla_msgs/msg/detail/carla_walker_control__builder.hpp
[2.461s] -- Up-to-date symlink: /home/camilo/2022-tfg-juancamilo-carmona/tfg/install/carla_msgs/include/carla_msgs/msg/detail/carla_walker_control__struct.hpp
[2.461s] -- Up-to-date symlink: /home/camilo/2022-tfg-juancamilo-carmona/tfg/install/carla_msgs/include/carla_msgs/msg/detail/carla_walker_control__traits.hpp
[2.461s] -- Up-to-date symlink: /home/camilo/2022-tfg-juancamilo-carmona/tfg/install/carla_msgs/include/carla_msgs/msg/detail/carla_weather_parameters__builder.hpp
[2.461s] -- Up-to-date symlink: /home/camilo/2022-tfg-juancamilo-carmona/tfg/install/carla_msgs/include/carla_msgs/msg/detail/carla_weather_parameters__struct.hpp
[2.461s] -- Up-to-date symlink: /home/camilo/2022-tfg-juancamilo-carmona/tfg/install/carla_msgs/include/carla_msgs/msg/detail/carla_weather_parameters__traits.hpp
[2.461s] -- Up-to-date symlink: /home/camilo/2022-tfg-juancamilo-carmona/tfg/install/carla_msgs/include/carla_msgs/msg/detail/carla_world_info__builder.hpp
[2.461s] -- Up-to-date symlink: /home/camilo/2022-tfg-juancamilo-carmona/tfg/install/carla_msgs/include/carla_msgs/msg/detail/carla_world_info__struct.hpp
[2.462s] -- Up-to-date symlink: /home/camilo/2022-tfg-juancamilo-carmona/tfg/install/carla_msgs/include/carla_msgs/msg/detail/carla_world_info__traits.hpp
[2.462s] -- Up-to-date symlink: /home/camilo/2022-tfg-juancamilo-carmona/tfg/install/carla_msgs/include/carla_msgs/srv/destroy_object.hpp
[2.462s] -- Up-to-date symlink: /home/camilo/2022-tfg-juancamilo-carmona/tfg/install/carla_msgs/include/carla_msgs/srv/detail/destroy_object__builder.hpp
[2.462s] -- Up-to-date symlink: /home/camilo/2022-tfg-juancamilo-carmona/tfg/install/carla_msgs/include/carla_msgs/srv/detail/destroy_object__struct.hpp
[2.462s] -- Up-to-date symlink: /home/camilo/2022-tfg-juancamilo-carmona/tfg/install/carla_msgs/include/carla_msgs/srv/detail/destroy_object__traits.hpp
[2.463s] -- Up-to-date symlink: /home/camilo/2022-tfg-juancamilo-carmona/tfg/install/carla_msgs/include/carla_msgs/srv/detail/get_blueprints__builder.hpp
[2.463s] -- Up-to-date symlink: /home/camilo/2022-tfg-juancamilo-carmona/tfg/install/carla_msgs/include/carla_msgs/srv/detail/get_blueprints__struct.hpp
[2.463s] -- Up-to-date symlink: /home/camilo/2022-tfg-juancamilo-carmona/tfg/install/carla_msgs/include/carla_msgs/srv/detail/get_blueprints__traits.hpp
[2.463s] -- Up-to-date symlink: /home/camilo/2022-tfg-juancamilo-carmona/tfg/install/carla_msgs/include/carla_msgs/srv/detail/spawn_object__builder.hpp
[2.464s] -- Up-to-date symlink: /home/camilo/2022-tfg-juancamilo-carmona/tfg/install/carla_msgs/include/carla_msgs/srv/detail/spawn_object__struct.hpp
[2.464s] -- Up-to-date symlink: /home/camilo/2022-tfg-juancamilo-carmona/tfg/install/carla_msgs/include/carla_msgs/srv/detail/spawn_object__traits.hpp
[2.464s] -- Up-to-date symlink: /home/camilo/2022-tfg-juancamilo-carmona/tfg/install/carla_msgs/include/carla_msgs/srv/get_blueprints.hpp
[2.464s] -- Up-to-date symlink: /home/camilo/2022-tfg-juancamilo-carmona/tfg/install/carla_msgs/include/carla_msgs/srv/spawn_object.hpp
[2.464s] -- Up-to-date symlink: /home/camilo/2022-tfg-juancamilo-carmona/tfg/install/carla_msgs/include/carla_msgs/msg/detail/carla_actor_info__rosidl_typesupport_introspection_cpp.hpp
[2.465s] -- Up-to-date symlink: /home/camilo/2022-tfg-juancamilo-carmona/tfg/install/carla_msgs/include/carla_msgs/msg/detail/carla_actor_list__rosidl_typesupport_introspection_cpp.hpp
[2.465s] -- Up-to-date symlink: /home/camilo/2022-tfg-juancamilo-carmona/tfg/install/carla_msgs/include/carla_msgs/msg/detail/carla_bounding_box__rosidl_typesupport_introspection_cpp.hpp
[2.465s] -- Up-to-date symlink: /home/camilo/2022-tfg-juancamilo-carmona/tfg/install/carla_msgs/include/carla_msgs/msg/detail/carla_collision_event__rosidl_typesupport_introspection_cpp.hpp
[2.465s] -- Up-to-date symlink: /home/camilo/2022-tfg-juancamilo-carmona/tfg/install/carla_msgs/include/carla_msgs/msg/detail/carla_control__rosidl_typesupport_introspection_cpp.hpp
[2.465s] -- Up-to-date symlink: /home/camilo/2022-tfg-juancamilo-carmona/tfg/install/carla_msgs/include/carla_msgs/msg/detail/carla_ego_vehicle_control__rosidl_typesupport_introspection_cpp.hpp
[2.465s] -- Up-to-date symlink: /home/camilo/2022-tfg-juancamilo-carmona/tfg/install/carla_msgs/include/carla_msgs/msg/detail/carla_ego_vehicle_info__rosidl_typesupport_introspection_cpp.hpp
[2.466s] -- Up-to-date symlink: /home/camilo/2022-tfg-juancamilo-carmona/tfg/install/carla_msgs/include/carla_msgs/msg/detail/carla_ego_vehicle_info_wheel__rosidl_typesupport_introspection_cpp.hpp
[2.466s] -- Up-to-date symlink: /home/camilo/2022-tfg-juancamilo-carmona/tfg/install/carla_msgs/include/carla_msgs/msg/detail/carla_ego_vehicle_status__rosidl_typesupport_introspection_cpp.hpp
[2.472s] -- Up-to-date symlink: /home/camilo/2022-tfg-juancamilo-carmona/tfg/install/carla_msgs/include/carla_msgs/msg/detail/carla_lane_invasion_event__rosidl_typesupport_introspection_cpp.hpp
[2.472s] -- Up-to-date symlink: /home/camilo/2022-tfg-juancamilo-carmona/tfg/install/carla_msgs/include/carla_msgs/msg/detail/carla_status__rosidl_typesupport_introspection_cpp.hpp
[2.473s] -- Up-to-date symlink: /home/camilo/2022-tfg-juancamilo-carmona/tfg/install/carla_msgs/include/carla_msgs/msg/detail/carla_traffic_light_info__rosidl_typesupport_introspection_cpp.hpp
[2.473s] -- Up-to-date symlink: /home/camilo/2022-tfg-juancamilo-carmona/tfg/install/carla_msgs/include/carla_msgs/msg/detail/carla_traffic_light_info_list__rosidl_typesupport_introspection_cpp.hpp
[2.473s] -- Up-to-date symlink: /home/camilo/2022-tfg-juancamilo-carmona/tfg/install/carla_msgs/include/carla_msgs/msg/detail/carla_traffic_light_status__rosidl_typesupport_introspection_cpp.hpp
[2.473s] -- Up-to-date symlink: /home/camilo/2022-tfg-juancamilo-carmona/tfg/install/carla_msgs/include/carla_msgs/msg/detail/carla_traffic_light_status_list__rosidl_typesupport_introspection_cpp.hpp
[2.473s] -- Up-to-date symlink: /home/camilo/2022-tfg-juancamilo-carmona/tfg/install/carla_msgs/include/carla_msgs/msg/detail/carla_walker_control__rosidl_typesupport_introspection_cpp.hpp
[2.473s] -- Up-to-date symlink: /home/camilo/2022-tfg-juancamilo-carmona/tfg/install/carla_msgs/include/carla_msgs/msg/detail/carla_weather_parameters__rosidl_typesupport_introspection_cpp.hpp
[2.473s] -- Up-to-date symlink: /home/camilo/2022-tfg-juancamilo-carmona/tfg/install/carla_msgs/include/carla_msgs/msg/detail/carla_world_info__rosidl_typesupport_introspection_cpp.hpp
[2.473s] -- Up-to-date symlink: /home/camilo/2022-tfg-juancamilo-carmona/tfg/install/carla_msgs/include/carla_msgs/srv/detail/destroy_object__rosidl_typesupport_introspection_cpp.hpp
[2.473s] -- Up-to-date symlink: /home/camilo/2022-tfg-juancamilo-carmona/tfg/install/carla_msgs/include/carla_msgs/srv/detail/get_blueprints__rosidl_typesupport_introspection_cpp.hpp
[2.473s] -- Up-to-date symlink: /home/camilo/2022-tfg-juancamilo-carmona/tfg/install/carla_msgs/include/carla_msgs/srv/detail/spawn_object__rosidl_typesupport_introspection_cpp.hpp
[2.474s] -- Up-to-date symlink: /home/camilo/2022-tfg-juancamilo-carmona/tfg/install/carla_msgs/share/carla_msgs/environment/pythonpath.sh
[2.474s] -- Up-to-date symlink: /home/camilo/2022-tfg-juancamilo-carmona/tfg/install/carla_msgs/share/carla_msgs/environment/pythonpath.dsv
[2.474s] -- Up-to-date symlink: /home/camilo/2022-tfg-juancamilo-carmona/tfg/install/carla_msgs/lib/python3.8/site-packages/carla_msgs/__init__.py
[2.474s] -- Up-to-date symlink: /home/camilo/2022-tfg-juancamilo-carmona/tfg/install/carla_msgs/lib/python3.8/site-packages/carla_msgs/msg/__init__.py
[2.474s] -- Up-to-date symlink: /home/camilo/2022-tfg-juancamilo-carmona/tfg/install/carla_msgs/lib/python3.8/site-packages/carla_msgs/msg/_carla_actor_info.py
[2.474s] -- Up-to-date symlink: /home/camilo/2022-tfg-juancamilo-carmona/tfg/install/carla_msgs/lib/python3.8/site-packages/carla_msgs/msg/_carla_actor_list.py
[2.474s] -- Up-to-date symlink: /home/camilo/2022-tfg-juancamilo-carmona/tfg/install/carla_msgs/lib/python3.8/site-packages/carla_msgs/msg/_carla_bounding_box.py
[2.474s] -- Up-to-date symlink: /home/camilo/2022-tfg-juancamilo-carmona/tfg/install/carla_msgs/lib/python3.8/site-packages/carla_msgs/msg/_carla_collision_event.py
[2.474s] -- Up-to-date symlink: /home/camilo/2022-tfg-juancamilo-carmona/tfg/install/carla_msgs/lib/python3.8/site-packages/carla_msgs/msg/_carla_control.py
[2.475s] -- Up-to-date symlink: /home/camilo/2022-tfg-juancamilo-carmona/tfg/install/carla_msgs/lib/python3.8/site-packages/carla_msgs/msg/_carla_ego_vehicle_control.py
[2.475s] -- Up-to-date symlink: /home/camilo/2022-tfg-juancamilo-carmona/tfg/install/carla_msgs/lib/python3.8/site-packages/carla_msgs/msg/_carla_ego_vehicle_info.py
[2.475s] -- Up-to-date symlink: /home/camilo/2022-tfg-juancamilo-carmona/tfg/install/carla_msgs/lib/python3.8/site-packages/carla_msgs/msg/_carla_ego_vehicle_info_wheel.py
[2.475s] -- Up-to-date symlink: /home/camilo/2022-tfg-juancamilo-carmona/tfg/install/carla_msgs/lib/python3.8/site-packages/carla_msgs/msg/_carla_ego_vehicle_status.py
[2.475s] -- Up-to-date symlink: /home/camilo/2022-tfg-juancamilo-carmona/tfg/install/carla_msgs/lib/python3.8/site-packages/carla_msgs/msg/_carla_lane_invasion_event.py
[2.475s] -- Up-to-date symlink: /home/camilo/2022-tfg-juancamilo-carmona/tfg/install/carla_msgs/lib/python3.8/site-packages/carla_msgs/msg/_carla_status.py
[2.475s] -- Up-to-date symlink: /home/camilo/2022-tfg-juancamilo-carmona/tfg/install/carla_msgs/lib/python3.8/site-packages/carla_msgs/msg/_carla_traffic_light_info.py
[2.475s] -- Up-to-date symlink: /home/camilo/2022-tfg-juancamilo-carmona/tfg/install/carla_msgs/lib/python3.8/site-packages/carla_msgs/msg/_carla_traffic_light_info_list.py
[2.476s] -- Up-to-date symlink: /home/camilo/2022-tfg-juancamilo-carmona/tfg/install/carla_msgs/lib/python3.8/site-packages/carla_msgs/msg/_carla_traffic_light_status.py
[2.476s] -- Up-to-date symlink: /home/camilo/2022-tfg-juancamilo-carmona/tfg/install/carla_msgs/lib/python3.8/site-packages/carla_msgs/msg/_carla_traffic_light_status_list.py
[2.476s] -- Up-to-date symlink: /home/camilo/2022-tfg-juancamilo-carmona/tfg/install/carla_msgs/lib/python3.8/site-packages/carla_msgs/msg/_carla_walker_control.py
[2.476s] -- Up-to-date symlink: /home/camilo/2022-tfg-juancamilo-carmona/tfg/install/carla_msgs/lib/python3.8/site-packages/carla_msgs/msg/_carla_weather_parameters.py
[2.476s] -- Up-to-date symlink: /home/camilo/2022-tfg-juancamilo-carmona/tfg/install/carla_msgs/lib/python3.8/site-packages/carla_msgs/msg/_carla_world_info.py
[2.476s] -- Up-to-date symlink: /home/camilo/2022-tfg-juancamilo-carmona/tfg/install/carla_msgs/lib/python3.8/site-packages/carla_msgs/srv/__init__.py
[2.476s] -- Up-to-date symlink: /home/camilo/2022-tfg-juancamilo-carmona/tfg/install/carla_msgs/lib/python3.8/site-packages/carla_msgs/srv/_destroy_object.py
[2.476s] -- Up-to-date symlink: /home/camilo/2022-tfg-juancamilo-carmona/tfg/install/carla_msgs/lib/python3.8/site-packages/carla_msgs/srv/_get_blueprints.py
[2.477s] -- Up-to-date symlink: /home/camilo/2022-tfg-juancamilo-carmona/tfg/install/carla_msgs/lib/python3.8/site-packages/carla_msgs/srv/_spawn_object.py
[2.477s] -- Up-to-date symlink: /home/camilo/2022-tfg-juancamilo-carmona/tfg/install/carla_msgs/lib/python3.8/site-packages/carla_msgs/carla_msgs_s__rosidl_typesupport_fastrtps_c.cpython-38-x86_64-linux-gnu.so
[2.477s] -- Up-to-date symlink: /home/camilo/2022-tfg-juancamilo-carmona/tfg/install/carla_msgs/lib/python3.8/site-packages/carla_msgs/carla_msgs_s__rosidl_typesupport_introspection_c.cpython-38-x86_64-linux-gnu.so
[2.477s] -- Up-to-date symlink: /home/camilo/2022-tfg-juancamilo-carmona/tfg/install/carla_msgs/lib/python3.8/site-packages/carla_msgs/carla_msgs_s__rosidl_typesupport_c.cpython-38-x86_64-linux-gnu.so
[2.477s] -- Up-to-date symlink: /home/camilo/2022-tfg-juancamilo-carmona/tfg/install/carla_msgs/lib/libcarla_msgs__python.so
[2.477s] -- Up-to-date symlink: /home/camilo/2022-tfg-juancamilo-carmona/tfg/install/carla_msgs/share/carla_msgs/msg/CarlaBoundingBox.idl
[2.477s] -- Up-to-date symlink: /home/camilo/2022-tfg-juancamilo-carmona/tfg/install/carla_msgs/share/carla_msgs/msg/CarlaEgoVehicleControl.idl
[2.477s] -- Up-to-date symlink: /home/camilo/2022-tfg-juancamilo-carmona/tfg/install/carla_msgs/share/carla_msgs/msg/CarlaEgoVehicleStatus.idl
[2.477s] -- Up-to-date symlink: /home/camilo/2022-tfg-juancamilo-carmona/tfg/install/carla_msgs/share/carla_msgs/msg/CarlaEgoVehicleInfoWheel.idl
[2.477s] -- Up-to-date symlink: /home/camilo/2022-tfg-juancamilo-carmona/tfg/install/carla_msgs/share/carla_msgs/msg/CarlaEgoVehicleInfo.idl
[2.478s] -- Up-to-date symlink: /home/camilo/2022-tfg-juancamilo-carmona/tfg/install/carla_msgs/share/carla_msgs/msg/CarlaCollisionEvent.idl
[2.478s] -- Up-to-date symlink: /home/camilo/2022-tfg-juancamilo-carmona/tfg/install/carla_msgs/share/carla_msgs/msg/CarlaLaneInvasionEvent.idl
[2.478s] -- Up-to-date symlink: /home/camilo/2022-tfg-juancamilo-carmona/tfg/install/carla_msgs/share/carla_msgs/msg/CarlaWorldInfo.idl
[2.478s] -- Up-to-date symlink: /home/camilo/2022-tfg-juancamilo-carmona/tfg/install/carla_msgs/share/carla_msgs/msg/CarlaActorInfo.idl
[2.478s] -- Up-to-date symlink: /home/camilo/2022-tfg-juancamilo-carmona/tfg/install/carla_msgs/share/carla_msgs/msg/CarlaActorList.idl
[2.478s] -- Up-to-date symlink: /home/camilo/2022-tfg-juancamilo-carmona/tfg/install/carla_msgs/share/carla_msgs/msg/CarlaControl.idl
[2.478s] -- Up-to-date symlink: /home/camilo/2022-tfg-juancamilo-carmona/tfg/install/carla_msgs/share/carla_msgs/msg/CarlaStatus.idl
[2.478s] -- Up-to-date symlink: /home/camilo/2022-tfg-juancamilo-carmona/tfg/install/carla_msgs/share/carla_msgs/msg/CarlaTrafficLightInfo.idl
[2.479s] -- Up-to-date symlink: /home/camilo/2022-tfg-juancamilo-carmona/tfg/install/carla_msgs/share/carla_msgs/msg/CarlaTrafficLightInfoList.idl
[2.479s] -- Up-to-date symlink: /home/camilo/2022-tfg-juancamilo-carmona/tfg/install/carla_msgs/share/carla_msgs/msg/CarlaTrafficLightStatus.idl
[2.479s] -- Up-to-date symlink: /home/camilo/2022-tfg-juancamilo-carmona/tfg/install/carla_msgs/share/carla_msgs/msg/CarlaTrafficLightStatusList.idl
[2.479s] -- Up-to-date symlink: /home/camilo/2022-tfg-juancamilo-carmona/tfg/install/carla_msgs/share/carla_msgs/msg/CarlaWalkerControl.idl
[2.479s] -- Up-to-date symlink: /home/camilo/2022-tfg-juancamilo-carmona/tfg/install/carla_msgs/share/carla_msgs/msg/CarlaWeatherParameters.idl
[2.479s] -- Up-to-date symlink: /home/camilo/2022-tfg-juancamilo-carmona/tfg/install/carla_msgs/share/carla_msgs/srv/SpawnObject.idl
[2.479s] -- Up-to-date symlink: /home/camilo/2022-tfg-juancamilo-carmona/tfg/install/carla_msgs/share/carla_msgs/srv/DestroyObject.idl
[2.479s] -- Up-to-date symlink: /home/camilo/2022-tfg-juancamilo-carmona/tfg/install/carla_msgs/share/carla_msgs/srv/GetBlueprints.idl
[2.479s] -- Up-to-date symlink: /home/camilo/2022-tfg-juancamilo-carmona/tfg/install/carla_msgs/share/carla_msgs/msg/CarlaBoundingBox.msg
[2.480s] -- Up-to-date symlink: /home/camilo/2022-tfg-juancamilo-carmona/tfg/install/carla_msgs/share/carla_msgs/msg/CarlaEgoVehicleControl.msg
[2.480s] -- Up-to-date symlink: /home/camilo/2022-tfg-juancamilo-carmona/tfg/install/carla_msgs/share/carla_msgs/msg/CarlaEgoVehicleStatus.msg
[2.480s] -- Up-to-date symlink: /home/camilo/2022-tfg-juancamilo-carmona/tfg/install/carla_msgs/share/carla_msgs/msg/CarlaEgoVehicleInfoWheel.msg
[2.480s] -- Up-to-date symlink: /home/camilo/2022-tfg-juancamilo-carmona/tfg/install/carla_msgs/share/carla_msgs/msg/CarlaEgoVehicleInfo.msg
[2.480s] -- Up-to-date symlink: /home/camilo/2022-tfg-juancamilo-carmona/tfg/install/carla_msgs/share/carla_msgs/msg/CarlaCollisionEvent.msg
[2.480s] -- Up-to-date symlink: /home/camilo/2022-tfg-juancamilo-carmona/tfg/install/carla_msgs/share/carla_msgs/msg/CarlaLaneInvasionEvent.msg
[2.480s] -- Up-to-date symlink: /home/camilo/2022-tfg-juancamilo-carmona/tfg/install/carla_msgs/share/carla_msgs/msg/CarlaWorldInfo.msg
[2.480s] -- Up-to-date symlink: /home/camilo/2022-tfg-juancamilo-carmona/tfg/install/carla_msgs/share/carla_msgs/msg/CarlaActorInfo.msg
[2.480s] -- Up-to-date symlink: /home/camilo/2022-tfg-juancamilo-carmona/tfg/install/carla_msgs/share/carla_msgs/msg/CarlaActorList.msg
[2.481s] -- Up-to-date symlink: /home/camilo/2022-tfg-juancamilo-carmona/tfg/install/carla_msgs/share/carla_msgs/msg/CarlaControl.msg
[2.481s] -- Up-to-date symlink: /home/camilo/2022-tfg-juancamilo-carmona/tfg/install/carla_msgs/share/carla_msgs/msg/CarlaStatus.msg
[2.481s] -- Up-to-date symlink: /home/camilo/2022-tfg-juancamilo-carmona/tfg/install/carla_msgs/share/carla_msgs/msg/CarlaTrafficLightInfo.msg
[2.481s] -- Up-to-date symlink: /home/camilo/2022-tfg-juancamilo-carmona/tfg/install/carla_msgs/share/carla_msgs/msg/CarlaTrafficLightInfoList.msg
[2.481s] -- Up-to-date symlink: /home/camilo/2022-tfg-juancamilo-carmona/tfg/install/carla_msgs/share/carla_msgs/msg/CarlaTrafficLightStatus.msg
[2.481s] -- Up-to-date symlink: /home/camilo/2022-tfg-juancamilo-carmona/tfg/install/carla_msgs/share/carla_msgs/msg/CarlaTrafficLightStatusList.msg
[2.481s] -- Up-to-date symlink: /home/camilo/2022-tfg-juancamilo-carmona/tfg/install/carla_msgs/share/carla_msgs/msg/CarlaWalkerControl.msg
[2.481s] -- Up-to-date symlink: /home/camilo/2022-tfg-juancamilo-carmona/tfg/install/carla_msgs/share/carla_msgs/msg/CarlaWeatherParameters.msg
[2.481s] -- Up-to-date symlink: /home/camilo/2022-tfg-juancamilo-carmona/tfg/install/carla_msgs/share/carla_msgs/srv/SpawnObject.srv
[2.482s] -- Up-to-date symlink: /home/camilo/2022-tfg-juancamilo-carmona/tfg/install/carla_msgs/share/carla_msgs/srv/SpawnObject_Request.msg
[2.482s] -- Up-to-date symlink: /home/camilo/2022-tfg-juancamilo-carmona/tfg/install/carla_msgs/share/carla_msgs/srv/SpawnObject_Response.msg
[2.482s] -- Up-to-date symlink: /home/camilo/2022-tfg-juancamilo-carmona/tfg/install/carla_msgs/share/carla_msgs/srv/DestroyObject.srv
[2.483s] -- Up-to-date symlink: /home/camilo/2022-tfg-juancamilo-carmona/tfg/install/carla_msgs/share/carla_msgs/srv/DestroyObject_Request.msg
[2.483s] -- Up-to-date symlink: /home/camilo/2022-tfg-juancamilo-carmona/tfg/install/carla_msgs/share/carla_msgs/srv/DestroyObject_Response.msg
[2.483s] -- Up-to-date symlink: /home/camilo/2022-tfg-juancamilo-carmona/tfg/install/carla_msgs/share/carla_msgs/srv/GetBlueprints.srv
[2.483s] -- Up-to-date symlink: /home/camilo/2022-tfg-juancamilo-carmona/tfg/install/carla_msgs/share/carla_msgs/srv/GetBlueprints_Request.msg
[2.484s] -- Up-to-date symlink: /home/camilo/2022-tfg-juancamilo-carmona/tfg/install/carla_msgs/share/carla_msgs/srv/GetBlueprints_Response.msg
[2.484s] -- Up-to-date symlink: /home/camilo/2022-tfg-juancamilo-carmona/tfg/install/carla_msgs/share/ament_index/resource_index/package_run_dependencies/carla_msgs
[2.489s] -- Up-to-date symlink: /home/camilo/2022-tfg-juancamilo-carmona/tfg/install/carla_msgs/share/ament_index/resource_index/parent_prefix_path/carla_msgs
[2.490s] -- Up-to-date symlink: /home/camilo/2022-tfg-juancamilo-carmona/tfg/install/carla_msgs/share/carla_msgs/environment/ament_prefix_path.sh
[2.490s] -- Up-to-date symlink: /home/camilo/2022-tfg-juancamilo-carmona/tfg/install/carla_msgs/share/carla_msgs/environment/ament_prefix_path.dsv
[2.490s] -- Up-to-date symlink: /home/camilo/2022-tfg-juancamilo-carmona/tfg/install/carla_msgs/share/carla_msgs/environment/path.sh
[2.490s] -- Up-to-date symlink: /home/camilo/2022-tfg-juancamilo-carmona/tfg/install/carla_msgs/share/carla_msgs/environment/path.dsv
[2.491s] -- Up-to-date symlink: /home/camilo/2022-tfg-juancamilo-carmona/tfg/install/carla_msgs/share/carla_msgs/local_setup.bash
[2.491s] -- Up-to-date symlink: /home/camilo/2022-tfg-juancamilo-carmona/tfg/install/carla_msgs/share/carla_msgs/local_setup.sh
[2.491s] -- Up-to-date symlink: /home/camilo/2022-tfg-juancamilo-carmona/tfg/install/carla_msgs/share/carla_msgs/local_setup.zsh
[2.492s] -- Up-to-date symlink: /home/camilo/2022-tfg-juancamilo-carmona/tfg/install/carla_msgs/share/carla_msgs/local_setup.dsv
[2.492s] -- Symlinking: /home/camilo/2022-tfg-juancamilo-carmona/tfg/install/carla_msgs/share/carla_msgs/package.dsv
[2.493s] -- Up-to-date symlink: /home/camilo/2022-tfg-juancamilo-carmona/tfg/install/carla_msgs/share/ament_index/resource_index/packages/carla_msgs
[2.493s] -- Up-to-date symlink: /home/camilo/2022-tfg-juancamilo-carmona/tfg/install/carla_msgs/share/carla_msgs/cmake/rosidl_cmake-extras.cmake
[2.493s] -- Up-to-date symlink: /home/camilo/2022-tfg-juancamilo-carmona/tfg/install/carla_msgs/share/carla_msgs/cmake/ament_cmake_export_dependencies-extras.cmake
[2.493s] -- Up-to-date symlink: /home/camilo/2022-tfg-juancamilo-carmona/tfg/install/carla_msgs/share/carla_msgs/cmake/ament_cmake_export_libraries-extras.cmake
[2.493s] -- Up-to-date symlink: /home/camilo/2022-tfg-juancamilo-carmona/tfg/install/carla_msgs/share/carla_msgs/cmake/ament_cmake_export_targets-extras.cmake
[2.494s] -- Up-to-date symlink: /home/camilo/2022-tfg-juancamilo-carmona/tfg/install/carla_msgs/share/carla_msgs/cmake/ament_cmake_export_include_directories-extras.cmake
[2.501s] -- Up-to-date symlink: /home/camilo/2022-tfg-juancamilo-carmona/tfg/install/carla_msgs/share/carla_msgs/cmake/rosidl_cmake_export_typesupport_libraries-extras.cmake
[2.501s] -- Up-to-date symlink: /home/camilo/2022-tfg-juancamilo-carmona/tfg/install/carla_msgs/share/carla_msgs/cmake/rosidl_cmake_export_typesupport_targets-extras.cmake
[2.501s] -- Up-to-date symlink: /home/camilo/2022-tfg-juancamilo-carmona/tfg/install/carla_msgs/share/carla_msgs/cmake/carla_msgsConfig.cmake
[2.502s] -- Up-to-date symlink: /home/camilo/2022-tfg-juancamilo-carmona/tfg/install/carla_msgs/share/carla_msgs/cmake/carla_msgsConfig-version.cmake
[2.502s] -- Up-to-date symlink: /home/camilo/2022-tfg-juancamilo-carmona/tfg/install/carla_msgs/share/carla_msgs/package.xml
[2.502s] -- Up-to-date: /home/camilo/2022-tfg-juancamilo-carmona/tfg/install/carla_msgs/lib/libcarla_msgs__rosidl_generator_c.so
[2.502s] -- Up-to-date: /home/camilo/2022-tfg-juancamilo-carmona/tfg/install/carla_msgs/lib/libcarla_msgs__rosidl_typesupport_introspection_c.so
[2.503s] -- Up-to-date: /home/camilo/2022-tfg-juancamilo-carmona/tfg/install/carla_msgs/lib/libcarla_msgs__rosidl_typesupport_c.so
[2.503s] -- Up-to-date: /home/camilo/2022-tfg-juancamilo-carmona/tfg/install/carla_msgs/lib/libcarla_msgs__rosidl_typesupport_introspection_cpp.so
[2.504s] -- Up-to-date: /home/camilo/2022-tfg-juancamilo-carmona/tfg/install/carla_msgs/lib/libcarla_msgs__rosidl_typesupport_cpp.so
[2.564s] -- Up-to-date: /home/camilo/2022-tfg-juancamilo-carmona/tfg/install/carla_msgs/share/carla_msgs/cmake/carla_msgs__rosidl_generator_cExport.cmake
[2.564s] -- Up-to-date: /home/camilo/2022-tfg-juancamilo-carmona/tfg/install/carla_msgs/share/carla_msgs/cmake/carla_msgs__rosidl_generator_cExport-noconfig.cmake
[2.565s] -- Up-to-date: /home/camilo/2022-tfg-juancamilo-carmona/tfg/install/carla_msgs/share/carla_msgs/cmake/carla_msgs__rosidl_typesupport_introspection_cExport.cmake
[2.565s] -- Up-to-date: /home/camilo/2022-tfg-juancamilo-carmona/tfg/install/carla_msgs/share/carla_msgs/cmake/carla_msgs__rosidl_typesupport_introspection_cExport-noconfig.cmake
[2.565s] -- Up-to-date: /home/camilo/2022-tfg-juancamilo-carmona/tfg/install/carla_msgs/share/carla_msgs/cmake/carla_msgs__rosidl_typesupport_cExport.cmake
[2.565s] -- Up-to-date: /home/camilo/2022-tfg-juancamilo-carmona/tfg/install/carla_msgs/share/carla_msgs/cmake/carla_msgs__rosidl_typesupport_cExport-noconfig.cmake
[2.565s] -- Up-to-date: /home/camilo/2022-tfg-juancamilo-carmona/tfg/install/carla_msgs/share/carla_msgs/cmake/carla_msgs__rosidl_generator_cppExport.cmake
[2.565s] -- Up-to-date: /home/camilo/2022-tfg-juancamilo-carmona/tfg/install/carla_msgs/share/carla_msgs/cmake/carla_msgs__rosidl_typesupport_introspection_cppExport.cmake
[2.565s] -- Up-to-date: /home/camilo/2022-tfg-juancamilo-carmona/tfg/install/carla_msgs/share/carla_msgs/cmake/carla_msgs__rosidl_typesupport_introspection_cppExport-noconfig.cmake
[2.566s] -- Up-to-date: /home/camilo/2022-tfg-juancamilo-carmona/tfg/install/carla_msgs/share/carla_msgs/cmake/carla_msgs__rosidl_typesupport_cppExport.cmake
[2.566s] -- Up-to-date: /home/camilo/2022-tfg-juancamilo-carmona/tfg/install/carla_msgs/share/carla_msgs/cmake/carla_msgs__rosidl_typesupport_cppExport-noconfig.cmake
[2.579s] Invoked command in '/home/camilo/2022-tfg-juancamilo-carmona/tfg/build/carla_msgs' returned '0': CMAKE_PREFIX_PATH=${CMAKE_PREFIX_PATH}:/home/camilo/2022-tfg-juancamilo-carmona/tfg/install/rqt_carla_control:/home/camilo/2022-tfg-juancamilo-carmona/tfg/install/line_follower:/home/camilo/2022-tfg-juancamilo-carmona/tfg/install/carla_waypoint_publisher:/home/camilo/2022-tfg-juancamilo-carmona/tfg/install/carla_teleop:/home/camilo/2022-tfg-juancamilo-carmona/tfg/install/carla_ackermann_control:/home/camilo/2022-tfg-juancamilo-carmona/tfg/install/carla_ros_bridge:/home/camilo/2022-tfg-juancamilo-carmona/tfg/install/carla_spawn_objects:/home/camilo/2022-tfg-juancamilo-carmona/tfg/install/carla_manual_control:/home/camilo/2022-tfg-juancamilo-carmona/tfg/install/carla_ad_agent:/home/camilo/2022-tfg-juancamilo-carmona/tfg/install/analysis:/home/camilo/2022-tfg-juancamilo-carmona/tfg/install/ros_compatibility:/home/camilo/2022-tfg-juancamilo-carmona/tfg/install/carla_walker_agent:/home/camilo/2022-tfg-juancamilo-carmona/tfg/install/carla_twist_to_control:/home/camilo/2022-tfg-juancamilo-carmona/tfg/install/carla_ros_scenario_runner:/home/camilo/2022-tfg-juancamilo-carmona/tfg/install/carla_common:/home/camilo/carla-ros-bridge/install/rqt_carla_control:/home/camilo/carla-ros-bridge/install/carla_waypoint_publisher:/home/camilo/carla-ros-bridge/install/carla_ackermann_control:/home/camilo/carla-ros-bridge/install/carla_ros_bridge:/home/camilo/carla-ros-bridge/install/carla_spawn_objects:/home/camilo/carla-ros-bridge/install/carla_manual_control:/home/camilo/carla-ros-bridge/install/carla_ad_agent:/home/camilo/carla-ros-bridge/install/ros_compatibility:/home/camilo/carla-ros-bridge/install/carla_walker_agent:/home/camilo/carla-ros-bridge/install/carla_twist_to_control:/home/camilo/carla-ros-bridge/install/carla_ros_scenario_runner:/home/camilo/carla-ros-bridge/install/carla_common:/opt/ros/foxy /usr/bin/cmake --install /home/camilo/2022-tfg-juancamilo-carmona/tfg/build/carla_msgs
