running develop
running egg_info
creating src/ros_compatibility.egg-info
writing src/ros_compatibility.egg-info/PKG-INFO
writing dependency_links to src/ros_compatibility.egg-info/dependency_links.txt
writing requirements to src/ros_compatibility.egg-info/requires.txt
writing top-level names to src/ros_compatibility.egg-info/top_level.txt
writing manifest file 'src/ros_compatibility.egg-info/SOURCES.txt'
reading manifest file 'src/ros_compatibility.egg-info/SOURCES.txt'
writing manifest file 'src/ros_compatibility.egg-info/SOURCES.txt'
running build_ext
Creating /home/camilo/2022-tfg-juancamilo-carmona/tfg/install/ros_compatibility/lib/python3.8/site-packages/site.py
Creating /home/camilo/2022-tfg-juancamilo-carmona/tfg/install/ros_compatibility/lib/python3.8/site-packages/ros-compatibility.egg-link (link to src)

Installed /home/camilo/2022-tfg-juancamilo-carmona/tfg/build/ros_compatibility/src
running install_data
creating /home/camilo/2022-tfg-juancamilo-carmona/tfg/install/ros_compatibility/share/ament_index
creating /home/camilo/2022-tfg-juancamilo-carmona/tfg/install/ros_compatibility/share/ament_index/resource_index
creating /home/camilo/2022-tfg-juancamilo-carmona/tfg/install/ros_compatibility/share/ament_index/resource_index/packages
copying resource/ros_compatibility -> /home/camilo/2022-tfg-juancamilo-carmona/tfg/install/ros_compatibility/share/ament_index/resource_index/packages
copying package.xml -> /home/camilo/2022-tfg-juancamilo-carmona/tfg/install/ros_compatibility/share/ros_compatibility
