[2.012s] Invoking command in '/home/camilo/2022-tfg-juancamilo-carmona/tfg/build/carla_twist_to_control': PYTHONPATH=/home/camilo/2022-tfg-juancamilo-carmona/tfg/build/carla_twist_to_control/prefix_override:/home/camilo/2022-tfg-juancamilo-carmona/tfg/install/carla_twist_to_control/lib/python3.8/site-packages:${PYTHONPATH} /usr/bin/python3 setup.py develop --editable --build-directory /home/camilo/2022-tfg-juancamilo-carmona/tfg/build/carla_twist_to_control/build --no-deps install_data
[2.409s] running develop
[2.604s] running egg_info
[2.605s] creating src/carla_twist_to_control.egg-info
[2.605s] writing src/carla_twist_to_control.egg-info/PKG-INFO
[2.605s] writing dependency_links to src/carla_twist_to_control.egg-info/dependency_links.txt
[2.605s] writing entry points to src/carla_twist_to_control.egg-info/entry_points.txt
[2.605s] writing requirements to src/carla_twist_to_control.egg-info/requires.txt
[2.605s] writing top-level names to src/carla_twist_to_control.egg-info/top_level.txt
[2.606s] writing manifest file 'src/carla_twist_to_control.egg-info/SOURCES.txt'
[2.636s] reading manifest file 'src/carla_twist_to_control.egg-info/SOURCES.txt'
[2.637s] writing manifest file 'src/carla_twist_to_control.egg-info/SOURCES.txt'
[2.668s] running build_ext
[2.668s] Creating /home/camilo/2022-tfg-juancamilo-carmona/tfg/install/carla_twist_to_control/lib/python3.8/site-packages/site.py
[2.670s] Creating /home/camilo/2022-tfg-juancamilo-carmona/tfg/install/carla_twist_to_control/lib/python3.8/site-packages/carla-twist-to-control.egg-link (link to src)
[2.671s] Installing carla_twist_to_control script to /home/camilo/2022-tfg-juancamilo-carmona/tfg/install/carla_twist_to_control/lib/carla_twist_to_control
[2.671s] 
[2.671s] Installed /home/camilo/2022-tfg-juancamilo-carmona/tfg/build/carla_twist_to_control/src
[2.671s] running install_data
[2.671s] creating /home/camilo/2022-tfg-juancamilo-carmona/tfg/install/carla_twist_to_control/share/ament_index
[2.671s] creating /home/camilo/2022-tfg-juancamilo-carmona/tfg/install/carla_twist_to_control/share/ament_index/resource_index
[2.671s] creating /home/camilo/2022-tfg-juancamilo-carmona/tfg/install/carla_twist_to_control/share/ament_index/resource_index/packages
[2.671s] copying resource/carla_twist_to_control -> /home/camilo/2022-tfg-juancamilo-carmona/tfg/install/carla_twist_to_control/share/ament_index/resource_index/packages
[2.671s] copying package.xml -> /home/camilo/2022-tfg-juancamilo-carmona/tfg/install/carla_twist_to_control/share/carla_twist_to_control
[2.672s] copying launch/carla_twist_to_control.launch.py -> /home/camilo/2022-tfg-juancamilo-carmona/tfg/install/carla_twist_to_control/share/carla_twist_to_control
[2.704s] Invoked command in '/home/camilo/2022-tfg-juancamilo-carmona/tfg/build/carla_twist_to_control' returned '0': PYTHONPATH=/home/camilo/2022-tfg-juancamilo-carmona/tfg/build/carla_twist_to_control/prefix_override:/home/camilo/2022-tfg-juancamilo-carmona/tfg/install/carla_twist_to_control/lib/python3.8/site-packages:${PYTHONPATH} /usr/bin/python3 setup.py develop --editable --build-directory /home/camilo/2022-tfg-juancamilo-carmona/tfg/build/carla_twist_to_control/build --no-deps install_data
