-- The C compiler identification is GNU 9.4.0
-- The CXX compiler identification is GNU 9.4.0
-- Check for working C compiler: /usr/bin/cc
-- Check for working C compiler: /usr/bin/cc -- works
-- Detecting C compiler ABI info
-- Detecting C compiler ABI info - done
-- Detecting C compile features
-- Detecting C compile features - done
-- Check for working CXX compiler: /usr/bin/c++
-- Check for working CXX compiler: /usr/bin/c++ -- works
-- Detecting CXX compiler ABI info
-- Detecting CXX compiler ABI info - done
-- Detecting CXX compile features
-- Detecting CXX compile features - done
-- Found ros_environment: 2.5.1 (/opt/ros/foxy/share/ros_environment/cmake)
-- Found ament_cmake: 0.9.11 (/opt/ros/foxy/share/ament_cmake/cmake)
-- Found PythonInterp: /usr/bin/python3 (found suitable version "3.8.10", minimum required is "3") 
-- Using PYTHON_EXECUTABLE: /usr/bin/python3
-- Override CMake install command with custom implementation using symlinks instead of copying resources
-- Found rviz_common: 8.2.7 (/opt/ros/foxy/share/rviz_common/cmake)
-- Setting OGRE_DIR to: '/opt/ros/foxy/share/rviz_ogre_vendor/cmake/../../../opt/rviz_ogre_vendor/lib/OGRE/cmake'
-- Found OGRE
--   static     : OFF
--   components : HLMS;MeshLodGenerator;Overlay;Paging;Property;RTShaderSystem;Terrain;Volume
--   plugins    : Plugin_BSPSceneManager;Plugin_OctreeSceneManager;Plugin_PCZSceneManager;Plugin_ParticleFX;RenderSystem_GL;RenderSystem_GL3Plus;Codec_STBI
--   media      : /opt/ros/foxy/opt/rviz_ogre_vendor/share/OGRE/Media
-- OGRE_LIBRARIES: OgreHLMS;OgreMeshLodGenerator;OgreOverlay;OgrePaging;OgreProperty;OgreRTShaderSystem;OgreTerrain;OgreVolume;OgreMain
-- OGRE_LIBRARY_DIRS: /opt/ros/foxy/opt/rviz_ogre_vendor/lib
-- OGRE_PLUGINS: Plugin_BSPSceneManager;Plugin_OctreeSceneManager;Plugin_PCZSceneManager;Plugin_ParticleFX;RenderSystem_GL;RenderSystem_GL3Plus;Codec_STBI
-- OGRE_PLUGIN_DIR: /opt/ros/foxy/opt/rviz_ogre_vendor/lib/OGRE
-- rviz_ogre_vendor::OgreOverlay for IMPORTED_LOCATION_RELEASE: /opt/ros/foxy/opt/rviz_ogre_vendor/lib/libOgreOverlay.so
-- rviz_ogre_vendor::OgreOverlay for IMPORTED_LOCATION_DEBUG: /opt/ros/foxy/opt/rviz_ogre_vendor/lib/libOgreOverlay.so
-- rviz_ogre_vendor::OgreMain for IMPORTED_LOCATION_RELEASE: /opt/ros/foxy/opt/rviz_ogre_vendor/lib/libOgreMain.so
-- rviz_ogre_vendor::OgreMain for IMPORTED_LOCATION_DEBUG: /opt/ros/foxy/opt/rviz_ogre_vendor/lib/libOgreMain.so
-- Found ZLIB: /usr/lib/x86_64-linux-gnu/libz.so (found version "1.2.11") 
-- Found OpenGL: /usr/lib/x86_64-linux-gnu/libOpenGL.so   
-- Found X11: /usr/include   
-- Looking for XOpenDisplay in /usr/lib/x86_64-linux-gnu/libX11.so;/usr/lib/x86_64-linux-gnu/libXext.so
-- Looking for XOpenDisplay in /usr/lib/x86_64-linux-gnu/libX11.so;/usr/lib/x86_64-linux-gnu/libXext.so - found
-- Looking for gethostbyname
-- Looking for gethostbyname - found
-- Looking for connect
-- Looking for connect - found
-- Looking for remove
-- Looking for remove - found
-- Looking for shmat
-- Looking for shmat - found
-- Looking for IceConnectionNumber in ICE
-- Looking for IceConnectionNumber in ICE - found
-- rviz_ogre_vendor::RenderSystem_GL for IMPORTED_LOCATION_RELEASE: _render_system_gl_static_library_abs-NOTFOUND
-- rviz_ogre_vendor::RenderSystem_GL for IMPORTED_LOCATION_DEBUG: _render_system_gl_static_library_abs-NOTFOUND
-- library: libassimp.so.5
-- library: /usr/lib/x86_64-linux-gnu/libcurl.so
-- Using all available rosidl_typesupport_c: rosidl_typesupport_fastrtps_c;rosidl_typesupport_introspection_c
-- Found rosidl_adapter: 1.3.0 (/opt/ros/foxy/share/rosidl_adapter/cmake)
-- Found OpenSSL: /usr/lib/x86_64-linux-gnu/libcrypto.so (found version "1.1.1f")  
-- Found FastRTPS: /opt/ros/foxy/include  
-- Using all available rosidl_typesupport_cpp: rosidl_typesupport_fastrtps_cpp;rosidl_typesupport_introspection_cpp
-- Found rmw_implementation_cmake: 1.0.3 (/opt/ros/foxy/share/rmw_implementation_cmake/cmake)
-- Using RMW implementation 'rmw_fastrtps_cpp' as default
-- Looking for pthread.h
-- Looking for pthread.h - found
-- Performing Test CMAKE_HAVE_LIBC_PTHREAD
-- Performing Test CMAKE_HAVE_LIBC_PTHREAD - Failed
-- Looking for pthread_create in pthreads
-- Looking for pthread_create in pthreads - not found
-- Looking for pthread_create in pthread
-- Looking for pthread_create in pthread - found
-- Found Threads: TRUE  
-- Found Eigen3: TRUE (found version "3.3.7") 
-- Setting yaml-cpp_DIR to: '/opt/ros/foxy/share/yaml_cpp_vendor/cmake/../../../opt/yaml_cpp_vendor/lib/cmake/yaml-cpp'
-- Found carla_msgs: 1.3.0 (/home/camilo/carla-ros-bridge/install/carla_msgs/share/carla_msgs/cmake)
-- Found nav_msgs: 2.0.5 (/opt/ros/foxy/share/nav_msgs/cmake)
-- Found carla_ros_scenario_runner_types: 0.1.0 (/home/camilo/2022-tfg-juancamilo-carmona/tfg/install/carla_ros_scenario_runner_types/share/carla_ros_scenario_runner_types/cmake)
-- Configuring done
-- Generating done
-- Build files have been written to: /home/camilo/2022-tfg-juancamilo-carmona/tfg/build/rviz_carla_plugin
[35m[1mScanning dependencies of target rviz_carla_plugin_autogen[0m
[ 12%] [34m[1mAutomatic MOC for target rviz_carla_plugin[0m
[ 12%] Built target rviz_carla_plugin_autogen
[ 25%] [34m[1mGenerating qrc_rviz_carla_plugin.cpp[0m
[35m[1mScanning dependencies of target rviz_carla_plugin[0m
[ 50%] [32mBuilding CXX object CMakeFiles/rviz_carla_plugin.dir/rviz_carla_plugin_autogen/mocs_compilation.cpp.o[0m
[ 62%] [32mBuilding CXX object CMakeFiles/rviz_carla_plugin.dir/src/drive_widget.cpp.o[0m
[ 62%] [32mBuilding CXX object CMakeFiles/rviz_carla_plugin.dir/src/indicator_widget.cpp.o[0m
[ 75%] [32mBuilding CXX object CMakeFiles/rviz_carla_plugin.dir/src/carla_control_panel_ROS2.cpp.o[0m
[ 87%] [32mBuilding CXX object CMakeFiles/rviz_carla_plugin.dir/qrc_rviz_carla_plugin.cpp.o[0m
[100%] [32m[1mLinking CXX shared library librviz_carla_plugin.so[0m
[100%] Built target rviz_carla_plugin
-- Install configuration: ""
-- Execute custom install script
-- Symlinking: /home/camilo/2022-tfg-juancamilo-carmona/tfg/install/rviz_carla_plugin/share/rviz_carla_plugin//plugin_description_ros2.xml
-- Symlinking: /home/camilo/2022-tfg-juancamilo-carmona/tfg/install/rviz_carla_plugin/share/rviz_carla_plugin/environment/library_path.sh
-- Symlinking: /home/camilo/2022-tfg-juancamilo-carmona/tfg/install/rviz_carla_plugin/share/rviz_carla_plugin/environment/library_path.dsv
-- Up-to-date symlink: /home/camilo/2022-tfg-juancamilo-carmona/tfg/install/rviz_carla_plugin/share/rviz_carla_plugin/plugin_description_ros2.xml
-- Symlinking: /home/camilo/2022-tfg-juancamilo-carmona/tfg/install/rviz_carla_plugin/share/rviz_carla_plugin/classes/CarlaControl.png
-- Symlinking: /home/camilo/2022-tfg-juancamilo-carmona/tfg/install/rviz_carla_plugin/share/rviz_carla_plugin/pause.png
-- Symlinking: /home/camilo/2022-tfg-juancamilo-carmona/tfg/install/rviz_carla_plugin/share/rviz_carla_plugin/play.png
-- Symlinking: /home/camilo/2022-tfg-juancamilo-carmona/tfg/install/rviz_carla_plugin/share/rviz_carla_plugin/step_once.png
-- Symlinking: /home/camilo/2022-tfg-juancamilo-carmona/tfg/install/rviz_carla_plugin/share/ament_index/resource_index/package_run_dependencies/rviz_carla_plugin
-- Symlinking: /home/camilo/2022-tfg-juancamilo-carmona/tfg/install/rviz_carla_plugin/share/ament_index/resource_index/parent_prefix_path/rviz_carla_plugin
-- Symlinking: /home/camilo/2022-tfg-juancamilo-carmona/tfg/install/rviz_carla_plugin/share/rviz_carla_plugin/environment/ament_prefix_path.sh
-- Symlinking: /home/camilo/2022-tfg-juancamilo-carmona/tfg/install/rviz_carla_plugin/share/rviz_carla_plugin/environment/ament_prefix_path.dsv
-- Symlinking: /home/camilo/2022-tfg-juancamilo-carmona/tfg/install/rviz_carla_plugin/share/rviz_carla_plugin/environment/path.sh
-- Symlinking: /home/camilo/2022-tfg-juancamilo-carmona/tfg/install/rviz_carla_plugin/share/rviz_carla_plugin/environment/path.dsv
-- Symlinking: /home/camilo/2022-tfg-juancamilo-carmona/tfg/install/rviz_carla_plugin/share/rviz_carla_plugin/local_setup.bash
-- Symlinking: /home/camilo/2022-tfg-juancamilo-carmona/tfg/install/rviz_carla_plugin/share/rviz_carla_plugin/local_setup.sh
-- Symlinking: /home/camilo/2022-tfg-juancamilo-carmona/tfg/install/rviz_carla_plugin/share/rviz_carla_plugin/local_setup.zsh
-- Symlinking: /home/camilo/2022-tfg-juancamilo-carmona/tfg/install/rviz_carla_plugin/share/rviz_carla_plugin/local_setup.dsv
-- Symlinking: /home/camilo/2022-tfg-juancamilo-carmona/tfg/install/rviz_carla_plugin/share/rviz_carla_plugin/package.dsv
-- Symlinking: /home/camilo/2022-tfg-juancamilo-carmona/tfg/install/rviz_carla_plugin/share/ament_index/resource_index/packages/rviz_carla_plugin
-- Symlinking: /home/camilo/2022-tfg-juancamilo-carmona/tfg/install/rviz_carla_plugin/share/ament_index/resource_index/rviz_common__pluginlib__plugin/rviz_carla_plugin
-- Symlinking: /home/camilo/2022-tfg-juancamilo-carmona/tfg/install/rviz_carla_plugin/share/rviz_carla_plugin/cmake/ament_cmake_export_libraries-extras.cmake
-- Symlinking: /home/camilo/2022-tfg-juancamilo-carmona/tfg/install/rviz_carla_plugin/share/rviz_carla_plugin/cmake/rviz_carla_pluginConfig.cmake
-- Symlinking: /home/camilo/2022-tfg-juancamilo-carmona/tfg/install/rviz_carla_plugin/share/rviz_carla_plugin/cmake/rviz_carla_pluginConfig-version.cmake
-- Symlinking: /home/camilo/2022-tfg-juancamilo-carmona/tfg/install/rviz_carla_plugin/share/rviz_carla_plugin/package.xml
-- Installing: /home/camilo/2022-tfg-juancamilo-carmona/tfg/install/rviz_carla_plugin/lib/librviz_carla_plugin.so
-- Set runtime path of "/home/camilo/2022-tfg-juancamilo-carmona/tfg/install/rviz_carla_plugin/lib/librviz_carla_plugin.so" to ""
