[0.015s] Invoking command in '/home/camilo/2022-tfg-juancamilo-carmona/tfg/build/pcl_recorder': AMENT_PREFIX_PATH=/home/camilo/2022-tfg-juancamilo-carmona/tfg/install/carla_ros_bridge:/home/camilo/2022-tfg-juancamilo-carmona/tfg/install/carla_spawn_objects:/home/camilo/2022-tfg-juancamilo-carmona/tfg/install/carla_manual_control:/home/camilo/2022-tfg-juancamilo-carmona/tfg/install/ros_compatibility:/home/camilo/2022-tfg-juancamilo-carmona/tfg/install/carla_common:${AMENT_PREFIX_PATH} CMAKE_PREFIX_PATH=/opt/ros/foxy PYTHONPATH=/home/camilo/2022-tfg-juancamilo-carmona/tfg/build/carla_ros_bridge/src:/home/camilo/2022-tfg-juancamilo-carmona/tfg/install/carla_ros_bridge/lib/python3.8/site-packages:/home/camilo/2022-tfg-juancamilo-carmona/tfg/build/carla_spawn_objects:/home/camilo/2022-tfg-juancamilo-carmona/tfg/install/carla_spawn_objects/lib/python3.8/site-packages:/home/camilo/2022-tfg-juancamilo-carmona/tfg/build/carla_manual_control/src:/home/camilo/2022-tfg-juancamilo-carmona/tfg/install/carla_manual_control/lib/python3.8/site-packages:/home/camilo/2022-tfg-juancamilo-carmona/tfg/build/ros_compatibility/src:/home/camilo/2022-tfg-juancamilo-carmona/tfg/install/ros_compatibility/lib/python3.8/site-packages:/home/camilo/2022-tfg-juancamilo-carmona/tfg/build/carla_common/src:/home/camilo/2022-tfg-juancamilo-carmona/tfg/install/carla_common/lib/python3.8/site-packages:${PYTHONPATH} /usr/bin/cmake /home/camilo/2022-tfg-juancamilo-carmona/tfg/src/ros-bridge/pcl_recorder -DAMENT_CMAKE_SYMLINK_INSTALL=1 -DCMAKE_INSTALL_PREFIX=/home/camilo/2022-tfg-juancamilo-carmona/tfg/install/pcl_recorder
[0.074s] -- The C compiler identification is GNU 9.4.0
[0.125s] -- The CXX compiler identification is GNU 9.4.0
[0.129s] -- Check for working C compiler: /usr/bin/cc
[0.204s] -- Check for working C compiler: /usr/bin/cc -- works
[0.204s] -- Detecting C compiler ABI info
[0.271s] -- Detecting C compiler ABI info - done
[0.284s] -- Detecting C compile features
[0.284s] -- Detecting C compile features - done
[0.286s] -- Check for working CXX compiler: /usr/bin/c++
[0.358s] -- Check for working CXX compiler: /usr/bin/c++ -- works
[0.360s] -- Detecting CXX compiler ABI info
[0.468s] -- Detecting CXX compiler ABI info - done
[0.492s] -- Detecting CXX compile features
[0.493s] -- Detecting CXX compile features - done
[0.496s] -- Found ros_environment: 2.5.1 (/opt/ros/foxy/share/ros_environment/cmake)
[0.498s] -- Found ament_cmake: 0.9.11 (/opt/ros/foxy/share/ament_cmake/cmake)
[0.543s] -- Found PythonInterp: /usr/bin/python3 (found suitable version "3.8.10", minimum required is "3") 
[0.543s] -- Using PYTHON_EXECUTABLE: /usr/bin/python3
[0.796s] -- Override CMake install command with custom implementation using symlinks instead of copying resources
[0.833s] -- Found rclcpp: 2.4.2 (/opt/ros/foxy/share/rclcpp/cmake)
[0.910s] -- Using all available rosidl_typesupport_c: rosidl_typesupport_fastrtps_c;rosidl_typesupport_introspection_c
[0.916s] -- Found rosidl_adapter: 1.3.0 (/opt/ros/foxy/share/rosidl_adapter/cmake)
[0.998s] -- Found OpenSSL: /usr/lib/x86_64-linux-gnu/libcrypto.so (found version "1.1.1f")  
[1.029s] -- Found FastRTPS: /opt/ros/foxy/include  
[1.111s] -- Using all available rosidl_typesupport_cpp: rosidl_typesupport_fastrtps_cpp;rosidl_typesupport_introspection_cpp
[1.183s] -- Found rmw_implementation_cmake: 1.0.3 (/opt/ros/foxy/share/rmw_implementation_cmake/cmake)
[1.185s] -- Using RMW implementation 'rmw_fastrtps_cpp' as default
[1.187s] -- Looking for pthread.h
[1.255s] -- Looking for pthread.h - found
[1.255s] -- Performing Test CMAKE_HAVE_LIBC_PTHREAD
[1.337s] -- Performing Test CMAKE_HAVE_LIBC_PTHREAD - Failed
[1.337s] -- Looking for pthread_create in pthreads
[1.389s] -- Looking for pthread_create in pthreads - not found
[1.389s] -- Looking for pthread_create in pthread
[1.457s] -- Looking for pthread_create in pthread - found
[1.457s] -- Found Threads: TRUE  
[1.627s] -- Found rclcpp_components: 2.4.2 (/opt/ros/foxy/share/rclcpp_components/cmake)
[1.696s] -- Found sensor_msgs: 2.0.5 (/opt/ros/foxy/share/sensor_msgs/cmake)
[1.830s] -- Found tf2: 0.13.13 (/opt/ros/foxy/share/tf2/cmake)
[1.842s] -- Found tf2_eigen: 0.13.13 (/opt/ros/foxy/share/tf2_eigen/cmake)
[2.256s] -- Found tf2_geometry_msgs: 0.13.13 (/opt/ros/foxy/share/tf2_geometry_msgs/cmake)
[2.268s] -- Found Eigen3: TRUE (found version "3.3.7") 
[2.299s] -- Found pcl_conversions: 2.2.1 (/opt/ros/foxy/share/pcl_conversions/cmake)
[2.489s] -- Found Boost: /usr/lib/x86_64-linux-gnu/cmake/Boost-1.71.0/BoostConfig.cmake (found version "1.71.0") found components: system 
[2.507s] -- Checking for module 'eigen3'
[2.521s] --   Found eigen3, version 3.3.7
[2.558s] -- Found Eigen: /usr/include/eigen3 (Required is at least version "3.1") 
[2.558s] -- Eigen found (include: /usr/include/eigen3, version: 3.3.7)
[2.594s] -- Found Boost: /usr/include (found suitable version "1.71.0", minimum required is "1.55.0") found components: system filesystem date_time iostreams regex 
[2.600s] -- Checking for module 'libusb-1.0'
[2.613s] --   Found libusb-1.0, version 1.0.23
[2.648s] -- Found USB_10: /usr/lib/x86_64-linux-gnu/libusb-1.0.so  
[2.694s] -- Found OpenNI: /usr/lib/libOpenNI.so  
[2.694s] -- OpenNI found (include: /usr/include/ni, lib: /usr/lib/libOpenNI.so)
[2.746s] -- Found OpenNI2: /usr/lib/libOpenNI2.so  
[2.746s] -- OpenNI2 found (include: /usr/include/openni2, lib: /usr/lib/libOpenNI2.so)
[2.747s] ** WARNING ** io features related to pcap will be disabled
[2.747s] ** WARNING ** io features related to png will be disabled
[2.808s] -- The imported target "vtkParseOGLExt" references the file
[2.808s]    "/usr/bin/vtkParseOGLExt-7.1"
[2.808s] but this file does not exist.  Possible reasons include:
[2.808s] * The file was deleted, renamed, or moved to another location.
[2.808s] * An install or uninstall procedure did not complete successfully.
[2.809s] * The installation package was faulty and contained
[2.809s]    "/usr/lib/cmake/vtk-7.1/VTKTargets.cmake"
[2.809s] but not all the files it references.
[2.809s] 
[2.809s] -- The imported target "vtkRenderingPythonTkWidgets" references the file
[2.810s]    "/usr/lib/x86_64-linux-gnu/libvtkRenderingPythonTkWidgets.so"
[2.810s] but this file does not exist.  Possible reasons include:
[2.810s] * The file was deleted, renamed, or moved to another location.
[2.810s] * An install or uninstall procedure did not complete successfully.
[2.810s] * The installation package was faulty and contained
[2.810s]    "/usr/lib/cmake/vtk-7.1/VTKTargets.cmake"
[2.810s] but not all the files it references.
[2.810s] 
[2.811s] -- The imported target "vtk" references the file
[2.811s]    "/usr/bin/vtk"
[2.811s] but this file does not exist.  Possible reasons include:
[2.811s] * The file was deleted, renamed, or moved to another location.
[2.811s] * An install or uninstall procedure did not complete successfully.
[2.811s] * The installation package was faulty and contained
[2.811s]    "/usr/lib/cmake/vtk-7.1/VTKTargets.cmake"
[2.812s] but not all the files it references.
[2.812s] 
[2.812s] -- The imported target "pvtk" references the file
[2.812s]    "/usr/bin/pvtk"
[2.812s] but this file does not exist.  Possible reasons include:
[2.812s] * The file was deleted, renamed, or moved to another location.
[2.812s] * An install or uninstall procedure did not complete successfully.
[2.812s] * The installation package was faulty and contained
[2.812s]    "/usr/lib/cmake/vtk-7.1/VTKTargets.cmake"
[2.813s] but not all the files it references.
[2.813s] 
[2.840s] ** WARNING ** io features related to libusb-1.0 will be disabled
[2.841s] -- Found libusb-1.0: /usr/include  
[2.842s] -- looking for PCL_COMMON
[2.842s] -- Found PCL_COMMON: /usr/lib/x86_64-linux-gnu/libpcl_common.so  
[2.844s] -- looking for PCL_OCTREE
[2.844s] -- Found PCL_OCTREE: /usr/lib/x86_64-linux-gnu/libpcl_octree.so  
[2.847s] -- looking for PCL_IO
[2.848s] -- Found PCL_IO: /usr/lib/x86_64-linux-gnu/libpcl_io.so  
[2.848s] -- Found PCL: pcl_common;pcl_octree;pcl_io;/usr/lib/x86_64-linux-gnu/libboost_system.so.1.71.0;/usr/lib/x86_64-linux-gnu/libboost_filesystem.so;/usr/lib/x86_64-linux-gnu/libboost_date_time.so;/usr/lib/x86_64-linux-gnu/libboost_iostreams.so;/usr/lib/x86_64-linux-gnu/libboost_regex.so;/usr/lib/libOpenNI.so;/usr/lib/libOpenNI2.so;vtkChartsCore;vtkCommonColor;vtkCommonCore;vtksys;vtkCommonDataModel;vtkCommonMath;vtkCommonMisc;vtkCommonSystem;vtkCommonTransforms;vtkCommonExecutionModel;vtkFiltersGeneral;vtkCommonComputationalGeometry;vtkFiltersCore;vtkInfovisCore;vtkFiltersExtraction;vtkFiltersStatistics;vtkImagingFourier;vtkImagingCore;vtkalglib;vtkRenderingContext2D;vtkRenderingCore;vtkFiltersGeometry;vtkFiltersSources;vtkRenderingFreeType;/usr/lib/x86_64-linux-gnu/libfreetype.so;/usr/lib/x86_64-linux-gnu/libz.so;vtkFiltersModeling;vtkImagingSources;vtkInteractionStyle;vtkInteractionWidgets;vtkFiltersHybrid;vtkImagingColor;vtkImagingGeneral;vtkImagingHybrid;vtkIOImage;vtkDICOMParser;vtkmetaio;/usr/lib/x86_64-linux-gnu/libjpeg.so;/usr/lib/x86_64-linux-gnu/libpng.so;/usr/lib/x86_64-linux-gnu/libtiff.so;vtkRenderingAnnotation;vtkRenderingVolume;vtkIOXML;vtkIOCore;vtkIOXMLParser;/usr/lib/x86_64-linux-gnu/libexpat.so;vtkIOGeometry;vtkIOLegacy;vtkIOPLY;vtkRenderingLOD;vtkViewsContext2D;vtkViewsCore;vtkRenderingContextOpenGL2;vtkRenderingOpenGL2  
[2.963s] -- Configuring done
[3.010s] -- Generating done
[3.012s] -- Build files have been written to: /home/camilo/2022-tfg-juancamilo-carmona/tfg/build/pcl_recorder
[3.026s] Invoked command in '/home/camilo/2022-tfg-juancamilo-carmona/tfg/build/pcl_recorder' returned '0': AMENT_PREFIX_PATH=/home/camilo/2022-tfg-juancamilo-carmona/tfg/install/carla_ros_bridge:/home/camilo/2022-tfg-juancamilo-carmona/tfg/install/carla_spawn_objects:/home/camilo/2022-tfg-juancamilo-carmona/tfg/install/carla_manual_control:/home/camilo/2022-tfg-juancamilo-carmona/tfg/install/ros_compatibility:/home/camilo/2022-tfg-juancamilo-carmona/tfg/install/carla_common:${AMENT_PREFIX_PATH} CMAKE_PREFIX_PATH=/opt/ros/foxy PYTHONPATH=/home/camilo/2022-tfg-juancamilo-carmona/tfg/build/carla_ros_bridge/src:/home/camilo/2022-tfg-juancamilo-carmona/tfg/install/carla_ros_bridge/lib/python3.8/site-packages:/home/camilo/2022-tfg-juancamilo-carmona/tfg/build/carla_spawn_objects:/home/camilo/2022-tfg-juancamilo-carmona/tfg/install/carla_spawn_objects/lib/python3.8/site-packages:/home/camilo/2022-tfg-juancamilo-carmona/tfg/build/carla_manual_control/src:/home/camilo/2022-tfg-juancamilo-carmona/tfg/install/carla_manual_control/lib/python3.8/site-packages:/home/camilo/2022-tfg-juancamilo-carmona/tfg/build/ros_compatibility/src:/home/camilo/2022-tfg-juancamilo-carmona/tfg/install/ros_compatibility/lib/python3.8/site-packages:/home/camilo/2022-tfg-juancamilo-carmona/tfg/build/carla_common/src:/home/camilo/2022-tfg-juancamilo-carmona/tfg/install/carla_common/lib/python3.8/site-packages:${PYTHONPATH} /usr/bin/cmake /home/camilo/2022-tfg-juancamilo-carmona/tfg/src/ros-bridge/pcl_recorder -DAMENT_CMAKE_SYMLINK_INSTALL=1 -DCMAKE_INSTALL_PREFIX=/home/camilo/2022-tfg-juancamilo-carmona/tfg/install/pcl_recorder
[3.029s] Invoking command in '/home/camilo/2022-tfg-juancamilo-carmona/tfg/build/pcl_recorder': AMENT_PREFIX_PATH=/home/camilo/2022-tfg-juancamilo-carmona/tfg/install/carla_ros_bridge:/home/camilo/2022-tfg-juancamilo-carmona/tfg/install/carla_spawn_objects:/home/camilo/2022-tfg-juancamilo-carmona/tfg/install/carla_manual_control:/home/camilo/2022-tfg-juancamilo-carmona/tfg/install/ros_compatibility:/home/camilo/2022-tfg-juancamilo-carmona/tfg/install/carla_common:${AMENT_PREFIX_PATH} CMAKE_PREFIX_PATH=/opt/ros/foxy PYTHONPATH=/home/camilo/2022-tfg-juancamilo-carmona/tfg/build/carla_ros_bridge/src:/home/camilo/2022-tfg-juancamilo-carmona/tfg/install/carla_ros_bridge/lib/python3.8/site-packages:/home/camilo/2022-tfg-juancamilo-carmona/tfg/build/carla_spawn_objects:/home/camilo/2022-tfg-juancamilo-carmona/tfg/install/carla_spawn_objects/lib/python3.8/site-packages:/home/camilo/2022-tfg-juancamilo-carmona/tfg/build/carla_manual_control/src:/home/camilo/2022-tfg-juancamilo-carmona/tfg/install/carla_manual_control/lib/python3.8/site-packages:/home/camilo/2022-tfg-juancamilo-carmona/tfg/build/ros_compatibility/src:/home/camilo/2022-tfg-juancamilo-carmona/tfg/install/ros_compatibility/lib/python3.8/site-packages:/home/camilo/2022-tfg-juancamilo-carmona/tfg/build/carla_common/src:/home/camilo/2022-tfg-juancamilo-carmona/tfg/install/carla_common/lib/python3.8/site-packages:${PYTHONPATH} /usr/bin/cmake --build /home/camilo/2022-tfg-juancamilo-carmona/tfg/build/pcl_recorder -- -j12 -l12
[3.068s] [35m[1mScanning dependencies of target pcl_recorder_node[0m
[3.272s] [ 66%] [32mBuilding CXX object CMakeFiles/pcl_recorder_node.dir/src/mainROS2.cpp.o[0m
[3.272s] [ 66%] [32mBuilding CXX object CMakeFiles/pcl_recorder_node.dir/src/PclRecorderROS2.cpp.o[0m
[17.813s] [100%] [32m[1mLinking CXX executable pcl_recorder_node[0m
[18.407s] [100%] Built target pcl_recorder_node
[18.419s] Invoked command in '/home/camilo/2022-tfg-juancamilo-carmona/tfg/build/pcl_recorder' returned '0': AMENT_PREFIX_PATH=/home/camilo/2022-tfg-juancamilo-carmona/tfg/install/carla_ros_bridge:/home/camilo/2022-tfg-juancamilo-carmona/tfg/install/carla_spawn_objects:/home/camilo/2022-tfg-juancamilo-carmona/tfg/install/carla_manual_control:/home/camilo/2022-tfg-juancamilo-carmona/tfg/install/ros_compatibility:/home/camilo/2022-tfg-juancamilo-carmona/tfg/install/carla_common:${AMENT_PREFIX_PATH} CMAKE_PREFIX_PATH=/opt/ros/foxy PYTHONPATH=/home/camilo/2022-tfg-juancamilo-carmona/tfg/build/carla_ros_bridge/src:/home/camilo/2022-tfg-juancamilo-carmona/tfg/install/carla_ros_bridge/lib/python3.8/site-packages:/home/camilo/2022-tfg-juancamilo-carmona/tfg/build/carla_spawn_objects:/home/camilo/2022-tfg-juancamilo-carmona/tfg/install/carla_spawn_objects/lib/python3.8/site-packages:/home/camilo/2022-tfg-juancamilo-carmona/tfg/build/carla_manual_control/src:/home/camilo/2022-tfg-juancamilo-carmona/tfg/install/carla_manual_control/lib/python3.8/site-packages:/home/camilo/2022-tfg-juancamilo-carmona/tfg/build/ros_compatibility/src:/home/camilo/2022-tfg-juancamilo-carmona/tfg/install/ros_compatibility/lib/python3.8/site-packages:/home/camilo/2022-tfg-juancamilo-carmona/tfg/build/carla_common/src:/home/camilo/2022-tfg-juancamilo-carmona/tfg/install/carla_common/lib/python3.8/site-packages:${PYTHONPATH} /usr/bin/cmake --build /home/camilo/2022-tfg-juancamilo-carmona/tfg/build/pcl_recorder -- -j12 -l12
[18.444s] Invoking command in '/home/camilo/2022-tfg-juancamilo-carmona/tfg/build/pcl_recorder': AMENT_PREFIX_PATH=/home/camilo/2022-tfg-juancamilo-carmona/tfg/install/carla_ros_bridge:/home/camilo/2022-tfg-juancamilo-carmona/tfg/install/carla_spawn_objects:/home/camilo/2022-tfg-juancamilo-carmona/tfg/install/carla_manual_control:/home/camilo/2022-tfg-juancamilo-carmona/tfg/install/ros_compatibility:/home/camilo/2022-tfg-juancamilo-carmona/tfg/install/carla_common:${AMENT_PREFIX_PATH} CMAKE_PREFIX_PATH=/opt/ros/foxy PYTHONPATH=/home/camilo/2022-tfg-juancamilo-carmona/tfg/build/carla_ros_bridge/src:/home/camilo/2022-tfg-juancamilo-carmona/tfg/install/carla_ros_bridge/lib/python3.8/site-packages:/home/camilo/2022-tfg-juancamilo-carmona/tfg/build/carla_spawn_objects:/home/camilo/2022-tfg-juancamilo-carmona/tfg/install/carla_spawn_objects/lib/python3.8/site-packages:/home/camilo/2022-tfg-juancamilo-carmona/tfg/build/carla_manual_control/src:/home/camilo/2022-tfg-juancamilo-carmona/tfg/install/carla_manual_control/lib/python3.8/site-packages:/home/camilo/2022-tfg-juancamilo-carmona/tfg/build/ros_compatibility/src:/home/camilo/2022-tfg-juancamilo-carmona/tfg/install/ros_compatibility/lib/python3.8/site-packages:/home/camilo/2022-tfg-juancamilo-carmona/tfg/build/carla_common/src:/home/camilo/2022-tfg-juancamilo-carmona/tfg/install/carla_common/lib/python3.8/site-packages:${PYTHONPATH} /usr/bin/cmake --install /home/camilo/2022-tfg-juancamilo-carmona/tfg/build/pcl_recorder
[18.452s] -- Install configuration: ""
[18.452s] -- Execute custom install script
[18.453s] -- Symlinking: /home/camilo/2022-tfg-juancamilo-carmona/tfg/install/pcl_recorder/lib/pcl_recorder/pcl_recorder_node
[18.461s] -- Symlinking: /home/camilo/2022-tfg-juancamilo-carmona/tfg/install/pcl_recorder/share/pcl_recorder//pcl_recorder.launch
[18.469s] -- Symlinking: /home/camilo/2022-tfg-juancamilo-carmona/tfg/install/pcl_recorder/share/pcl_recorder//pcl_recorder.launch.py
[18.477s] -- Symlinking: /home/camilo/2022-tfg-juancamilo-carmona/tfg/install/pcl_recorder/share/ament_index/resource_index/package_run_dependencies/pcl_recorder
[18.485s] -- Symlinking: /home/camilo/2022-tfg-juancamilo-carmona/tfg/install/pcl_recorder/share/ament_index/resource_index/parent_prefix_path/pcl_recorder
[18.493s] -- Symlinking: /home/camilo/2022-tfg-juancamilo-carmona/tfg/install/pcl_recorder/share/pcl_recorder/environment/ament_prefix_path.sh
[18.501s] -- Symlinking: /home/camilo/2022-tfg-juancamilo-carmona/tfg/install/pcl_recorder/share/pcl_recorder/environment/ament_prefix_path.dsv
[18.509s] -- Symlinking: /home/camilo/2022-tfg-juancamilo-carmona/tfg/install/pcl_recorder/share/pcl_recorder/environment/path.sh
[18.518s] -- Symlinking: /home/camilo/2022-tfg-juancamilo-carmona/tfg/install/pcl_recorder/share/pcl_recorder/environment/path.dsv
[18.526s] -- Symlinking: /home/camilo/2022-tfg-juancamilo-carmona/tfg/install/pcl_recorder/share/pcl_recorder/local_setup.bash
[18.534s] -- Symlinking: /home/camilo/2022-tfg-juancamilo-carmona/tfg/install/pcl_recorder/share/pcl_recorder/local_setup.sh
[18.542s] -- Symlinking: /home/camilo/2022-tfg-juancamilo-carmona/tfg/install/pcl_recorder/share/pcl_recorder/local_setup.zsh
[18.550s] -- Symlinking: /home/camilo/2022-tfg-juancamilo-carmona/tfg/install/pcl_recorder/share/pcl_recorder/local_setup.dsv
[18.559s] -- Symlinking: /home/camilo/2022-tfg-juancamilo-carmona/tfg/install/pcl_recorder/share/pcl_recorder/package.dsv
[18.567s] -- Symlinking: /home/camilo/2022-tfg-juancamilo-carmona/tfg/install/pcl_recorder/share/ament_index/resource_index/packages/pcl_recorder
[18.575s] -- Symlinking: /home/camilo/2022-tfg-juancamilo-carmona/tfg/install/pcl_recorder/share/pcl_recorder/cmake/pcl_recorderConfig.cmake
[18.584s] -- Symlinking: /home/camilo/2022-tfg-juancamilo-carmona/tfg/install/pcl_recorder/share/pcl_recorder/cmake/pcl_recorderConfig-version.cmake
[18.592s] -- Symlinking: /home/camilo/2022-tfg-juancamilo-carmona/tfg/install/pcl_recorder/share/pcl_recorder/package.xml
[18.605s] Invoked command in '/home/camilo/2022-tfg-juancamilo-carmona/tfg/build/pcl_recorder' returned '0': AMENT_PREFIX_PATH=/home/camilo/2022-tfg-juancamilo-carmona/tfg/install/carla_ros_bridge:/home/camilo/2022-tfg-juancamilo-carmona/tfg/install/carla_spawn_objects:/home/camilo/2022-tfg-juancamilo-carmona/tfg/install/carla_manual_control:/home/camilo/2022-tfg-juancamilo-carmona/tfg/install/ros_compatibility:/home/camilo/2022-tfg-juancamilo-carmona/tfg/install/carla_common:${AMENT_PREFIX_PATH} CMAKE_PREFIX_PATH=/opt/ros/foxy PYTHONPATH=/home/camilo/2022-tfg-juancamilo-carmona/tfg/build/carla_ros_bridge/src:/home/camilo/2022-tfg-juancamilo-carmona/tfg/install/carla_ros_bridge/lib/python3.8/site-packages:/home/camilo/2022-tfg-juancamilo-carmona/tfg/build/carla_spawn_objects:/home/camilo/2022-tfg-juancamilo-carmona/tfg/install/carla_spawn_objects/lib/python3.8/site-packages:/home/camilo/2022-tfg-juancamilo-carmona/tfg/build/carla_manual_control/src:/home/camilo/2022-tfg-juancamilo-carmona/tfg/install/carla_manual_control/lib/python3.8/site-packages:/home/camilo/2022-tfg-juancamilo-carmona/tfg/build/ros_compatibility/src:/home/camilo/2022-tfg-juancamilo-carmona/tfg/install/ros_compatibility/lib/python3.8/site-packages:/home/camilo/2022-tfg-juancamilo-carmona/tfg/build/carla_common/src:/home/camilo/2022-tfg-juancamilo-carmona/tfg/install/carla_common/lib/python3.8/site-packages:${PYTHONPATH} /usr/bin/cmake --install /home/camilo/2022-tfg-juancamilo-carmona/tfg/build/pcl_recorder
