[2.244s] Invoking command in '/home/camilo/2022-tfg-juancamilo-carmona/tfg/build/ros_compatibility': PYTHONPATH=/home/camilo/2022-tfg-juancamilo-carmona/tfg/build/ros_compatibility/prefix_override:/home/camilo/2022-tfg-juancamilo-carmona/tfg/install/ros_compatibility/lib/python3.8/site-packages:${PYTHONPATH} /usr/bin/python3 setup.py develop --editable --build-directory /home/camilo/2022-tfg-juancamilo-carmona/tfg/build/ros_compatibility/build --no-deps install_data
[2.592s] running develop
[2.855s] running egg_info
[2.855s] creating src/ros_compatibility.egg-info
[2.856s] writing src/ros_compatibility.egg-info/PKG-INFO
[2.856s] writing dependency_links to src/ros_compatibility.egg-info/dependency_links.txt
[2.856s] writing requirements to src/ros_compatibility.egg-info/requires.txt
[2.856s] writing top-level names to src/ros_compatibility.egg-info/top_level.txt
[2.858s] writing manifest file 'src/ros_compatibility.egg-info/SOURCES.txt'
[2.895s] reading manifest file 'src/ros_compatibility.egg-info/SOURCES.txt'
[2.896s] writing manifest file 'src/ros_compatibility.egg-info/SOURCES.txt'
[2.933s] running build_ext
[2.934s] Creating /home/camilo/2022-tfg-juancamilo-carmona/tfg/install/ros_compatibility/lib/python3.8/site-packages/site.py
[2.938s] Creating /home/camilo/2022-tfg-juancamilo-carmona/tfg/install/ros_compatibility/lib/python3.8/site-packages/ros-compatibility.egg-link (link to src)
[2.938s] 
[2.938s] Installed /home/camilo/2022-tfg-juancamilo-carmona/tfg/build/ros_compatibility/src
[2.939s] running install_data
[2.939s] creating /home/camilo/2022-tfg-juancamilo-carmona/tfg/install/ros_compatibility/share/ament_index
[2.939s] creating /home/camilo/2022-tfg-juancamilo-carmona/tfg/install/ros_compatibility/share/ament_index/resource_index
[2.939s] creating /home/camilo/2022-tfg-juancamilo-carmona/tfg/install/ros_compatibility/share/ament_index/resource_index/packages
[2.939s] copying resource/ros_compatibility -> /home/camilo/2022-tfg-juancamilo-carmona/tfg/install/ros_compatibility/share/ament_index/resource_index/packages
[2.939s] copying package.xml -> /home/camilo/2022-tfg-juancamilo-carmona/tfg/install/ros_compatibility/share/ros_compatibility
[2.983s] Invoked command in '/home/camilo/2022-tfg-juancamilo-carmona/tfg/build/ros_compatibility' returned '0': PYTHONPATH=/home/camilo/2022-tfg-juancamilo-carmona/tfg/build/ros_compatibility/prefix_override:/home/camilo/2022-tfg-juancamilo-carmona/tfg/install/ros_compatibility/lib/python3.8/site-packages:${PYTHONPATH} /usr/bin/python3 setup.py develop --editable --build-directory /home/camilo/2022-tfg-juancamilo-carmona/tfg/build/ros_compatibility/build --no-deps install_data
