-- The C compiler identification is GNU 9.4.0
-- The CXX compiler identification is GNU 9.4.0
-- Check for working C compiler: /usr/bin/cc
-- Check for working C compiler: /usr/bin/cc -- works
-- Detecting C compiler ABI info
-- Detecting C compiler ABI info - done
-- Detecting C compile features
-- Detecting C compile features - done
-- Check for working CXX compiler: /usr/bin/c++
-- Check for working CXX compiler: /usr/bin/c++ -- works
-- Detecting CXX compiler ABI info
-- Detecting CXX compiler ABI info - done
-- Detecting CXX compile features
-- Detecting CXX compile features - done
-- Found ros_environment: 2.5.1 (/opt/ros/foxy/share/ros_environment/cmake)
-- Found ament_cmake: 0.9.11 (/opt/ros/foxy/share/ament_cmake/cmake)
-- Found PythonInterp: /usr/bin/python3 (found suitable version "3.8.10", minimum required is "3") 
-- Using PYTHON_EXECUTABLE: /usr/bin/python3
-- Found rclpy: 1.0.11 (/opt/ros/foxy/share/rclpy/cmake)
Error parsing '/home/camilo/2022-tfg-juancamilo-carmona/tfg/src/carla_teleop/package.xml':
Traceback (most recent call last):
  File "/opt/ros/foxy/share/ament_cmake_core/cmake/core/package_xml_2_cmake.py", line 143, in <module>
    main()
  File "/opt/ros/foxy/share/ament_cmake_core/cmake/core/package_xml_2_cmake.py", line 52, in main
    raise e
  File "/opt/ros/foxy/share/ament_cmake_core/cmake/core/package_xml_2_cmake.py", line 48, in main
    package = parse_package_string(
  File "/usr/lib/python3/dist-packages/catkin_pkg/package.py", line 788, in parse_package_string
    pkg.validate(warnings=warnings)
  File "/usr/lib/python3/dist-packages/catkin_pkg/package.py", line 330, in validate
    raise InvalidPackage('\n'.join(errors), self.filename)
catkin_pkg.package.InvalidPackage: Error(s) in package '/home/camilo/2022-tfg-juancamilo-carmona/tfg/src/carla_teleop/package.xml':
The package node must contain at least one "license" tag
CMake Error at /opt/ros/foxy/share/ament_cmake_core/cmake/core/ament_package_xml.cmake:94 (message):
  execute_process(/usr/bin/python3
  /opt/ros/foxy/share/ament_cmake_core/cmake/core/package_xml_2_cmake.py
  /home/camilo/2022-tfg-juancamilo-carmona/tfg/src/carla_teleop/package.xml
  /home/camilo/2022-tfg-juancamilo-carmona/tfg/build/carla_teleop/ament_cmake_core/package.cmake)
  returned error code 1
Call Stack (most recent call first):
  /opt/ros/foxy/share/ament_cmake_core/cmake/core/ament_package_xml.cmake:49 (_ament_package_xml)
  /opt/ros/foxy/share/ament_cmake_core/cmake/core/ament_package.cmake:63 (ament_package_xml)
  CMakeLists.txt:14 (ament_package)


-- Configuring incomplete, errors occurred!
See also "/home/camilo/2022-tfg-juancamilo-carmona/tfg/build/carla_teleop/CMakeFiles/CMakeOutput.log".
