[1.148s] Invoking command in '/home/camilo/2022-tfg-juancamilo-carmona/tfg/build/carla_teleop': /usr/bin/cmake /home/camilo/2022-tfg-juancamilo-carmona/tfg/src/carla_teleop -DCMAKE_INSTALL_PREFIX=/home/camilo/2022-tfg-juancamilo-carmona/tfg/install/carla_teleop
[1.530s] -- The C compiler identification is GNU 9.4.0
[1.530s] -- The CXX compiler identification is GNU 9.4.0
[1.530s] -- Check for working C compiler: /usr/bin/cc
[1.530s] -- Check for working C compiler: /usr/bin/cc -- works
[1.531s] -- Detecting C compiler ABI info
[1.544s] -- Detecting C compiler ABI info - done
[1.566s] -- Detecting C compile features
[1.567s] -- Detecting C compile features - done
[1.575s] -- Check for working CXX compiler: /usr/bin/c++
[1.689s] -- Check for working CXX compiler: /usr/bin/c++ -- works
[1.691s] -- Detecting CXX compiler ABI info
[1.796s] -- Detecting CXX compiler ABI info - done
[1.822s] -- Detecting CXX compile features
[1.823s] -- Detecting CXX compile features - done
[1.829s] -- Found ros_environment: 2.5.1 (/opt/ros/foxy/share/ros_environment/cmake)
[1.834s] -- Found ament_cmake: 0.9.11 (/opt/ros/foxy/share/ament_cmake/cmake)
[1.921s] -- Found PythonInterp: /usr/bin/python3 (found suitable version "3.8.10", minimum required is "3") 
[1.921s] -- Using PYTHON_EXECUTABLE: /usr/bin/python3
[2.460s] -- Found rclpy: 1.0.11 (/opt/ros/foxy/share/rclpy/cmake)
[2.631s] Error parsing '/home/camilo/2022-tfg-juancamilo-carmona/tfg/src/carla_teleop/package.xml':
[2.806s] Traceback (most recent call last):
[2.806s]   File "/opt/ros/foxy/share/ament_cmake_core/cmake/core/package_xml_2_cmake.py", line 143, in <module>
[2.806s]     main()
[2.806s]   File "/opt/ros/foxy/share/ament_cmake_core/cmake/core/package_xml_2_cmake.py", line 52, in main
[2.806s]     raise e
[2.806s]   File "/opt/ros/foxy/share/ament_cmake_core/cmake/core/package_xml_2_cmake.py", line 48, in main
[2.806s]     package = parse_package_string(
[2.807s]   File "/usr/lib/python3/dist-packages/catkin_pkg/package.py", line 788, in parse_package_string
[2.807s]     pkg.validate(warnings=warnings)
[2.807s]   File "/usr/lib/python3/dist-packages/catkin_pkg/package.py", line 330, in validate
[2.807s]     raise InvalidPackage('\n'.join(errors), self.filename)
[2.807s] catkin_pkg.package.InvalidPackage: Error(s) in package '/home/camilo/2022-tfg-juancamilo-carmona/tfg/src/carla_teleop/package.xml':
[2.807s] The package node must contain at least one "license" tag
[2.842s] CMake Error at /opt/ros/foxy/share/ament_cmake_core/cmake/core/ament_package_xml.cmake:94 (message):
[2.842s]   execute_process(/usr/bin/python3
[2.843s]   /opt/ros/foxy/share/ament_cmake_core/cmake/core/package_xml_2_cmake.py
[2.843s]   /home/camilo/2022-tfg-juancamilo-carmona/tfg/src/carla_teleop/package.xml
[2.843s]   /home/camilo/2022-tfg-juancamilo-carmona/tfg/build/carla_teleop/ament_cmake_core/package.cmake)
[2.843s]   returned error code 1
[2.843s] Call Stack (most recent call first):
[2.843s]   /opt/ros/foxy/share/ament_cmake_core/cmake/core/ament_package_xml.cmake:49 (_ament_package_xml)
[2.843s]   /opt/ros/foxy/share/ament_cmake_core/cmake/core/ament_package.cmake:63 (ament_package_xml)
[2.844s]   CMakeLists.txt:14 (ament_package)
[2.844s] 
[2.844s] 
[2.844s] -- Configuring incomplete, errors occurred!
[2.844s] See also "/home/camilo/2022-tfg-juancamilo-carmona/tfg/build/carla_teleop/CMakeFiles/CMakeOutput.log".
[3.273s] Invoked command in '/home/camilo/2022-tfg-juancamilo-carmona/tfg/build/carla_teleop' returned '1': /usr/bin/cmake /home/camilo/2022-tfg-juancamilo-carmona/tfg/src/carla_teleop -DCMAKE_INSTALL_PREFIX=/home/camilo/2022-tfg-juancamilo-carmona/tfg/install/carla_teleop
