[2.281s] Invoking command in '/home/camilo/2022-tfg-juancamilo-carmona/tfg/build/carla_teleop': AMENT_PREFIX_PATH=/home/camilo/2022-tfg-juancamilo-carmona/tfg/install/ros_compatibility:${AMENT_PREFIX_PATH} PYTHONPATH=/home/camilo/2022-tfg-juancamilo-carmona/tfg/build/carla_teleop/prefix_override:/home/camilo/2022-tfg-juancamilo-carmona/tfg/install/carla_teleop/lib/python3.8/site-packages:/home/camilo/2022-tfg-juancamilo-carmona/tfg/build/ros_compatibility/src:/home/camilo/2022-tfg-juancamilo-carmona/tfg/install/ros_compatibility/lib/python3.8/site-packages:${PYTHONPATH} /usr/bin/python3 setup.py develop --editable --build-directory /home/camilo/2022-tfg-juancamilo-carmona/tfg/build/carla_teleop/build --no-deps install_data
[2.660s] running develop
[2.975s] running egg_info
[2.975s] creating carla_teleop.egg-info
[2.975s] writing carla_teleop.egg-info/PKG-INFO
[2.975s] writing dependency_links to carla_teleop.egg-info/dependency_links.txt
[2.976s] writing entry points to carla_teleop.egg-info/entry_points.txt
[2.976s] writing requirements to carla_teleop.egg-info/requires.txt
[2.976s] writing top-level names to carla_teleop.egg-info/top_level.txt
[2.978s] writing manifest file 'carla_teleop.egg-info/SOURCES.txt'
[3.035s] reading manifest file 'carla_teleop.egg-info/SOURCES.txt'
[3.036s] writing manifest file 'carla_teleop.egg-info/SOURCES.txt'
[3.096s] running build_ext
[3.097s] Creating /home/camilo/2022-tfg-juancamilo-carmona/tfg/install/carla_teleop/lib/python3.8/site-packages/site.py
[3.100s] Creating /home/camilo/2022-tfg-juancamilo-carmona/tfg/install/carla_teleop/lib/python3.8/site-packages/carla-teleop.egg-link (link to .)
[3.101s] Installing carla_teleop script to /home/camilo/2022-tfg-juancamilo-carmona/tfg/install/carla_teleop/lib/carla_teleop
[3.101s] 
[3.101s] Installed /home/camilo/2022-tfg-juancamilo-carmona/tfg/build/carla_teleop
[3.102s] running install_data
[3.102s] creating /home/camilo/2022-tfg-juancamilo-carmona/tfg/install/carla_teleop/share/ament_index
[3.102s] creating /home/camilo/2022-tfg-juancamilo-carmona/tfg/install/carla_teleop/share/ament_index/resource_index
[3.102s] creating /home/camilo/2022-tfg-juancamilo-carmona/tfg/install/carla_teleop/share/ament_index/resource_index/packages
[3.102s] copying resource/carla_teleop -> /home/camilo/2022-tfg-juancamilo-carmona/tfg/install/carla_teleop/share/ament_index/resource_index/packages
[3.103s] copying package.xml -> /home/camilo/2022-tfg-juancamilo-carmona/tfg/install/carla_teleop/share/carla_teleop
[3.103s] copying launch/carla_generate_vehicle.launch.py -> /home/camilo/2022-tfg-juancamilo-carmona/tfg/install/carla_teleop/share/carla_teleop
[3.104s] copying launch/spawn_vehicle.launch.py -> /home/camilo/2022-tfg-juancamilo-carmona/tfg/install/carla_teleop/share/carla_teleop
[3.104s] copying launch/carla_teleop.launch.py -> /home/camilo/2022-tfg-juancamilo-carmona/tfg/install/carla_teleop/share/carla_teleop
[3.178s] Invoked command in '/home/camilo/2022-tfg-juancamilo-carmona/tfg/build/carla_teleop' returned '0': AMENT_PREFIX_PATH=/home/camilo/2022-tfg-juancamilo-carmona/tfg/install/ros_compatibility:${AMENT_PREFIX_PATH} PYTHONPATH=/home/camilo/2022-tfg-juancamilo-carmona/tfg/build/carla_teleop/prefix_override:/home/camilo/2022-tfg-juancamilo-carmona/tfg/install/carla_teleop/lib/python3.8/site-packages:/home/camilo/2022-tfg-juancamilo-carmona/tfg/build/ros_compatibility/src:/home/camilo/2022-tfg-juancamilo-carmona/tfg/install/ros_compatibility/lib/python3.8/site-packages:${PYTHONPATH} /usr/bin/python3 setup.py develop --editable --build-directory /home/camilo/2022-tfg-juancamilo-carmona/tfg/build/carla_teleop/build --no-deps install_data
