running develop
running egg_info
creating src/carla_ros_scenario_runner.egg-info
writing src/carla_ros_scenario_runner.egg-info/PKG-INFO
writing dependency_links to src/carla_ros_scenario_runner.egg-info/dependency_links.txt
writing entry points to src/carla_ros_scenario_runner.egg-info/entry_points.txt
writing requirements to src/carla_ros_scenario_runner.egg-info/requires.txt
writing top-level names to src/carla_ros_scenario_runner.egg-info/top_level.txt
writing manifest file 'src/carla_ros_scenario_runner.egg-info/SOURCES.txt'
reading manifest file 'src/carla_ros_scenario_runner.egg-info/SOURCES.txt'
writing manifest file 'src/carla_ros_scenario_runner.egg-info/SOURCES.txt'
running build_ext
Creating /home/camilo/2022-tfg-juancamilo-carmona/tfg/install/carla_ros_scenario_runner/lib/python3.8/site-packages/site.py
Creating /home/camilo/2022-tfg-juancamilo-carmona/tfg/install/carla_ros_scenario_runner/lib/python3.8/site-packages/carla-ros-scenario-runner.egg-link (link to src)
Installing carla_ros_scenario_runner script to /home/camilo/2022-tfg-juancamilo-carmona/tfg/install/carla_ros_scenario_runner/lib/carla_ros_scenario_runner

Installed /home/camilo/2022-tfg-juancamilo-carmona/tfg/build/carla_ros_scenario_runner/src
running install_data
creating /home/camilo/2022-tfg-juancamilo-carmona/tfg/install/carla_ros_scenario_runner/share/ament_index
creating /home/camilo/2022-tfg-juancamilo-carmona/tfg/install/carla_ros_scenario_runner/share/ament_index/resource_index
creating /home/camilo/2022-tfg-juancamilo-carmona/tfg/install/carla_ros_scenario_runner/share/ament_index/resource_index/packages
copying resource/carla_ros_scenario_runner -> /home/camilo/2022-tfg-juancamilo-carmona/tfg/install/carla_ros_scenario_runner/share/ament_index/resource_index/packages
copying package.xml -> /home/camilo/2022-tfg-juancamilo-carmona/tfg/install/carla_ros_scenario_runner/share/carla_ros_scenario_runner
copying launch/carla_ros_scenario_runner.launch.py -> /home/camilo/2022-tfg-juancamilo-carmona/tfg/install/carla_ros_scenario_runner/share/carla_ros_scenario_runner
