[2.138s] Invoking command in '/home/camilo/2022-tfg-juancamilo-carmona/tfg/build/rqt_carla_control': PYTHONPATH=/home/camilo/2022-tfg-juancamilo-carmona/tfg/build/rqt_carla_control/prefix_override:/home/camilo/2022-tfg-juancamilo-carmona/tfg/install/rqt_carla_control/lib/python3.8/site-packages:${PYTHONPATH} /usr/bin/python3 setup.py develop --editable --build-directory /home/camilo/2022-tfg-juancamilo-carmona/tfg/build/rqt_carla_control/build --no-deps install_data
[2.538s] running develop
[2.837s] running egg_info
[2.837s] creating src/rqt_carla_control.egg-info
[2.837s] writing src/rqt_carla_control.egg-info/PKG-INFO
[2.837s] writing dependency_links to src/rqt_carla_control.egg-info/dependency_links.txt
[2.837s] writing requirements to src/rqt_carla_control.egg-info/requires.txt
[2.838s] writing top-level names to src/rqt_carla_control.egg-info/top_level.txt
[2.839s] writing manifest file 'src/rqt_carla_control.egg-info/SOURCES.txt'
[2.892s] reading manifest file 'src/rqt_carla_control.egg-info/SOURCES.txt'
[2.893s] writing manifest file 'src/rqt_carla_control.egg-info/SOURCES.txt'
[2.945s] running build_ext
[2.946s] Creating /home/camilo/2022-tfg-juancamilo-carmona/tfg/install/rqt_carla_control/lib/python3.8/site-packages/site.py
[2.948s] Creating /home/camilo/2022-tfg-juancamilo-carmona/tfg/install/rqt_carla_control/lib/python3.8/site-packages/rqt-carla-control.egg-link (link to src)
[2.951s] Installing rqt_carla_control script to /home/camilo/2022-tfg-juancamilo-carmona/tfg/install/rqt_carla_control/lib/rqt_carla_control
[2.951s] 
[2.951s] Installed /home/camilo/2022-tfg-juancamilo-carmona/tfg/build/rqt_carla_control/src
[2.952s] running install_data
[2.952s] creating /home/camilo/2022-tfg-juancamilo-carmona/tfg/install/rqt_carla_control/share/ament_index
[2.952s] creating /home/camilo/2022-tfg-juancamilo-carmona/tfg/install/rqt_carla_control/share/ament_index/resource_index
[2.952s] creating /home/camilo/2022-tfg-juancamilo-carmona/tfg/install/rqt_carla_control/share/ament_index/resource_index/packages
[2.952s] copying resource/rqt_carla_control -> /home/camilo/2022-tfg-juancamilo-carmona/tfg/install/rqt_carla_control/share/ament_index/resource_index/packages
[2.952s] copying package.xml -> /home/camilo/2022-tfg-juancamilo-carmona/tfg/install/rqt_carla_control/share/rqt_carla_control
[2.952s] copying plugin.xml -> /home/camilo/2022-tfg-juancamilo-carmona/tfg/install/rqt_carla_control/share/rqt_carla_control
[2.952s] creating /home/camilo/2022-tfg-juancamilo-carmona/tfg/install/rqt_carla_control/share/rqt_carla_control/resource
[2.953s] copying resource/CarlaControl.ui -> /home/camilo/2022-tfg-juancamilo-carmona/tfg/install/rqt_carla_control/share/rqt_carla_control/resource
[2.953s] copying resource/pause.png -> /home/camilo/2022-tfg-juancamilo-carmona/tfg/install/rqt_carla_control/share/rqt_carla_control/resource
[2.953s] copying resource/play.png -> /home/camilo/2022-tfg-juancamilo-carmona/tfg/install/rqt_carla_control/share/rqt_carla_control/resource
[2.954s] copying resource/step_once.png -> /home/camilo/2022-tfg-juancamilo-carmona/tfg/install/rqt_carla_control/share/rqt_carla_control/resource
[4.416s] Invoked command in '/home/camilo/2022-tfg-juancamilo-carmona/tfg/build/rqt_carla_control' returned '0': PYTHONPATH=/home/camilo/2022-tfg-juancamilo-carmona/tfg/build/rqt_carla_control/prefix_override:/home/camilo/2022-tfg-juancamilo-carmona/tfg/install/rqt_carla_control/lib/python3.8/site-packages:${PYTHONPATH} /usr/bin/python3 setup.py develop --editable --build-directory /home/camilo/2022-tfg-juancamilo-carmona/tfg/build/rqt_carla_control/build --no-deps install_data
