This is pdfTeX, Version 3.141592653-2.6-1.40.25 (MiKTeX 23.4) (preloaded format=pdflatex 2023.9.12)  20 SEP 2023 21:07
entering extended mode
 restricted \write18 enabled.
 %&-line parsing enabled.
**C:/Users/juanc/Desktop/tfg/memoria/capitulos/capitulo2.tex
(C:/Users/juanc/Desktop/tfg/memoria/capitulos/capitulo2.tex
LaTeX2e <2022-11-01> patch level 1
L3 programming layer <2023-03-30>
! Undefined control sequence.
l.1 \chapter
            {Objetivos}
? 
! Emergency stop.
l.1 
    
End of file on the terminal!

 
Here is how much of TeX's memory you used:
 19 strings out of 476331
 530 string characters out of 5787765
 1849660 words of memory out of 5000000
 20557 multiletter control sequences out of 15000+600000
 512287 words of font info for 32 fonts, out of 8000000 for 9000
 1141 hyphenation exceptions out of 8191
 13i,0n,12p,109b,10s stack positions out of 10000i,1000n,20000p,200000b,200000s
!  ==> Fatal error occurred, no output PDF file produced!
