running develop
running egg_info
creating carla_spawn_objects.egg-info
writing carla_spawn_objects.egg-info/PKG-INFO
writing dependency_links to carla_spawn_objects.egg-info/dependency_links.txt
writing entry points to carla_spawn_objects.egg-info/entry_points.txt
writing requirements to carla_spawn_objects.egg-info/requires.txt
writing top-level names to carla_spawn_objects.egg-info/top_level.txt
writing manifest file 'carla_spawn_objects.egg-info/SOURCES.txt'
reading manifest file 'carla_spawn_objects.egg-info/SOURCES.txt'
writing manifest file 'carla_spawn_objects.egg-info/SOURCES.txt'
running build_ext
Creating /home/camilo/2022-tfg-juancamilo-carmona/tfg/install/carla_spawn_objects/lib/python3.8/site-packages/site.py
Creating /home/camilo/2022-tfg-juancamilo-carmona/tfg/install/carla_spawn_objects/lib/python3.8/site-packages/carla-spawn-objects.egg-link (link to .)
Installing carla_spawn_objects script to /home/camilo/2022-tfg-juancamilo-carmona/tfg/install/carla_spawn_objects/lib/carla_spawn_objects
Installing set_initial_pose script to /home/camilo/2022-tfg-juancamilo-carmona/tfg/install/carla_spawn_objects/lib/carla_spawn_objects

Installed /home/camilo/2022-tfg-juancamilo-carmona/tfg/build/carla_spawn_objects
running install_data
creating /home/camilo/2022-tfg-juancamilo-carmona/tfg/install/carla_spawn_objects/share/ament_index
creating /home/camilo/2022-tfg-juancamilo-carmona/tfg/install/carla_spawn_objects/share/ament_index/resource_index
creating /home/camilo/2022-tfg-juancamilo-carmona/tfg/install/carla_spawn_objects/share/ament_index/resource_index/packages
copying resource/carla_spawn_objects -> /home/camilo/2022-tfg-juancamilo-carmona/tfg/install/carla_spawn_objects/share/ament_index/resource_index/packages
copying package.xml -> /home/camilo/2022-tfg-juancamilo-carmona/tfg/install/carla_spawn_objects/share/carla_spawn_objects
creating /home/camilo/2022-tfg-juancamilo-carmona/tfg/install/carla_spawn_objects/share/carla_spawn_objects/config
copying config/objects.json -> /home/camilo/2022-tfg-juancamilo-carmona/tfg/install/carla_spawn_objects/share/carla_spawn_objects/config
copying launch/set_initial_pose.launch.py -> /home/camilo/2022-tfg-juancamilo-carmona/tfg/install/carla_spawn_objects/share/carla_spawn_objects
copying launch/carla_example_ego_vehicle.launch.py -> /home/camilo/2022-tfg-juancamilo-carmona/tfg/install/carla_spawn_objects/share/carla_spawn_objects
copying launch/carla_spawn_objects.launch.py -> /home/camilo/2022-tfg-juancamilo-carmona/tfg/install/carla_spawn_objects/share/carla_spawn_objects
