[2.089s] Invoking command in '/home/camilo/2022-tfg-juancamilo-carmona/tfg/build/ros_compatibility': PYTHONPATH=/home/camilo/2022-tfg-juancamilo-carmona/tfg/install/ros_compatibility/lib/python3.8/site-packages:${PYTHONPATH} /usr/bin/python3 setup.py develop --prefix /home/camilo/2022-tfg-juancamilo-carmona/tfg/install/ros_compatibility --editable --build-directory /home/camilo/2022-tfg-juancamilo-carmona/tfg/build/ros_compatibility/build --no-deps install_data --install-dir /home/camilo/2022-tfg-juancamilo-carmona/tfg/install/ros_compatibility
[2.430s] running develop
[2.644s] running egg_info
[2.644s] creating src/ros_compatibility.egg-info
[2.644s] writing src/ros_compatibility.egg-info/PKG-INFO
[2.644s] writing dependency_links to src/ros_compatibility.egg-info/dependency_links.txt
[2.644s] writing requirements to src/ros_compatibility.egg-info/requires.txt
[2.644s] writing top-level names to src/ros_compatibility.egg-info/top_level.txt
[2.646s] writing manifest file 'src/ros_compatibility.egg-info/SOURCES.txt'
[2.678s] reading manifest file 'src/ros_compatibility.egg-info/SOURCES.txt'
[2.679s] writing manifest file 'src/ros_compatibility.egg-info/SOURCES.txt'
[2.719s] running build_ext
[2.720s] Creating /home/camilo/2022-tfg-juancamilo-carmona/tfg/install/ros_compatibility/lib/python3.8/site-packages/site.py
[2.722s] Creating /home/camilo/2022-tfg-juancamilo-carmona/tfg/install/ros_compatibility/lib/python3.8/site-packages/ros-compatibility.egg-link (link to src)
[2.723s] 
[2.723s] Installed /home/camilo/2022-tfg-juancamilo-carmona/tfg/build/ros_compatibility/src
[2.723s] running install_data
[2.723s] creating /home/camilo/2022-tfg-juancamilo-carmona/tfg/install/ros_compatibility/share/ament_index
[2.723s] creating /home/camilo/2022-tfg-juancamilo-carmona/tfg/install/ros_compatibility/share/ament_index/resource_index
[2.723s] creating /home/camilo/2022-tfg-juancamilo-carmona/tfg/install/ros_compatibility/share/ament_index/resource_index/packages
[2.723s] copying resource/ros_compatibility -> /home/camilo/2022-tfg-juancamilo-carmona/tfg/install/ros_compatibility/share/ament_index/resource_index/packages
[2.723s] copying package.xml -> /home/camilo/2022-tfg-juancamilo-carmona/tfg/install/ros_compatibility/share/ros_compatibility
[2.763s] Invoked command in '/home/camilo/2022-tfg-juancamilo-carmona/tfg/build/ros_compatibility' returned '0': PYTHONPATH=/home/camilo/2022-tfg-juancamilo-carmona/tfg/install/ros_compatibility/lib/python3.8/site-packages:${PYTHONPATH} /usr/bin/python3 setup.py develop --prefix /home/camilo/2022-tfg-juancamilo-carmona/tfg/install/ros_compatibility --editable --build-directory /home/camilo/2022-tfg-juancamilo-carmona/tfg/build/ros_compatibility/build --no-deps install_data --install-dir /home/camilo/2022-tfg-juancamilo-carmona/tfg/install/ros_compatibility
