[0.854s] Invoking command in '/home/camilo/2022-tfg-juancamilo-carmona/tfg/build/carla_waypoint_publisher': AMENT_PREFIX_PATH=/home/camilo/2022-tfg-juancamilo-carmona/tfg/install/ros_compatibility:/home/camilo/2022-tfg-juancamilo-carmona/tfg/install/carla_waypoint_types:${AMENT_PREFIX_PATH} CMAKE_PREFIX_PATH=/home/camilo/2022-tfg-juancamilo-carmona/tfg/install/carla_waypoint_types:${CMAKE_PREFIX_PATH} LD_LIBRARY_PATH=/home/camilo/2022-tfg-juancamilo-carmona/tfg/install/carla_waypoint_types/lib:${LD_LIBRARY_PATH} PYTHONPATH=/home/camilo/2022-tfg-juancamilo-carmona/tfg/install/carla_waypoint_publisher/lib/python3.8/site-packages:/home/camilo/2022-tfg-juancamilo-carmona/tfg/build/ros_compatibility/src:/home/camilo/2022-tfg-juancamilo-carmona/tfg/install/ros_compatibility/lib/python3.8/site-packages:/home/camilo/2022-tfg-juancamilo-carmona/tfg/install/carla_waypoint_types/lib/python3.8/site-packages:${PYTHONPATH} /usr/bin/python3 setup.py develop --prefix /home/camilo/2022-tfg-juancamilo-carmona/tfg/install/carla_waypoint_publisher --editable --build-directory /home/camilo/2022-tfg-juancamilo-carmona/tfg/build/carla_waypoint_publisher/build --no-deps install_data --install-dir /home/camilo/2022-tfg-juancamilo-carmona/tfg/install/carla_waypoint_publisher
[1.147s] running develop
[1.336s] running egg_info
[1.336s] creating src/carla_waypoint_publisher.egg-info
[1.336s] writing src/carla_waypoint_publisher.egg-info/PKG-INFO
[1.336s] writing dependency_links to src/carla_waypoint_publisher.egg-info/dependency_links.txt
[1.336s] writing entry points to src/carla_waypoint_publisher.egg-info/entry_points.txt
[1.337s] writing requirements to src/carla_waypoint_publisher.egg-info/requires.txt
[1.337s] writing top-level names to src/carla_waypoint_publisher.egg-info/top_level.txt
[1.338s] writing manifest file 'src/carla_waypoint_publisher.egg-info/SOURCES.txt'
[1.393s] reading manifest file 'src/carla_waypoint_publisher.egg-info/SOURCES.txt'
[1.394s] writing manifest file 'src/carla_waypoint_publisher.egg-info/SOURCES.txt'
[1.436s] running build_ext
[1.436s] Creating /home/camilo/2022-tfg-juancamilo-carmona/tfg/install/carla_waypoint_publisher/lib/python3.8/site-packages/site.py
[1.438s] Creating /home/camilo/2022-tfg-juancamilo-carmona/tfg/install/carla_waypoint_publisher/lib/python3.8/site-packages/carla-waypoint-publisher.egg-link (link to src)
[1.439s] Installing carla_waypoint_publisher script to /home/camilo/2022-tfg-juancamilo-carmona/tfg/install/carla_waypoint_publisher/lib/carla_waypoint_publisher
[1.439s] 
[1.439s] Installed /home/camilo/2022-tfg-juancamilo-carmona/tfg/build/carla_waypoint_publisher/src
[1.439s] running install_data
[1.439s] creating /home/camilo/2022-tfg-juancamilo-carmona/tfg/install/carla_waypoint_publisher/share/ament_index
[1.439s] creating /home/camilo/2022-tfg-juancamilo-carmona/tfg/install/carla_waypoint_publisher/share/ament_index/resource_index
[1.440s] creating /home/camilo/2022-tfg-juancamilo-carmona/tfg/install/carla_waypoint_publisher/share/ament_index/resource_index/packages
[1.440s] copying resource/carla_waypoint_publisher -> /home/camilo/2022-tfg-juancamilo-carmona/tfg/install/carla_waypoint_publisher/share/ament_index/resource_index/packages
[1.440s] copying package.xml -> /home/camilo/2022-tfg-juancamilo-carmona/tfg/install/carla_waypoint_publisher/share/carla_waypoint_publisher
[1.440s] copying launch/carla_waypoint_publisher.launch.py -> /home/camilo/2022-tfg-juancamilo-carmona/tfg/install/carla_waypoint_publisher/share/carla_waypoint_publisher
[1.498s] Invoked command in '/home/camilo/2022-tfg-juancamilo-carmona/tfg/build/carla_waypoint_publisher' returned '0': AMENT_PREFIX_PATH=/home/camilo/2022-tfg-juancamilo-carmona/tfg/install/ros_compatibility:/home/camilo/2022-tfg-juancamilo-carmona/tfg/install/carla_waypoint_types:${AMENT_PREFIX_PATH} CMAKE_PREFIX_PATH=/home/camilo/2022-tfg-juancamilo-carmona/tfg/install/carla_waypoint_types:${CMAKE_PREFIX_PATH} LD_LIBRARY_PATH=/home/camilo/2022-tfg-juancamilo-carmona/tfg/install/carla_waypoint_types/lib:${LD_LIBRARY_PATH} PYTHONPATH=/home/camilo/2022-tfg-juancamilo-carmona/tfg/install/carla_waypoint_publisher/lib/python3.8/site-packages:/home/camilo/2022-tfg-juancamilo-carmona/tfg/build/ros_compatibility/src:/home/camilo/2022-tfg-juancamilo-carmona/tfg/install/ros_compatibility/lib/python3.8/site-packages:/home/camilo/2022-tfg-juancamilo-carmona/tfg/install/carla_waypoint_types/lib/python3.8/site-packages:${PYTHONPATH} /usr/bin/python3 setup.py develop --prefix /home/camilo/2022-tfg-juancamilo-carmona/tfg/install/carla_waypoint_publisher --editable --build-directory /home/camilo/2022-tfg-juancamilo-carmona/tfg/build/carla_waypoint_publisher/build --no-deps install_data --install-dir /home/camilo/2022-tfg-juancamilo-carmona/tfg/install/carla_waypoint_publisher
