[0.709s] Invoking command in '/home/camilo/2022-tfg-juancamilo-carmona/tfg/build/carla_ackermann_msgs': AMENT_PREFIX_PATH=/home/camilo/2022-tfg-juancamilo-carmona/tfg/install/carla_msgs:${AMENT_PREFIX_PATH} CMAKE_PREFIX_PATH=/home/camilo/2022-tfg-juancamilo-carmona/tfg/install/carla_msgs:/home/camilo/carla-ros-bridge/install/carla_ad_demo:/home/camilo/carla-ros-bridge/install/rviz_carla_plugin:/home/camilo/carla-ros-bridge/install/pcl_recorder:/home/camilo/carla-ros-bridge/install/carla_waypoint_types:/home/camilo/carla-ros-bridge/install/carla_ros_scenario_runner_types:/home/camilo/carla-ros-bridge/install/carla_ackermann_msgs:/home/camilo/carla-ros-bridge/install/carla_msgs:/home/camilo/carla-ros-bridge/install/rqt_carla_control:/home/camilo/carla-ros-bridge/install/carla_waypoint_publisher:/home/camilo/carla-ros-bridge/install/carla_ackermann_control:/home/camilo/carla-ros-bridge/install/carla_ros_bridge:/home/camilo/carla-ros-bridge/install/carla_spawn_objects:/home/camilo/carla-ros-bridge/install/carla_manual_control:/home/camilo/carla-ros-bridge/install/carla_ad_agent:/home/camilo/carla-ros-bridge/install/ros_compatibility:/home/camilo/carla-ros-bridge/install/carla_walker_agent:/home/camilo/carla-ros-bridge/install/carla_twist_to_control:/home/camilo/carla-ros-bridge/install/carla_ros_scenario_runner:/home/camilo/carla-ros-bridge/install/carla_common:/opt/ros/foxy LD_LIBRARY_PATH=/home/camilo/2022-tfg-juancamilo-carmona/tfg/install/carla_msgs/lib:${LD_LIBRARY_PATH} PYTHONPATH=/home/camilo/2022-tfg-juancamilo-carmona/tfg/install/carla_msgs/lib/python3.8/site-packages:${PYTHONPATH} /usr/bin/cmake /home/camilo/2022-tfg-juancamilo-carmona/tfg/src/ros-bridge/carla_ackermann_msgs -DAMENT_CMAKE_SYMLINK_INSTALL=1 -DCMAKE_INSTALL_PREFIX=/home/camilo/2022-tfg-juancamilo-carmona/tfg/install/carla_ackermann_msgs
[1.675s] -- The C compiler identification is GNU 9.4.0
[1.675s] -- The CXX compiler identification is GNU 9.4.0
[1.675s] -- Check for working C compiler: /usr/bin/cc
[1.675s] -- Check for working C compiler: /usr/bin/cc -- works
[1.675s] -- Detecting C compiler ABI info
[1.675s] -- Detecting C compiler ABI info - done
[1.675s] -- Detecting C compile features
[1.675s] -- Detecting C compile features - done
[1.676s] -- Check for working CXX compiler: /usr/bin/c++
[1.676s] -- Check for working CXX compiler: /usr/bin/c++ -- works
[1.676s] -- Detecting CXX compiler ABI info
[1.676s] -- Detecting CXX compiler ABI info - done
[1.676s] -- Detecting CXX compile features
[1.676s] -- Detecting CXX compile features - done
[1.676s] -- Found ros_environment: 2.5.1 (/opt/ros/foxy/share/ros_environment/cmake)
[1.676s] -- Found ament_cmake: 0.9.11 (/opt/ros/foxy/share/ament_cmake/cmake)
[1.676s] -- Found PythonInterp: /usr/bin/python3 (found suitable version "3.8.10", minimum required is "3") 
[1.676s] -- Using PYTHON_EXECUTABLE: /usr/bin/python3
[1.676s] -- Override CMake install command with custom implementation using symlinks instead of copying resources
[1.676s] -- Found builtin_interfaces: 1.0.0 (/opt/ros/foxy/share/builtin_interfaces/cmake)
[1.676s] -- Using all available rosidl_typesupport_c: rosidl_typesupport_fastrtps_c;rosidl_typesupport_introspection_c
[1.676s] -- Found rosidl_adapter: 1.3.0 (/opt/ros/foxy/share/rosidl_adapter/cmake)
[1.677s] -- Found OpenSSL: /usr/lib/x86_64-linux-gnu/libcrypto.so (found version "1.1.1f")  
[1.677s] -- Found FastRTPS: /opt/ros/foxy/include  
[1.768s] -- Using all available rosidl_typesupport_cpp: rosidl_typesupport_fastrtps_cpp;rosidl_typesupport_introspection_cpp
[1.802s] -- Found std_msgs: 2.0.5 (/opt/ros/foxy/share/std_msgs/cmake)
[1.820s] -- Found carla_msgs: 1.3.0 (/home/camilo/2022-tfg-juancamilo-carmona/tfg/install/carla_msgs/share/carla_msgs/cmake)
[2.022s] -- Found rosidl_default_generators: 1.0.1 (/opt/ros/foxy/share/rosidl_default_generators/cmake)
[2.115s] -- Found PythonInterp: /usr/bin/python3 (found version "3.8.10") 
[2.467s] -- Found ament_cmake_cppcheck: 0.9.7 (/opt/ros/foxy/share/ament_cmake_cppcheck/cmake)
[2.471s] -- Found ament_cmake_cpplint: 0.9.7 (/opt/ros/foxy/share/ament_cmake_cpplint/cmake)
[2.475s] -- Found ament_cmake_uncrustify: 0.9.7 (/opt/ros/foxy/share/ament_cmake_uncrustify/cmake)
[2.480s] -- Found ament_cmake_ros: 0.9.2 (/opt/ros/foxy/share/ament_cmake_ros/cmake)
[2.946s] -- Using all available rosidl_typesupport_c: rosidl_typesupport_fastrtps_c;rosidl_typesupport_introspection_c
[3.139s] -- Using all available rosidl_typesupport_cpp: rosidl_typesupport_fastrtps_cpp;rosidl_typesupport_introspection_cpp
[3.197s] -- Found PythonInterp: /usr/bin/python3 (found suitable version "3.8.10", minimum required is "3.5") 
[3.200s] -- Found python_cmake_module: 0.8.1 (/opt/ros/foxy/share/python_cmake_module/cmake)
[3.252s] -- Found PythonLibs: /usr/lib/x86_64-linux-gnu/libpython3.8.so (found suitable version "3.8.10", minimum required is "3.5") 
[3.252s] -- Using PYTHON_EXECUTABLE: /usr/bin/python3
[3.252s] -- Using PYTHON_INCLUDE_DIRS: /usr/include/python3.8
[3.252s] -- Using PYTHON_LIBRARIES: /usr/lib/x86_64-linux-gnu/libpython3.8.so
[3.294s] -- Found PythonExtra: .so  
[3.436s] -- Found ament_cmake_flake8: 0.9.7 (/opt/ros/foxy/share/ament_cmake_flake8/cmake)
[3.439s] -- Found ament_cmake_pep257: 0.9.7 (/opt/ros/foxy/share/ament_cmake_pep257/cmake)
[3.445s] -- Found ament_lint_auto: 0.9.7 (/opt/ros/foxy/share/ament_lint_auto/cmake)
[3.466s] -- Added test 'copyright' to check source files copyright and LICENSE
[3.467s] -- Added test 'lint_cmake' to check CMake code style
[3.468s] -- Added test 'xmllint' to check XML markup files
[3.474s] -- Configuring done
[3.574s] -- Generating done
[3.577s] -- Build files have been written to: /home/camilo/2022-tfg-juancamilo-carmona/tfg/build/carla_ackermann_msgs
[3.599s] Invoked command in '/home/camilo/2022-tfg-juancamilo-carmona/tfg/build/carla_ackermann_msgs' returned '0': AMENT_PREFIX_PATH=/home/camilo/2022-tfg-juancamilo-carmona/tfg/install/carla_msgs:${AMENT_PREFIX_PATH} CMAKE_PREFIX_PATH=/home/camilo/2022-tfg-juancamilo-carmona/tfg/install/carla_msgs:/home/camilo/carla-ros-bridge/install/carla_ad_demo:/home/camilo/carla-ros-bridge/install/rviz_carla_plugin:/home/camilo/carla-ros-bridge/install/pcl_recorder:/home/camilo/carla-ros-bridge/install/carla_waypoint_types:/home/camilo/carla-ros-bridge/install/carla_ros_scenario_runner_types:/home/camilo/carla-ros-bridge/install/carla_ackermann_msgs:/home/camilo/carla-ros-bridge/install/carla_msgs:/home/camilo/carla-ros-bridge/install/rqt_carla_control:/home/camilo/carla-ros-bridge/install/carla_waypoint_publisher:/home/camilo/carla-ros-bridge/install/carla_ackermann_control:/home/camilo/carla-ros-bridge/install/carla_ros_bridge:/home/camilo/carla-ros-bridge/install/carla_spawn_objects:/home/camilo/carla-ros-bridge/install/carla_manual_control:/home/camilo/carla-ros-bridge/install/carla_ad_agent:/home/camilo/carla-ros-bridge/install/ros_compatibility:/home/camilo/carla-ros-bridge/install/carla_walker_agent:/home/camilo/carla-ros-bridge/install/carla_twist_to_control:/home/camilo/carla-ros-bridge/install/carla_ros_scenario_runner:/home/camilo/carla-ros-bridge/install/carla_common:/opt/ros/foxy LD_LIBRARY_PATH=/home/camilo/2022-tfg-juancamilo-carmona/tfg/install/carla_msgs/lib:${LD_LIBRARY_PATH} PYTHONPATH=/home/camilo/2022-tfg-juancamilo-carmona/tfg/install/carla_msgs/lib/python3.8/site-packages:${PYTHONPATH} /usr/bin/cmake /home/camilo/2022-tfg-juancamilo-carmona/tfg/src/ros-bridge/carla_ackermann_msgs -DAMENT_CMAKE_SYMLINK_INSTALL=1 -DCMAKE_INSTALL_PREFIX=/home/camilo/2022-tfg-juancamilo-carmona/tfg/install/carla_ackermann_msgs
[3.605s] Invoking command in '/home/camilo/2022-tfg-juancamilo-carmona/tfg/build/carla_ackermann_msgs': AMENT_PREFIX_PATH=/home/camilo/2022-tfg-juancamilo-carmona/tfg/install/carla_msgs:${AMENT_PREFIX_PATH} CMAKE_PREFIX_PATH=/home/camilo/2022-tfg-juancamilo-carmona/tfg/install/carla_msgs:/home/camilo/carla-ros-bridge/install/carla_ad_demo:/home/camilo/carla-ros-bridge/install/rviz_carla_plugin:/home/camilo/carla-ros-bridge/install/pcl_recorder:/home/camilo/carla-ros-bridge/install/carla_waypoint_types:/home/camilo/carla-ros-bridge/install/carla_ros_scenario_runner_types:/home/camilo/carla-ros-bridge/install/carla_ackermann_msgs:/home/camilo/carla-ros-bridge/install/carla_msgs:/home/camilo/carla-ros-bridge/install/rqt_carla_control:/home/camilo/carla-ros-bridge/install/carla_waypoint_publisher:/home/camilo/carla-ros-bridge/install/carla_ackermann_control:/home/camilo/carla-ros-bridge/install/carla_ros_bridge:/home/camilo/carla-ros-bridge/install/carla_spawn_objects:/home/camilo/carla-ros-bridge/install/carla_manual_control:/home/camilo/carla-ros-bridge/install/carla_ad_agent:/home/camilo/carla-ros-bridge/install/ros_compatibility:/home/camilo/carla-ros-bridge/install/carla_walker_agent:/home/camilo/carla-ros-bridge/install/carla_twist_to_control:/home/camilo/carla-ros-bridge/install/carla_ros_scenario_runner:/home/camilo/carla-ros-bridge/install/carla_common:/opt/ros/foxy LD_LIBRARY_PATH=/home/camilo/2022-tfg-juancamilo-carmona/tfg/install/carla_msgs/lib:${LD_LIBRARY_PATH} PYTHONPATH=/home/camilo/2022-tfg-juancamilo-carmona/tfg/install/carla_msgs/lib/python3.8/site-packages:${PYTHONPATH} /usr/bin/cmake --build /home/camilo/2022-tfg-juancamilo-carmona/tfg/build/carla_ackermann_msgs -- -j12 -l12
[3.665s] [35m[1mScanning dependencies of target carla_ackermann_msgs__cpp[0m
[3.666s] [  1%] [34m[1mGenerating C code for ROS interfaces[0m
[3.680s] [  3%] [34m[1mGenerating C++ code for ROS interfaces[0m
[4.263s] [  3%] Built target carla_ackermann_msgs__cpp
[4.274s] [  4%] [34m[1mGenerating C++ introspection for ROS interfaces[0m
[4.274s] [  6%] [34m[1mGenerating C++ type support for eProsima Fast-RTPS[0m
[4.275s] [  7%] [34m[1mGenerating C++ type support dispatch for ROS interfaces[0m
[4.371s] [35m[1mScanning dependencies of target carla_ackermann_msgs__rosidl_generator_c[0m
[4.392s] [  9%] [32mBuilding C object CMakeFiles/carla_ackermann_msgs__rosidl_generator_c.dir/rosidl_generator_c/carla_ackermann_msgs/msg/detail/ego_vehicle_control_current__functions.c.o[0m
[4.393s] [ 11%] [32mBuilding C object CMakeFiles/carla_ackermann_msgs__rosidl_generator_c.dir/rosidl_generator_c/carla_ackermann_msgs/msg/detail/ego_vehicle_control_info__functions.c.o[0m
[4.393s] [ 12%] [32mBuilding C object CMakeFiles/carla_ackermann_msgs__rosidl_generator_c.dir/rosidl_generator_c/carla_ackermann_msgs/msg/detail/ego_vehicle_control_maxima__functions.c.o[0m
[4.394s] [ 14%] [32mBuilding C object CMakeFiles/carla_ackermann_msgs__rosidl_generator_c.dir/rosidl_generator_c/carla_ackermann_msgs/msg/detail/ego_vehicle_control_status__functions.c.o[0m
[4.394s] [ 15%] [32mBuilding C object CMakeFiles/carla_ackermann_msgs__rosidl_generator_c.dir/rosidl_generator_c/carla_ackermann_msgs/msg/detail/ego_vehicle_control_target__functions.c.o[0m
[4.456s] [ 17%] [32m[1mLinking C shared library libcarla_ackermann_msgs__rosidl_generator_c.so[0m
[4.494s] [ 17%] Built target carla_ackermann_msgs__rosidl_generator_c
[4.509s] [ 20%] [34m[1mGenerating C introspection for ROS interfaces[0m
[4.510s] [ 20%] [34m[1mGenerating C type support dispatch for ROS interfaces[0m
[4.796s] [35m[1mScanning dependencies of target carla_ackermann_msgs__rosidl_typesupport_cpp[0m
[4.815s] [ 25%] [32mBuilding CXX object CMakeFiles/carla_ackermann_msgs__rosidl_typesupport_cpp.dir/rosidl_typesupport_cpp/carla_ackermann_msgs/msg/ego_vehicle_control_info__type_support.cpp.o[0m
[4.816s] [ 25%] [32mBuilding CXX object CMakeFiles/carla_ackermann_msgs__rosidl_typesupport_cpp.dir/rosidl_typesupport_cpp/carla_ackermann_msgs/msg/ego_vehicle_control_current__type_support.cpp.o[0m
[4.816s] [ 26%] [32mBuilding CXX object CMakeFiles/carla_ackermann_msgs__rosidl_typesupport_cpp.dir/rosidl_typesupport_cpp/carla_ackermann_msgs/msg/ego_vehicle_control_status__type_support.cpp.o[0m
[4.816s] [ 26%] [32mBuilding CXX object CMakeFiles/carla_ackermann_msgs__rosidl_typesupport_cpp.dir/rosidl_typesupport_cpp/carla_ackermann_msgs/msg/ego_vehicle_control_maxima__type_support.cpp.o[0m
[4.821s] [ 28%] [32mBuilding CXX object CMakeFiles/carla_ackermann_msgs__rosidl_typesupport_cpp.dir/rosidl_typesupport_cpp/carla_ackermann_msgs/msg/ego_vehicle_control_target__type_support.cpp.o[0m
[4.912s] [35m[1mScanning dependencies of target carla_ackermann_msgs__rosidl_typesupport_introspection_cpp[0m
[4.939s] [ 30%] [32mBuilding CXX object CMakeFiles/carla_ackermann_msgs__rosidl_typesupport_introspection_cpp.dir/rosidl_typesupport_introspection_cpp/carla_ackermann_msgs/msg/detail/ego_vehicle_control_info__type_support.cpp.o[0m
[4.939s] [ 31%] [32mBuilding CXX object CMakeFiles/carla_ackermann_msgs__rosidl_typesupport_introspection_cpp.dir/rosidl_typesupport_introspection_cpp/carla_ackermann_msgs/msg/detail/ego_vehicle_control_current__type_support.cpp.o[0m
[4.966s] [ 33%] [32mBuilding CXX object CMakeFiles/carla_ackermann_msgs__rosidl_typesupport_introspection_cpp.dir/rosidl_typesupport_introspection_cpp/carla_ackermann_msgs/msg/detail/ego_vehicle_control_maxima__type_support.cpp.o[0m
[4.967s] [ 34%] [32mBuilding CXX object CMakeFiles/carla_ackermann_msgs__rosidl_typesupport_introspection_cpp.dir/rosidl_typesupport_introspection_cpp/carla_ackermann_msgs/msg/detail/ego_vehicle_control_status__type_support.cpp.o[0m
[5.270s] [35m[1mScanning dependencies of target carla_ackermann_msgs__rosidl_typesupport_fastrtps_cpp[0m
[5.278s] [ 36%] [32mBuilding CXX object CMakeFiles/carla_ackermann_msgs__rosidl_typesupport_introspection_cpp.dir/rosidl_typesupport_introspection_cpp/carla_ackermann_msgs/msg/detail/ego_vehicle_control_target__type_support.cpp.o[0m
[5.312s] [ 38%] [32mBuilding CXX object CMakeFiles/carla_ackermann_msgs__rosidl_typesupport_fastrtps_cpp.dir/rosidl_typesupport_fastrtps_cpp/carla_ackermann_msgs/msg/detail/dds_fastrtps/ego_vehicle_control_current__type_support.cpp.o[0m
[5.313s] [ 39%] [32mBuilding CXX object CMakeFiles/carla_ackermann_msgs__rosidl_typesupport_fastrtps_cpp.dir/rosidl_typesupport_fastrtps_cpp/carla_ackermann_msgs/msg/detail/dds_fastrtps/ego_vehicle_control_info__type_support.cpp.o[0m
[5.337s] [ 41%] [32mBuilding CXX object CMakeFiles/carla_ackermann_msgs__rosidl_typesupport_fastrtps_cpp.dir/rosidl_typesupport_fastrtps_cpp/carla_ackermann_msgs/msg/detail/dds_fastrtps/ego_vehicle_control_maxima__type_support.cpp.o[0m
[5.341s] [ 42%] [32mBuilding CXX object CMakeFiles/carla_ackermann_msgs__rosidl_typesupport_fastrtps_cpp.dir/rosidl_typesupport_fastrtps_cpp/carla_ackermann_msgs/msg/detail/dds_fastrtps/ego_vehicle_control_status__type_support.cpp.o[0m
[5.444s] [ 44%] [32m[1mLinking CXX shared library libcarla_ackermann_msgs__rosidl_typesupport_cpp.so[0m
[5.476s] [35m[1mScanning dependencies of target carla_ackermann_msgs__rosidl_typesupport_c[0m
[5.482s] [ 46%] [32mBuilding CXX object CMakeFiles/carla_ackermann_msgs__rosidl_typesupport_fastrtps_cpp.dir/rosidl_typesupport_fastrtps_cpp/carla_ackermann_msgs/msg/detail/dds_fastrtps/ego_vehicle_control_target__type_support.cpp.o[0m
[5.518s] [ 47%] [32mBuilding CXX object CMakeFiles/carla_ackermann_msgs__rosidl_typesupport_c.dir/rosidl_typesupport_c/carla_ackermann_msgs/msg/ego_vehicle_control_info__type_support.cpp.o[0m
[5.559s] [ 47%] Built target carla_ackermann_msgs__rosidl_typesupport_cpp
[5.574s] [ 49%] [32mBuilding CXX object CMakeFiles/carla_ackermann_msgs__rosidl_typesupport_c.dir/rosidl_typesupport_c/carla_ackermann_msgs/msg/ego_vehicle_control_maxima__type_support.cpp.o[0m
[5.595s] [ 50%] [32mBuilding CXX object CMakeFiles/carla_ackermann_msgs__rosidl_typesupport_c.dir/rosidl_typesupport_c/carla_ackermann_msgs/msg/ego_vehicle_control_current__type_support.cpp.o[0m
[5.600s] [ 52%] [32mBuilding CXX object CMakeFiles/carla_ackermann_msgs__rosidl_typesupport_c.dir/rosidl_typesupport_c/carla_ackermann_msgs/msg/ego_vehicle_control_status__type_support.cpp.o[0m
[5.679s] [ 53%] [32mBuilding CXX object CMakeFiles/carla_ackermann_msgs__rosidl_typesupport_c.dir/rosidl_typesupport_c/carla_ackermann_msgs/msg/ego_vehicle_control_target__type_support.cpp.o[0m
[5.680s] [35m[1mScanning dependencies of target carla_ackermann_msgs__rosidl_typesupport_introspection_c[0m
[5.716s] [ 57%] [32mBuilding C object CMakeFiles/carla_ackermann_msgs__rosidl_typesupport_introspection_c.dir/rosidl_typesupport_introspection_c/carla_ackermann_msgs/msg/detail/ego_vehicle_control_current__type_support.c.o[0m
[5.716s] [ 57%] [32mBuilding C object CMakeFiles/carla_ackermann_msgs__rosidl_typesupport_introspection_c.dir/rosidl_typesupport_introspection_c/carla_ackermann_msgs/msg/detail/ego_vehicle_control_info__type_support.c.o[0m
[5.728s] [ 58%] [32mBuilding C object CMakeFiles/carla_ackermann_msgs__rosidl_typesupport_introspection_c.dir/rosidl_typesupport_introspection_c/carla_ackermann_msgs/msg/detail/ego_vehicle_control_maxima__type_support.c.o[0m
[5.735s] [ 60%] [32m[1mLinking CXX shared library libcarla_ackermann_msgs__rosidl_typesupport_c.so[0m
[5.744s] [ 61%] [32mBuilding C object CMakeFiles/carla_ackermann_msgs__rosidl_typesupport_introspection_c.dir/rosidl_typesupport_introspection_c/carla_ackermann_msgs/msg/detail/ego_vehicle_control_status__type_support.c.o[0m
[5.747s] [ 63%] [32mBuilding C object CMakeFiles/carla_ackermann_msgs__rosidl_typesupport_introspection_c.dir/rosidl_typesupport_introspection_c/carla_ackermann_msgs/msg/detail/ego_vehicle_control_target__type_support.c.o[0m
[5.823s] [ 65%] [32m[1mLinking C shared library libcarla_ackermann_msgs__rosidl_typesupport_introspection_c.so[0m
[5.838s] [ 65%] Built target carla_ackermann_msgs__rosidl_typesupport_c
[5.844s] [ 66%] [32m[1mLinking CXX shared library libcarla_ackermann_msgs__rosidl_typesupport_introspection_cpp.so[0m
[5.892s] [ 66%] Built target carla_ackermann_msgs__rosidl_typesupport_introspection_c
[5.983s] [ 66%] Built target carla_ackermann_msgs__rosidl_typesupport_introspection_cpp
[6.114s] [ 68%] [32m[1mLinking CXX shared library libcarla_ackermann_msgs__rosidl_typesupport_fastrtps_cpp.so[0m
[6.216s] [ 68%] Built target carla_ackermann_msgs__rosidl_typesupport_fastrtps_cpp
[6.228s] [ 69%] [34m[1mGenerating C type support for eProsima Fast-RTPS[0m
[6.835s] [35m[1mScanning dependencies of target carla_ackermann_msgs__rosidl_typesupport_fastrtps_c[0m
[6.861s] [ 76%] [32mBuilding CXX object CMakeFiles/carla_ackermann_msgs__rosidl_typesupport_fastrtps_c.dir/rosidl_typesupport_fastrtps_c/carla_ackermann_msgs/msg/detail/ego_vehicle_control_maxima__type_support_c.cpp.o[0m
[6.861s] [ 76%] [32mBuilding CXX object CMakeFiles/carla_ackermann_msgs__rosidl_typesupport_fastrtps_c.dir/rosidl_typesupport_fastrtps_c/carla_ackermann_msgs/msg/detail/ego_vehicle_control_info__type_support_c.cpp.o[0m
[6.861s] [ 76%] [32mBuilding CXX object CMakeFiles/carla_ackermann_msgs__rosidl_typesupport_fastrtps_c.dir/rosidl_typesupport_fastrtps_c/carla_ackermann_msgs/msg/detail/ego_vehicle_control_current__type_support_c.cpp.o[0m
[6.861s] [ 76%] [32mBuilding CXX object CMakeFiles/carla_ackermann_msgs__rosidl_typesupport_fastrtps_c.dir/rosidl_typesupport_fastrtps_c/carla_ackermann_msgs/msg/detail/ego_vehicle_control_target__type_support_c.cpp.o[0m
[6.861s] [ 77%] [32mBuilding CXX object CMakeFiles/carla_ackermann_msgs__rosidl_typesupport_fastrtps_c.dir/rosidl_typesupport_fastrtps_c/carla_ackermann_msgs/msg/detail/ego_vehicle_control_status__type_support_c.cpp.o[0m
[7.462s] [ 79%] [32m[1mLinking CXX shared library libcarla_ackermann_msgs__rosidl_typesupport_fastrtps_c.so[0m
[7.571s] [ 79%] Built target carla_ackermann_msgs__rosidl_typesupport_fastrtps_c
[7.582s] [35m[1mScanning dependencies of target carla_ackermann_msgs[0m
[7.594s] [ 79%] Built target carla_ackermann_msgs
[7.606s] [35m[1mScanning dependencies of target carla_ackermann_msgs__py[0m
[7.618s] [ 80%] [34m[1mGenerating Python code for ROS interfaces[0m
[8.771s] [ 80%] Built target carla_ackermann_msgs__py
[8.781s] [35m[1mScanning dependencies of target carla_ackermann_msgs__python[0m
[8.808s] [ 84%] [32mBuilding C object CMakeFiles/carla_ackermann_msgs__python.dir/rosidl_generator_py/carla_ackermann_msgs/msg/_ego_vehicle_control_current_s.c.o[0m
[8.808s] [ 84%] [32mBuilding C object CMakeFiles/carla_ackermann_msgs__python.dir/rosidl_generator_py/carla_ackermann_msgs/msg/_ego_vehicle_control_info_s.c.o[0m
[8.810s] [ 85%] [32mBuilding C object CMakeFiles/carla_ackermann_msgs__python.dir/rosidl_generator_py/carla_ackermann_msgs/msg/_ego_vehicle_control_target_s.c.o[0m
[8.810s] [ 88%] [32mBuilding C object CMakeFiles/carla_ackermann_msgs__python.dir/rosidl_generator_py/carla_ackermann_msgs/msg/_ego_vehicle_control_maxima_s.c.o[0m
[8.811s] [ 88%] [32mBuilding C object CMakeFiles/carla_ackermann_msgs__python.dir/rosidl_generator_py/carla_ackermann_msgs/msg/_ego_vehicle_control_status_s.c.o[0m
[8.958s] [ 90%] [32m[1mLinking C shared library rosidl_generator_py/carla_ackermann_msgs/libcarla_ackermann_msgs__python.so[0m
[9.011s] [ 90%] Built target carla_ackermann_msgs__python
[9.022s] [35m[1mScanning dependencies of target carla_ackermann_msgs__rosidl_typesupport_c__pyext[0m
[9.022s] [35m[1mScanning dependencies of target carla_ackermann_msgs__rosidl_typesupport_introspection_c__pyext[0m
[9.022s] [35m[1mScanning dependencies of target carla_ackermann_msgs__rosidl_typesupport_fastrtps_c__pyext[0m
[9.043s] [ 92%] [32mBuilding C object CMakeFiles/carla_ackermann_msgs__rosidl_typesupport_introspection_c__pyext.dir/rosidl_generator_py/carla_ackermann_msgs/_carla_ackermann_msgs_s.ep.rosidl_typesupport_introspection_c.c.o[0m
[9.043s] [ 93%] [32mBuilding C object CMakeFiles/carla_ackermann_msgs__rosidl_typesupport_fastrtps_c__pyext.dir/rosidl_generator_py/carla_ackermann_msgs/_carla_ackermann_msgs_s.ep.rosidl_typesupport_fastrtps_c.c.o[0m
[9.045s] [ 95%] [32mBuilding C object CMakeFiles/carla_ackermann_msgs__rosidl_typesupport_c__pyext.dir/rosidl_generator_py/carla_ackermann_msgs/_carla_ackermann_msgs_s.ep.rosidl_typesupport_c.c.o[0m
[9.143s] [ 98%] [32m[1mLinking C shared library rosidl_generator_py/carla_ackermann_msgs/carla_ackermann_msgs_s__rosidl_typesupport_introspection_c.cpython-38-x86_64-linux-gnu.so[0m
[9.143s] [ 98%] [32m[1mLinking CXX shared library rosidl_generator_py/carla_ackermann_msgs/carla_ackermann_msgs_s__rosidl_typesupport_fastrtps_c.cpython-38-x86_64-linux-gnu.so[0m
[9.147s] [100%] [32m[1mLinking C shared library rosidl_generator_py/carla_ackermann_msgs/carla_ackermann_msgs_s__rosidl_typesupport_c.cpython-38-x86_64-linux-gnu.so[0m
[9.193s] [100%] Built target carla_ackermann_msgs__rosidl_typesupport_introspection_c__pyext
[9.198s] [100%] Built target carla_ackermann_msgs__rosidl_typesupport_c__pyext
[9.229s] [100%] Built target carla_ackermann_msgs__rosidl_typesupport_fastrtps_c__pyext
[9.241s] Invoked command in '/home/camilo/2022-tfg-juancamilo-carmona/tfg/build/carla_ackermann_msgs' returned '0': AMENT_PREFIX_PATH=/home/camilo/2022-tfg-juancamilo-carmona/tfg/install/carla_msgs:${AMENT_PREFIX_PATH} CMAKE_PREFIX_PATH=/home/camilo/2022-tfg-juancamilo-carmona/tfg/install/carla_msgs:/home/camilo/carla-ros-bridge/install/carla_ad_demo:/home/camilo/carla-ros-bridge/install/rviz_carla_plugin:/home/camilo/carla-ros-bridge/install/pcl_recorder:/home/camilo/carla-ros-bridge/install/carla_waypoint_types:/home/camilo/carla-ros-bridge/install/carla_ros_scenario_runner_types:/home/camilo/carla-ros-bridge/install/carla_ackermann_msgs:/home/camilo/carla-ros-bridge/install/carla_msgs:/home/camilo/carla-ros-bridge/install/rqt_carla_control:/home/camilo/carla-ros-bridge/install/carla_waypoint_publisher:/home/camilo/carla-ros-bridge/install/carla_ackermann_control:/home/camilo/carla-ros-bridge/install/carla_ros_bridge:/home/camilo/carla-ros-bridge/install/carla_spawn_objects:/home/camilo/carla-ros-bridge/install/carla_manual_control:/home/camilo/carla-ros-bridge/install/carla_ad_agent:/home/camilo/carla-ros-bridge/install/ros_compatibility:/home/camilo/carla-ros-bridge/install/carla_walker_agent:/home/camilo/carla-ros-bridge/install/carla_twist_to_control:/home/camilo/carla-ros-bridge/install/carla_ros_scenario_runner:/home/camilo/carla-ros-bridge/install/carla_common:/opt/ros/foxy LD_LIBRARY_PATH=/home/camilo/2022-tfg-juancamilo-carmona/tfg/install/carla_msgs/lib:${LD_LIBRARY_PATH} PYTHONPATH=/home/camilo/2022-tfg-juancamilo-carmona/tfg/install/carla_msgs/lib/python3.8/site-packages:${PYTHONPATH} /usr/bin/cmake --build /home/camilo/2022-tfg-juancamilo-carmona/tfg/build/carla_ackermann_msgs -- -j12 -l12
[9.344s] Invoking command in '/home/camilo/2022-tfg-juancamilo-carmona/tfg/build/carla_ackermann_msgs': AMENT_PREFIX_PATH=/home/camilo/2022-tfg-juancamilo-carmona/tfg/install/carla_msgs:${AMENT_PREFIX_PATH} CMAKE_PREFIX_PATH=/home/camilo/2022-tfg-juancamilo-carmona/tfg/install/carla_msgs:/home/camilo/carla-ros-bridge/install/carla_ad_demo:/home/camilo/carla-ros-bridge/install/rviz_carla_plugin:/home/camilo/carla-ros-bridge/install/pcl_recorder:/home/camilo/carla-ros-bridge/install/carla_waypoint_types:/home/camilo/carla-ros-bridge/install/carla_ros_scenario_runner_types:/home/camilo/carla-ros-bridge/install/carla_ackermann_msgs:/home/camilo/carla-ros-bridge/install/carla_msgs:/home/camilo/carla-ros-bridge/install/rqt_carla_control:/home/camilo/carla-ros-bridge/install/carla_waypoint_publisher:/home/camilo/carla-ros-bridge/install/carla_ackermann_control:/home/camilo/carla-ros-bridge/install/carla_ros_bridge:/home/camilo/carla-ros-bridge/install/carla_spawn_objects:/home/camilo/carla-ros-bridge/install/carla_manual_control:/home/camilo/carla-ros-bridge/install/carla_ad_agent:/home/camilo/carla-ros-bridge/install/ros_compatibility:/home/camilo/carla-ros-bridge/install/carla_walker_agent:/home/camilo/carla-ros-bridge/install/carla_twist_to_control:/home/camilo/carla-ros-bridge/install/carla_ros_scenario_runner:/home/camilo/carla-ros-bridge/install/carla_common:/opt/ros/foxy LD_LIBRARY_PATH=/home/camilo/2022-tfg-juancamilo-carmona/tfg/install/carla_msgs/lib:${LD_LIBRARY_PATH} PYTHONPATH=/home/camilo/2022-tfg-juancamilo-carmona/tfg/install/carla_msgs/lib/python3.8/site-packages:${PYTHONPATH} /usr/bin/cmake --install /home/camilo/2022-tfg-juancamilo-carmona/tfg/build/carla_ackermann_msgs
[9.354s] -- Install configuration: ""
[9.354s] -- Execute custom install script
[9.355s] -- Symlinking: /home/camilo/2022-tfg-juancamilo-carmona/tfg/install/carla_ackermann_msgs/share/ament_index/resource_index/rosidl_interfaces/carla_ackermann_msgs
[9.365s] -- Symlinking: /home/camilo/2022-tfg-juancamilo-carmona/tfg/install/carla_ackermann_msgs/include/carla_ackermann_msgs/msg/detail/ego_vehicle_control_current__functions.h
[9.376s] -- Symlinking: /home/camilo/2022-tfg-juancamilo-carmona/tfg/install/carla_ackermann_msgs/include/carla_ackermann_msgs/msg/detail/ego_vehicle_control_current__struct.h
[9.386s] -- Symlinking: /home/camilo/2022-tfg-juancamilo-carmona/tfg/install/carla_ackermann_msgs/include/carla_ackermann_msgs/msg/detail/ego_vehicle_control_current__type_support.h
[9.396s] -- Symlinking: /home/camilo/2022-tfg-juancamilo-carmona/tfg/install/carla_ackermann_msgs/include/carla_ackermann_msgs/msg/detail/ego_vehicle_control_info__functions.h
[9.405s] -- Symlinking: /home/camilo/2022-tfg-juancamilo-carmona/tfg/install/carla_ackermann_msgs/include/carla_ackermann_msgs/msg/detail/ego_vehicle_control_info__struct.h
[9.416s] -- Symlinking: /home/camilo/2022-tfg-juancamilo-carmona/tfg/install/carla_ackermann_msgs/include/carla_ackermann_msgs/msg/detail/ego_vehicle_control_info__type_support.h
[9.426s] -- Symlinking: /home/camilo/2022-tfg-juancamilo-carmona/tfg/install/carla_ackermann_msgs/include/carla_ackermann_msgs/msg/detail/ego_vehicle_control_maxima__functions.h
[9.435s] -- Symlinking: /home/camilo/2022-tfg-juancamilo-carmona/tfg/install/carla_ackermann_msgs/include/carla_ackermann_msgs/msg/detail/ego_vehicle_control_maxima__struct.h
[9.445s] -- Symlinking: /home/camilo/2022-tfg-juancamilo-carmona/tfg/install/carla_ackermann_msgs/include/carla_ackermann_msgs/msg/detail/ego_vehicle_control_maxima__type_support.h
[9.455s] -- Symlinking: /home/camilo/2022-tfg-juancamilo-carmona/tfg/install/carla_ackermann_msgs/include/carla_ackermann_msgs/msg/detail/ego_vehicle_control_status__functions.h
[9.464s] -- Symlinking: /home/camilo/2022-tfg-juancamilo-carmona/tfg/install/carla_ackermann_msgs/include/carla_ackermann_msgs/msg/detail/ego_vehicle_control_status__struct.h
[9.473s] -- Symlinking: /home/camilo/2022-tfg-juancamilo-carmona/tfg/install/carla_ackermann_msgs/include/carla_ackermann_msgs/msg/detail/ego_vehicle_control_status__type_support.h
[9.482s] -- Symlinking: /home/camilo/2022-tfg-juancamilo-carmona/tfg/install/carla_ackermann_msgs/include/carla_ackermann_msgs/msg/detail/ego_vehicle_control_target__functions.h
[9.493s] -- Symlinking: /home/camilo/2022-tfg-juancamilo-carmona/tfg/install/carla_ackermann_msgs/include/carla_ackermann_msgs/msg/detail/ego_vehicle_control_target__struct.h
[9.503s] -- Symlinking: /home/camilo/2022-tfg-juancamilo-carmona/tfg/install/carla_ackermann_msgs/include/carla_ackermann_msgs/msg/detail/ego_vehicle_control_target__type_support.h
[9.512s] -- Symlinking: /home/camilo/2022-tfg-juancamilo-carmona/tfg/install/carla_ackermann_msgs/include/carla_ackermann_msgs/msg/ego_vehicle_control_current.h
[9.522s] -- Symlinking: /home/camilo/2022-tfg-juancamilo-carmona/tfg/install/carla_ackermann_msgs/include/carla_ackermann_msgs/msg/ego_vehicle_control_info.h
[9.536s] -- Symlinking: /home/camilo/2022-tfg-juancamilo-carmona/tfg/install/carla_ackermann_msgs/include/carla_ackermann_msgs/msg/ego_vehicle_control_maxima.h
[9.543s] -- Symlinking: /home/camilo/2022-tfg-juancamilo-carmona/tfg/install/carla_ackermann_msgs/include/carla_ackermann_msgs/msg/ego_vehicle_control_status.h
[9.553s] -- Symlinking: /home/camilo/2022-tfg-juancamilo-carmona/tfg/install/carla_ackermann_msgs/include/carla_ackermann_msgs/msg/ego_vehicle_control_target.h
[9.562s] -- Symlinking: /home/camilo/2022-tfg-juancamilo-carmona/tfg/install/carla_ackermann_msgs/include/carla_ackermann_msgs/msg/rosidl_generator_c__visibility_control.h
[9.573s] -- Symlinking: /home/camilo/2022-tfg-juancamilo-carmona/tfg/install/carla_ackermann_msgs/share/carla_ackermann_msgs/environment/library_path.sh
[9.582s] -- Symlinking: /home/camilo/2022-tfg-juancamilo-carmona/tfg/install/carla_ackermann_msgs/share/carla_ackermann_msgs/environment/library_path.dsv
[9.593s] -- Symlinking: /home/camilo/2022-tfg-juancamilo-carmona/tfg/install/carla_ackermann_msgs/include/carla_ackermann_msgs/msg/detail/ego_vehicle_control_current__rosidl_typesupport_fastrtps_c.h
[9.604s] -- Symlinking: /home/camilo/2022-tfg-juancamilo-carmona/tfg/install/carla_ackermann_msgs/include/carla_ackermann_msgs/msg/detail/ego_vehicle_control_info__rosidl_typesupport_fastrtps_c.h
[9.614s] -- Symlinking: /home/camilo/2022-tfg-juancamilo-carmona/tfg/install/carla_ackermann_msgs/include/carla_ackermann_msgs/msg/detail/ego_vehicle_control_maxima__rosidl_typesupport_fastrtps_c.h
[9.624s] -- Symlinking: /home/camilo/2022-tfg-juancamilo-carmona/tfg/install/carla_ackermann_msgs/include/carla_ackermann_msgs/msg/detail/ego_vehicle_control_status__rosidl_typesupport_fastrtps_c.h
[9.634s] -- Symlinking: /home/camilo/2022-tfg-juancamilo-carmona/tfg/install/carla_ackermann_msgs/include/carla_ackermann_msgs/msg/detail/ego_vehicle_control_target__rosidl_typesupport_fastrtps_c.h
[9.644s] -- Symlinking: /home/camilo/2022-tfg-juancamilo-carmona/tfg/install/carla_ackermann_msgs/include/carla_ackermann_msgs/msg/rosidl_typesupport_fastrtps_c__visibility_control.h
[9.655s] -- Symlinking: /home/camilo/2022-tfg-juancamilo-carmona/tfg/install/carla_ackermann_msgs/lib/libcarla_ackermann_msgs__rosidl_typesupport_fastrtps_c.so
[9.664s] -- Symlinking: /home/camilo/2022-tfg-juancamilo-carmona/tfg/install/carla_ackermann_msgs/include/carla_ackermann_msgs/msg/detail/ego_vehicle_control_current__rosidl_typesupport_fastrtps_cpp.hpp
[9.675s] -- Symlinking: /home/camilo/2022-tfg-juancamilo-carmona/tfg/install/carla_ackermann_msgs/include/carla_ackermann_msgs/msg/detail/ego_vehicle_control_info__rosidl_typesupport_fastrtps_cpp.hpp
[9.685s] -- Symlinking: /home/camilo/2022-tfg-juancamilo-carmona/tfg/install/carla_ackermann_msgs/include/carla_ackermann_msgs/msg/detail/ego_vehicle_control_maxima__rosidl_typesupport_fastrtps_cpp.hpp
[9.694s] -- Symlinking: /home/camilo/2022-tfg-juancamilo-carmona/tfg/install/carla_ackermann_msgs/include/carla_ackermann_msgs/msg/detail/ego_vehicle_control_status__rosidl_typesupport_fastrtps_cpp.hpp
[9.704s] -- Symlinking: /home/camilo/2022-tfg-juancamilo-carmona/tfg/install/carla_ackermann_msgs/include/carla_ackermann_msgs/msg/detail/ego_vehicle_control_target__rosidl_typesupport_fastrtps_cpp.hpp
[9.714s] -- Symlinking: /home/camilo/2022-tfg-juancamilo-carmona/tfg/install/carla_ackermann_msgs/include/carla_ackermann_msgs/msg/rosidl_typesupport_fastrtps_cpp__visibility_control.h
[9.724s] -- Symlinking: /home/camilo/2022-tfg-juancamilo-carmona/tfg/install/carla_ackermann_msgs/lib/libcarla_ackermann_msgs__rosidl_typesupport_fastrtps_cpp.so
[9.735s] -- Symlinking: /home/camilo/2022-tfg-juancamilo-carmona/tfg/install/carla_ackermann_msgs/include/carla_ackermann_msgs/msg/detail/ego_vehicle_control_current__rosidl_typesupport_introspection_c.h
[9.746s] -- Symlinking: /home/camilo/2022-tfg-juancamilo-carmona/tfg/install/carla_ackermann_msgs/include/carla_ackermann_msgs/msg/detail/ego_vehicle_control_info__rosidl_typesupport_introspection_c.h
[9.756s] -- Symlinking: /home/camilo/2022-tfg-juancamilo-carmona/tfg/install/carla_ackermann_msgs/include/carla_ackermann_msgs/msg/detail/ego_vehicle_control_maxima__rosidl_typesupport_introspection_c.h
[9.766s] -- Symlinking: /home/camilo/2022-tfg-juancamilo-carmona/tfg/install/carla_ackermann_msgs/include/carla_ackermann_msgs/msg/detail/ego_vehicle_control_status__rosidl_typesupport_introspection_c.h
[9.776s] -- Symlinking: /home/camilo/2022-tfg-juancamilo-carmona/tfg/install/carla_ackermann_msgs/include/carla_ackermann_msgs/msg/detail/ego_vehicle_control_target__rosidl_typesupport_introspection_c.h
[9.787s] -- Symlinking: /home/camilo/2022-tfg-juancamilo-carmona/tfg/install/carla_ackermann_msgs/include/carla_ackermann_msgs/msg/rosidl_typesupport_introspection_c__visibility_control.h
[9.798s] -- Symlinking: /home/camilo/2022-tfg-juancamilo-carmona/tfg/install/carla_ackermann_msgs/include/carla_ackermann_msgs/msg/detail/ego_vehicle_control_current__builder.hpp
[9.808s] -- Symlinking: /home/camilo/2022-tfg-juancamilo-carmona/tfg/install/carla_ackermann_msgs/include/carla_ackermann_msgs/msg/detail/ego_vehicle_control_current__struct.hpp
[9.818s] -- Symlinking: /home/camilo/2022-tfg-juancamilo-carmona/tfg/install/carla_ackermann_msgs/include/carla_ackermann_msgs/msg/detail/ego_vehicle_control_current__traits.hpp
[9.829s] -- Symlinking: /home/camilo/2022-tfg-juancamilo-carmona/tfg/install/carla_ackermann_msgs/include/carla_ackermann_msgs/msg/detail/ego_vehicle_control_info__builder.hpp
[9.840s] -- Symlinking: /home/camilo/2022-tfg-juancamilo-carmona/tfg/install/carla_ackermann_msgs/include/carla_ackermann_msgs/msg/detail/ego_vehicle_control_info__struct.hpp
[9.852s] -- Symlinking: /home/camilo/2022-tfg-juancamilo-carmona/tfg/install/carla_ackermann_msgs/include/carla_ackermann_msgs/msg/detail/ego_vehicle_control_info__traits.hpp
[9.861s] -- Symlinking: /home/camilo/2022-tfg-juancamilo-carmona/tfg/install/carla_ackermann_msgs/include/carla_ackermann_msgs/msg/detail/ego_vehicle_control_maxima__builder.hpp
[9.872s] -- Symlinking: /home/camilo/2022-tfg-juancamilo-carmona/tfg/install/carla_ackermann_msgs/include/carla_ackermann_msgs/msg/detail/ego_vehicle_control_maxima__struct.hpp
[9.882s] -- Symlinking: /home/camilo/2022-tfg-juancamilo-carmona/tfg/install/carla_ackermann_msgs/include/carla_ackermann_msgs/msg/detail/ego_vehicle_control_maxima__traits.hpp
[9.892s] -- Symlinking: /home/camilo/2022-tfg-juancamilo-carmona/tfg/install/carla_ackermann_msgs/include/carla_ackermann_msgs/msg/detail/ego_vehicle_control_status__builder.hpp
[9.901s] -- Symlinking: /home/camilo/2022-tfg-juancamilo-carmona/tfg/install/carla_ackermann_msgs/include/carla_ackermann_msgs/msg/detail/ego_vehicle_control_status__struct.hpp
[9.911s] -- Symlinking: /home/camilo/2022-tfg-juancamilo-carmona/tfg/install/carla_ackermann_msgs/include/carla_ackermann_msgs/msg/detail/ego_vehicle_control_status__traits.hpp
[9.921s] -- Symlinking: /home/camilo/2022-tfg-juancamilo-carmona/tfg/install/carla_ackermann_msgs/include/carla_ackermann_msgs/msg/detail/ego_vehicle_control_target__builder.hpp
[9.930s] -- Symlinking: /home/camilo/2022-tfg-juancamilo-carmona/tfg/install/carla_ackermann_msgs/include/carla_ackermann_msgs/msg/detail/ego_vehicle_control_target__struct.hpp
[9.940s] -- Symlinking: /home/camilo/2022-tfg-juancamilo-carmona/tfg/install/carla_ackermann_msgs/include/carla_ackermann_msgs/msg/detail/ego_vehicle_control_target__traits.hpp
[9.950s] -- Symlinking: /home/camilo/2022-tfg-juancamilo-carmona/tfg/install/carla_ackermann_msgs/include/carla_ackermann_msgs/msg/ego_vehicle_control_current.hpp
[9.960s] -- Symlinking: /home/camilo/2022-tfg-juancamilo-carmona/tfg/install/carla_ackermann_msgs/include/carla_ackermann_msgs/msg/ego_vehicle_control_info.hpp
[9.970s] -- Symlinking: /home/camilo/2022-tfg-juancamilo-carmona/tfg/install/carla_ackermann_msgs/include/carla_ackermann_msgs/msg/ego_vehicle_control_maxima.hpp
[9.979s] -- Symlinking: /home/camilo/2022-tfg-juancamilo-carmona/tfg/install/carla_ackermann_msgs/include/carla_ackermann_msgs/msg/ego_vehicle_control_status.hpp
[9.990s] -- Symlinking: /home/camilo/2022-tfg-juancamilo-carmona/tfg/install/carla_ackermann_msgs/include/carla_ackermann_msgs/msg/ego_vehicle_control_target.hpp
[10.000s] -- Symlinking: /home/camilo/2022-tfg-juancamilo-carmona/tfg/install/carla_ackermann_msgs/include/carla_ackermann_msgs/msg/detail/ego_vehicle_control_current__rosidl_typesupport_introspection_cpp.hpp
[10.010s] -- Symlinking: /home/camilo/2022-tfg-juancamilo-carmona/tfg/install/carla_ackermann_msgs/include/carla_ackermann_msgs/msg/detail/ego_vehicle_control_info__rosidl_typesupport_introspection_cpp.hpp
[10.020s] -- Symlinking: /home/camilo/2022-tfg-juancamilo-carmona/tfg/install/carla_ackermann_msgs/include/carla_ackermann_msgs/msg/detail/ego_vehicle_control_maxima__rosidl_typesupport_introspection_cpp.hpp
[10.030s] -- Symlinking: /home/camilo/2022-tfg-juancamilo-carmona/tfg/install/carla_ackermann_msgs/include/carla_ackermann_msgs/msg/detail/ego_vehicle_control_status__rosidl_typesupport_introspection_cpp.hpp
[10.040s] -- Symlinking: /home/camilo/2022-tfg-juancamilo-carmona/tfg/install/carla_ackermann_msgs/include/carla_ackermann_msgs/msg/detail/ego_vehicle_control_target__rosidl_typesupport_introspection_cpp.hpp
[10.050s] -- Symlinking: /home/camilo/2022-tfg-juancamilo-carmona/tfg/install/carla_ackermann_msgs/share/carla_ackermann_msgs/environment/pythonpath.sh
[10.061s] -- Symlinking: /home/camilo/2022-tfg-juancamilo-carmona/tfg/install/carla_ackermann_msgs/share/carla_ackermann_msgs/environment/pythonpath.dsv
[10.071s] -- Symlinking: /home/camilo/2022-tfg-juancamilo-carmona/tfg/install/carla_ackermann_msgs/lib/python3.8/site-packages/carla_ackermann_msgs/__init__.py
[10.081s] -- Symlinking: /home/camilo/2022-tfg-juancamilo-carmona/tfg/install/carla_ackermann_msgs/lib/python3.8/site-packages/carla_ackermann_msgs/msg/__init__.py
[10.091s] -- Symlinking: /home/camilo/2022-tfg-juancamilo-carmona/tfg/install/carla_ackermann_msgs/lib/python3.8/site-packages/carla_ackermann_msgs/msg/_ego_vehicle_control_current.py
[10.102s] -- Symlinking: /home/camilo/2022-tfg-juancamilo-carmona/tfg/install/carla_ackermann_msgs/lib/python3.8/site-packages/carla_ackermann_msgs/msg/_ego_vehicle_control_info.py
[10.113s] -- Symlinking: /home/camilo/2022-tfg-juancamilo-carmona/tfg/install/carla_ackermann_msgs/lib/python3.8/site-packages/carla_ackermann_msgs/msg/_ego_vehicle_control_maxima.py
[10.122s] -- Symlinking: /home/camilo/2022-tfg-juancamilo-carmona/tfg/install/carla_ackermann_msgs/lib/python3.8/site-packages/carla_ackermann_msgs/msg/_ego_vehicle_control_status.py
[10.133s] -- Symlinking: /home/camilo/2022-tfg-juancamilo-carmona/tfg/install/carla_ackermann_msgs/lib/python3.8/site-packages/carla_ackermann_msgs/msg/_ego_vehicle_control_target.py
[10.143s] -- Symlinking: /home/camilo/2022-tfg-juancamilo-carmona/tfg/install/carla_ackermann_msgs/lib/python3.8/site-packages/carla_ackermann_msgs/carla_ackermann_msgs_s__rosidl_typesupport_fastrtps_c.cpython-38-x86_64-linux-gnu.so
[10.154s] -- Symlinking: /home/camilo/2022-tfg-juancamilo-carmona/tfg/install/carla_ackermann_msgs/lib/python3.8/site-packages/carla_ackermann_msgs/carla_ackermann_msgs_s__rosidl_typesupport_introspection_c.cpython-38-x86_64-linux-gnu.so
[10.163s] -- Symlinking: /home/camilo/2022-tfg-juancamilo-carmona/tfg/install/carla_ackermann_msgs/lib/python3.8/site-packages/carla_ackermann_msgs/carla_ackermann_msgs_s__rosidl_typesupport_c.cpython-38-x86_64-linux-gnu.so
[10.173s] -- Symlinking: /home/camilo/2022-tfg-juancamilo-carmona/tfg/install/carla_ackermann_msgs/lib/libcarla_ackermann_msgs__python.so
[10.182s] -- Symlinking: /home/camilo/2022-tfg-juancamilo-carmona/tfg/install/carla_ackermann_msgs/share/carla_ackermann_msgs/msg/EgoVehicleControlInfo.idl
[10.192s] -- Symlinking: /home/camilo/2022-tfg-juancamilo-carmona/tfg/install/carla_ackermann_msgs/share/carla_ackermann_msgs/msg/EgoVehicleControlCurrent.idl
[10.202s] -- Symlinking: /home/camilo/2022-tfg-juancamilo-carmona/tfg/install/carla_ackermann_msgs/share/carla_ackermann_msgs/msg/EgoVehicleControlMaxima.idl
[10.212s] -- Symlinking: /home/camilo/2022-tfg-juancamilo-carmona/tfg/install/carla_ackermann_msgs/share/carla_ackermann_msgs/msg/EgoVehicleControlStatus.idl
[10.221s] -- Symlinking: /home/camilo/2022-tfg-juancamilo-carmona/tfg/install/carla_ackermann_msgs/share/carla_ackermann_msgs/msg/EgoVehicleControlTarget.idl
[10.234s] -- Symlinking: /home/camilo/2022-tfg-juancamilo-carmona/tfg/install/carla_ackermann_msgs/share/carla_ackermann_msgs/msg/EgoVehicleControlInfo.msg
[10.243s] -- Symlinking: /home/camilo/2022-tfg-juancamilo-carmona/tfg/install/carla_ackermann_msgs/share/carla_ackermann_msgs/msg/EgoVehicleControlCurrent.msg
[10.253s] -- Symlinking: /home/camilo/2022-tfg-juancamilo-carmona/tfg/install/carla_ackermann_msgs/share/carla_ackermann_msgs/msg/EgoVehicleControlMaxima.msg
[10.262s] -- Symlinking: /home/camilo/2022-tfg-juancamilo-carmona/tfg/install/carla_ackermann_msgs/share/carla_ackermann_msgs/msg/EgoVehicleControlStatus.msg
[10.272s] -- Symlinking: /home/camilo/2022-tfg-juancamilo-carmona/tfg/install/carla_ackermann_msgs/share/carla_ackermann_msgs/msg/EgoVehicleControlTarget.msg
[10.281s] -- Symlinking: /home/camilo/2022-tfg-juancamilo-carmona/tfg/install/carla_ackermann_msgs/share/ament_index/resource_index/package_run_dependencies/carla_ackermann_msgs
[10.291s] -- Symlinking: /home/camilo/2022-tfg-juancamilo-carmona/tfg/install/carla_ackermann_msgs/share/ament_index/resource_index/parent_prefix_path/carla_ackermann_msgs
[10.301s] -- Symlinking: /home/camilo/2022-tfg-juancamilo-carmona/tfg/install/carla_ackermann_msgs/share/carla_ackermann_msgs/environment/ament_prefix_path.sh
[10.311s] -- Symlinking: /home/camilo/2022-tfg-juancamilo-carmona/tfg/install/carla_ackermann_msgs/share/carla_ackermann_msgs/environment/ament_prefix_path.dsv
[10.321s] -- Symlinking: /home/camilo/2022-tfg-juancamilo-carmona/tfg/install/carla_ackermann_msgs/share/carla_ackermann_msgs/environment/path.sh
[10.330s] -- Symlinking: /home/camilo/2022-tfg-juancamilo-carmona/tfg/install/carla_ackermann_msgs/share/carla_ackermann_msgs/environment/path.dsv
[10.339s] -- Symlinking: /home/camilo/2022-tfg-juancamilo-carmona/tfg/install/carla_ackermann_msgs/share/carla_ackermann_msgs/local_setup.bash
[10.349s] -- Symlinking: /home/camilo/2022-tfg-juancamilo-carmona/tfg/install/carla_ackermann_msgs/share/carla_ackermann_msgs/local_setup.sh
[10.359s] -- Symlinking: /home/camilo/2022-tfg-juancamilo-carmona/tfg/install/carla_ackermann_msgs/share/carla_ackermann_msgs/local_setup.zsh
[10.369s] -- Symlinking: /home/camilo/2022-tfg-juancamilo-carmona/tfg/install/carla_ackermann_msgs/share/carla_ackermann_msgs/local_setup.dsv
[10.379s] -- Symlinking: /home/camilo/2022-tfg-juancamilo-carmona/tfg/install/carla_ackermann_msgs/share/carla_ackermann_msgs/package.dsv
[10.391s] -- Symlinking: /home/camilo/2022-tfg-juancamilo-carmona/tfg/install/carla_ackermann_msgs/share/ament_index/resource_index/packages/carla_ackermann_msgs
[10.402s] -- Symlinking: /home/camilo/2022-tfg-juancamilo-carmona/tfg/install/carla_ackermann_msgs/share/carla_ackermann_msgs/cmake/rosidl_cmake-extras.cmake
[10.412s] -- Symlinking: /home/camilo/2022-tfg-juancamilo-carmona/tfg/install/carla_ackermann_msgs/share/carla_ackermann_msgs/cmake/ament_cmake_export_dependencies-extras.cmake
[10.423s] -- Symlinking: /home/camilo/2022-tfg-juancamilo-carmona/tfg/install/carla_ackermann_msgs/share/carla_ackermann_msgs/cmake/ament_cmake_export_libraries-extras.cmake
[10.433s] -- Symlinking: /home/camilo/2022-tfg-juancamilo-carmona/tfg/install/carla_ackermann_msgs/share/carla_ackermann_msgs/cmake/ament_cmake_export_targets-extras.cmake
[10.442s] -- Symlinking: /home/camilo/2022-tfg-juancamilo-carmona/tfg/install/carla_ackermann_msgs/share/carla_ackermann_msgs/cmake/ament_cmake_export_include_directories-extras.cmake
[10.453s] -- Symlinking: /home/camilo/2022-tfg-juancamilo-carmona/tfg/install/carla_ackermann_msgs/share/carla_ackermann_msgs/cmake/rosidl_cmake_export_typesupport_libraries-extras.cmake
[10.462s] -- Symlinking: /home/camilo/2022-tfg-juancamilo-carmona/tfg/install/carla_ackermann_msgs/share/carla_ackermann_msgs/cmake/rosidl_cmake_export_typesupport_targets-extras.cmake
[10.473s] -- Symlinking: /home/camilo/2022-tfg-juancamilo-carmona/tfg/install/carla_ackermann_msgs/share/carla_ackermann_msgs/cmake/carla_ackermann_msgsConfig.cmake
[10.482s] -- Symlinking: /home/camilo/2022-tfg-juancamilo-carmona/tfg/install/carla_ackermann_msgs/share/carla_ackermann_msgs/cmake/carla_ackermann_msgsConfig-version.cmake
[10.491s] -- Symlinking: /home/camilo/2022-tfg-juancamilo-carmona/tfg/install/carla_ackermann_msgs/share/carla_ackermann_msgs/package.xml
[10.500s] -- Installing: /home/camilo/2022-tfg-juancamilo-carmona/tfg/install/carla_ackermann_msgs/lib/libcarla_ackermann_msgs__rosidl_generator_c.so
[10.500s] -- Set runtime path of "/home/camilo/2022-tfg-juancamilo-carmona/tfg/install/carla_ackermann_msgs/lib/libcarla_ackermann_msgs__rosidl_generator_c.so" to ""
[10.500s] -- Installing: /home/camilo/2022-tfg-juancamilo-carmona/tfg/install/carla_ackermann_msgs/lib/libcarla_ackermann_msgs__rosidl_typesupport_introspection_c.so
[10.501s] -- Set runtime path of "/home/camilo/2022-tfg-juancamilo-carmona/tfg/install/carla_ackermann_msgs/lib/libcarla_ackermann_msgs__rosidl_typesupport_introspection_c.so" to ""
[10.501s] -- Installing: /home/camilo/2022-tfg-juancamilo-carmona/tfg/install/carla_ackermann_msgs/lib/libcarla_ackermann_msgs__rosidl_typesupport_c.so
[10.501s] -- Set runtime path of "/home/camilo/2022-tfg-juancamilo-carmona/tfg/install/carla_ackermann_msgs/lib/libcarla_ackermann_msgs__rosidl_typesupport_c.so" to ""
[10.501s] -- Installing: /home/camilo/2022-tfg-juancamilo-carmona/tfg/install/carla_ackermann_msgs/lib/libcarla_ackermann_msgs__rosidl_typesupport_introspection_cpp.so
[10.502s] -- Set runtime path of "/home/camilo/2022-tfg-juancamilo-carmona/tfg/install/carla_ackermann_msgs/lib/libcarla_ackermann_msgs__rosidl_typesupport_introspection_cpp.so" to ""
[10.502s] -- Installing: /home/camilo/2022-tfg-juancamilo-carmona/tfg/install/carla_ackermann_msgs/lib/libcarla_ackermann_msgs__rosidl_typesupport_cpp.so
[10.502s] -- Set runtime path of "/home/camilo/2022-tfg-juancamilo-carmona/tfg/install/carla_ackermann_msgs/lib/libcarla_ackermann_msgs__rosidl_typesupport_cpp.so" to ""
[10.560s] Compiling '/home/camilo/2022-tfg-juancamilo-carmona/tfg/install/carla_ackermann_msgs/lib/python3.8/site-packages/carla_ackermann_msgs/__init__.py'...
[10.564s] -- Installing: /home/camilo/2022-tfg-juancamilo-carmona/tfg/install/carla_ackermann_msgs/share/carla_ackermann_msgs/cmake/carla_ackermann_msgs__rosidl_generator_cExport.cmake
[10.564s] -- Installing: /home/camilo/2022-tfg-juancamilo-carmona/tfg/install/carla_ackermann_msgs/share/carla_ackermann_msgs/cmake/carla_ackermann_msgs__rosidl_generator_cExport-noconfig.cmake
[10.564s] -- Installing: /home/camilo/2022-tfg-juancamilo-carmona/tfg/install/carla_ackermann_msgs/share/carla_ackermann_msgs/cmake/carla_ackermann_msgs__rosidl_typesupport_introspection_cExport.cmake
[10.564s] -- Installing: /home/camilo/2022-tfg-juancamilo-carmona/tfg/install/carla_ackermann_msgs/share/carla_ackermann_msgs/cmake/carla_ackermann_msgs__rosidl_typesupport_introspection_cExport-noconfig.cmake
[10.565s] -- Installing: /home/camilo/2022-tfg-juancamilo-carmona/tfg/install/carla_ackermann_msgs/share/carla_ackermann_msgs/cmake/carla_ackermann_msgs__rosidl_typesupport_cExport.cmake
[10.565s] -- Installing: /home/camilo/2022-tfg-juancamilo-carmona/tfg/install/carla_ackermann_msgs/share/carla_ackermann_msgs/cmake/carla_ackermann_msgs__rosidl_typesupport_cExport-noconfig.cmake
[10.565s] -- Installing: /home/camilo/2022-tfg-juancamilo-carmona/tfg/install/carla_ackermann_msgs/share/carla_ackermann_msgs/cmake/carla_ackermann_msgs__rosidl_generator_cppExport.cmake
[10.565s] -- Installing: /home/camilo/2022-tfg-juancamilo-carmona/tfg/install/carla_ackermann_msgs/share/carla_ackermann_msgs/cmake/carla_ackermann_msgs__rosidl_typesupport_introspection_cppExport.cmake
[10.565s] -- Installing: /home/camilo/2022-tfg-juancamilo-carmona/tfg/install/carla_ackermann_msgs/share/carla_ackermann_msgs/cmake/carla_ackermann_msgs__rosidl_typesupport_introspection_cppExport-noconfig.cmake
[10.565s] -- Installing: /home/camilo/2022-tfg-juancamilo-carmona/tfg/install/carla_ackermann_msgs/share/carla_ackermann_msgs/cmake/carla_ackermann_msgs__rosidl_typesupport_cppExport.cmake
[10.566s] -- Installing: /home/camilo/2022-tfg-juancamilo-carmona/tfg/install/carla_ackermann_msgs/share/carla_ackermann_msgs/cmake/carla_ackermann_msgs__rosidl_typesupport_cppExport-noconfig.cmake
[10.573s] Invoked command in '/home/camilo/2022-tfg-juancamilo-carmona/tfg/build/carla_ackermann_msgs' returned '0': AMENT_PREFIX_PATH=/home/camilo/2022-tfg-juancamilo-carmona/tfg/install/carla_msgs:${AMENT_PREFIX_PATH} CMAKE_PREFIX_PATH=/home/camilo/2022-tfg-juancamilo-carmona/tfg/install/carla_msgs:/home/camilo/carla-ros-bridge/install/carla_ad_demo:/home/camilo/carla-ros-bridge/install/rviz_carla_plugin:/home/camilo/carla-ros-bridge/install/pcl_recorder:/home/camilo/carla-ros-bridge/install/carla_waypoint_types:/home/camilo/carla-ros-bridge/install/carla_ros_scenario_runner_types:/home/camilo/carla-ros-bridge/install/carla_ackermann_msgs:/home/camilo/carla-ros-bridge/install/carla_msgs:/home/camilo/carla-ros-bridge/install/rqt_carla_control:/home/camilo/carla-ros-bridge/install/carla_waypoint_publisher:/home/camilo/carla-ros-bridge/install/carla_ackermann_control:/home/camilo/carla-ros-bridge/install/carla_ros_bridge:/home/camilo/carla-ros-bridge/install/carla_spawn_objects:/home/camilo/carla-ros-bridge/install/carla_manual_control:/home/camilo/carla-ros-bridge/install/carla_ad_agent:/home/camilo/carla-ros-bridge/install/ros_compatibility:/home/camilo/carla-ros-bridge/install/carla_walker_agent:/home/camilo/carla-ros-bridge/install/carla_twist_to_control:/home/camilo/carla-ros-bridge/install/carla_ros_scenario_runner:/home/camilo/carla-ros-bridge/install/carla_common:/opt/ros/foxy LD_LIBRARY_PATH=/home/camilo/2022-tfg-juancamilo-carmona/tfg/install/carla_msgs/lib:${LD_LIBRARY_PATH} PYTHONPATH=/home/camilo/2022-tfg-juancamilo-carmona/tfg/install/carla_msgs/lib/python3.8/site-packages:${PYTHONPATH} /usr/bin/cmake --install /home/camilo/2022-tfg-juancamilo-carmona/tfg/build/carla_ackermann_msgs
