[0.958s] Invoking command in '/home/camilo/2022-tfg-juancamilo-carmona/tfg/build/carla_waypoint_types': CMAKE_PREFIX_PATH=${CMAKE_PREFIX_PATH}:/home/camilo/2022-tfg-juancamilo-carmona/tfg/install/rqt_carla_control:/home/camilo/2022-tfg-juancamilo-carmona/tfg/install/line_follower:/home/camilo/2022-tfg-juancamilo-carmona/tfg/install/carla_waypoint_publisher:/home/camilo/2022-tfg-juancamilo-carmona/tfg/install/carla_teleop:/home/camilo/2022-tfg-juancamilo-carmona/tfg/install/carla_ackermann_control:/home/camilo/2022-tfg-juancamilo-carmona/tfg/install/carla_ros_bridge:/home/camilo/2022-tfg-juancamilo-carmona/tfg/install/carla_spawn_objects:/home/camilo/2022-tfg-juancamilo-carmona/tfg/install/carla_manual_control:/home/camilo/2022-tfg-juancamilo-carmona/tfg/install/carla_ad_agent:/home/camilo/2022-tfg-juancamilo-carmona/tfg/install/analysis:/home/camilo/2022-tfg-juancamilo-carmona/tfg/install/ros_compatibility:/home/camilo/2022-tfg-juancamilo-carmona/tfg/install/carla_walker_agent:/home/camilo/2022-tfg-juancamilo-carmona/tfg/install/carla_twist_to_control:/home/camilo/2022-tfg-juancamilo-carmona/tfg/install/carla_ros_scenario_runner:/home/camilo/2022-tfg-juancamilo-carmona/tfg/install/carla_common:/opt/ros/foxy /usr/bin/cmake --build /home/camilo/2022-tfg-juancamilo-carmona/tfg/build/carla_waypoint_types -- -j12 -l12
[2.315s] [  2%] Built target carla_waypoint_types__cpp
[2.316s] [ 12%] Built target carla_waypoint_types__rosidl_generator_c
[2.316s] [ 23%] Built target carla_waypoint_types__rosidl_typesupport_introspection_cpp
[2.318s] [ 34%] Built target carla_waypoint_types__rosidl_typesupport_cpp
[2.318s] [ 44%] Built target carla_waypoint_types__rosidl_typesupport_c
[2.318s] [ 55%] Built target carla_waypoint_types__rosidl_typesupport_fastrtps_cpp
[2.320s] [ 65%] Built target carla_waypoint_types__rosidl_typesupport_introspection_c
[2.320s] [ 76%] Built target carla_waypoint_types__rosidl_typesupport_fastrtps_c
[2.321s] [ 76%] Built target carla_waypoint_types
[2.321s] [ 78%] Built target carla_waypoint_types__py
[2.321s] [ 87%] Built target carla_waypoint_types__python
[2.321s] [ 91%] Built target carla_waypoint_types__rosidl_typesupport_fastrtps_c__pyext
[2.322s] [ 95%] Built target carla_waypoint_types__rosidl_typesupport_introspection_c__pyext
[2.322s] [100%] Built target carla_waypoint_types__rosidl_typesupport_c__pyext
[2.327s] Invoked command in '/home/camilo/2022-tfg-juancamilo-carmona/tfg/build/carla_waypoint_types' returned '0': CMAKE_PREFIX_PATH=${CMAKE_PREFIX_PATH}:/home/camilo/2022-tfg-juancamilo-carmona/tfg/install/rqt_carla_control:/home/camilo/2022-tfg-juancamilo-carmona/tfg/install/line_follower:/home/camilo/2022-tfg-juancamilo-carmona/tfg/install/carla_waypoint_publisher:/home/camilo/2022-tfg-juancamilo-carmona/tfg/install/carla_teleop:/home/camilo/2022-tfg-juancamilo-carmona/tfg/install/carla_ackermann_control:/home/camilo/2022-tfg-juancamilo-carmona/tfg/install/carla_ros_bridge:/home/camilo/2022-tfg-juancamilo-carmona/tfg/install/carla_spawn_objects:/home/camilo/2022-tfg-juancamilo-carmona/tfg/install/carla_manual_control:/home/camilo/2022-tfg-juancamilo-carmona/tfg/install/carla_ad_agent:/home/camilo/2022-tfg-juancamilo-carmona/tfg/install/analysis:/home/camilo/2022-tfg-juancamilo-carmona/tfg/install/ros_compatibility:/home/camilo/2022-tfg-juancamilo-carmona/tfg/install/carla_walker_agent:/home/camilo/2022-tfg-juancamilo-carmona/tfg/install/carla_twist_to_control:/home/camilo/2022-tfg-juancamilo-carmona/tfg/install/carla_ros_scenario_runner:/home/camilo/2022-tfg-juancamilo-carmona/tfg/install/carla_common:/opt/ros/foxy /usr/bin/cmake --build /home/camilo/2022-tfg-juancamilo-carmona/tfg/build/carla_waypoint_types -- -j12 -l12
[2.599s] Invoking command in '/home/camilo/2022-tfg-juancamilo-carmona/tfg/build/carla_waypoint_types': CMAKE_PREFIX_PATH=${CMAKE_PREFIX_PATH}:/home/camilo/2022-tfg-juancamilo-carmona/tfg/install/rqt_carla_control:/home/camilo/2022-tfg-juancamilo-carmona/tfg/install/line_follower:/home/camilo/2022-tfg-juancamilo-carmona/tfg/install/carla_waypoint_publisher:/home/camilo/2022-tfg-juancamilo-carmona/tfg/install/carla_teleop:/home/camilo/2022-tfg-juancamilo-carmona/tfg/install/carla_ackermann_control:/home/camilo/2022-tfg-juancamilo-carmona/tfg/install/carla_ros_bridge:/home/camilo/2022-tfg-juancamilo-carmona/tfg/install/carla_spawn_objects:/home/camilo/2022-tfg-juancamilo-carmona/tfg/install/carla_manual_control:/home/camilo/2022-tfg-juancamilo-carmona/tfg/install/carla_ad_agent:/home/camilo/2022-tfg-juancamilo-carmona/tfg/install/analysis:/home/camilo/2022-tfg-juancamilo-carmona/tfg/install/ros_compatibility:/home/camilo/2022-tfg-juancamilo-carmona/tfg/install/carla_walker_agent:/home/camilo/2022-tfg-juancamilo-carmona/tfg/install/carla_twist_to_control:/home/camilo/2022-tfg-juancamilo-carmona/tfg/install/carla_ros_scenario_runner:/home/camilo/2022-tfg-juancamilo-carmona/tfg/install/carla_common:/opt/ros/foxy /usr/bin/cmake --install /home/camilo/2022-tfg-juancamilo-carmona/tfg/build/carla_waypoint_types
[2.627s] -- Install configuration: ""
[2.627s] -- Execute custom install script
[2.627s] -- Up-to-date symlink: /home/camilo/2022-tfg-juancamilo-carmona/tfg/install/carla_waypoint_types/share/ament_index/resource_index/rosidl_interfaces/carla_waypoint_types
[2.628s] -- Up-to-date symlink: /home/camilo/2022-tfg-juancamilo-carmona/tfg/install/carla_waypoint_types/include/carla_waypoint_types/msg/carla_waypoint.h
[2.629s] -- Up-to-date symlink: /home/camilo/2022-tfg-juancamilo-carmona/tfg/install/carla_waypoint_types/include/carla_waypoint_types/msg/detail/carla_waypoint__functions.h
[2.629s] -- Up-to-date symlink: /home/camilo/2022-tfg-juancamilo-carmona/tfg/install/carla_waypoint_types/include/carla_waypoint_types/msg/detail/carla_waypoint__struct.h
[2.632s] -- Up-to-date symlink: /home/camilo/2022-tfg-juancamilo-carmona/tfg/install/carla_waypoint_types/include/carla_waypoint_types/msg/detail/carla_waypoint__type_support.h
[2.632s] -- Up-to-date symlink: /home/camilo/2022-tfg-juancamilo-carmona/tfg/install/carla_waypoint_types/include/carla_waypoint_types/msg/rosidl_generator_c__visibility_control.h
[2.632s] -- Up-to-date symlink: /home/camilo/2022-tfg-juancamilo-carmona/tfg/install/carla_waypoint_types/include/carla_waypoint_types/srv/detail/get_actor_waypoint__functions.h
[2.632s] -- Up-to-date symlink: /home/camilo/2022-tfg-juancamilo-carmona/tfg/install/carla_waypoint_types/include/carla_waypoint_types/srv/detail/get_actor_waypoint__struct.h
[2.635s] -- Up-to-date symlink: /home/camilo/2022-tfg-juancamilo-carmona/tfg/install/carla_waypoint_types/include/carla_waypoint_types/srv/detail/get_actor_waypoint__type_support.h
[2.635s] -- Up-to-date symlink: /home/camilo/2022-tfg-juancamilo-carmona/tfg/install/carla_waypoint_types/include/carla_waypoint_types/srv/detail/get_waypoint__functions.h
[2.641s] -- Up-to-date symlink: /home/camilo/2022-tfg-juancamilo-carmona/tfg/install/carla_waypoint_types/include/carla_waypoint_types/srv/detail/get_waypoint__struct.h
[2.642s] -- Up-to-date symlink: /home/camilo/2022-tfg-juancamilo-carmona/tfg/install/carla_waypoint_types/include/carla_waypoint_types/srv/detail/get_waypoint__type_support.h
[2.643s] -- Up-to-date symlink: /home/camilo/2022-tfg-juancamilo-carmona/tfg/install/carla_waypoint_types/include/carla_waypoint_types/srv/get_actor_waypoint.h
[2.643s] -- Up-to-date symlink: /home/camilo/2022-tfg-juancamilo-carmona/tfg/install/carla_waypoint_types/include/carla_waypoint_types/srv/get_waypoint.h
[2.644s] -- Up-to-date symlink: /home/camilo/2022-tfg-juancamilo-carmona/tfg/install/carla_waypoint_types/share/carla_waypoint_types/environment/library_path.sh
[2.645s] -- Up-to-date symlink: /home/camilo/2022-tfg-juancamilo-carmona/tfg/install/carla_waypoint_types/share/carla_waypoint_types/environment/library_path.dsv
[2.646s] -- Up-to-date symlink: /home/camilo/2022-tfg-juancamilo-carmona/tfg/install/carla_waypoint_types/include/carla_waypoint_types/msg/detail/carla_waypoint__rosidl_typesupport_fastrtps_c.h
[2.646s] -- Up-to-date symlink: /home/camilo/2022-tfg-juancamilo-carmona/tfg/install/carla_waypoint_types/include/carla_waypoint_types/msg/rosidl_typesupport_fastrtps_c__visibility_control.h
[2.647s] -- Up-to-date symlink: /home/camilo/2022-tfg-juancamilo-carmona/tfg/install/carla_waypoint_types/include/carla_waypoint_types/srv/detail/get_actor_waypoint__rosidl_typesupport_fastrtps_c.h
[2.647s] -- Up-to-date symlink: /home/camilo/2022-tfg-juancamilo-carmona/tfg/install/carla_waypoint_types/include/carla_waypoint_types/srv/detail/get_waypoint__rosidl_typesupport_fastrtps_c.h
[2.649s] -- Up-to-date symlink: /home/camilo/2022-tfg-juancamilo-carmona/tfg/install/carla_waypoint_types/lib/libcarla_waypoint_types__rosidl_typesupport_fastrtps_c.so
[2.650s] -- Up-to-date symlink: /home/camilo/2022-tfg-juancamilo-carmona/tfg/install/carla_waypoint_types/include/carla_waypoint_types/msg/detail/carla_waypoint__rosidl_typesupport_fastrtps_cpp.hpp
[2.650s] -- Up-to-date symlink: /home/camilo/2022-tfg-juancamilo-carmona/tfg/install/carla_waypoint_types/include/carla_waypoint_types/msg/rosidl_typesupport_fastrtps_cpp__visibility_control.h
[2.651s] -- Up-to-date symlink: /home/camilo/2022-tfg-juancamilo-carmona/tfg/install/carla_waypoint_types/include/carla_waypoint_types/srv/detail/get_actor_waypoint__rosidl_typesupport_fastrtps_cpp.hpp
[2.651s] -- Up-to-date symlink: /home/camilo/2022-tfg-juancamilo-carmona/tfg/install/carla_waypoint_types/include/carla_waypoint_types/srv/detail/get_waypoint__rosidl_typesupport_fastrtps_cpp.hpp
[2.653s] -- Up-to-date symlink: /home/camilo/2022-tfg-juancamilo-carmona/tfg/install/carla_waypoint_types/lib/libcarla_waypoint_types__rosidl_typesupport_fastrtps_cpp.so
[2.654s] -- Up-to-date symlink: /home/camilo/2022-tfg-juancamilo-carmona/tfg/install/carla_waypoint_types/include/carla_waypoint_types/msg/detail/carla_waypoint__rosidl_typesupport_introspection_c.h
[2.655s] -- Up-to-date symlink: /home/camilo/2022-tfg-juancamilo-carmona/tfg/install/carla_waypoint_types/include/carla_waypoint_types/msg/rosidl_typesupport_introspection_c__visibility_control.h
[2.655s] -- Up-to-date symlink: /home/camilo/2022-tfg-juancamilo-carmona/tfg/install/carla_waypoint_types/include/carla_waypoint_types/srv/detail/get_actor_waypoint__rosidl_typesupport_introspection_c.h
[2.656s] -- Up-to-date symlink: /home/camilo/2022-tfg-juancamilo-carmona/tfg/install/carla_waypoint_types/include/carla_waypoint_types/srv/detail/get_waypoint__rosidl_typesupport_introspection_c.h
[2.658s] -- Up-to-date symlink: /home/camilo/2022-tfg-juancamilo-carmona/tfg/install/carla_waypoint_types/include/carla_waypoint_types/msg/carla_waypoint.hpp
[2.658s] -- Up-to-date symlink: /home/camilo/2022-tfg-juancamilo-carmona/tfg/install/carla_waypoint_types/include/carla_waypoint_types/msg/detail/carla_waypoint__builder.hpp
[2.659s] -- Up-to-date symlink: /home/camilo/2022-tfg-juancamilo-carmona/tfg/install/carla_waypoint_types/include/carla_waypoint_types/msg/detail/carla_waypoint__struct.hpp
[2.659s] -- Up-to-date symlink: /home/camilo/2022-tfg-juancamilo-carmona/tfg/install/carla_waypoint_types/include/carla_waypoint_types/msg/detail/carla_waypoint__traits.hpp
[2.660s] -- Up-to-date symlink: /home/camilo/2022-tfg-juancamilo-carmona/tfg/install/carla_waypoint_types/include/carla_waypoint_types/srv/detail/get_actor_waypoint__builder.hpp
[2.661s] -- Up-to-date symlink: /home/camilo/2022-tfg-juancamilo-carmona/tfg/install/carla_waypoint_types/include/carla_waypoint_types/srv/detail/get_actor_waypoint__struct.hpp
[2.661s] -- Up-to-date symlink: /home/camilo/2022-tfg-juancamilo-carmona/tfg/install/carla_waypoint_types/include/carla_waypoint_types/srv/detail/get_actor_waypoint__traits.hpp
[2.662s] -- Up-to-date symlink: /home/camilo/2022-tfg-juancamilo-carmona/tfg/install/carla_waypoint_types/include/carla_waypoint_types/srv/detail/get_waypoint__builder.hpp
[2.662s] -- Up-to-date symlink: /home/camilo/2022-tfg-juancamilo-carmona/tfg/install/carla_waypoint_types/include/carla_waypoint_types/srv/detail/get_waypoint__struct.hpp
[2.663s] -- Up-to-date symlink: /home/camilo/2022-tfg-juancamilo-carmona/tfg/install/carla_waypoint_types/include/carla_waypoint_types/srv/detail/get_waypoint__traits.hpp
[2.664s] -- Up-to-date symlink: /home/camilo/2022-tfg-juancamilo-carmona/tfg/install/carla_waypoint_types/include/carla_waypoint_types/srv/get_actor_waypoint.hpp
[2.666s] -- Up-to-date symlink: /home/camilo/2022-tfg-juancamilo-carmona/tfg/install/carla_waypoint_types/include/carla_waypoint_types/srv/get_waypoint.hpp
[2.666s] -- Up-to-date symlink: /home/camilo/2022-tfg-juancamilo-carmona/tfg/install/carla_waypoint_types/include/carla_waypoint_types/msg/detail/carla_waypoint__rosidl_typesupport_introspection_cpp.hpp
[2.666s] -- Up-to-date symlink: /home/camilo/2022-tfg-juancamilo-carmona/tfg/install/carla_waypoint_types/include/carla_waypoint_types/srv/detail/get_actor_waypoint__rosidl_typesupport_introspection_cpp.hpp
[2.667s] -- Up-to-date symlink: /home/camilo/2022-tfg-juancamilo-carmona/tfg/install/carla_waypoint_types/include/carla_waypoint_types/srv/detail/get_waypoint__rosidl_typesupport_introspection_cpp.hpp
[2.668s] -- Up-to-date symlink: /home/camilo/2022-tfg-juancamilo-carmona/tfg/install/carla_waypoint_types/share/carla_waypoint_types/environment/pythonpath.sh
[2.669s] -- Up-to-date symlink: /home/camilo/2022-tfg-juancamilo-carmona/tfg/install/carla_waypoint_types/share/carla_waypoint_types/environment/pythonpath.dsv
[2.670s] -- Up-to-date symlink: /home/camilo/2022-tfg-juancamilo-carmona/tfg/install/carla_waypoint_types/lib/python3.8/site-packages/carla_waypoint_types/__init__.py
[2.673s] -- Up-to-date symlink: /home/camilo/2022-tfg-juancamilo-carmona/tfg/install/carla_waypoint_types/lib/python3.8/site-packages/carla_waypoint_types/msg/__init__.py
[2.673s] -- Up-to-date symlink: /home/camilo/2022-tfg-juancamilo-carmona/tfg/install/carla_waypoint_types/lib/python3.8/site-packages/carla_waypoint_types/msg/_carla_waypoint.py
[2.674s] -- Up-to-date symlink: /home/camilo/2022-tfg-juancamilo-carmona/tfg/install/carla_waypoint_types/lib/python3.8/site-packages/carla_waypoint_types/srv/__init__.py
[2.674s] -- Up-to-date symlink: /home/camilo/2022-tfg-juancamilo-carmona/tfg/install/carla_waypoint_types/lib/python3.8/site-packages/carla_waypoint_types/srv/_get_actor_waypoint.py
[2.675s] -- Up-to-date symlink: /home/camilo/2022-tfg-juancamilo-carmona/tfg/install/carla_waypoint_types/lib/python3.8/site-packages/carla_waypoint_types/srv/_get_waypoint.py
[2.676s] -- Up-to-date symlink: /home/camilo/2022-tfg-juancamilo-carmona/tfg/install/carla_waypoint_types/lib/python3.8/site-packages/carla_waypoint_types/carla_waypoint_types_s__rosidl_typesupport_fastrtps_c.cpython-38-x86_64-linux-gnu.so
[2.677s] -- Up-to-date symlink: /home/camilo/2022-tfg-juancamilo-carmona/tfg/install/carla_waypoint_types/lib/python3.8/site-packages/carla_waypoint_types/carla_waypoint_types_s__rosidl_typesupport_introspection_c.cpython-38-x86_64-linux-gnu.so
[2.679s] -- Up-to-date symlink: /home/camilo/2022-tfg-juancamilo-carmona/tfg/install/carla_waypoint_types/lib/python3.8/site-packages/carla_waypoint_types/carla_waypoint_types_s__rosidl_typesupport_c.cpython-38-x86_64-linux-gnu.so
[2.680s] -- Up-to-date symlink: /home/camilo/2022-tfg-juancamilo-carmona/tfg/install/carla_waypoint_types/lib/libcarla_waypoint_types__python.so
[2.680s] -- Up-to-date symlink: /home/camilo/2022-tfg-juancamilo-carmona/tfg/install/carla_waypoint_types/share/carla_waypoint_types/msg/CarlaWaypoint.idl
[2.681s] -- Up-to-date symlink: /home/camilo/2022-tfg-juancamilo-carmona/tfg/install/carla_waypoint_types/share/carla_waypoint_types/srv/GetWaypoint.idl
[2.681s] -- Up-to-date symlink: /home/camilo/2022-tfg-juancamilo-carmona/tfg/install/carla_waypoint_types/share/carla_waypoint_types/srv/GetActorWaypoint.idl
[2.682s] -- Up-to-date symlink: /home/camilo/2022-tfg-juancamilo-carmona/tfg/install/carla_waypoint_types/share/carla_waypoint_types/msg/CarlaWaypoint.msg
[2.682s] -- Up-to-date symlink: /home/camilo/2022-tfg-juancamilo-carmona/tfg/install/carla_waypoint_types/share/carla_waypoint_types/srv/GetWaypoint.srv
[2.683s] -- Up-to-date symlink: /home/camilo/2022-tfg-juancamilo-carmona/tfg/install/carla_waypoint_types/share/carla_waypoint_types/srv/GetWaypoint_Request.msg
[2.683s] -- Up-to-date symlink: /home/camilo/2022-tfg-juancamilo-carmona/tfg/install/carla_waypoint_types/share/carla_waypoint_types/srv/GetWaypoint_Response.msg
[2.684s] -- Up-to-date symlink: /home/camilo/2022-tfg-juancamilo-carmona/tfg/install/carla_waypoint_types/share/carla_waypoint_types/srv/GetActorWaypoint.srv
[2.684s] -- Up-to-date symlink: /home/camilo/2022-tfg-juancamilo-carmona/tfg/install/carla_waypoint_types/share/carla_waypoint_types/srv/GetActorWaypoint_Request.msg
[2.685s] -- Up-to-date symlink: /home/camilo/2022-tfg-juancamilo-carmona/tfg/install/carla_waypoint_types/share/carla_waypoint_types/srv/GetActorWaypoint_Response.msg
[2.686s] -- Up-to-date symlink: /home/camilo/2022-tfg-juancamilo-carmona/tfg/install/carla_waypoint_types/share/ament_index/resource_index/package_run_dependencies/carla_waypoint_types
[2.686s] -- Up-to-date symlink: /home/camilo/2022-tfg-juancamilo-carmona/tfg/install/carla_waypoint_types/share/ament_index/resource_index/parent_prefix_path/carla_waypoint_types
[2.687s] -- Up-to-date symlink: /home/camilo/2022-tfg-juancamilo-carmona/tfg/install/carla_waypoint_types/share/carla_waypoint_types/environment/ament_prefix_path.sh
[2.687s] -- Up-to-date symlink: /home/camilo/2022-tfg-juancamilo-carmona/tfg/install/carla_waypoint_types/share/carla_waypoint_types/environment/ament_prefix_path.dsv
[2.689s] -- Up-to-date symlink: /home/camilo/2022-tfg-juancamilo-carmona/tfg/install/carla_waypoint_types/share/carla_waypoint_types/environment/path.sh
[2.689s] -- Up-to-date symlink: /home/camilo/2022-tfg-juancamilo-carmona/tfg/install/carla_waypoint_types/share/carla_waypoint_types/environment/path.dsv
[2.689s] -- Up-to-date symlink: /home/camilo/2022-tfg-juancamilo-carmona/tfg/install/carla_waypoint_types/share/carla_waypoint_types/local_setup.bash
[2.690s] -- Up-to-date symlink: /home/camilo/2022-tfg-juancamilo-carmona/tfg/install/carla_waypoint_types/share/carla_waypoint_types/local_setup.sh
[2.690s] -- Up-to-date symlink: /home/camilo/2022-tfg-juancamilo-carmona/tfg/install/carla_waypoint_types/share/carla_waypoint_types/local_setup.zsh
[2.691s] -- Up-to-date symlink: /home/camilo/2022-tfg-juancamilo-carmona/tfg/install/carla_waypoint_types/share/carla_waypoint_types/local_setup.dsv
[2.691s] -- Symlinking: /home/camilo/2022-tfg-juancamilo-carmona/tfg/install/carla_waypoint_types/share/carla_waypoint_types/package.dsv
[2.707s] -- Up-to-date symlink: /home/camilo/2022-tfg-juancamilo-carmona/tfg/install/carla_waypoint_types/share/ament_index/resource_index/packages/carla_waypoint_types
[2.708s] -- Up-to-date symlink: /home/camilo/2022-tfg-juancamilo-carmona/tfg/install/carla_waypoint_types/share/carla_waypoint_types/cmake/rosidl_cmake-extras.cmake
[2.709s] -- Up-to-date symlink: /home/camilo/2022-tfg-juancamilo-carmona/tfg/install/carla_waypoint_types/share/carla_waypoint_types/cmake/ament_cmake_export_dependencies-extras.cmake
[2.710s] -- Up-to-date symlink: /home/camilo/2022-tfg-juancamilo-carmona/tfg/install/carla_waypoint_types/share/carla_waypoint_types/cmake/ament_cmake_export_libraries-extras.cmake
[2.710s] -- Up-to-date symlink: /home/camilo/2022-tfg-juancamilo-carmona/tfg/install/carla_waypoint_types/share/carla_waypoint_types/cmake/ament_cmake_export_targets-extras.cmake
[2.711s] -- Up-to-date symlink: /home/camilo/2022-tfg-juancamilo-carmona/tfg/install/carla_waypoint_types/share/carla_waypoint_types/cmake/ament_cmake_export_include_directories-extras.cmake
[2.712s] -- Up-to-date symlink: /home/camilo/2022-tfg-juancamilo-carmona/tfg/install/carla_waypoint_types/share/carla_waypoint_types/cmake/rosidl_cmake_export_typesupport_libraries-extras.cmake
[2.713s] -- Up-to-date symlink: /home/camilo/2022-tfg-juancamilo-carmona/tfg/install/carla_waypoint_types/share/carla_waypoint_types/cmake/rosidl_cmake_export_typesupport_targets-extras.cmake
[2.716s] -- Up-to-date symlink: /home/camilo/2022-tfg-juancamilo-carmona/tfg/install/carla_waypoint_types/share/carla_waypoint_types/cmake/carla_waypoint_typesConfig.cmake
[2.716s] -- Up-to-date symlink: /home/camilo/2022-tfg-juancamilo-carmona/tfg/install/carla_waypoint_types/share/carla_waypoint_types/cmake/carla_waypoint_typesConfig-version.cmake
[2.716s] -- Up-to-date symlink: /home/camilo/2022-tfg-juancamilo-carmona/tfg/install/carla_waypoint_types/share/carla_waypoint_types/package.xml
[2.720s] -- Up-to-date: /home/camilo/2022-tfg-juancamilo-carmona/tfg/install/carla_waypoint_types/lib/libcarla_waypoint_types__rosidl_generator_c.so
[2.720s] -- Up-to-date: /home/camilo/2022-tfg-juancamilo-carmona/tfg/install/carla_waypoint_types/lib/libcarla_waypoint_types__rosidl_typesupport_introspection_c.so
[2.720s] -- Up-to-date: /home/camilo/2022-tfg-juancamilo-carmona/tfg/install/carla_waypoint_types/lib/libcarla_waypoint_types__rosidl_typesupport_c.so
[2.721s] -- Up-to-date: /home/camilo/2022-tfg-juancamilo-carmona/tfg/install/carla_waypoint_types/lib/libcarla_waypoint_types__rosidl_typesupport_introspection_cpp.so
[2.722s] -- Up-to-date: /home/camilo/2022-tfg-juancamilo-carmona/tfg/install/carla_waypoint_types/lib/libcarla_waypoint_types__rosidl_typesupport_cpp.so
[2.832s] Compiling '/home/camilo/2022-tfg-juancamilo-carmona/tfg/install/carla_waypoint_types/lib/python3.8/site-packages/carla_waypoint_types/__init__.py'...
[2.842s] -- Up-to-date: /home/camilo/2022-tfg-juancamilo-carmona/tfg/install/carla_waypoint_types/share/carla_waypoint_types/cmake/carla_waypoint_types__rosidl_generator_cExport.cmake
[2.842s] -- Up-to-date: /home/camilo/2022-tfg-juancamilo-carmona/tfg/install/carla_waypoint_types/share/carla_waypoint_types/cmake/carla_waypoint_types__rosidl_generator_cExport-noconfig.cmake
[2.843s] -- Up-to-date: /home/camilo/2022-tfg-juancamilo-carmona/tfg/install/carla_waypoint_types/share/carla_waypoint_types/cmake/carla_waypoint_types__rosidl_typesupport_introspection_cExport.cmake
[2.843s] -- Up-to-date: /home/camilo/2022-tfg-juancamilo-carmona/tfg/install/carla_waypoint_types/share/carla_waypoint_types/cmake/carla_waypoint_types__rosidl_typesupport_introspection_cExport-noconfig.cmake
[2.844s] -- Up-to-date: /home/camilo/2022-tfg-juancamilo-carmona/tfg/install/carla_waypoint_types/share/carla_waypoint_types/cmake/carla_waypoint_types__rosidl_typesupport_cExport.cmake
[2.844s] -- Up-to-date: /home/camilo/2022-tfg-juancamilo-carmona/tfg/install/carla_waypoint_types/share/carla_waypoint_types/cmake/carla_waypoint_types__rosidl_typesupport_cExport-noconfig.cmake
[2.845s] -- Up-to-date: /home/camilo/2022-tfg-juancamilo-carmona/tfg/install/carla_waypoint_types/share/carla_waypoint_types/cmake/carla_waypoint_types__rosidl_generator_cppExport.cmake
[2.846s] -- Up-to-date: /home/camilo/2022-tfg-juancamilo-carmona/tfg/install/carla_waypoint_types/share/carla_waypoint_types/cmake/carla_waypoint_types__rosidl_typesupport_introspection_cppExport.cmake
[2.846s] -- Up-to-date: /home/camilo/2022-tfg-juancamilo-carmona/tfg/install/carla_waypoint_types/share/carla_waypoint_types/cmake/carla_waypoint_types__rosidl_typesupport_introspection_cppExport-noconfig.cmake
[2.847s] -- Up-to-date: /home/camilo/2022-tfg-juancamilo-carmona/tfg/install/carla_waypoint_types/share/carla_waypoint_types/cmake/carla_waypoint_types__rosidl_typesupport_cppExport.cmake
[2.847s] -- Up-to-date: /home/camilo/2022-tfg-juancamilo-carmona/tfg/install/carla_waypoint_types/share/carla_waypoint_types/cmake/carla_waypoint_types__rosidl_typesupport_cppExport-noconfig.cmake
[2.852s] Invoked command in '/home/camilo/2022-tfg-juancamilo-carmona/tfg/build/carla_waypoint_types' returned '0': CMAKE_PREFIX_PATH=${CMAKE_PREFIX_PATH}:/home/camilo/2022-tfg-juancamilo-carmona/tfg/install/rqt_carla_control:/home/camilo/2022-tfg-juancamilo-carmona/tfg/install/line_follower:/home/camilo/2022-tfg-juancamilo-carmona/tfg/install/carla_waypoint_publisher:/home/camilo/2022-tfg-juancamilo-carmona/tfg/install/carla_teleop:/home/camilo/2022-tfg-juancamilo-carmona/tfg/install/carla_ackermann_control:/home/camilo/2022-tfg-juancamilo-carmona/tfg/install/carla_ros_bridge:/home/camilo/2022-tfg-juancamilo-carmona/tfg/install/carla_spawn_objects:/home/camilo/2022-tfg-juancamilo-carmona/tfg/install/carla_manual_control:/home/camilo/2022-tfg-juancamilo-carmona/tfg/install/carla_ad_agent:/home/camilo/2022-tfg-juancamilo-carmona/tfg/install/analysis:/home/camilo/2022-tfg-juancamilo-carmona/tfg/install/ros_compatibility:/home/camilo/2022-tfg-juancamilo-carmona/tfg/install/carla_walker_agent:/home/camilo/2022-tfg-juancamilo-carmona/tfg/install/carla_twist_to_control:/home/camilo/2022-tfg-juancamilo-carmona/tfg/install/carla_ros_scenario_runner:/home/camilo/2022-tfg-juancamilo-carmona/tfg/install/carla_common:/opt/ros/foxy /usr/bin/cmake --install /home/camilo/2022-tfg-juancamilo-carmona/tfg/build/carla_waypoint_types
