[2.655s] Invoking command in '/home/camilo/2022-tfg-juancamilo-carmona/tfg/build/carla_manual_control': AMENT_PREFIX_PATH=/home/camilo/2022-tfg-juancamilo-carmona/tfg/install/ros_compatibility:/home/camilo/2022-tfg-juancamilo-carmona/tfg/install/carla_msgs:${AMENT_PREFIX_PATH} CMAKE_PREFIX_PATH=/home/camilo/2022-tfg-juancamilo-carmona/tfg/install/carla_msgs:${CMAKE_PREFIX_PATH} LD_LIBRARY_PATH=/home/camilo/2022-tfg-juancamilo-carmona/tfg/install/carla_msgs/lib:${LD_LIBRARY_PATH} PYTHONPATH=/home/camilo/2022-tfg-juancamilo-carmona/tfg/install/carla_manual_control/lib/python3.8/site-packages:/home/camilo/2022-tfg-juancamilo-carmona/tfg/build/ros_compatibility/src:/home/camilo/2022-tfg-juancamilo-carmona/tfg/install/ros_compatibility/lib/python3.8/site-packages:/home/camilo/2022-tfg-juancamilo-carmona/tfg/install/carla_msgs/lib/python3.8/site-packages:${PYTHONPATH} /usr/bin/python3 setup.py develop --prefix /home/camilo/2022-tfg-juancamilo-carmona/tfg/install/carla_manual_control --editable --build-directory /home/camilo/2022-tfg-juancamilo-carmona/tfg/build/carla_manual_control/build --no-deps install_data --install-dir /home/camilo/2022-tfg-juancamilo-carmona/tfg/install/carla_manual_control
[3.166s] running develop
[3.467s] running egg_info
[3.467s] creating src/carla_manual_control.egg-info
[3.467s] writing src/carla_manual_control.egg-info/PKG-INFO
[3.468s] writing dependency_links to src/carla_manual_control.egg-info/dependency_links.txt
[3.468s] writing entry points to src/carla_manual_control.egg-info/entry_points.txt
[3.468s] writing requirements to src/carla_manual_control.egg-info/requires.txt
[3.468s] writing top-level names to src/carla_manual_control.egg-info/top_level.txt
[3.470s] writing manifest file 'src/carla_manual_control.egg-info/SOURCES.txt'
[3.523s] reading manifest file 'src/carla_manual_control.egg-info/SOURCES.txt'
[3.524s] writing manifest file 'src/carla_manual_control.egg-info/SOURCES.txt'
[3.586s] running build_ext
[3.586s] Creating /home/camilo/2022-tfg-juancamilo-carmona/tfg/install/carla_manual_control/lib/python3.8/site-packages/site.py
[3.590s] Creating /home/camilo/2022-tfg-juancamilo-carmona/tfg/install/carla_manual_control/lib/python3.8/site-packages/carla-manual-control.egg-link (link to src)
[3.592s] Installing carla_manual_control script to /home/camilo/2022-tfg-juancamilo-carmona/tfg/install/carla_manual_control/lib/carla_manual_control
[3.592s] 
[3.592s] Installed /home/camilo/2022-tfg-juancamilo-carmona/tfg/build/carla_manual_control/src
[3.592s] running install_data
[3.592s] creating /home/camilo/2022-tfg-juancamilo-carmona/tfg/install/carla_manual_control/share/ament_index
[3.592s] creating /home/camilo/2022-tfg-juancamilo-carmona/tfg/install/carla_manual_control/share/ament_index/resource_index
[3.593s] creating /home/camilo/2022-tfg-juancamilo-carmona/tfg/install/carla_manual_control/share/ament_index/resource_index/packages
[3.593s] copying resource/carla_manual_control -> /home/camilo/2022-tfg-juancamilo-carmona/tfg/install/carla_manual_control/share/ament_index/resource_index/packages
[3.593s] copying package.xml -> /home/camilo/2022-tfg-juancamilo-carmona/tfg/install/carla_manual_control/share/carla_manual_control
[3.593s] copying launch/carla_manual_control.launch.py -> /home/camilo/2022-tfg-juancamilo-carmona/tfg/install/carla_manual_control/share/carla_manual_control
[3.759s] Invoked command in '/home/camilo/2022-tfg-juancamilo-carmona/tfg/build/carla_manual_control' returned '0': AMENT_PREFIX_PATH=/home/camilo/2022-tfg-juancamilo-carmona/tfg/install/ros_compatibility:/home/camilo/2022-tfg-juancamilo-carmona/tfg/install/carla_msgs:${AMENT_PREFIX_PATH} CMAKE_PREFIX_PATH=/home/camilo/2022-tfg-juancamilo-carmona/tfg/install/carla_msgs:${CMAKE_PREFIX_PATH} LD_LIBRARY_PATH=/home/camilo/2022-tfg-juancamilo-carmona/tfg/install/carla_msgs/lib:${LD_LIBRARY_PATH} PYTHONPATH=/home/camilo/2022-tfg-juancamilo-carmona/tfg/install/carla_manual_control/lib/python3.8/site-packages:/home/camilo/2022-tfg-juancamilo-carmona/tfg/build/ros_compatibility/src:/home/camilo/2022-tfg-juancamilo-carmona/tfg/install/ros_compatibility/lib/python3.8/site-packages:/home/camilo/2022-tfg-juancamilo-carmona/tfg/install/carla_msgs/lib/python3.8/site-packages:${PYTHONPATH} /usr/bin/python3 setup.py develop --prefix /home/camilo/2022-tfg-juancamilo-carmona/tfg/install/carla_manual_control --editable --build-directory /home/camilo/2022-tfg-juancamilo-carmona/tfg/build/carla_manual_control/build --no-deps install_data --install-dir /home/camilo/2022-tfg-juancamilo-carmona/tfg/install/carla_manual_control
