[2.697s] Invoking command in '/home/camilo/2022-tfg-juancamilo-carmona/tfg/build/carla_ros_scenario_runner': AMENT_PREFIX_PATH=/home/camilo/2022-tfg-juancamilo-carmona/tfg/install/carla_ros_scenario_runner_types:/home/camilo/2022-tfg-juancamilo-carmona/tfg/install/carla_msgs:/home/camilo/2022-tfg-juancamilo-carmona/tfg/install/carla_common:${AMENT_PREFIX_PATH} CMAKE_PREFIX_PATH=/home/camilo/2022-tfg-juancamilo-carmona/tfg/install/carla_ros_scenario_runner_types:/home/camilo/2022-tfg-juancamilo-carmona/tfg/install/carla_msgs:${CMAKE_PREFIX_PATH} LD_LIBRARY_PATH=/home/camilo/2022-tfg-juancamilo-carmona/tfg/install/carla_ros_scenario_runner_types/lib:/home/camilo/2022-tfg-juancamilo-carmona/tfg/install/carla_msgs/lib:${LD_LIBRARY_PATH} PYTHONPATH=/home/camilo/2022-tfg-juancamilo-carmona/tfg/install/carla_ros_scenario_runner/lib/python3.8/site-packages:/home/camilo/2022-tfg-juancamilo-carmona/tfg/install/carla_ros_scenario_runner_types/lib/python3.8/site-packages:/home/camilo/2022-tfg-juancamilo-carmona/tfg/install/carla_msgs/lib/python3.8/site-packages:/home/camilo/2022-tfg-juancamilo-carmona/tfg/build/carla_common/src:/home/camilo/2022-tfg-juancamilo-carmona/tfg/install/carla_common/lib/python3.8/site-packages:${PYTHONPATH} /usr/bin/python3 setup.py develop --prefix /home/camilo/2022-tfg-juancamilo-carmona/tfg/install/carla_ros_scenario_runner --editable --build-directory /home/camilo/2022-tfg-juancamilo-carmona/tfg/build/carla_ros_scenario_runner/build --no-deps install_data --install-dir /home/camilo/2022-tfg-juancamilo-carmona/tfg/install/carla_ros_scenario_runner
[3.069s] running develop
[3.371s] running egg_info
[3.372s] creating src/carla_ros_scenario_runner.egg-info
[3.372s] writing src/carla_ros_scenario_runner.egg-info/PKG-INFO
[3.372s] writing dependency_links to src/carla_ros_scenario_runner.egg-info/dependency_links.txt
[3.372s] writing entry points to src/carla_ros_scenario_runner.egg-info/entry_points.txt
[3.372s] writing requirements to src/carla_ros_scenario_runner.egg-info/requires.txt
[3.373s] writing top-level names to src/carla_ros_scenario_runner.egg-info/top_level.txt
[3.375s] writing manifest file 'src/carla_ros_scenario_runner.egg-info/SOURCES.txt'
[3.428s] reading manifest file 'src/carla_ros_scenario_runner.egg-info/SOURCES.txt'
[3.429s] writing manifest file 'src/carla_ros_scenario_runner.egg-info/SOURCES.txt'
[3.489s] running build_ext
[3.490s] Creating /home/camilo/2022-tfg-juancamilo-carmona/tfg/install/carla_ros_scenario_runner/lib/python3.8/site-packages/site.py
[3.493s] Creating /home/camilo/2022-tfg-juancamilo-carmona/tfg/install/carla_ros_scenario_runner/lib/python3.8/site-packages/carla-ros-scenario-runner.egg-link (link to src)
[3.494s] Installing carla_ros_scenario_runner script to /home/camilo/2022-tfg-juancamilo-carmona/tfg/install/carla_ros_scenario_runner/lib/carla_ros_scenario_runner
[3.494s] 
[3.495s] Installed /home/camilo/2022-tfg-juancamilo-carmona/tfg/build/carla_ros_scenario_runner/src
[3.495s] running install_data
[3.495s] creating /home/camilo/2022-tfg-juancamilo-carmona/tfg/install/carla_ros_scenario_runner/share/ament_index
[3.495s] creating /home/camilo/2022-tfg-juancamilo-carmona/tfg/install/carla_ros_scenario_runner/share/ament_index/resource_index
[3.495s] creating /home/camilo/2022-tfg-juancamilo-carmona/tfg/install/carla_ros_scenario_runner/share/ament_index/resource_index/packages
[3.495s] copying resource/carla_ros_scenario_runner -> /home/camilo/2022-tfg-juancamilo-carmona/tfg/install/carla_ros_scenario_runner/share/ament_index/resource_index/packages
[3.495s] copying package.xml -> /home/camilo/2022-tfg-juancamilo-carmona/tfg/install/carla_ros_scenario_runner/share/carla_ros_scenario_runner
[3.495s] copying launch/carla_ros_scenario_runner.launch.py -> /home/camilo/2022-tfg-juancamilo-carmona/tfg/install/carla_ros_scenario_runner/share/carla_ros_scenario_runner
[3.583s] Invoked command in '/home/camilo/2022-tfg-juancamilo-carmona/tfg/build/carla_ros_scenario_runner' returned '0': AMENT_PREFIX_PATH=/home/camilo/2022-tfg-juancamilo-carmona/tfg/install/carla_ros_scenario_runner_types:/home/camilo/2022-tfg-juancamilo-carmona/tfg/install/carla_msgs:/home/camilo/2022-tfg-juancamilo-carmona/tfg/install/carla_common:${AMENT_PREFIX_PATH} CMAKE_PREFIX_PATH=/home/camilo/2022-tfg-juancamilo-carmona/tfg/install/carla_ros_scenario_runner_types:/home/camilo/2022-tfg-juancamilo-carmona/tfg/install/carla_msgs:${CMAKE_PREFIX_PATH} LD_LIBRARY_PATH=/home/camilo/2022-tfg-juancamilo-carmona/tfg/install/carla_ros_scenario_runner_types/lib:/home/camilo/2022-tfg-juancamilo-carmona/tfg/install/carla_msgs/lib:${LD_LIBRARY_PATH} PYTHONPATH=/home/camilo/2022-tfg-juancamilo-carmona/tfg/install/carla_ros_scenario_runner/lib/python3.8/site-packages:/home/camilo/2022-tfg-juancamilo-carmona/tfg/install/carla_ros_scenario_runner_types/lib/python3.8/site-packages:/home/camilo/2022-tfg-juancamilo-carmona/tfg/install/carla_msgs/lib/python3.8/site-packages:/home/camilo/2022-tfg-juancamilo-carmona/tfg/build/carla_common/src:/home/camilo/2022-tfg-juancamilo-carmona/tfg/install/carla_common/lib/python3.8/site-packages:${PYTHONPATH} /usr/bin/python3 setup.py develop --prefix /home/camilo/2022-tfg-juancamilo-carmona/tfg/install/carla_ros_scenario_runner --editable --build-directory /home/camilo/2022-tfg-juancamilo-carmona/tfg/build/carla_ros_scenario_runner/build --no-deps install_data --install-dir /home/camilo/2022-tfg-juancamilo-carmona/tfg/install/carla_ros_scenario_runner
