[0.960s] Invoking command in '/home/camilo/2022-tfg-juancamilo-carmona/tfg/build/carla_ros_bridge': AMENT_PREFIX_PATH=/home/camilo/2022-tfg-juancamilo-carmona/tfg/install/carla_spawn_objects:/home/camilo/2022-tfg-juancamilo-carmona/tfg/install/carla_manual_control:/home/camilo/2022-tfg-juancamilo-carmona/tfg/install/ros_compatibility:/home/camilo/2022-tfg-juancamilo-carmona/tfg/install/carla_msgs:/home/camilo/2022-tfg-juancamilo-carmona/tfg/install/carla_common:${AMENT_PREFIX_PATH} CMAKE_PREFIX_PATH=/home/camilo/2022-tfg-juancamilo-carmona/tfg/install/carla_msgs:${CMAKE_PREFIX_PATH} LD_LIBRARY_PATH=/home/camilo/2022-tfg-juancamilo-carmona/tfg/install/carla_msgs/lib:${LD_LIBRARY_PATH} PYTHONPATH=/home/camilo/2022-tfg-juancamilo-carmona/tfg/install/carla_ros_bridge/lib/python3.8/site-packages:/home/camilo/2022-tfg-juancamilo-carmona/tfg/build/carla_spawn_objects:/home/camilo/2022-tfg-juancamilo-carmona/tfg/install/carla_spawn_objects/lib/python3.8/site-packages:/home/camilo/2022-tfg-juancamilo-carmona/tfg/build/carla_manual_control/src:/home/camilo/2022-tfg-juancamilo-carmona/tfg/install/carla_manual_control/lib/python3.8/site-packages:/home/camilo/2022-tfg-juancamilo-carmona/tfg/build/ros_compatibility/src:/home/camilo/2022-tfg-juancamilo-carmona/tfg/install/ros_compatibility/lib/python3.8/site-packages:/home/camilo/2022-tfg-juancamilo-carmona/tfg/install/carla_msgs/lib/python3.8/site-packages:/home/camilo/2022-tfg-juancamilo-carmona/tfg/build/carla_common/src:/home/camilo/2022-tfg-juancamilo-carmona/tfg/install/carla_common/lib/python3.8/site-packages:${PYTHONPATH} /usr/bin/python3 setup.py develop --prefix /home/camilo/2022-tfg-juancamilo-carmona/tfg/install/carla_ros_bridge --editable --build-directory /home/camilo/2022-tfg-juancamilo-carmona/tfg/build/carla_ros_bridge/build --no-deps install_data --install-dir /home/camilo/2022-tfg-juancamilo-carmona/tfg/install/carla_ros_bridge
[1.540s] running develop
[1.890s] running egg_info
[1.890s] creating src/carla_ros_bridge.egg-info
[1.890s] writing src/carla_ros_bridge.egg-info/PKG-INFO
[1.890s] writing dependency_links to src/carla_ros_bridge.egg-info/dependency_links.txt
[1.891s] writing entry points to src/carla_ros_bridge.egg-info/entry_points.txt
[1.891s] writing requirements to src/carla_ros_bridge.egg-info/requires.txt
[1.891s] writing top-level names to src/carla_ros_bridge.egg-info/top_level.txt
[1.893s] writing manifest file 'src/carla_ros_bridge.egg-info/SOURCES.txt'
[1.942s] reading manifest file 'src/carla_ros_bridge.egg-info/SOURCES.txt'
[1.943s] writing manifest file 'src/carla_ros_bridge.egg-info/SOURCES.txt'
[2.014s] running build_ext
[2.014s] Creating /home/camilo/2022-tfg-juancamilo-carmona/tfg/install/carla_ros_bridge/lib/python3.8/site-packages/site.py
[2.018s] Creating /home/camilo/2022-tfg-juancamilo-carmona/tfg/install/carla_ros_bridge/lib/python3.8/site-packages/carla-ros-bridge.egg-link (link to src)
[2.019s] Installing bridge script to /home/camilo/2022-tfg-juancamilo-carmona/tfg/install/carla_ros_bridge/lib/carla_ros_bridge
[2.020s] 
[2.020s] Installed /home/camilo/2022-tfg-juancamilo-carmona/tfg/build/carla_ros_bridge/src
[2.020s] running install_data
[2.020s] creating /home/camilo/2022-tfg-juancamilo-carmona/tfg/install/carla_ros_bridge/share/ament_index
[2.020s] creating /home/camilo/2022-tfg-juancamilo-carmona/tfg/install/carla_ros_bridge/share/ament_index/resource_index
[2.021s] creating /home/camilo/2022-tfg-juancamilo-carmona/tfg/install/carla_ros_bridge/share/ament_index/resource_index/packages
[2.021s] copying resource/carla_ros_bridge -> /home/camilo/2022-tfg-juancamilo-carmona/tfg/install/carla_ros_bridge/share/ament_index/resource_index/packages
[2.021s] copying package.xml -> /home/camilo/2022-tfg-juancamilo-carmona/tfg/install/carla_ros_bridge/share/carla_ros_bridge
[2.021s] copying launch/carla_ros_bridge_with_example_ego_vehicle.launch.py -> /home/camilo/2022-tfg-juancamilo-carmona/tfg/install/carla_ros_bridge/share/carla_ros_bridge
[2.021s] copying launch/carla_ros_bridge.launch.py -> /home/camilo/2022-tfg-juancamilo-carmona/tfg/install/carla_ros_bridge/share/carla_ros_bridge
[2.022s] creating /home/camilo/2022-tfg-juancamilo-carmona/tfg/install/carla_ros_bridge/share/carla_ros_bridge/test
[2.022s] copying test/test_objects.json -> /home/camilo/2022-tfg-juancamilo-carmona/tfg/install/carla_ros_bridge/share/carla_ros_bridge/test
[2.096s] Invoked command in '/home/camilo/2022-tfg-juancamilo-carmona/tfg/build/carla_ros_bridge' returned '0': AMENT_PREFIX_PATH=/home/camilo/2022-tfg-juancamilo-carmona/tfg/install/carla_spawn_objects:/home/camilo/2022-tfg-juancamilo-carmona/tfg/install/carla_manual_control:/home/camilo/2022-tfg-juancamilo-carmona/tfg/install/ros_compatibility:/home/camilo/2022-tfg-juancamilo-carmona/tfg/install/carla_msgs:/home/camilo/2022-tfg-juancamilo-carmona/tfg/install/carla_common:${AMENT_PREFIX_PATH} CMAKE_PREFIX_PATH=/home/camilo/2022-tfg-juancamilo-carmona/tfg/install/carla_msgs:${CMAKE_PREFIX_PATH} LD_LIBRARY_PATH=/home/camilo/2022-tfg-juancamilo-carmona/tfg/install/carla_msgs/lib:${LD_LIBRARY_PATH} PYTHONPATH=/home/camilo/2022-tfg-juancamilo-carmona/tfg/install/carla_ros_bridge/lib/python3.8/site-packages:/home/camilo/2022-tfg-juancamilo-carmona/tfg/build/carla_spawn_objects:/home/camilo/2022-tfg-juancamilo-carmona/tfg/install/carla_spawn_objects/lib/python3.8/site-packages:/home/camilo/2022-tfg-juancamilo-carmona/tfg/build/carla_manual_control/src:/home/camilo/2022-tfg-juancamilo-carmona/tfg/install/carla_manual_control/lib/python3.8/site-packages:/home/camilo/2022-tfg-juancamilo-carmona/tfg/build/ros_compatibility/src:/home/camilo/2022-tfg-juancamilo-carmona/tfg/install/ros_compatibility/lib/python3.8/site-packages:/home/camilo/2022-tfg-juancamilo-carmona/tfg/install/carla_msgs/lib/python3.8/site-packages:/home/camilo/2022-tfg-juancamilo-carmona/tfg/build/carla_common/src:/home/camilo/2022-tfg-juancamilo-carmona/tfg/install/carla_common/lib/python3.8/site-packages:${PYTHONPATH} /usr/bin/python3 setup.py develop --prefix /home/camilo/2022-tfg-juancamilo-carmona/tfg/install/carla_ros_bridge --editable --build-directory /home/camilo/2022-tfg-juancamilo-carmona/tfg/build/carla_ros_bridge/build --no-deps install_data --install-dir /home/camilo/2022-tfg-juancamilo-carmona/tfg/install/carla_ros_bridge
