[1.970s] Invoking command in '/home/camilo/2022-tfg-juancamilo-carmona/tfg/build/carla_common': PYTHONPATH=/home/camilo/2022-tfg-juancamilo-carmona/tfg/install/carla_common/lib/python3.8/site-packages:${PYTHONPATH} /usr/bin/python3 setup.py develop --prefix /home/camilo/2022-tfg-juancamilo-carmona/tfg/install/carla_common --editable --build-directory /home/camilo/2022-tfg-juancamilo-carmona/tfg/build/carla_common/build --no-deps install_data --install-dir /home/camilo/2022-tfg-juancamilo-carmona/tfg/install/carla_common
[2.288s] running develop
[2.596s] running egg_info
[2.596s] creating src/carla_common.egg-info
[2.597s] writing src/carla_common.egg-info/PKG-INFO
[2.597s] writing dependency_links to src/carla_common.egg-info/dependency_links.txt
[2.597s] writing requirements to src/carla_common.egg-info/requires.txt
[2.597s] writing top-level names to src/carla_common.egg-info/top_level.txt
[2.600s] writing manifest file 'src/carla_common.egg-info/SOURCES.txt'
[2.653s] reading manifest file 'src/carla_common.egg-info/SOURCES.txt'
[2.654s] writing manifest file 'src/carla_common.egg-info/SOURCES.txt'
[2.715s] running build_ext
[2.716s] Creating /home/camilo/2022-tfg-juancamilo-carmona/tfg/install/carla_common/lib/python3.8/site-packages/site.py
[2.719s] Creating /home/camilo/2022-tfg-juancamilo-carmona/tfg/install/carla_common/lib/python3.8/site-packages/carla-common.egg-link (link to src)
[2.720s] 
[2.720s] Installed /home/camilo/2022-tfg-juancamilo-carmona/tfg/build/carla_common/src
[2.721s] running install_data
[2.721s] creating /home/camilo/2022-tfg-juancamilo-carmona/tfg/install/carla_common/share/ament_index
[2.721s] creating /home/camilo/2022-tfg-juancamilo-carmona/tfg/install/carla_common/share/ament_index/resource_index
[2.721s] creating /home/camilo/2022-tfg-juancamilo-carmona/tfg/install/carla_common/share/ament_index/resource_index/packages
[2.721s] copying resource/carla_common -> /home/camilo/2022-tfg-juancamilo-carmona/tfg/install/carla_common/share/ament_index/resource_index/packages
[2.721s] copying package.xml -> /home/camilo/2022-tfg-juancamilo-carmona/tfg/install/carla_common/share/carla_common
[2.776s] Invoked command in '/home/camilo/2022-tfg-juancamilo-carmona/tfg/build/carla_common' returned '0': PYTHONPATH=/home/camilo/2022-tfg-juancamilo-carmona/tfg/install/carla_common/lib/python3.8/site-packages:${PYTHONPATH} /usr/bin/python3 setup.py develop --prefix /home/camilo/2022-tfg-juancamilo-carmona/tfg/install/carla_common --editable --build-directory /home/camilo/2022-tfg-juancamilo-carmona/tfg/build/carla_common/build --no-deps install_data --install-dir /home/camilo/2022-tfg-juancamilo-carmona/tfg/install/carla_common
