running develop
running egg_info
creating src/rqt_carla_control.egg-info
writing src/rqt_carla_control.egg-info/PKG-INFO
writing dependency_links to src/rqt_carla_control.egg-info/dependency_links.txt
writing requirements to src/rqt_carla_control.egg-info/requires.txt
writing top-level names to src/rqt_carla_control.egg-info/top_level.txt
writing manifest file 'src/rqt_carla_control.egg-info/SOURCES.txt'
reading manifest file 'src/rqt_carla_control.egg-info/SOURCES.txt'
writing manifest file 'src/rqt_carla_control.egg-info/SOURCES.txt'
running build_ext
Creating /home/camilo/2022-tfg-juancamilo-carmona/tfg/install/rqt_carla_control/lib/python3.8/site-packages/site.py
Creating /home/camilo/2022-tfg-juancamilo-carmona/tfg/install/rqt_carla_control/lib/python3.8/site-packages/rqt-carla-control.egg-link (link to src)
Installing rqt_carla_control script to /home/camilo/2022-tfg-juancamilo-carmona/tfg/install/rqt_carla_control/lib/rqt_carla_control

Installed /home/camilo/2022-tfg-juancamilo-carmona/tfg/build/rqt_carla_control/src
running install_data
creating /home/camilo/2022-tfg-juancamilo-carmona/tfg/install/rqt_carla_control/share/ament_index
creating /home/camilo/2022-tfg-juancamilo-carmona/tfg/install/rqt_carla_control/share/ament_index/resource_index
creating /home/camilo/2022-tfg-juancamilo-carmona/tfg/install/rqt_carla_control/share/ament_index/resource_index/packages
copying resource/rqt_carla_control -> /home/camilo/2022-tfg-juancamilo-carmona/tfg/install/rqt_carla_control/share/ament_index/resource_index/packages
copying package.xml -> /home/camilo/2022-tfg-juancamilo-carmona/tfg/install/rqt_carla_control/share/rqt_carla_control
copying plugin.xml -> /home/camilo/2022-tfg-juancamilo-carmona/tfg/install/rqt_carla_control/share/rqt_carla_control
creating /home/camilo/2022-tfg-juancamilo-carmona/tfg/install/rqt_carla_control/share/rqt_carla_control/resource
copying resource/CarlaControl.ui -> /home/camilo/2022-tfg-juancamilo-carmona/tfg/install/rqt_carla_control/share/rqt_carla_control/resource
copying resource/pause.png -> /home/camilo/2022-tfg-juancamilo-carmona/tfg/install/rqt_carla_control/share/rqt_carla_control/resource
copying resource/play.png -> /home/camilo/2022-tfg-juancamilo-carmona/tfg/install/rqt_carla_control/share/rqt_carla_control/resource
copying resource/step_once.png -> /home/camilo/2022-tfg-juancamilo-carmona/tfg/install/rqt_carla_control/share/rqt_carla_control/resource
