[2.878s] Invoking command in '/home/camilo/2022-tfg-juancamilo-carmona/tfg/build/carla_teleop': AMENT_PREFIX_PATH=/home/camilo/2022-tfg-juancamilo-carmona/tfg/install/ros_compatibility:/home/camilo/2022-tfg-juancamilo-carmona/tfg/install/carla_msgs:${AMENT_PREFIX_PATH} CMAKE_PREFIX_PATH=/home/camilo/2022-tfg-juancamilo-carmona/tfg/install/carla_msgs:${CMAKE_PREFIX_PATH} LD_LIBRARY_PATH=/home/camilo/2022-tfg-juancamilo-carmona/tfg/install/carla_msgs/lib:${LD_LIBRARY_PATH} PYTHONPATH=/home/camilo/2022-tfg-juancamilo-carmona/tfg/install/carla_teleop/lib/python3.8/site-packages:/home/camilo/2022-tfg-juancamilo-carmona/tfg/build/ros_compatibility/src:/home/camilo/2022-tfg-juancamilo-carmona/tfg/install/ros_compatibility/lib/python3.8/site-packages:/home/camilo/2022-tfg-juancamilo-carmona/tfg/install/carla_msgs/lib/python3.8/site-packages:${PYTHONPATH} /usr/bin/python3 setup.py develop --prefix /home/camilo/2022-tfg-juancamilo-carmona/tfg/install/carla_teleop --editable --build-directory /home/camilo/2022-tfg-juancamilo-carmona/tfg/build/carla_teleop/build --no-deps install_data --install-dir /home/camilo/2022-tfg-juancamilo-carmona/tfg/install/carla_teleop
[3.227s] running develop
[3.446s] running egg_info
[3.446s] creating carla_teleop.egg-info
[3.446s] writing carla_teleop.egg-info/PKG-INFO
[3.447s] writing dependency_links to carla_teleop.egg-info/dependency_links.txt
[3.447s] writing entry points to carla_teleop.egg-info/entry_points.txt
[3.447s] writing requirements to carla_teleop.egg-info/requires.txt
[3.447s] writing top-level names to carla_teleop.egg-info/top_level.txt
[3.448s] writing manifest file 'carla_teleop.egg-info/SOURCES.txt'
[3.490s] reading manifest file 'carla_teleop.egg-info/SOURCES.txt'
[3.491s] writing manifest file 'carla_teleop.egg-info/SOURCES.txt'
[3.557s] running build_ext
[3.557s] Creating /home/camilo/2022-tfg-juancamilo-carmona/tfg/install/carla_teleop/lib/python3.8/site-packages/site.py
[3.558s] Creating /home/camilo/2022-tfg-juancamilo-carmona/tfg/install/carla_teleop/lib/python3.8/site-packages/carla-teleop.egg-link (link to .)
[3.558s] Installing carla_teleop script to /home/camilo/2022-tfg-juancamilo-carmona/tfg/install/carla_teleop/lib/carla_teleop
[3.558s] 
[3.558s] Installed /home/camilo/2022-tfg-juancamilo-carmona/tfg/build/carla_teleop
[3.558s] running install_data
[3.558s] creating /home/camilo/2022-tfg-juancamilo-carmona/tfg/install/carla_teleop/share/ament_index
[3.558s] creating /home/camilo/2022-tfg-juancamilo-carmona/tfg/install/carla_teleop/share/ament_index/resource_index
[3.558s] creating /home/camilo/2022-tfg-juancamilo-carmona/tfg/install/carla_teleop/share/ament_index/resource_index/packages
[3.559s] copying resource/carla_teleop -> /home/camilo/2022-tfg-juancamilo-carmona/tfg/install/carla_teleop/share/ament_index/resource_index/packages
[3.559s] copying package.xml -> /home/camilo/2022-tfg-juancamilo-carmona/tfg/install/carla_teleop/share/carla_teleop
[3.559s] copying launch/carla_generate_vehicle.launch.py -> /home/camilo/2022-tfg-juancamilo-carmona/tfg/install/carla_teleop/share/carla_teleop
[3.559s] copying launch/spawn_vehicle.launch.py -> /home/camilo/2022-tfg-juancamilo-carmona/tfg/install/carla_teleop/share/carla_teleop
[3.559s] copying launch/carla_teleop.launch.py -> /home/camilo/2022-tfg-juancamilo-carmona/tfg/install/carla_teleop/share/carla_teleop
[3.760s] Invoked command in '/home/camilo/2022-tfg-juancamilo-carmona/tfg/build/carla_teleop' returned '0': AMENT_PREFIX_PATH=/home/camilo/2022-tfg-juancamilo-carmona/tfg/install/ros_compatibility:/home/camilo/2022-tfg-juancamilo-carmona/tfg/install/carla_msgs:${AMENT_PREFIX_PATH} CMAKE_PREFIX_PATH=/home/camilo/2022-tfg-juancamilo-carmona/tfg/install/carla_msgs:${CMAKE_PREFIX_PATH} LD_LIBRARY_PATH=/home/camilo/2022-tfg-juancamilo-carmona/tfg/install/carla_msgs/lib:${LD_LIBRARY_PATH} PYTHONPATH=/home/camilo/2022-tfg-juancamilo-carmona/tfg/install/carla_teleop/lib/python3.8/site-packages:/home/camilo/2022-tfg-juancamilo-carmona/tfg/build/ros_compatibility/src:/home/camilo/2022-tfg-juancamilo-carmona/tfg/install/ros_compatibility/lib/python3.8/site-packages:/home/camilo/2022-tfg-juancamilo-carmona/tfg/install/carla_msgs/lib/python3.8/site-packages:${PYTHONPATH} /usr/bin/python3 setup.py develop --prefix /home/camilo/2022-tfg-juancamilo-carmona/tfg/install/carla_teleop --editable --build-directory /home/camilo/2022-tfg-juancamilo-carmona/tfg/build/carla_teleop/build --no-deps install_data --install-dir /home/camilo/2022-tfg-juancamilo-carmona/tfg/install/carla_teleop
