[0.558s] Invoking command in '/home/camilo/2022-tfg-juancamilo-carmona/tfg/build/carla_waypoint_types': CMAKE_PREFIX_PATH=${CMAKE_PREFIX_PATH}:/home/camilo/2022-tfg-juancamilo-carmona/tfg/install/rqt_carla_control:/home/camilo/2022-tfg-juancamilo-carmona/tfg/install/line_follower:/home/camilo/2022-tfg-juancamilo-carmona/tfg/install/carla_waypoint_publisher:/home/camilo/2022-tfg-juancamilo-carmona/tfg/install/carla_teleop:/home/camilo/2022-tfg-juancamilo-carmona/tfg/install/carla_ackermann_control:/home/camilo/2022-tfg-juancamilo-carmona/tfg/install/carla_ros_bridge:/home/camilo/2022-tfg-juancamilo-carmona/tfg/install/carla_spawn_objects:/home/camilo/2022-tfg-juancamilo-carmona/tfg/install/carla_manual_control:/home/camilo/2022-tfg-juancamilo-carmona/tfg/install/carla_ad_agent:/home/camilo/2022-tfg-juancamilo-carmona/tfg/install/analysis:/home/camilo/2022-tfg-juancamilo-carmona/tfg/install/ros_compatibility:/home/camilo/2022-tfg-juancamilo-carmona/tfg/install/carla_walker_agent:/home/camilo/2022-tfg-juancamilo-carmona/tfg/install/carla_twist_to_control:/home/camilo/2022-tfg-juancamilo-carmona/tfg/install/carla_ros_scenario_runner:/home/camilo/2022-tfg-juancamilo-carmona/tfg/install/carla_common:/opt/ros/foxy /usr/bin/cmake /home/camilo/2022-tfg-juancamilo-carmona/tfg/src/ros-bridge/carla_waypoint_types -DAMENT_CMAKE_SYMLINK_INSTALL=1 -DCMAKE_INSTALL_PREFIX=/home/camilo/2022-tfg-juancamilo-carmona/tfg/install/carla_waypoint_types
[1.357s] -- The C compiler identification is GNU 9.4.0
[1.358s] -- The CXX compiler identification is GNU 9.4.0
[1.358s] -- Check for working C compiler: /usr/bin/cc
[1.358s] -- Check for working C compiler: /usr/bin/cc -- works
[1.358s] -- Detecting C compiler ABI info
[1.358s] -- Detecting C compiler ABI info - done
[1.359s] -- Detecting C compile features
[1.359s] -- Detecting C compile features - done
[1.359s] -- Check for working CXX compiler: /usr/bin/c++
[1.360s] -- Check for working CXX compiler: /usr/bin/c++ -- works
[1.360s] -- Detecting CXX compiler ABI info
[1.361s] -- Detecting CXX compiler ABI info - done
[1.361s] -- Detecting CXX compile features
[1.362s] -- Detecting CXX compile features - done
[1.362s] -- Found ros_environment: 2.5.1 (/opt/ros/foxy/share/ros_environment/cmake)
[1.362s] -- Found ament_cmake: 0.9.11 (/opt/ros/foxy/share/ament_cmake/cmake)
[1.362s] -- Found PythonInterp: /usr/bin/python3 (found suitable version "3.8.10", minimum required is "3") 
[1.362s] -- Using PYTHON_EXECUTABLE: /usr/bin/python3
[1.362s] -- Override CMake install command with custom implementation using symlinks instead of copying resources
[1.363s] -- Found nav_msgs: 2.0.5 (/opt/ros/foxy/share/nav_msgs/cmake)
[1.372s] -- Using all available rosidl_typesupport_c: rosidl_typesupport_fastrtps_c;rosidl_typesupport_introspection_c
[1.373s] -- Found rosidl_adapter: 1.3.0 (/opt/ros/foxy/share/rosidl_adapter/cmake)
[1.476s] -- Found OpenSSL: /usr/lib/x86_64-linux-gnu/libcrypto.so (found version "1.1.1f")  
[1.506s] -- Found FastRTPS: /opt/ros/foxy/include  
[1.594s] -- Using all available rosidl_typesupport_cpp: rosidl_typesupport_fastrtps_cpp;rosidl_typesupport_introspection_cpp
[1.906s] -- Found rosidl_default_generators: 1.0.1 (/opt/ros/foxy/share/rosidl_default_generators/cmake)
[1.958s] -- Found PythonInterp: /usr/bin/python3 (found version "3.8.10") 
[2.172s] -- Found ament_cmake_cppcheck: 0.9.7 (/opt/ros/foxy/share/ament_cmake_cppcheck/cmake)
[2.174s] -- Found ament_cmake_cpplint: 0.9.7 (/opt/ros/foxy/share/ament_cmake_cpplint/cmake)
[2.176s] -- Found ament_cmake_uncrustify: 0.9.7 (/opt/ros/foxy/share/ament_cmake_uncrustify/cmake)
[2.179s] -- Found ament_cmake_ros: 0.9.2 (/opt/ros/foxy/share/ament_cmake_ros/cmake)
[2.456s] -- Using all available rosidl_typesupport_c: rosidl_typesupport_fastrtps_c;rosidl_typesupport_introspection_c
[2.590s] -- Using all available rosidl_typesupport_cpp: rosidl_typesupport_fastrtps_cpp;rosidl_typesupport_introspection_cpp
[2.635s] -- Found PythonInterp: /usr/bin/python3 (found suitable version "3.8.10", minimum required is "3.5") 
[2.638s] -- Found python_cmake_module: 0.8.1 (/opt/ros/foxy/share/python_cmake_module/cmake)
[2.688s] -- Found PythonLibs: /usr/lib/x86_64-linux-gnu/libpython3.8.so (found suitable version "3.8.10", minimum required is "3.5") 
[2.688s] -- Using PYTHON_EXECUTABLE: /usr/bin/python3
[2.688s] -- Using PYTHON_INCLUDE_DIRS: /usr/include/python3.8
[2.688s] -- Using PYTHON_LIBRARIES: /usr/lib/x86_64-linux-gnu/libpython3.8.so
[2.728s] -- Found PythonExtra: .so  
[2.846s] -- Found ament_cmake_flake8: 0.9.7 (/opt/ros/foxy/share/ament_cmake_flake8/cmake)
[2.847s] -- Found ament_cmake_pep257: 0.9.7 (/opt/ros/foxy/share/ament_cmake_pep257/cmake)
[2.852s] -- Found ament_lint_auto: 0.9.7 (/opt/ros/foxy/share/ament_lint_auto/cmake)
[2.875s] -- Added test 'copyright' to check source files copyright and LICENSE
[2.876s] -- Added test 'lint_cmake' to check CMake code style
[2.876s] -- Added test 'xmllint' to check XML markup files
[2.882s] -- Configuring done
[2.943s] -- Generating done
[2.945s] -- Build files have been written to: /home/camilo/2022-tfg-juancamilo-carmona/tfg/build/carla_waypoint_types
[3.994s] Invoked command in '/home/camilo/2022-tfg-juancamilo-carmona/tfg/build/carla_waypoint_types' returned '0': CMAKE_PREFIX_PATH=${CMAKE_PREFIX_PATH}:/home/camilo/2022-tfg-juancamilo-carmona/tfg/install/rqt_carla_control:/home/camilo/2022-tfg-juancamilo-carmona/tfg/install/line_follower:/home/camilo/2022-tfg-juancamilo-carmona/tfg/install/carla_waypoint_publisher:/home/camilo/2022-tfg-juancamilo-carmona/tfg/install/carla_teleop:/home/camilo/2022-tfg-juancamilo-carmona/tfg/install/carla_ackermann_control:/home/camilo/2022-tfg-juancamilo-carmona/tfg/install/carla_ros_bridge:/home/camilo/2022-tfg-juancamilo-carmona/tfg/install/carla_spawn_objects:/home/camilo/2022-tfg-juancamilo-carmona/tfg/install/carla_manual_control:/home/camilo/2022-tfg-juancamilo-carmona/tfg/install/carla_ad_agent:/home/camilo/2022-tfg-juancamilo-carmona/tfg/install/analysis:/home/camilo/2022-tfg-juancamilo-carmona/tfg/install/ros_compatibility:/home/camilo/2022-tfg-juancamilo-carmona/tfg/install/carla_walker_agent:/home/camilo/2022-tfg-juancamilo-carmona/tfg/install/carla_twist_to_control:/home/camilo/2022-tfg-juancamilo-carmona/tfg/install/carla_ros_scenario_runner:/home/camilo/2022-tfg-juancamilo-carmona/tfg/install/carla_common:/opt/ros/foxy /usr/bin/cmake /home/camilo/2022-tfg-juancamilo-carmona/tfg/src/ros-bridge/carla_waypoint_types -DAMENT_CMAKE_SYMLINK_INSTALL=1 -DCMAKE_INSTALL_PREFIX=/home/camilo/2022-tfg-juancamilo-carmona/tfg/install/carla_waypoint_types
[3.996s] Invoking command in '/home/camilo/2022-tfg-juancamilo-carmona/tfg/build/carla_waypoint_types': CMAKE_PREFIX_PATH=${CMAKE_PREFIX_PATH}:/home/camilo/2022-tfg-juancamilo-carmona/tfg/install/rqt_carla_control:/home/camilo/2022-tfg-juancamilo-carmona/tfg/install/line_follower:/home/camilo/2022-tfg-juancamilo-carmona/tfg/install/carla_waypoint_publisher:/home/camilo/2022-tfg-juancamilo-carmona/tfg/install/carla_teleop:/home/camilo/2022-tfg-juancamilo-carmona/tfg/install/carla_ackermann_control:/home/camilo/2022-tfg-juancamilo-carmona/tfg/install/carla_ros_bridge:/home/camilo/2022-tfg-juancamilo-carmona/tfg/install/carla_spawn_objects:/home/camilo/2022-tfg-juancamilo-carmona/tfg/install/carla_manual_control:/home/camilo/2022-tfg-juancamilo-carmona/tfg/install/carla_ad_agent:/home/camilo/2022-tfg-juancamilo-carmona/tfg/install/analysis:/home/camilo/2022-tfg-juancamilo-carmona/tfg/install/ros_compatibility:/home/camilo/2022-tfg-juancamilo-carmona/tfg/install/carla_walker_agent:/home/camilo/2022-tfg-juancamilo-carmona/tfg/install/carla_twist_to_control:/home/camilo/2022-tfg-juancamilo-carmona/tfg/install/carla_ros_scenario_runner:/home/camilo/2022-tfg-juancamilo-carmona/tfg/install/carla_common:/opt/ros/foxy /usr/bin/cmake --build /home/camilo/2022-tfg-juancamilo-carmona/tfg/build/carla_waypoint_types -- -j12 -l12
[4.292s] [35m[1mScanning dependencies of target carla_waypoint_types__cpp[0m
[4.293s] [  2%] [34m[1mGenerating C code for ROS interfaces[0m
[4.293s] [  4%] [34m[1mGenerating C++ code for ROS interfaces[0m
[4.533s] [  4%] Built target carla_waypoint_types__cpp
[4.569s] [  6%] [34m[1mGenerating C++ type support dispatch for ROS interfaces[0m
[4.572s] [  8%] [34m[1mGenerating C++ type support for eProsima Fast-RTPS[0m
[4.585s] [ 10%] [34m[1mGenerating C++ introspection for ROS interfaces[0m
[4.680s] [35m[1mScanning dependencies of target carla_waypoint_types__rosidl_generator_c[0m
[4.760s] [ 12%] [32mBuilding C object CMakeFiles/carla_waypoint_types__rosidl_generator_c.dir/rosidl_generator_c/carla_waypoint_types/msg/detail/carla_waypoint__functions.c.o[0m
[4.772s] [ 14%] [32mBuilding C object CMakeFiles/carla_waypoint_types__rosidl_generator_c.dir/rosidl_generator_c/carla_waypoint_types/srv/detail/get_waypoint__functions.c.o[0m
[4.773s] [ 17%] [32mBuilding C object CMakeFiles/carla_waypoint_types__rosidl_generator_c.dir/rosidl_generator_c/carla_waypoint_types/srv/detail/get_actor_waypoint__functions.c.o[0m
[4.977s] [ 19%] [32m[1mLinking C shared library libcarla_waypoint_types__rosidl_generator_c.so[0m
[5.165s] [ 19%] Built target carla_waypoint_types__rosidl_generator_c
[5.198s] [ 21%] [34m[1mGenerating C type support dispatch for ROS interfaces[0m
[5.239s] [ 23%] [34m[1mGenerating C introspection for ROS interfaces[0m
[5.245s] [35m[1mScanning dependencies of target carla_waypoint_types__rosidl_typesupport_cpp[0m
[5.309s] [ 25%] [32mBuilding CXX object CMakeFiles/carla_waypoint_types__rosidl_typesupport_cpp.dir/rosidl_typesupport_cpp/carla_waypoint_types/msg/carla_waypoint__type_support.cpp.o[0m
[5.323s] [ 27%] [32mBuilding CXX object CMakeFiles/carla_waypoint_types__rosidl_typesupport_cpp.dir/rosidl_typesupport_cpp/carla_waypoint_types/srv/get_waypoint__type_support.cpp.o[0m
[5.328s] [ 29%] [32mBuilding CXX object CMakeFiles/carla_waypoint_types__rosidl_typesupport_cpp.dir/rosidl_typesupport_cpp/carla_waypoint_types/srv/get_actor_waypoint__type_support.cpp.o[0m
[5.585s] [35m[1mScanning dependencies of target carla_waypoint_types__rosidl_typesupport_introspection_cpp[0m
[5.703s] [ 31%] [32mBuilding CXX object CMakeFiles/carla_waypoint_types__rosidl_typesupport_introspection_cpp.dir/rosidl_typesupport_introspection_cpp/carla_waypoint_types/msg/detail/carla_waypoint__type_support.cpp.o[0m
[5.712s] [ 34%] [32mBuilding CXX object CMakeFiles/carla_waypoint_types__rosidl_typesupport_introspection_cpp.dir/rosidl_typesupport_introspection_cpp/carla_waypoint_types/srv/detail/get_waypoint__type_support.cpp.o[0m
[5.715s] [35m[1mScanning dependencies of target carla_waypoint_types__rosidl_typesupport_fastrtps_cpp[0m
[5.719s] [ 36%] [32mBuilding CXX object CMakeFiles/carla_waypoint_types__rosidl_typesupport_introspection_cpp.dir/rosidl_typesupport_introspection_cpp/carla_waypoint_types/srv/detail/get_actor_waypoint__type_support.cpp.o[0m
[5.814s] [ 38%] [32mBuilding CXX object CMakeFiles/carla_waypoint_types__rosidl_typesupport_fastrtps_cpp.dir/rosidl_typesupport_fastrtps_cpp/carla_waypoint_types/msg/detail/dds_fastrtps/carla_waypoint__type_support.cpp.o[0m
[5.839s] [ 40%] [32mBuilding CXX object CMakeFiles/carla_waypoint_types__rosidl_typesupport_fastrtps_cpp.dir/rosidl_typesupport_fastrtps_cpp/carla_waypoint_types/srv/detail/dds_fastrtps/get_waypoint__type_support.cpp.o[0m
[5.848s] [ 42%] [32mBuilding CXX object CMakeFiles/carla_waypoint_types__rosidl_typesupport_fastrtps_cpp.dir/rosidl_typesupport_fastrtps_cpp/carla_waypoint_types/srv/detail/dds_fastrtps/get_actor_waypoint__type_support.cpp.o[0m
[6.184s] [35m[1mScanning dependencies of target carla_waypoint_types__rosidl_typesupport_c[0m
[6.268s] [ 44%] [32mBuilding CXX object CMakeFiles/carla_waypoint_types__rosidl_typesupport_c.dir/rosidl_typesupport_c/carla_waypoint_types/srv/get_waypoint__type_support.cpp.o[0m
[6.271s] [ 46%] [32mBuilding CXX object CMakeFiles/carla_waypoint_types__rosidl_typesupport_c.dir/rosidl_typesupport_c/carla_waypoint_types/msg/carla_waypoint__type_support.cpp.o[0m
[6.316s] [ 48%] [32mBuilding CXX object CMakeFiles/carla_waypoint_types__rosidl_typesupport_c.dir/rosidl_typesupport_c/carla_waypoint_types/srv/get_actor_waypoint__type_support.cpp.o[0m
[6.317s] [ 51%] [32m[1mLinking CXX shared library libcarla_waypoint_types__rosidl_typesupport_cpp.so[0m
[6.489s] [ 53%] [32m[1mLinking CXX shared library libcarla_waypoint_types__rosidl_typesupport_c.so[0m
[6.552s] [ 53%] Built target carla_waypoint_types__rosidl_typesupport_cpp
[6.639s] [35m[1mScanning dependencies of target carla_waypoint_types__rosidl_typesupport_introspection_c[0m
[6.712s] [ 55%] [32mBuilding C object CMakeFiles/carla_waypoint_types__rosidl_typesupport_introspection_c.dir/rosidl_typesupport_introspection_c/carla_waypoint_types/srv/detail/get_waypoint__type_support.c.o[0m
[6.733s] [ 57%] [32mBuilding C object CMakeFiles/carla_waypoint_types__rosidl_typesupport_introspection_c.dir/rosidl_typesupport_introspection_c/carla_waypoint_types/msg/detail/carla_waypoint__type_support.c.o[0m
[6.737s] [ 57%] Built target carla_waypoint_types__rosidl_typesupport_c
[6.758s] [ 59%] [32mBuilding C object CMakeFiles/carla_waypoint_types__rosidl_typesupport_introspection_c.dir/rosidl_typesupport_introspection_c/carla_waypoint_types/srv/detail/get_actor_waypoint__type_support.c.o[0m
[6.837s] [ 61%] [32m[1mLinking CXX shared library libcarla_waypoint_types__rosidl_typesupport_introspection_cpp.so[0m
[6.952s] [ 63%] [32m[1mLinking C shared library libcarla_waypoint_types__rosidl_typesupport_introspection_c.so[0m
[7.070s] [ 63%] Built target carla_waypoint_types__rosidl_typesupport_introspection_cpp
[7.142s] [ 63%] Built target carla_waypoint_types__rosidl_typesupport_introspection_c
[7.356s] [ 65%] [32m[1mLinking CXX shared library libcarla_waypoint_types__rosidl_typesupport_fastrtps_cpp.so[0m
[7.786s] [ 65%] Built target carla_waypoint_types__rosidl_typesupport_fastrtps_cpp
[7.804s] [ 68%] [34m[1mGenerating C type support for eProsima Fast-RTPS[0m
[8.566s] [35m[1mScanning dependencies of target carla_waypoint_types__rosidl_typesupport_fastrtps_c[0m
[8.600s] [ 72%] [32mBuilding CXX object CMakeFiles/carla_waypoint_types__rosidl_typesupport_fastrtps_c.dir/rosidl_typesupport_fastrtps_c/carla_waypoint_types/msg/detail/carla_waypoint__type_support_c.cpp.o[0m
[8.600s] [ 72%] [32mBuilding CXX object CMakeFiles/carla_waypoint_types__rosidl_typesupport_fastrtps_c.dir/rosidl_typesupport_fastrtps_c/carla_waypoint_types/srv/detail/get_waypoint__type_support_c.cpp.o[0m
[8.612s] [ 74%] [32mBuilding CXX object CMakeFiles/carla_waypoint_types__rosidl_typesupport_fastrtps_c.dir/rosidl_typesupport_fastrtps_c/carla_waypoint_types/srv/detail/get_actor_waypoint__type_support_c.cpp.o[0m
[9.202s] [ 76%] [32m[1mLinking CXX shared library libcarla_waypoint_types__rosidl_typesupport_fastrtps_c.so[0m
[9.360s] [ 76%] Built target carla_waypoint_types__rosidl_typesupport_fastrtps_c
[9.376s] [35m[1mScanning dependencies of target carla_waypoint_types[0m
[9.392s] [ 76%] Built target carla_waypoint_types
[9.408s] [35m[1mScanning dependencies of target carla_waypoint_types__py[0m
[9.425s] [ 78%] [34m[1mGenerating Python code for ROS interfaces[0m
[10.457s] [ 78%] Built target carla_waypoint_types__py
[10.470s] [35m[1mScanning dependencies of target carla_waypoint_types__python[0m
[10.506s] [ 80%] [32mBuilding C object CMakeFiles/carla_waypoint_types__python.dir/rosidl_generator_py/carla_waypoint_types/msg/_carla_waypoint_s.c.o[0m
[10.509s] [ 82%] [32mBuilding C object CMakeFiles/carla_waypoint_types__python.dir/rosidl_generator_py/carla_waypoint_types/srv/_get_actor_waypoint_s.c.o[0m
[10.509s] [ 85%] [32mBuilding C object CMakeFiles/carla_waypoint_types__python.dir/rosidl_generator_py/carla_waypoint_types/srv/_get_waypoint_s.c.o[0m
[10.651s] [ 87%] [32m[1mLinking C shared library rosidl_generator_py/carla_waypoint_types/libcarla_waypoint_types__python.so[0m
[10.708s] [ 87%] Built target carla_waypoint_types__python
[10.719s] [35m[1mScanning dependencies of target carla_waypoint_types__rosidl_typesupport_c__pyext[0m
[10.719s] [35m[1mScanning dependencies of target carla_waypoint_types__rosidl_typesupport_introspection_c__pyext[0m
[10.721s] [35m[1mScanning dependencies of target carla_waypoint_types__rosidl_typesupport_fastrtps_c__pyext[0m
[10.739s] [ 89%] [32mBuilding C object CMakeFiles/carla_waypoint_types__rosidl_typesupport_introspection_c__pyext.dir/rosidl_generator_py/carla_waypoint_types/_carla_waypoint_types_s.ep.rosidl_typesupport_introspection_c.c.o[0m
[10.739s] [ 91%] [32mBuilding C object CMakeFiles/carla_waypoint_types__rosidl_typesupport_c__pyext.dir/rosidl_generator_py/carla_waypoint_types/_carla_waypoint_types_s.ep.rosidl_typesupport_c.c.o[0m
[10.752s] [ 93%] [32mBuilding C object CMakeFiles/carla_waypoint_types__rosidl_typesupport_fastrtps_c__pyext.dir/rosidl_generator_py/carla_waypoint_types/_carla_waypoint_types_s.ep.rosidl_typesupport_fastrtps_c.c.o[0m
[10.834s] [ 95%] [32m[1mLinking C shared library rosidl_generator_py/carla_waypoint_types/carla_waypoint_types_s__rosidl_typesupport_introspection_c.cpython-38-x86_64-linux-gnu.so[0m
[10.860s] [ 97%] [32m[1mLinking CXX shared library rosidl_generator_py/carla_waypoint_types/carla_waypoint_types_s__rosidl_typesupport_fastrtps_c.cpython-38-x86_64-linux-gnu.so[0m
[10.876s] [100%] Built target carla_waypoint_types__rosidl_typesupport_introspection_c__pyext
[10.876s] [100%] [32m[1mLinking C shared library rosidl_generator_py/carla_waypoint_types/carla_waypoint_types_s__rosidl_typesupport_c.cpython-38-x86_64-linux-gnu.so[0m
[10.915s] [100%] Built target carla_waypoint_types__rosidl_typesupport_c__pyext
[10.935s] [100%] Built target carla_waypoint_types__rosidl_typesupport_fastrtps_c__pyext
[10.946s] Invoked command in '/home/camilo/2022-tfg-juancamilo-carmona/tfg/build/carla_waypoint_types' returned '0': CMAKE_PREFIX_PATH=${CMAKE_PREFIX_PATH}:/home/camilo/2022-tfg-juancamilo-carmona/tfg/install/rqt_carla_control:/home/camilo/2022-tfg-juancamilo-carmona/tfg/install/line_follower:/home/camilo/2022-tfg-juancamilo-carmona/tfg/install/carla_waypoint_publisher:/home/camilo/2022-tfg-juancamilo-carmona/tfg/install/carla_teleop:/home/camilo/2022-tfg-juancamilo-carmona/tfg/install/carla_ackermann_control:/home/camilo/2022-tfg-juancamilo-carmona/tfg/install/carla_ros_bridge:/home/camilo/2022-tfg-juancamilo-carmona/tfg/install/carla_spawn_objects:/home/camilo/2022-tfg-juancamilo-carmona/tfg/install/carla_manual_control:/home/camilo/2022-tfg-juancamilo-carmona/tfg/install/carla_ad_agent:/home/camilo/2022-tfg-juancamilo-carmona/tfg/install/analysis:/home/camilo/2022-tfg-juancamilo-carmona/tfg/install/ros_compatibility:/home/camilo/2022-tfg-juancamilo-carmona/tfg/install/carla_walker_agent:/home/camilo/2022-tfg-juancamilo-carmona/tfg/install/carla_twist_to_control:/home/camilo/2022-tfg-juancamilo-carmona/tfg/install/carla_ros_scenario_runner:/home/camilo/2022-tfg-juancamilo-carmona/tfg/install/carla_common:/opt/ros/foxy /usr/bin/cmake --build /home/camilo/2022-tfg-juancamilo-carmona/tfg/build/carla_waypoint_types -- -j12 -l12
[11.084s] Invoking command in '/home/camilo/2022-tfg-juancamilo-carmona/tfg/build/carla_waypoint_types': CMAKE_PREFIX_PATH=${CMAKE_PREFIX_PATH}:/home/camilo/2022-tfg-juancamilo-carmona/tfg/install/rqt_carla_control:/home/camilo/2022-tfg-juancamilo-carmona/tfg/install/line_follower:/home/camilo/2022-tfg-juancamilo-carmona/tfg/install/carla_waypoint_publisher:/home/camilo/2022-tfg-juancamilo-carmona/tfg/install/carla_teleop:/home/camilo/2022-tfg-juancamilo-carmona/tfg/install/carla_ackermann_control:/home/camilo/2022-tfg-juancamilo-carmona/tfg/install/carla_ros_bridge:/home/camilo/2022-tfg-juancamilo-carmona/tfg/install/carla_spawn_objects:/home/camilo/2022-tfg-juancamilo-carmona/tfg/install/carla_manual_control:/home/camilo/2022-tfg-juancamilo-carmona/tfg/install/carla_ad_agent:/home/camilo/2022-tfg-juancamilo-carmona/tfg/install/analysis:/home/camilo/2022-tfg-juancamilo-carmona/tfg/install/ros_compatibility:/home/camilo/2022-tfg-juancamilo-carmona/tfg/install/carla_walker_agent:/home/camilo/2022-tfg-juancamilo-carmona/tfg/install/carla_twist_to_control:/home/camilo/2022-tfg-juancamilo-carmona/tfg/install/carla_ros_scenario_runner:/home/camilo/2022-tfg-juancamilo-carmona/tfg/install/carla_common:/opt/ros/foxy /usr/bin/cmake --install /home/camilo/2022-tfg-juancamilo-carmona/tfg/build/carla_waypoint_types
[11.092s] -- Install configuration: ""
[11.093s] -- Execute custom install script
[11.093s] -- Symlinking: /home/camilo/2022-tfg-juancamilo-carmona/tfg/install/carla_waypoint_types/share/ament_index/resource_index/rosidl_interfaces/carla_waypoint_types
[11.103s] -- Symlinking: /home/camilo/2022-tfg-juancamilo-carmona/tfg/install/carla_waypoint_types/include/carla_waypoint_types/msg/carla_waypoint.h
[11.115s] -- Symlinking: /home/camilo/2022-tfg-juancamilo-carmona/tfg/install/carla_waypoint_types/include/carla_waypoint_types/msg/detail/carla_waypoint__functions.h
[11.124s] -- Symlinking: /home/camilo/2022-tfg-juancamilo-carmona/tfg/install/carla_waypoint_types/include/carla_waypoint_types/msg/detail/carla_waypoint__struct.h
[11.134s] -- Symlinking: /home/camilo/2022-tfg-juancamilo-carmona/tfg/install/carla_waypoint_types/include/carla_waypoint_types/msg/detail/carla_waypoint__type_support.h
[11.143s] -- Symlinking: /home/camilo/2022-tfg-juancamilo-carmona/tfg/install/carla_waypoint_types/include/carla_waypoint_types/msg/rosidl_generator_c__visibility_control.h
[11.152s] -- Symlinking: /home/camilo/2022-tfg-juancamilo-carmona/tfg/install/carla_waypoint_types/include/carla_waypoint_types/srv/detail/get_actor_waypoint__functions.h
[11.160s] -- Symlinking: /home/camilo/2022-tfg-juancamilo-carmona/tfg/install/carla_waypoint_types/include/carla_waypoint_types/srv/detail/get_actor_waypoint__struct.h
[11.169s] -- Symlinking: /home/camilo/2022-tfg-juancamilo-carmona/tfg/install/carla_waypoint_types/include/carla_waypoint_types/srv/detail/get_actor_waypoint__type_support.h
[11.178s] -- Symlinking: /home/camilo/2022-tfg-juancamilo-carmona/tfg/install/carla_waypoint_types/include/carla_waypoint_types/srv/detail/get_waypoint__functions.h
[11.186s] -- Symlinking: /home/camilo/2022-tfg-juancamilo-carmona/tfg/install/carla_waypoint_types/include/carla_waypoint_types/srv/detail/get_waypoint__struct.h
[11.193s] -- Symlinking: /home/camilo/2022-tfg-juancamilo-carmona/tfg/install/carla_waypoint_types/include/carla_waypoint_types/srv/detail/get_waypoint__type_support.h
[11.201s] -- Symlinking: /home/camilo/2022-tfg-juancamilo-carmona/tfg/install/carla_waypoint_types/include/carla_waypoint_types/srv/get_actor_waypoint.h
[11.209s] -- Symlinking: /home/camilo/2022-tfg-juancamilo-carmona/tfg/install/carla_waypoint_types/include/carla_waypoint_types/srv/get_waypoint.h
[11.217s] -- Symlinking: /home/camilo/2022-tfg-juancamilo-carmona/tfg/install/carla_waypoint_types/share/carla_waypoint_types/environment/library_path.sh
[11.224s] -- Symlinking: /home/camilo/2022-tfg-juancamilo-carmona/tfg/install/carla_waypoint_types/share/carla_waypoint_types/environment/library_path.dsv
[11.233s] -- Symlinking: /home/camilo/2022-tfg-juancamilo-carmona/tfg/install/carla_waypoint_types/include/carla_waypoint_types/msg/detail/carla_waypoint__rosidl_typesupport_fastrtps_c.h
[11.243s] -- Symlinking: /home/camilo/2022-tfg-juancamilo-carmona/tfg/install/carla_waypoint_types/include/carla_waypoint_types/msg/rosidl_typesupport_fastrtps_c__visibility_control.h
[11.250s] -- Symlinking: /home/camilo/2022-tfg-juancamilo-carmona/tfg/install/carla_waypoint_types/include/carla_waypoint_types/srv/detail/get_actor_waypoint__rosidl_typesupport_fastrtps_c.h
[11.258s] -- Symlinking: /home/camilo/2022-tfg-juancamilo-carmona/tfg/install/carla_waypoint_types/include/carla_waypoint_types/srv/detail/get_waypoint__rosidl_typesupport_fastrtps_c.h
[11.266s] -- Symlinking: /home/camilo/2022-tfg-juancamilo-carmona/tfg/install/carla_waypoint_types/lib/libcarla_waypoint_types__rosidl_typesupport_fastrtps_c.so
[11.275s] -- Symlinking: /home/camilo/2022-tfg-juancamilo-carmona/tfg/install/carla_waypoint_types/include/carla_waypoint_types/msg/detail/carla_waypoint__rosidl_typesupport_fastrtps_cpp.hpp
[11.283s] -- Symlinking: /home/camilo/2022-tfg-juancamilo-carmona/tfg/install/carla_waypoint_types/include/carla_waypoint_types/msg/rosidl_typesupport_fastrtps_cpp__visibility_control.h
[11.291s] -- Symlinking: /home/camilo/2022-tfg-juancamilo-carmona/tfg/install/carla_waypoint_types/include/carla_waypoint_types/srv/detail/get_actor_waypoint__rosidl_typesupport_fastrtps_cpp.hpp
[11.299s] -- Symlinking: /home/camilo/2022-tfg-juancamilo-carmona/tfg/install/carla_waypoint_types/include/carla_waypoint_types/srv/detail/get_waypoint__rosidl_typesupport_fastrtps_cpp.hpp
[11.308s] -- Symlinking: /home/camilo/2022-tfg-juancamilo-carmona/tfg/install/carla_waypoint_types/lib/libcarla_waypoint_types__rosidl_typesupport_fastrtps_cpp.so
[11.316s] -- Symlinking: /home/camilo/2022-tfg-juancamilo-carmona/tfg/install/carla_waypoint_types/include/carla_waypoint_types/msg/detail/carla_waypoint__rosidl_typesupport_introspection_c.h
[11.326s] -- Symlinking: /home/camilo/2022-tfg-juancamilo-carmona/tfg/install/carla_waypoint_types/include/carla_waypoint_types/msg/rosidl_typesupport_introspection_c__visibility_control.h
[11.334s] -- Symlinking: /home/camilo/2022-tfg-juancamilo-carmona/tfg/install/carla_waypoint_types/include/carla_waypoint_types/srv/detail/get_actor_waypoint__rosidl_typesupport_introspection_c.h
[11.342s] -- Symlinking: /home/camilo/2022-tfg-juancamilo-carmona/tfg/install/carla_waypoint_types/include/carla_waypoint_types/srv/detail/get_waypoint__rosidl_typesupport_introspection_c.h
[11.350s] -- Symlinking: /home/camilo/2022-tfg-juancamilo-carmona/tfg/install/carla_waypoint_types/include/carla_waypoint_types/msg/carla_waypoint.hpp
[11.358s] -- Symlinking: /home/camilo/2022-tfg-juancamilo-carmona/tfg/install/carla_waypoint_types/include/carla_waypoint_types/msg/detail/carla_waypoint__builder.hpp
[11.366s] -- Symlinking: /home/camilo/2022-tfg-juancamilo-carmona/tfg/install/carla_waypoint_types/include/carla_waypoint_types/msg/detail/carla_waypoint__struct.hpp
[11.374s] -- Symlinking: /home/camilo/2022-tfg-juancamilo-carmona/tfg/install/carla_waypoint_types/include/carla_waypoint_types/msg/detail/carla_waypoint__traits.hpp
[11.382s] -- Symlinking: /home/camilo/2022-tfg-juancamilo-carmona/tfg/install/carla_waypoint_types/include/carla_waypoint_types/srv/detail/get_actor_waypoint__builder.hpp
[11.391s] -- Symlinking: /home/camilo/2022-tfg-juancamilo-carmona/tfg/install/carla_waypoint_types/include/carla_waypoint_types/srv/detail/get_actor_waypoint__struct.hpp
[11.399s] -- Symlinking: /home/camilo/2022-tfg-juancamilo-carmona/tfg/install/carla_waypoint_types/include/carla_waypoint_types/srv/detail/get_actor_waypoint__traits.hpp
[11.407s] -- Symlinking: /home/camilo/2022-tfg-juancamilo-carmona/tfg/install/carla_waypoint_types/include/carla_waypoint_types/srv/detail/get_waypoint__builder.hpp
[11.415s] -- Symlinking: /home/camilo/2022-tfg-juancamilo-carmona/tfg/install/carla_waypoint_types/include/carla_waypoint_types/srv/detail/get_waypoint__struct.hpp
[11.423s] -- Symlinking: /home/camilo/2022-tfg-juancamilo-carmona/tfg/install/carla_waypoint_types/include/carla_waypoint_types/srv/detail/get_waypoint__traits.hpp
[11.431s] -- Symlinking: /home/camilo/2022-tfg-juancamilo-carmona/tfg/install/carla_waypoint_types/include/carla_waypoint_types/srv/get_actor_waypoint.hpp
[11.439s] -- Symlinking: /home/camilo/2022-tfg-juancamilo-carmona/tfg/install/carla_waypoint_types/include/carla_waypoint_types/srv/get_waypoint.hpp
[11.447s] -- Symlinking: /home/camilo/2022-tfg-juancamilo-carmona/tfg/install/carla_waypoint_types/include/carla_waypoint_types/msg/detail/carla_waypoint__rosidl_typesupport_introspection_cpp.hpp
[11.455s] -- Symlinking: /home/camilo/2022-tfg-juancamilo-carmona/tfg/install/carla_waypoint_types/include/carla_waypoint_types/srv/detail/get_actor_waypoint__rosidl_typesupport_introspection_cpp.hpp
[11.463s] -- Symlinking: /home/camilo/2022-tfg-juancamilo-carmona/tfg/install/carla_waypoint_types/include/carla_waypoint_types/srv/detail/get_waypoint__rosidl_typesupport_introspection_cpp.hpp
[11.471s] -- Symlinking: /home/camilo/2022-tfg-juancamilo-carmona/tfg/install/carla_waypoint_types/share/carla_waypoint_types/environment/pythonpath.sh
[11.479s] -- Symlinking: /home/camilo/2022-tfg-juancamilo-carmona/tfg/install/carla_waypoint_types/share/carla_waypoint_types/environment/pythonpath.dsv
[11.488s] -- Symlinking: /home/camilo/2022-tfg-juancamilo-carmona/tfg/install/carla_waypoint_types/lib/python3.8/site-packages/carla_waypoint_types/__init__.py
[11.496s] -- Symlinking: /home/camilo/2022-tfg-juancamilo-carmona/tfg/install/carla_waypoint_types/lib/python3.8/site-packages/carla_waypoint_types/msg/__init__.py
[11.504s] -- Symlinking: /home/camilo/2022-tfg-juancamilo-carmona/tfg/install/carla_waypoint_types/lib/python3.8/site-packages/carla_waypoint_types/msg/_carla_waypoint.py
[11.513s] -- Symlinking: /home/camilo/2022-tfg-juancamilo-carmona/tfg/install/carla_waypoint_types/lib/python3.8/site-packages/carla_waypoint_types/srv/__init__.py
[11.520s] -- Symlinking: /home/camilo/2022-tfg-juancamilo-carmona/tfg/install/carla_waypoint_types/lib/python3.8/site-packages/carla_waypoint_types/srv/_get_actor_waypoint.py
[11.529s] -- Symlinking: /home/camilo/2022-tfg-juancamilo-carmona/tfg/install/carla_waypoint_types/lib/python3.8/site-packages/carla_waypoint_types/srv/_get_waypoint.py
[11.538s] -- Symlinking: /home/camilo/2022-tfg-juancamilo-carmona/tfg/install/carla_waypoint_types/lib/python3.8/site-packages/carla_waypoint_types/carla_waypoint_types_s__rosidl_typesupport_fastrtps_c.cpython-38-x86_64-linux-gnu.so
[11.546s] -- Symlinking: /home/camilo/2022-tfg-juancamilo-carmona/tfg/install/carla_waypoint_types/lib/python3.8/site-packages/carla_waypoint_types/carla_waypoint_types_s__rosidl_typesupport_introspection_c.cpython-38-x86_64-linux-gnu.so
[11.555s] -- Symlinking: /home/camilo/2022-tfg-juancamilo-carmona/tfg/install/carla_waypoint_types/lib/python3.8/site-packages/carla_waypoint_types/carla_waypoint_types_s__rosidl_typesupport_c.cpython-38-x86_64-linux-gnu.so
[11.564s] -- Symlinking: /home/camilo/2022-tfg-juancamilo-carmona/tfg/install/carla_waypoint_types/lib/libcarla_waypoint_types__python.so
[11.572s] -- Symlinking: /home/camilo/2022-tfg-juancamilo-carmona/tfg/install/carla_waypoint_types/share/carla_waypoint_types/msg/CarlaWaypoint.idl
[11.580s] -- Symlinking: /home/camilo/2022-tfg-juancamilo-carmona/tfg/install/carla_waypoint_types/share/carla_waypoint_types/srv/GetWaypoint.idl
[11.589s] -- Symlinking: /home/camilo/2022-tfg-juancamilo-carmona/tfg/install/carla_waypoint_types/share/carla_waypoint_types/srv/GetActorWaypoint.idl
[11.598s] -- Symlinking: /home/camilo/2022-tfg-juancamilo-carmona/tfg/install/carla_waypoint_types/share/carla_waypoint_types/msg/CarlaWaypoint.msg
[11.606s] -- Symlinking: /home/camilo/2022-tfg-juancamilo-carmona/tfg/install/carla_waypoint_types/share/carla_waypoint_types/srv/GetWaypoint.srv
[11.615s] -- Symlinking: /home/camilo/2022-tfg-juancamilo-carmona/tfg/install/carla_waypoint_types/share/carla_waypoint_types/srv/GetWaypoint_Request.msg
[11.624s] -- Symlinking: /home/camilo/2022-tfg-juancamilo-carmona/tfg/install/carla_waypoint_types/share/carla_waypoint_types/srv/GetWaypoint_Response.msg
[11.632s] -- Symlinking: /home/camilo/2022-tfg-juancamilo-carmona/tfg/install/carla_waypoint_types/share/carla_waypoint_types/srv/GetActorWaypoint.srv
[11.640s] -- Symlinking: /home/camilo/2022-tfg-juancamilo-carmona/tfg/install/carla_waypoint_types/share/carla_waypoint_types/srv/GetActorWaypoint_Request.msg
[11.649s] -- Symlinking: /home/camilo/2022-tfg-juancamilo-carmona/tfg/install/carla_waypoint_types/share/carla_waypoint_types/srv/GetActorWaypoint_Response.msg
[11.658s] -- Symlinking: /home/camilo/2022-tfg-juancamilo-carmona/tfg/install/carla_waypoint_types/share/ament_index/resource_index/package_run_dependencies/carla_waypoint_types
[11.666s] -- Symlinking: /home/camilo/2022-tfg-juancamilo-carmona/tfg/install/carla_waypoint_types/share/ament_index/resource_index/parent_prefix_path/carla_waypoint_types
[11.674s] -- Symlinking: /home/camilo/2022-tfg-juancamilo-carmona/tfg/install/carla_waypoint_types/share/carla_waypoint_types/environment/ament_prefix_path.sh
[11.684s] -- Symlinking: /home/camilo/2022-tfg-juancamilo-carmona/tfg/install/carla_waypoint_types/share/carla_waypoint_types/environment/ament_prefix_path.dsv
[11.693s] -- Symlinking: /home/camilo/2022-tfg-juancamilo-carmona/tfg/install/carla_waypoint_types/share/carla_waypoint_types/environment/path.sh
[11.702s] -- Symlinking: /home/camilo/2022-tfg-juancamilo-carmona/tfg/install/carla_waypoint_types/share/carla_waypoint_types/environment/path.dsv
[11.710s] -- Symlinking: /home/camilo/2022-tfg-juancamilo-carmona/tfg/install/carla_waypoint_types/share/carla_waypoint_types/local_setup.bash
[11.719s] -- Symlinking: /home/camilo/2022-tfg-juancamilo-carmona/tfg/install/carla_waypoint_types/share/carla_waypoint_types/local_setup.sh
[11.727s] -- Symlinking: /home/camilo/2022-tfg-juancamilo-carmona/tfg/install/carla_waypoint_types/share/carla_waypoint_types/local_setup.zsh
[11.735s] -- Symlinking: /home/camilo/2022-tfg-juancamilo-carmona/tfg/install/carla_waypoint_types/share/carla_waypoint_types/local_setup.dsv
[11.744s] -- Symlinking: /home/camilo/2022-tfg-juancamilo-carmona/tfg/install/carla_waypoint_types/share/carla_waypoint_types/package.dsv
[11.752s] -- Symlinking: /home/camilo/2022-tfg-juancamilo-carmona/tfg/install/carla_waypoint_types/share/ament_index/resource_index/packages/carla_waypoint_types
[11.760s] -- Symlinking: /home/camilo/2022-tfg-juancamilo-carmona/tfg/install/carla_waypoint_types/share/carla_waypoint_types/cmake/rosidl_cmake-extras.cmake
[11.769s] -- Symlinking: /home/camilo/2022-tfg-juancamilo-carmona/tfg/install/carla_waypoint_types/share/carla_waypoint_types/cmake/ament_cmake_export_dependencies-extras.cmake
[11.779s] -- Symlinking: /home/camilo/2022-tfg-juancamilo-carmona/tfg/install/carla_waypoint_types/share/carla_waypoint_types/cmake/ament_cmake_export_libraries-extras.cmake
[11.789s] -- Symlinking: /home/camilo/2022-tfg-juancamilo-carmona/tfg/install/carla_waypoint_types/share/carla_waypoint_types/cmake/ament_cmake_export_targets-extras.cmake
[11.799s] -- Symlinking: /home/camilo/2022-tfg-juancamilo-carmona/tfg/install/carla_waypoint_types/share/carla_waypoint_types/cmake/ament_cmake_export_include_directories-extras.cmake
[11.811s] -- Symlinking: /home/camilo/2022-tfg-juancamilo-carmona/tfg/install/carla_waypoint_types/share/carla_waypoint_types/cmake/rosidl_cmake_export_typesupport_libraries-extras.cmake
[11.822s] -- Symlinking: /home/camilo/2022-tfg-juancamilo-carmona/tfg/install/carla_waypoint_types/share/carla_waypoint_types/cmake/rosidl_cmake_export_typesupport_targets-extras.cmake
[11.830s] -- Symlinking: /home/camilo/2022-tfg-juancamilo-carmona/tfg/install/carla_waypoint_types/share/carla_waypoint_types/cmake/carla_waypoint_typesConfig.cmake
[11.839s] -- Symlinking: /home/camilo/2022-tfg-juancamilo-carmona/tfg/install/carla_waypoint_types/share/carla_waypoint_types/cmake/carla_waypoint_typesConfig-version.cmake
[11.848s] -- Symlinking: /home/camilo/2022-tfg-juancamilo-carmona/tfg/install/carla_waypoint_types/share/carla_waypoint_types/package.xml
[11.857s] -- Installing: /home/camilo/2022-tfg-juancamilo-carmona/tfg/install/carla_waypoint_types/lib/libcarla_waypoint_types__rosidl_generator_c.so
[11.858s] -- Set runtime path of "/home/camilo/2022-tfg-juancamilo-carmona/tfg/install/carla_waypoint_types/lib/libcarla_waypoint_types__rosidl_generator_c.so" to ""
[11.858s] -- Installing: /home/camilo/2022-tfg-juancamilo-carmona/tfg/install/carla_waypoint_types/lib/libcarla_waypoint_types__rosidl_typesupport_introspection_c.so
[11.858s] -- Set runtime path of "/home/camilo/2022-tfg-juancamilo-carmona/tfg/install/carla_waypoint_types/lib/libcarla_waypoint_types__rosidl_typesupport_introspection_c.so" to ""
[11.858s] -- Installing: /home/camilo/2022-tfg-juancamilo-carmona/tfg/install/carla_waypoint_types/lib/libcarla_waypoint_types__rosidl_typesupport_c.so
[11.859s] -- Set runtime path of "/home/camilo/2022-tfg-juancamilo-carmona/tfg/install/carla_waypoint_types/lib/libcarla_waypoint_types__rosidl_typesupport_c.so" to ""
[11.859s] -- Installing: /home/camilo/2022-tfg-juancamilo-carmona/tfg/install/carla_waypoint_types/lib/libcarla_waypoint_types__rosidl_typesupport_introspection_cpp.so
[11.859s] -- Set runtime path of "/home/camilo/2022-tfg-juancamilo-carmona/tfg/install/carla_waypoint_types/lib/libcarla_waypoint_types__rosidl_typesupport_introspection_cpp.so" to ""
[11.859s] -- Installing: /home/camilo/2022-tfg-juancamilo-carmona/tfg/install/carla_waypoint_types/lib/libcarla_waypoint_types__rosidl_typesupport_cpp.so
[11.860s] -- Set runtime path of "/home/camilo/2022-tfg-juancamilo-carmona/tfg/install/carla_waypoint_types/lib/libcarla_waypoint_types__rosidl_typesupport_cpp.so" to ""
[11.913s] Compiling '/home/camilo/2022-tfg-juancamilo-carmona/tfg/install/carla_waypoint_types/lib/python3.8/site-packages/carla_waypoint_types/__init__.py'...
[11.917s] -- Installing: /home/camilo/2022-tfg-juancamilo-carmona/tfg/install/carla_waypoint_types/share/carla_waypoint_types/cmake/carla_waypoint_types__rosidl_generator_cExport.cmake
[11.917s] -- Installing: /home/camilo/2022-tfg-juancamilo-carmona/tfg/install/carla_waypoint_types/share/carla_waypoint_types/cmake/carla_waypoint_types__rosidl_generator_cExport-noconfig.cmake
[11.918s] -- Installing: /home/camilo/2022-tfg-juancamilo-carmona/tfg/install/carla_waypoint_types/share/carla_waypoint_types/cmake/carla_waypoint_types__rosidl_typesupport_introspection_cExport.cmake
[11.918s] -- Installing: /home/camilo/2022-tfg-juancamilo-carmona/tfg/install/carla_waypoint_types/share/carla_waypoint_types/cmake/carla_waypoint_types__rosidl_typesupport_introspection_cExport-noconfig.cmake
[11.918s] -- Installing: /home/camilo/2022-tfg-juancamilo-carmona/tfg/install/carla_waypoint_types/share/carla_waypoint_types/cmake/carla_waypoint_types__rosidl_typesupport_cExport.cmake
[11.918s] -- Installing: /home/camilo/2022-tfg-juancamilo-carmona/tfg/install/carla_waypoint_types/share/carla_waypoint_types/cmake/carla_waypoint_types__rosidl_typesupport_cExport-noconfig.cmake
[11.919s] -- Installing: /home/camilo/2022-tfg-juancamilo-carmona/tfg/install/carla_waypoint_types/share/carla_waypoint_types/cmake/carla_waypoint_types__rosidl_generator_cppExport.cmake
[11.919s] -- Installing: /home/camilo/2022-tfg-juancamilo-carmona/tfg/install/carla_waypoint_types/share/carla_waypoint_types/cmake/carla_waypoint_types__rosidl_typesupport_introspection_cppExport.cmake
[11.919s] -- Installing: /home/camilo/2022-tfg-juancamilo-carmona/tfg/install/carla_waypoint_types/share/carla_waypoint_types/cmake/carla_waypoint_types__rosidl_typesupport_introspection_cppExport-noconfig.cmake
[11.919s] -- Installing: /home/camilo/2022-tfg-juancamilo-carmona/tfg/install/carla_waypoint_types/share/carla_waypoint_types/cmake/carla_waypoint_types__rosidl_typesupport_cppExport.cmake
[11.919s] -- Installing: /home/camilo/2022-tfg-juancamilo-carmona/tfg/install/carla_waypoint_types/share/carla_waypoint_types/cmake/carla_waypoint_types__rosidl_typesupport_cppExport-noconfig.cmake
[11.930s] Invoked command in '/home/camilo/2022-tfg-juancamilo-carmona/tfg/build/carla_waypoint_types' returned '0': CMAKE_PREFIX_PATH=${CMAKE_PREFIX_PATH}:/home/camilo/2022-tfg-juancamilo-carmona/tfg/install/rqt_carla_control:/home/camilo/2022-tfg-juancamilo-carmona/tfg/install/line_follower:/home/camilo/2022-tfg-juancamilo-carmona/tfg/install/carla_waypoint_publisher:/home/camilo/2022-tfg-juancamilo-carmona/tfg/install/carla_teleop:/home/camilo/2022-tfg-juancamilo-carmona/tfg/install/carla_ackermann_control:/home/camilo/2022-tfg-juancamilo-carmona/tfg/install/carla_ros_bridge:/home/camilo/2022-tfg-juancamilo-carmona/tfg/install/carla_spawn_objects:/home/camilo/2022-tfg-juancamilo-carmona/tfg/install/carla_manual_control:/home/camilo/2022-tfg-juancamilo-carmona/tfg/install/carla_ad_agent:/home/camilo/2022-tfg-juancamilo-carmona/tfg/install/analysis:/home/camilo/2022-tfg-juancamilo-carmona/tfg/install/ros_compatibility:/home/camilo/2022-tfg-juancamilo-carmona/tfg/install/carla_walker_agent:/home/camilo/2022-tfg-juancamilo-carmona/tfg/install/carla_twist_to_control:/home/camilo/2022-tfg-juancamilo-carmona/tfg/install/carla_ros_scenario_runner:/home/camilo/2022-tfg-juancamilo-carmona/tfg/install/carla_common:/opt/ros/foxy /usr/bin/cmake --install /home/camilo/2022-tfg-juancamilo-carmona/tfg/build/carla_waypoint_types
