running develop
running egg_info
creating analysis.egg-info
writing analysis.egg-info/PKG-INFO
writing dependency_links to analysis.egg-info/dependency_links.txt
writing entry points to analysis.egg-info/entry_points.txt
writing requirements to analysis.egg-info/requires.txt
writing top-level names to analysis.egg-info/top_level.txt
writing manifest file 'analysis.egg-info/SOURCES.txt'
reading manifest file 'analysis.egg-info/SOURCES.txt'
writing manifest file 'analysis.egg-info/SOURCES.txt'
running build_ext
Creating /home/camilo/2022-tfg-juancamilo-carmona/tfg/install/analysis/lib/python3.8/site-packages/site.py
Creating /home/camilo/2022-tfg-juancamilo-carmona/tfg/install/analysis/lib/python3.8/site-packages/analysis.egg-link (link to .)
Installing analysis script to /home/camilo/2022-tfg-juancamilo-carmona/tfg/install/analysis/lib/analysis

Installed /home/camilo/2022-tfg-juancamilo-carmona/tfg/build/analysis
running install_data
creating /home/camilo/2022-tfg-juancamilo-carmona/tfg/install/analysis/share/ament_index
creating /home/camilo/2022-tfg-juancamilo-carmona/tfg/install/analysis/share/ament_index/resource_index
creating /home/camilo/2022-tfg-juancamilo-carmona/tfg/install/analysis/share/ament_index/resource_index/packages
copying resource/analysis -> /home/camilo/2022-tfg-juancamilo-carmona/tfg/install/analysis/share/ament_index/resource_index/packages
copying package.xml -> /home/camilo/2022-tfg-juancamilo-carmona/tfg/install/analysis/share/analysis
copying launch/carla_generate_vehicle.launch.py -> /home/camilo/2022-tfg-juancamilo-carmona/tfg/install/analysis/share/analysis
copying launch/analysis.launch.py -> /home/camilo/2022-tfg-juancamilo-carmona/tfg/install/analysis/share/analysis
copying launch/spawn_vehicle.launch.py -> /home/camilo/2022-tfg-juancamilo-carmona/tfg/install/analysis/share/analysis
