running develop
running egg_info
creating src/carla_common.egg-info
writing src/carla_common.egg-info/PKG-INFO
writing dependency_links to src/carla_common.egg-info/dependency_links.txt
writing requirements to src/carla_common.egg-info/requires.txt
writing top-level names to src/carla_common.egg-info/top_level.txt
writing manifest file 'src/carla_common.egg-info/SOURCES.txt'
reading manifest file 'src/carla_common.egg-info/SOURCES.txt'
writing manifest file 'src/carla_common.egg-info/SOURCES.txt'
running build_ext
Creating /home/camilo/2022-tfg-juancamilo-carmona/tfg/install/carla_common/lib/python3.8/site-packages/site.py
Creating /home/camilo/2022-tfg-juancamilo-carmona/tfg/install/carla_common/lib/python3.8/site-packages/carla-common.egg-link (link to src)

Installed /home/camilo/2022-tfg-juancamilo-carmona/tfg/build/carla_common/src
running install_data
creating /home/camilo/2022-tfg-juancamilo-carmona/tfg/install/carla_common/share/ament_index
creating /home/camilo/2022-tfg-juancamilo-carmona/tfg/install/carla_common/share/ament_index/resource_index
creating /home/camilo/2022-tfg-juancamilo-carmona/tfg/install/carla_common/share/ament_index/resource_index/packages
copying resource/carla_common -> /home/camilo/2022-tfg-juancamilo-carmona/tfg/install/carla_common/share/ament_index/resource_index/packages
copying package.xml -> /home/camilo/2022-tfg-juancamilo-carmona/tfg/install/carla_common/share/carla_common
