[2.292s] Invoking command in '/home/camilo/2022-tfg-juancamilo-carmona/tfg/build/carla_common': PYTHONPATH=/home/camilo/2022-tfg-juancamilo-carmona/tfg/build/carla_common/prefix_override:/home/camilo/2022-tfg-juancamilo-carmona/tfg/install/carla_common/lib/python3.8/site-packages:${PYTHONPATH} /usr/bin/python3 setup.py develop --editable --build-directory /home/camilo/2022-tfg-juancamilo-carmona/tfg/build/carla_common/build --no-deps install_data
[2.675s] running develop
[2.870s] running egg_info
[2.870s] creating src/carla_common.egg-info
[2.871s] writing src/carla_common.egg-info/PKG-INFO
[2.871s] writing dependency_links to src/carla_common.egg-info/dependency_links.txt
[2.871s] writing requirements to src/carla_common.egg-info/requires.txt
[2.871s] writing top-level names to src/carla_common.egg-info/top_level.txt
[2.872s] writing manifest file 'src/carla_common.egg-info/SOURCES.txt'
[2.904s] reading manifest file 'src/carla_common.egg-info/SOURCES.txt'
[2.904s] writing manifest file 'src/carla_common.egg-info/SOURCES.txt'
[2.948s] running build_ext
[2.948s] Creating /home/camilo/2022-tfg-juancamilo-carmona/tfg/install/carla_common/lib/python3.8/site-packages/site.py
[2.951s] Creating /home/camilo/2022-tfg-juancamilo-carmona/tfg/install/carla_common/lib/python3.8/site-packages/carla-common.egg-link (link to src)
[2.952s] 
[2.952s] Installed /home/camilo/2022-tfg-juancamilo-carmona/tfg/build/carla_common/src
[2.952s] running install_data
[2.952s] creating /home/camilo/2022-tfg-juancamilo-carmona/tfg/install/carla_common/share/ament_index
[2.953s] creating /home/camilo/2022-tfg-juancamilo-carmona/tfg/install/carla_common/share/ament_index/resource_index
[2.953s] creating /home/camilo/2022-tfg-juancamilo-carmona/tfg/install/carla_common/share/ament_index/resource_index/packages
[2.953s] copying resource/carla_common -> /home/camilo/2022-tfg-juancamilo-carmona/tfg/install/carla_common/share/ament_index/resource_index/packages
[2.953s] copying package.xml -> /home/camilo/2022-tfg-juancamilo-carmona/tfg/install/carla_common/share/carla_common
[3.017s] Invoked command in '/home/camilo/2022-tfg-juancamilo-carmona/tfg/build/carla_common' returned '0': PYTHONPATH=/home/camilo/2022-tfg-juancamilo-carmona/tfg/build/carla_common/prefix_override:/home/camilo/2022-tfg-juancamilo-carmona/tfg/install/carla_common/lib/python3.8/site-packages:${PYTHONPATH} /usr/bin/python3 setup.py develop --editable --build-directory /home/camilo/2022-tfg-juancamilo-carmona/tfg/build/carla_common/build --no-deps install_data
